[  8272.004] 
X.Org X Server 1.21.1.3
X Protocol Version 11, Revision 0
[  8272.004] Current Operating System: Linux geiba 5.15.0-50-generic #56-Ubuntu SMP Tue Sep 20 13:23:26 UTC 2022 x86_64
[  8272.004] Kernel command line: BOOT_IMAGE=/vmlinuz-5.15.0-50-generic root=/dev/mapper/ubuntu--vg-ubuntu--lv ro
[  8272.004] xorg-server 2:21.1.3-2ubuntu2.1 (For technical support please see http://www.ubuntu.com/support) 
[  8272.004] Current version of pixman: 0.40.0
[  8272.004] 	Before reporting problems, check http://wiki.x.org
	to make sure that you have the latest version.
[  8272.004] Markers: (--) probed, (**) from config file, (==) default setting,
	(++) from command line, (!!) notice, (II) informational,
	(WW) warning, (EE) error, (NI) not implemented, (??) unknown.
[  8272.004] (++) Log file: ".xorgxrdp.10.log", Time: Sun Oct 16 12:59:34 2022
[  8272.004] (++) Using config file: "/etc/X11/xrdp/xorg.conf"
[  8272.004] (==) Using system config directory "/usr/share/X11/xorg.conf.d"
[  8272.004] (**) Option "defaultserverlayout" "X11 Server"
[  8272.004] (**) ServerLayout "X11 Server"
[  8272.004] (**) |-->Screen "Screen (xrdpdev)" (0)
[  8272.004] (**) |   |-->Monitor "Monitor"
[  8272.004] (**) |   |-->Device "Video Card (xrdpdev)"
[  8272.004] (**) |-->Input Device "xrdpMouse"
[  8272.004] (**) |-->Input Device "xrdpKeyboard"
[  8272.004] (**) Option "DontVTSwitch" "on"
[  8272.004] (**) Option "AutoAddDevices" "off"
[  8272.004] (**) Not automatically adding devices
[  8272.004] (==) Automatically enabling devices
[  8272.004] (==) Automatically adding GPU devices
[  8272.004] (==) Automatically binding GPU devices
[  8272.004] (==) Max clients allowed: 256, resource mask: 0x1fffff
[  8272.004] (WW) The directory "/usr/share/fonts/X11/cyrillic" does not exist.
[  8272.004] 	Entry deleted from font path.
[  8272.004] (WW) The directory "/usr/share/fonts/X11/100dpi/" does not exist.
[  8272.004] 	Entry deleted from font path.
[  8272.004] (WW) The directory "/usr/share/fonts/X11/75dpi/" does not exist.
[  8272.004] 	Entry deleted from font path.
[  8272.004] (WW) The directory "/usr/share/fonts/X11/100dpi" does not exist.
[  8272.004] 	Entry deleted from font path.
[  8272.004] (WW) The directory "/usr/share/fonts/X11/75dpi" does not exist.
[  8272.004] 	Entry deleted from font path.
[  8272.004] (==) FontPath set to:
	/usr/share/fonts/X11/misc,
	/usr/share/fonts/X11/Type1,
	built-ins
[  8272.004] (==) ModulePath set to "/usr/lib/xorg/modules"
[  8272.004] (II) Loader magic: 0x562d65a39020
[  8272.004] (II) Module ABI versions:
[  8272.004] 	X.Org ANSI C Emulation: 0.4
[  8272.004] 	X.Org Video Driver: 25.2
[  8272.004] 	X.Org XInput driver : 24.4
[  8272.004] 	X.Org Server Extension : 10.0
[  8272.008] (II) systemd-logind: took control of session /org/freedesktop/login1/session/c2
[  8272.008] (II) xfree86: Adding drm device (/dev/dri/card0)
[  8272.008] (II) Platform probe for /sys/devices/pci0000:00/0000:00:02.0/drm/card0
[  8272.009] (EE) systemd-logind: failed to take device /dev/dri/card0: Operation not permitted
[  8272.011] (--) PCI:*(0@0:2:0) 15ad:0405:15ad:0405 rev 0, Mem @ 0xe0000000/134217728, 0xf0000000/2097152, I/O @ 0x0000d010/16, BIOS @ 0x????????/131072
[  8272.011] (II) "glx" will be loaded. This was enabled by default and also specified in the config file.
[  8272.011] (II) LoadModule: "dbe"
[  8272.011] (II) Module "dbe" already built-in
[  8272.011] (II) LoadModule: "ddc"
[  8272.011] (II) Module "ddc" already built-in
[  8272.011] (II) LoadModule: "extmod"
[  8272.011] (II) Module "extmod" already built-in
[  8272.011] (II) LoadModule: "glx"
[  8272.011] (II) Loading /usr/lib/xorg/modules/extensions/libglx.so
[  8272.012] (II) Module glx: vendor="X.Org Foundation"
[  8272.012] 	compiled for 1.21.1.3, module version = 1.0.0
[  8272.012] 	ABI class: X.Org Server Extension, version 10.0
[  8272.012] (II) LoadModule: "int10"
[  8272.012] (II) Loading /usr/lib/xorg/modules/libint10.so
[  8272.012] (II) Module int10: vendor="X.Org Foundation"
[  8272.012] 	compiled for 1.21.1.3, module version = 1.0.0
[  8272.012] 	ABI class: X.Org Video Driver, version 25.2
[  8272.012] (II) LoadModule: "record"
[  8272.012] (II) Module "record" already built-in
[  8272.012] (II) LoadModule: "vbe"
[  8272.012] (II) Loading /usr/lib/xorg/modules/libint10.so
[  8272.012] (II) Module int10: vendor="X.Org Foundation"
[  8272.012] 	compiled for 1.21.1.3, module version = 1.0.0
[  8272.012] 	ABI class: X.Org Video Driver, version 25.2
[  8272.012] (II) LoadModule: "glamoregl"
[  8272.012] (II) Loading /usr/lib/xorg/modules/libglamoregl.so
[  8272.015] (II) Module glamoregl: vendor="X.Org Foundation"
[  8272.015] 	compiled for 1.21.1.3, module version = 1.0.1
[  8272.015] 	ABI class: X.Org ANSI C Emulation, version 0.4
[  8272.015] (II) LoadModule: "xorgxrdp"
[  8272.015] (II) Loading /usr/lib/xorg/modules/libxorgxrdp.so
[  8272.016] (II) Module XORGXRDP: vendor="X.Org Foundation"
[  8272.016] 	compiled for 1.21.1.3, module version = 0.2.17
[  8272.016] 	ABI class: X.Org Video Driver, version 25.2
[  8272.016] xorgxrdpSetup:
[  8272.016] (II) LoadModule: "fb"
[  8272.016] (II) Module "fb" already built-in
[  8272.016] (II) LoadModule: "xrdpdev"
[  8272.016] (II) Loading /usr/lib/xorg/modules/drivers/xrdpdev_drv.so
[  8272.016] (II) Module XRDPDEV: vendor="X.Org Foundation"
[  8272.016] 	compiled for 1.21.1.3, module version = 0.2.17
[  8272.016] 	ABI class: X.Org Video Driver, version 25.2
[  8272.016] xrdpdevSetup:
[  8272.016] (II) LoadModule: "xrdpmouse"
[  8272.016] (II) Loading /usr/lib/xorg/modules/input/xrdpmouse_drv.so
[  8272.016] (II) Module XRDPMOUSE: vendor="X.Org Foundation"
[  8272.016] 	compiled for 1.21.1.3, module version = 0.2.17
[  8272.016] 	Module class: X.Org XInput Driver
[  8272.016] 	ABI class: X.Org XInput driver, version 24.4
[  8272.016] rdpmousePlug:
[  8272.016] (II) LoadModule: "xrdpkeyb"
[  8272.016] (II) Loading /usr/lib/xorg/modules/input/xrdpkeyb_drv.so
[  8272.016] (II) Module XRDPKEYB: vendor="X.Org Foundation"
[  8272.016] 	compiled for 1.21.1.3, module version = 0.2.17
[  8272.016] 	Module class: X.Org XInput Driver
[  8272.016] 	ABI class: X.Org XInput driver, version 24.4
[  8272.016] rdpkeybPlug:
[  8272.016] rdpIdentify:
[  8272.016] (II) XRDPDEV: driver for xrdp: XRDPDEV
[  8272.016] rdpDriverFunc: op 10
[  8272.016] (WW) Falling back to old probe method for XRDPDEV
[  8272.016] rdpProbe:
[  8272.016] (II) Loading sub module "fb"
[  8272.016] (II) LoadModule: "fb"
[  8272.016] (II) Module "fb" already built-in
[  8272.016] rdpProbe: found DRMDevice xorg.conf value [/dev/dri/renderD128]
[  8272.016] rdpProbe: found DRI3 xorg.conf value [1]
[  8272.016] (II) XRDPDEV(0): using default device
[  8272.016] (WW) VGA arbiter: cannot open kernel arbiter, no multi-card support
[  8272.016] rdpPreInit:
[  8272.016] rdpPreInit: /dev/dri/renderD128 open ok, fd 12
[  8272.016] (**) XRDPDEV(0): Depth 24, (--) framebuffer bpp 32
[  8272.016] (==) XRDPDEV(0): RGB weight 888
[  8272.016] (==) XRDPDEV(0): Using gamma correction (1.0, 1.0, 1.0)
[  8272.016] (==) XRDPDEV(0): Default visual is TrueColor
[  8272.016] (==) XRDPDEV(0): DPI set to (96, 96)
[  8272.016] (II) XRDPDEV(0): 	mode "640x480" ok
[  8272.016] (II) XRDPDEV(0): 	mode "800x600" ok
[  8272.016] (II) XRDPDEV(0): Virtual size is 800x600 (pitch 800)
[  8272.016] (**) XRDPDEV(0):  Default mode "800x600": 36.0 MHz (scaled from 0.0 MHz), 35.2 kHz, 56.2 Hz
[  8272.016] (II) XRDPDEV(0): Modeline "800x600"x0.0   36.00  800 824 896 1024  600 601 603 625 +hsync +vsync (35.2 kHz d)
[  8272.016] (II) Loading sub module "glamoregl"
[  8272.016] (II) LoadModule: "glamoregl"
[  8272.016] (II) Loading /usr/lib/xorg/modules/libglamoregl.so
[  8272.016] (II) Module glamoregl: vendor="X.Org Foundation"
[  8272.016] 	compiled for 1.21.1.3, module version = 1.0.1
[  8272.016] 	ABI class: X.Org ANSI C Emulation, version 0.4
[  8272.016] rdpPreInit: glamor module load ok
[  8272.040] (II) XRDPDEV(0): Refusing to try glamor on llvmpipe
[  8272.041] rdpPreInit: glamor init failed
[  8272.041] rdpScreenInit: virtualX 800 virtualY 600 rgbBits 8 depth 24
[  8272.041] rdpScreenInit: pfbMemory bytes 1920000
[  8272.041] rdpScreenInit: pfbMemory 0x7fda152af010
[  8272.041] rdpSimdInit: assigning yuv functions
[  8272.041] rdpSimdInit: cpuid ax 1 cx 0 return ax 0x000906e9 bx 0x01020800 cx 0xc2da2203 dx 0x178bfbff
[  8272.041] rdpSimdInit: sse2 amd64 yuv functions assigned
[  8272.041] (==) XRDPDEV(0): Backing store enabled
[  8272.041] rdpClientConInit: disconnect idle session after [0] sec
[  8272.041] rdpClientConInit: kill disconnected [0] timeout [0] sec
[  8272.041] rdpXvInit: depth 24
[  8272.042] rdpScreenInit: out
[  8272.042] (II) Initializing extension Generic Event Extension
[  8272.042] (II) Initializing extension SHAPE
[  8272.042] (II) Initializing extension MIT-SHM
[  8272.042] (II) Initializing extension XInputExtension
[  8272.042] (II) Initializing extension XTEST
[  8272.042] (II) Initializing extension BIG-REQUESTS
[  8272.042] (II) Initializing extension SYNC
[  8272.042] (II) Initializing extension XKEYBOARD
[  8272.042] (II) Initializing extension XC-MISC
[  8272.042] (II) Initializing extension SECURITY
[  8272.042] (II) Initializing extension XFIXES
[  8272.042] (II) Initializing extension RENDER
[  8272.042] (II) Initializing extension RANDR
[  8272.043] (II) Initializing extension COMPOSITE
[  8272.043] (II) Initializing extension DAMAGE
[  8272.043] (II) Initializing extension MIT-SCREEN-SAVER
[  8272.043] (II) Initializing extension DOUBLE-BUFFER
[  8272.043] (II) Initializing extension RECORD
[  8272.043] (II) Initializing extension DPMS
[  8272.043] (II) Initializing extension Present
[  8272.043] (II) Initializing extension DRI3
[  8272.043] (II) Initializing extension X-Resource
[  8272.043] (II) Initializing extension XVideo
[  8272.043] (II) Initializing extension XVideo-MotionCompensation
[  8272.043] (II) Initializing extension SELinux
[  8272.043] (II) SELinux: Disabled on system
[  8272.043] (II) Initializing extension GLX
[  8272.043] (II) AIGLX: Screen 0 is not DRI2 capable
[  8272.046] (II) IGLX: Loaded and initialized swrast
[  8272.046] (II) GLX: Initialized DRISWRAST GL provider for screen 0
[  8272.046] (II) Initializing extension XFree86-VidModeExtension
[  8272.046] (II) Initializing extension XFree86-DGA
[  8272.047] (II) Initializing extension XFree86-DRI
[  8272.047] (II) Initializing extension DRI2
[  8272.047] rdpCreateScreenResources:
[  8272.178] (II) Using input driver 'XRDPMOUSE' for 'xrdpMouse'
[  8272.178] (**) Option "CorePointer"
[  8272.178] (**) xrdpMouse: always reports core events
[  8272.178] rdpmousePreInit: drv 0x562d6744d840 info 0x562d6757efb0, flags 0x0
[  8272.178] (II) XINPUT: Adding extended input device "xrdpMouse" (type: Mouse, id 6)
[  8272.178] rdpmouseControl: what 0
[  8272.178] rdpmouseDeviceInit:
[  8272.178] rdpmouseCtrl:
[  8272.178] rdpRegisterInputCallback: type 1 proc 0x7fda2128f3b0
[  8272.178] (**) xrdpMouse: (accel) keeping acceleration scheme 1
[  8272.178] (**) xrdpMouse: (accel) acceleration profile 0
[  8272.178] (**) xrdpMouse: (accel) acceleration factor: 2.000
[  8272.178] (**) xrdpMouse: (accel) acceleration threshold: 4
[  8272.178] rdpmouseControl: what 1
[  8272.178] rdpmouseDeviceOn:
[  8272.178] (II) Using input driver 'XRDPKEYB' for 'xrdpKeyboard'
[  8272.178] (**) Option "CoreKeyboard"
[  8272.178] (**) xrdpKeyboard: always reports core events
[  8272.178] rdpkeybPreInit: drv 0x562d6744d750 info 0x562d67621120, flags 0x0
[  8272.178] (II) XINPUT: Adding extended input device "xrdpKeyboard" (type: Keyboard, id 7)
[  8272.178] rdpkeybControl: what 0
[  8272.179] rdpkeybDeviceInit:
[  8272.192] rdpkeybChangeKeyboardControl:
[  8272.192] rdpkeybChangeKeyboardControl: autoRepeat on
[  8272.192] rdpRegisterInputCallback: type 0 proc 0x7fda1ffc4d50
[  8272.192] rdpkeybControl: what 1
[  8272.192] rdpkeybDeviceOn:
[  8272.199] (II) config/udev: Adding input device Power Button (/dev/input/event0)
[  8272.199] (II) AutoAddDevices is off - not adding device.
[  8272.199] (II) config/udev: Adding input device Sleep Button (/dev/input/event1)
[  8272.199] (II) AutoAddDevices is off - not adding device.
[  8272.200] (II) config/udev: Adding input device Video Bus (/dev/input/event3)
[  8272.200] (II) AutoAddDevices is off - not adding device.
[  8272.200] (II) config/udev: Adding input device VirtualBox mouse integration (/dev/input/event6)
[  8272.200] (II) AutoAddDevices is off - not adding device.
[  8272.201] (II) config/udev: Adding input device VirtualBox mouse integration (/dev/input/js1)
[  8272.201] (II) AutoAddDevices is off - not adding device.
[  8272.201] (II) config/udev: Adding input device VirtualBox mouse integration (/dev/input/mouse2)
[  8272.201] (II) AutoAddDevices is off - not adding device.
[  8272.201] (II) config/udev: Adding input device VirtualBox USB Tablet (/dev/input/event5)
[  8272.201] (II) AutoAddDevices is off - not adding device.
[  8272.202] (II) config/udev: Adding input device VirtualBox USB Tablet (/dev/input/js0)
[  8272.202] (II) AutoAddDevices is off - not adding device.
[  8272.202] (II) config/udev: Adding input device VirtualBox USB Tablet (/dev/input/mouse1)
[  8272.202] (II) AutoAddDevices is off - not adding device.
[  8272.202] (II) config/udev: Adding input device AT Translated Set 2 keyboard (/dev/input/event2)
[  8272.202] (II) AutoAddDevices is off - not adding device.
[  8272.203] (II) config/udev: Adding input device ImExPS/2 Generic Explorer Mouse (/dev/input/event4)
[  8272.203] (II) AutoAddDevices is off - not adding device.
[  8272.203] (II) config/udev: Adding input device ImExPS/2 Generic Explorer Mouse (/dev/input/mouse0)
[  8272.203] (II) AutoAddDevices is off - not adding device.
[  8272.207] rdpDeferredRandR:
[  8272.207] rdpResizeSession: width 1024 height 768
[  8272.207]   calling RRScreenSizeSet
[  8272.207] rdpRRScreenSetSize: width 1024 height 768 mmWidth 271 mmHeight 203
[  8272.208] rdpRRGetInfo:
[  8272.208]   screen resized to 1024x768
[  8272.209]   RRScreenSizeSet ok 1
[  8272.209] rdpResizeSession: width 2560 height 1440
[  8272.209]   calling RRScreenSizeSet
[  8272.209] rdpRRScreenSetSize: width 2560 height 1440 mmWidth 677 mmHeight 381
[  8272.209] rdpRRGetInfo:
[  8272.209]   screen resized to 2560x1440
[  8272.213]   RRScreenSizeSet ok 1
[  8272.213] rdpClientConGotConnection:
[  8272.213] rdpClientConGotConnection: g_sck_accept ok new_sck 9
[  8272.213] rdpClientConGetConnection: idle_disconnect_timeout set to non-positive value, idle timer turned off
[  8272.213] rdpAddClientConToDev: adding first clientCon 0x562d677edcf0
[  8272.213] rdpClientConProcessMsgVersion: version 0 0 0 1
[  8272.213] rdpClientConProcessScreenSizeMsg: set width 2560 height 1440 bpp 32
[  8272.213] rdpClientConProcessScreenSizeMsg: shmemid 0 shmemptr 0x7fda0dbde000
[  8272.213] rdpClientConProcessMsgClientInput: invalidate x 0 y 0 cx 2560 cy 1440
[  8272.225] rdpClientConProcessMsgClientInfo:
[  8272.225]   got client info bytes 7072
[  8272.225]   jpeg support 0
[  8272.225]   offscreen support 1
[  8272.225]   offscreen size 10485760
[  8272.225]   offscreen entries 100
[  8272.225]   client can not do offscreen to offscreen blits
[  8272.225]   client can do new(color) cursor
[  8272.225]   client can not do multimon
[  8272.225] rdpRRSetRdpOutputs: numCrtcs 0 numOutputs 0 monitorCount 0
[  8272.225] rdpRRSetRdpOutputs: add output 0 left 0 top 0 width 2560 height 1440
[  8272.225] rdpLoadLayout: keylayout 0x00020426 variant  display 10
[  8272.225] rdpkeybChangeKeyboardControl:
[  8272.225] rdpkeybChangeKeyboardControl: autoRepeat on
[  8272.226] rdpkeybChangeKeyboardControl:
[  8272.226] rdpkeybChangeKeyboardControl: autoRepeat on
[  8272.293] rdpInDeferredRepeatCallback:
[  8272.293] rdpkeybChangeKeyboardControl:
[  8272.293] rdpkeybChangeKeyboardControl: autoRepeat off
[  8272.325] rdpInDeferredRepeatCallback:
[  8272.325] rdpkeybChangeKeyboardControl:
[  8272.325] rdpkeybChangeKeyboardControl: autoRepeat off
[  8272.326] rdpInDeferredRepeatCallback:
[  8272.326] rdpkeybChangeKeyboardControl:
[  8272.326] rdpkeybChangeKeyboardControl: autoRepeat off
[  8272.670] KbdSync: toggling num lock
[  8272.670] rdpkeybChangeKeyboardControl:
[  8272.670] rdpkeybChangeKeyboardControl: autoRepeat off
[  8272.670] rdpkeybChangeKeyboardControl:
[  8272.670] rdpkeybChangeKeyboardControl: autoRepeat off
[  8481.587] rdpClientConProcessMsgClientInput: invalidate x 0 y 0 cx 2559 cy 1439
[  8570.992] rdpClientConProcessMsgClientInput: invalidate x 0 y 0 cx 2559 cy 1439
[  8592.772] rdpClientConProcessMsgClientInput: invalidate x 0 y 0 cx 2559 cy 1439
[  8616.145] rdpClientConProcessMsgClientInput: invalidate x 0 y 0 cx 2559 cy 1439
[  8618.046] rdpClientConRecv: g_sck_recv failed(returned 0)
[  8618.046] rdpClientConRecvMsg: error
[  8618.046] rdpClientConCheck: rdpClientConGotData failed
[  8618.046] rdpClientConDisconnect:
[  8618.046] rdpRemoveClientConFromDev: removing clientCon 0x562d677edcf0
[  8659.815] rdpmouseControl: what 2
[  8659.815] rdpmouseDeviceOff:
[  8659.815] rdpkeybControl: what 2
[  8659.815] rdpkeybDeviceOff:
[  8659.815] rdpkeybControl: what 3
[  8659.815] rdpkeybUnInit: drv 0x562d6744d750 info 0x562d67621120, flags 0x0
[  8659.815] rdpUnregisterInputCallback: proc 0x7fda1ffc4d50
[  8659.815] rdpmouseControl: what 3
[  8659.815] rdpmouseUnInit: drv 0x562d6744d840 info 0x562d6757efb0, flags 0x0
[  8659.815] rdpUnregisterInputCallback: proc 0x7fda2128f3b0
[  8659.816] rdpCloseScreen:
[  8659.816] xorgxrdpDownDown:
[  8659.816] xorgxrdpDownDown: 1
[  8659.816] rdpClientConDeinit:
[  8659.816] rdpClientConDeinit: deleting file /run/xrdp/sockdir/xrdp_display_10
[  8659.816] rdpClientConDeinit: deleting file /run/xrdp/sockdir/xrdp_disconnect_display_10
[  8659.956] (II) Server terminated successfully (0). Closing log file.
