0 verbose cli [ '/usr/bin/node', '/usr/bin/npm', 'run', 'download-minio' ]
1 info using npm@8.5.1
2 info using node@v12.22.9
3 timing npm:load:whichnode Completed in 0ms
4 timing config:load:defaults Completed in 2ms
5 timing config:load:file:/usr/share/nodejs/npm/npmrc Completed in 3ms
6 timing config:load:builtin Completed in 3ms
7 timing config:load:cli Completed in 2ms
8 timing config:load:env Completed in 1ms
9 timing config:load:project Completed in 1ms
10 timing config:load:file:/home/rdb060/.npmrc Completed in 1ms
11 timing config:load:user Completed in 1ms
12 timing config:load:file:/etc/npmrc Completed in 0ms
13 timing config:load:global Completed in 0ms
14 timing config:load:validate Completed in 0ms
15 timing config:load:credentials Completed in 1ms
16 timing config:load:setEnvs Completed in 2ms
17 timing config:load Completed in 13ms
18 timing npm:load:configload Completed in 14ms
19 timing npm:load:setTitle Completed in 0ms
20 timing config:load:flatten Completed in 5ms
21 timing npm:load:display Completed in 7ms
22 verbose logfile /home/rdb060/.npm/_logs/2022-12-17T13_10_44_844Z-debug-0.log
23 timing npm:load:logFile Completed in 8ms
24 timing npm:load:timers Completed in 0ms
25 timing npm:load:configScope Completed in 0ms
26 timing npm:load Completed in 30ms
27 silly logfile start cleaning logs, removing 30 files
28 timing command:run Completed in 6ms
29 verbose stack Error: ENOENT: no such file or directory, open '/home/rdb060/package.json'
30 verbose cwd /home/rdb060
31 verbose Linux 5.15.0-56-generic
32 verbose argv "/usr/bin/node" "/usr/bin/npm" "run" "download-minio"
33 verbose node v12.22.9
34 verbose npm  v8.5.1
35 error code ENOENT
36 error syscall open
37 error path /home/rdb060/package.json
38 error errno -2
39 error enoent ENOENT: no such file or directory, open '/home/rdb060/package.json'
40 error enoent This is related to npm not being able to find a file.
40 error enoent
41 verbose exit -2
42 timing npm Completed in 225ms
43 verbose code -2
44 error A complete log of this run can be found in:
44 error     /home/rdb060/.npm/_logs/2022-12-17T13_10_44_844Z-debug-0.log
