0 verbose cli [
0 verbose cli   '/usr/bin/node',
0 verbose cli   '/usr/bin/npm',
0 verbose cli   'i',
0 verbose cli   'express',
0 verbose cli   'express-fileupload',
0 verbose cli   'cors',
0 verbose cli   'morgan',
0 verbose cli   'body-parser',
0 verbose cli   'minio',
0 verbose cli   'rabbitmq',
0 verbose cli   'amqplib',
0 verbose cli   '--save'
0 verbose cli ]
1 info using npm@8.5.1
2 info using node@v12.22.9
3 timing npm:load:whichnode Completed in 0ms
4 timing config:load:defaults Completed in 4ms
5 timing config:load:file:/usr/share/nodejs/npm/npmrc Completed in 4ms
6 timing config:load:builtin Completed in 5ms
7 timing config:load:cli Completed in 5ms
8 timing config:load:env Completed in 1ms
9 timing config:load:file:/home/rdb060/WS/.npmrc Completed in 1ms
10 timing config:load:project Completed in 3ms
11 timing config:load:file:/home/rdb060/.npmrc Completed in 0ms
12 timing config:load:user Completed in 0ms
13 timing config:load:file:/etc/npmrc Completed in 0ms
14 timing config:load:global Completed in 0ms
15 timing config:load:validate Completed in 1ms
16 timing config:load:credentials Completed in 1ms
17 timing config:load:setEnvs Completed in 2ms
18 timing config:load Completed in 22ms
19 timing npm:load:configload Completed in 22ms
20 timing npm:load:setTitle Completed in 2ms
21 timing config:load:flatten Completed in 5ms
22 timing npm:load:display Completed in 8ms
23 verbose logfile /home/rdb060/.npm/_logs/2022-12-19T20_10_10_141Z-debug-0.log
24 timing npm:load:logFile Completed in 9ms
25 timing npm:load:timers Completed in 0ms
26 timing npm:load:configScope Completed in 0ms
27 timing npm:load Completed in 43ms
28 timing arborist:ctor Completed in 3ms
29 silly logfile start cleaning logs, removing 1 files
30 timing arborist:ctor Completed in 0ms
31 timing idealTree:init Completed in 38ms
32 timing idealTree:userRequests Completed in 10ms
33 silly idealTree buildDeps
34 silly fetch manifest express@*
35 http fetch GET 200 https://registry.npmjs.org/express 153ms (cache miss)
36 silly fetch manifest express-fileupload@*
37 http fetch GET 200 https://registry.npmjs.org/express-fileupload 41ms (cache miss)
38 silly fetch manifest cors@*
39 http fetch GET 200 https://registry.npmjs.org/cors 49ms (cache miss)
40 silly fetch manifest morgan@*
41 http fetch GET 200 https://registry.npmjs.org/morgan 48ms (cache miss)
42 silly fetch manifest body-parser@*
43 http fetch GET 200 https://registry.npmjs.org/body-parser 30ms (cache miss)
44 silly fetch manifest minio@*
45 http fetch GET 200 https://registry.npmjs.org/minio 30ms (cache miss)
46 silly fetch manifest rabbitmq@*
47 http fetch GET 200 https://registry.npmjs.org/rabbitmq 701ms (cache miss)
48 silly fetch manifest amqplib@*
49 http fetch GET 200 https://registry.npmjs.org/amqplib 30ms (cache miss)
50 silly placeDep ROOT amqplib@0.10.3 OK for: ws@1.0.0 want: *
51 silly placeDep ROOT body-parser@1.20.1 OK for: ws@1.0.0 want: *
52 silly placeDep ROOT cors@2.8.5 OK for: ws@1.0.0 want: *
53 silly placeDep ROOT express@4.18.2 OK for: ws@1.0.0 want: *
54 silly placeDep ROOT express-fileupload@1.4.0 OK for: ws@1.0.0 want: *
55 silly placeDep ROOT minio@7.0.32 OK for: ws@1.0.0 want: *
56 silly placeDep ROOT morgan@1.10.0 OK for: ws@1.0.0 want: *
57 silly placeDep ROOT rabbitmq@0.0.2 OK for: ws@1.0.0 want: *
58 silly fetch manifest @acuminous/bitsyntax@^0.1.2
59 silly fetch manifest buffer-more-ints@~1.0.0
60 silly fetch manifest readable-stream@1.x >=1.1.9
61 silly fetch manifest url-parse@~1.5.10
62 silly fetch manifest bytes@3.1.2
63 silly fetch manifest content-type@~1.0.4
64 silly fetch manifest debug@2.6.9
65 silly fetch manifest depd@2.0.0
66 silly fetch manifest destroy@1.2.0
67 silly fetch manifest http-errors@2.0.0
68 silly fetch manifest iconv-lite@0.4.24
69 silly fetch manifest on-finished@2.4.1
70 silly fetch manifest qs@6.11.0
71 silly fetch manifest raw-body@2.5.1
72 silly fetch manifest type-is@~1.6.18
73 silly fetch manifest unpipe@1.0.0
74 silly fetch manifest object-assign@^4
75 silly fetch manifest vary@^1
76 silly fetch manifest accepts@~1.3.8
77 silly fetch manifest array-flatten@1.1.1
78 silly fetch manifest content-disposition@0.5.4
79 silly fetch manifest cookie@0.5.0
80 silly fetch manifest cookie-signature@1.0.6
81 silly fetch manifest encodeurl@~1.0.2
82 silly fetch manifest escape-html@~1.0.3
83 silly fetch manifest etag@~1.8.1
84 silly fetch manifest finalhandler@1.2.0
85 silly fetch manifest fresh@0.5.2
86 silly fetch manifest merge-descriptors@1.0.1
87 silly fetch manifest methods@~1.1.2
88 silly fetch manifest parseurl@~1.3.3
89 silly fetch manifest path-to-regexp@0.1.7
90 silly fetch manifest proxy-addr@~2.0.7
91 silly fetch manifest range-parser@~1.2.1
92 silly fetch manifest safe-buffer@5.2.1
93 silly fetch manifest send@0.18.0
94 silly fetch manifest serve-static@1.15.0
95 silly fetch manifest setprototypeof@1.2.0
96 silly fetch manifest statuses@2.0.1
97 silly fetch manifest utils-merge@1.0.1
98 silly fetch manifest vary@~1.1.2
99 silly fetch manifest busboy@^1.6.0
100 silly fetch manifest async@^3.1.0
101 silly fetch manifest block-stream2@^2.0.0
102 silly fetch manifest browser-or-node@^1.3.0
103 silly fetch manifest buffer-crc32@^0.2.13
104 silly fetch manifest crypto-browserify@^3.12.0
105 silly fetch manifest es6-error@^4.1.1
106 silly fetch manifest fast-xml-parser@^3.17.5
107 silly fetch manifest ipaddr.js@^2.0.1
108 silly fetch manifest json-stream@^1.0.0
109 silly fetch manifest lodash@^4.17.21
110 silly fetch manifest mime-types@^2.1.14
111 silly fetch manifest mkdirp@^0.5.1
112 silly fetch manifest query-string@^7.1.1
113 silly fetch manifest through2@^3.0.1
114 silly fetch manifest web-encoding@^1.1.5
115 silly fetch manifest xml@^1.0.0
116 silly fetch manifest xml2js@^0.4.15
117 silly fetch manifest basic-auth@~2.0.1
118 silly fetch manifest depd@~2.0.0
119 silly fetch manifest on-finished@~2.3.0
120 silly fetch manifest on-headers@~1.0.2
121 silly fetch manifest should@3.1.4
122 silly fetch manifest amqplib@0.1.3
123 silly fetch manifest underscore@1.6.0
124 http fetch GET 200 https://registry.npmjs.org/depd 593ms (cache miss)
125 http fetch GET 200 https://registry.npmjs.org/bytes 599ms (cache miss)
126 http fetch GET 200 https://registry.npmjs.org/iconv-lite 595ms (cache miss)
127 http fetch GET 200 https://registry.npmjs.org/content-type 611ms (cache miss)
128 http fetch GET 200 https://registry.npmjs.org/destroy 605ms (cache miss)
129 http fetch GET 200 https://registry.npmjs.org/http-errors 604ms (cache miss)
130 http fetch GET 200 https://registry.npmjs.org/buffer-more-ints 619ms (cache miss)
131 http fetch GET 200 https://registry.npmjs.org/raw-body 605ms (cache miss)
132 http fetch GET 200 https://registry.npmjs.org/url-parse 626ms (cache miss)
133 http fetch GET 200 https://registry.npmjs.org/readable-stream 628ms (cache miss)
134 http fetch GET 200 https://registry.npmjs.org/unpipe 613ms (cache miss)
135 http fetch GET 200 https://registry.npmjs.org/on-finished 619ms (cache miss)
136 http fetch GET 200 https://registry.npmjs.org/type-is 617ms (cache miss)
137 http fetch GET 200 https://registry.npmjs.org/vary 614ms (cache miss)
138 http fetch GET 200 https://registry.npmjs.org/object-assign 616ms (cache miss)
139 http fetch GET 200 https://registry.npmjs.org/accepts 614ms (cache miss)
140 http fetch GET 200 https://registry.npmjs.org/encodeurl 612ms (cache miss)
141 http fetch GET 200 https://registry.npmjs.org/escape-html 603ms (cache miss)
142 http fetch GET 200 https://registry.npmjs.org/etag 602ms (cache miss)
143 http fetch GET 200 https://registry.npmjs.org/fresh 601ms (cache miss)
144 http fetch GET 200 https://registry.npmjs.org/qs 629ms (cache miss)
145 http fetch GET 200 https://registry.npmjs.org/debug 641ms (cache miss)
146 http fetch GET 200 https://registry.npmjs.org/content-disposition 630ms (cache miss)
147 http fetch GET 200 https://registry.npmjs.org/array-flatten 633ms (cache miss)
148 http fetch GET 200 https://registry.npmjs.org/cookie 631ms (cache miss)
149 http fetch GET 200 https://registry.npmjs.org/@acuminous%2fbitsyntax 664ms (cache miss)
150 http fetch GET 200 https://registry.npmjs.org/cookie-signature 632ms (cache miss)
151 http fetch GET 200 https://registry.npmjs.org/path-to-regexp 610ms (cache miss)
152 http fetch GET 200 https://registry.npmjs.org/proxy-addr 610ms (cache miss)
153 http fetch GET 200 https://registry.npmjs.org/range-parser 609ms (cache miss)
154 http fetch GET 200 https://registry.npmjs.org/finalhandler 628ms (cache miss)
155 http fetch GET 200 https://registry.npmjs.org/merge-descriptors 619ms (cache miss)
156 http fetch GET 200 https://registry.npmjs.org/methods 623ms (cache miss)
157 http fetch GET 200 https://registry.npmjs.org/parseurl 622ms (cache miss)
158 http fetch GET 200 https://registry.npmjs.org/send 616ms (cache miss)
159 http fetch GET 200 https://registry.npmjs.org/block-stream2 608ms (cache miss)
160 http fetch GET 200 https://registry.npmjs.org/browser-or-node 608ms (cache miss)
161 http fetch GET 200 https://registry.npmjs.org/buffer-crc32 610ms (cache miss)
162 http fetch GET 200 https://registry.npmjs.org/safe-buffer 626ms (cache miss)
163 http fetch GET 200 https://registry.npmjs.org/serve-static 625ms (cache miss)
164 http fetch GET 200 https://registry.npmjs.org/setprototypeof 626ms (cache miss)
165 http fetch GET 200 https://registry.npmjs.org/busboy 620ms (cache miss)
166 http fetch GET 200 https://registry.npmjs.org/utils-merge 624ms (cache miss)
167 http fetch GET 200 https://registry.npmjs.org/statuses 626ms (cache miss)
168 http fetch GET 200 https://registry.npmjs.org/crypto-browserify 616ms (cache miss)
169 http fetch GET 200 https://registry.npmjs.org/async 624ms (cache miss)
170 http fetch GET 200 https://registry.npmjs.org/es6-error 620ms (cache miss)
171 http fetch GET 200 https://registry.npmjs.org/ipaddr.js 617ms (cache miss)
172 http fetch GET 200 https://registry.npmjs.org/json-stream 617ms (cache miss)
173 http fetch GET 200 https://registry.npmjs.org/fast-xml-parser 620ms (cache miss)
174 http fetch GET 200 https://registry.npmjs.org/mime-types 629ms (cache miss)
175 http fetch GET 200 https://registry.npmjs.org/xml2js 617ms (cache miss)
176 http fetch GET 200 https://registry.npmjs.org/mkdirp 626ms (cache miss)
177 http fetch GET 200 https://registry.npmjs.org/xml 623ms (cache miss)
178 http fetch GET 200 https://registry.npmjs.org/through2 626ms (cache miss)
179 http fetch GET 200 https://registry.npmjs.org/web-encoding 635ms (cache miss)
180 http fetch GET 200 https://registry.npmjs.org/query-string 639ms (cache miss)
181 http fetch GET 200 https://registry.npmjs.org/on-headers 636ms (cache miss)
182 http fetch GET 200 https://registry.npmjs.org/basic-auth 645ms (cache miss)
183 http fetch GET 200 https://registry.npmjs.org/lodash 661ms (cache miss)
184 http fetch GET 200 https://registry.npmjs.org/underscore 637ms (cache miss)
185 http fetch GET 200 https://registry.npmjs.org/should 1136ms (cache miss)
186 timing idealTree:#root Completed in 2423ms
187 silly placeDep ROOT @acuminous/bitsyntax@0.1.2 OK for: amqplib@0.10.3 want: ^0.1.2
188 silly placeDep ROOT buffer-more-ints@1.0.0 OK for: amqplib@0.10.3 want: ~1.0.0
189 silly placeDep ROOT readable-stream@1.1.14 OK for: amqplib@0.10.3 want: 1.x >=1.1.9
190 silly placeDep ROOT url-parse@1.5.10 OK for: amqplib@0.10.3 want: ~1.5.10
191 silly fetch manifest debug@^4.3.4
192 silly fetch manifest safe-buffer@~5.1.2
193 silly fetch manifest core-util-is@~1.0.0
194 silly fetch manifest isarray@0.0.1
195 silly fetch manifest string_decoder@~0.10.x
196 silly fetch manifest inherits@~2.0.1
197 silly fetch manifest querystringify@^2.1.1
198 silly fetch manifest requires-port@^1.0.0
199 http fetch GET 200 https://registry.npmjs.org/inherits 38ms (cache miss)
200 http fetch GET 200 https://registry.npmjs.org/querystringify 37ms (cache miss)
201 http fetch GET 200 https://registry.npmjs.org/core-util-is 44ms (cache miss)
202 http fetch GET 200 https://registry.npmjs.org/string_decoder 58ms (cache miss)
203 http fetch GET 200 https://registry.npmjs.org/requires-port 57ms (cache miss)
204 http fetch GET 200 https://registry.npmjs.org/isarray 65ms (cache miss)
205 timing idealTree:node_modules/amqplib Completed in 86ms
206 silly placeDep ROOT debug@4.3.4 OK for: @acuminous/bitsyntax@0.1.2 want: ^4.3.4
207 silly placeDep ROOT safe-buffer@5.1.2 OK for: @acuminous/bitsyntax@0.1.2 want: ~5.1.2
208 silly fetch manifest ms@2.1.2
209 http fetch GET 200 https://registry.npmjs.org/ms 49ms (cache miss)
210 timing idealTree:node_modules/@acuminous/bitsyntax Completed in 58ms
211 silly placeDep ROOT bytes@3.1.2 OK for: body-parser@1.20.1 want: 3.1.2
212 silly placeDep ROOT content-type@1.0.4 OK for: body-parser@1.20.1 want: ~1.0.4
213 silly placeDep node_modules/body-parser debug@2.6.9 OK for: body-parser@1.20.1 want: 2.6.9
214 silly placeDep ROOT depd@2.0.0 OK for: body-parser@1.20.1 want: 2.0.0
215 silly placeDep ROOT destroy@1.2.0 OK for: body-parser@1.20.1 want: 1.2.0
216 silly placeDep ROOT http-errors@2.0.0 OK for: body-parser@1.20.1 want: 2.0.0
217 silly placeDep ROOT iconv-lite@0.4.24 OK for: body-parser@1.20.1 want: 0.4.24
218 silly placeDep ROOT on-finished@2.4.1 OK for: body-parser@1.20.1 want: 2.4.1
219 silly placeDep ROOT qs@6.11.0 OK for: body-parser@1.20.1 want: 6.11.0
220 silly placeDep ROOT raw-body@2.5.1 OK for: body-parser@1.20.1 want: 2.5.1
221 silly placeDep ROOT type-is@1.6.18 OK for: body-parser@1.20.1 want: ~1.6.18
222 silly placeDep ROOT unpipe@1.0.0 OK for: body-parser@1.20.1 want: 1.0.0
223 silly fetch manifest ms@2.0.0
224 silly fetch manifest inherits@2.0.4
225 silly fetch manifest toidentifier@1.0.1
226 silly fetch manifest safer-buffer@>= 2.1.2 < 3
227 silly fetch manifest ee-first@1.1.1
228 silly fetch manifest side-channel@^1.0.4
229 silly fetch manifest media-typer@0.3.0
230 silly fetch manifest mime-types@~2.1.24
231 http fetch GET 200 https://registry.npmjs.org/ee-first 44ms (cache miss)
232 http fetch GET 200 https://registry.npmjs.org/toidentifier 47ms (cache miss)
233 http fetch GET 200 https://registry.npmjs.org/media-typer 42ms (cache miss)
234 http fetch GET 200 https://registry.npmjs.org/side-channel 52ms (cache miss)
235 http fetch GET 200 https://registry.npmjs.org/safer-buffer 62ms (cache miss)
236 timing idealTree:node_modules/body-parser Completed in 99ms
237 timing idealTree:node_modules/buffer-more-ints Completed in 0ms
238 timing idealTree:node_modules/bytes Completed in 0ms
239 timing idealTree:node_modules/content-type Completed in 0ms
240 silly placeDep ROOT object-assign@4.1.1 OK for: cors@2.8.5 want: ^4
241 silly placeDep ROOT vary@1.1.2 OK for: cors@2.8.5 want: ^1
242 timing idealTree:node_modules/cors Completed in 5ms
243 silly placeDep ROOT ms@2.1.2 OK for: debug@4.3.4 want: 2.1.2
244 timing idealTree:node_modules/debug Completed in 2ms
245 timing idealTree:node_modules/depd Completed in 0ms
246 timing idealTree:node_modules/destroy Completed in 0ms
247 silly placeDep ROOT accepts@1.3.8 OK for: express@4.18.2 want: ~1.3.8
248 silly placeDep ROOT array-flatten@1.1.1 OK for: express@4.18.2 want: 1.1.1
249 silly placeDep ROOT content-disposition@0.5.4 OK for: express@4.18.2 want: 0.5.4
250 silly placeDep ROOT cookie@0.5.0 OK for: express@4.18.2 want: 0.5.0
251 silly placeDep ROOT cookie-signature@1.0.6 OK for: express@4.18.2 want: 1.0.6
252 silly placeDep node_modules/express debug@2.6.9 OK for: express@4.18.2 want: 2.6.9
253 silly placeDep ROOT encodeurl@1.0.2 OK for: express@4.18.2 want: ~1.0.2
254 silly placeDep ROOT escape-html@1.0.3 OK for: express@4.18.2 want: ~1.0.3
255 silly placeDep ROOT etag@1.8.1 OK for: express@4.18.2 want: ~1.8.1
256 silly placeDep ROOT finalhandler@1.2.0 OK for: express@4.18.2 want: 1.2.0
257 silly placeDep ROOT fresh@0.5.2 OK for: express@4.18.2 want: 0.5.2
258 silly placeDep ROOT merge-descriptors@1.0.1 OK for: express@4.18.2 want: 1.0.1
259 silly placeDep ROOT methods@1.1.2 OK for: express@4.18.2 want: ~1.1.2
260 silly placeDep ROOT parseurl@1.3.3 OK for: express@4.18.2 want: ~1.3.3
261 silly placeDep ROOT path-to-regexp@0.1.7 OK for: express@4.18.2 want: 0.1.7
262 silly placeDep ROOT proxy-addr@2.0.7 OK for: express@4.18.2 want: ~2.0.7
263 silly placeDep ROOT range-parser@1.2.1 OK for: express@4.18.2 want: ~1.2.1
264 silly placeDep node_modules/express safe-buffer@5.2.1 OK for: express@4.18.2 want: 5.2.1
265 silly placeDep ROOT send@0.18.0 OK for: express@4.18.2 want: 0.18.0
266 silly placeDep ROOT serve-static@1.15.0 OK for: express@4.18.2 want: 1.15.0
267 silly placeDep ROOT setprototypeof@1.2.0 OK for: express@4.18.2 want: 1.2.0
268 silly placeDep ROOT statuses@2.0.1 OK for: express@4.18.2 want: 2.0.1
269 silly placeDep ROOT utils-merge@1.0.1 OK for: express@4.18.2 want: 1.0.1
270 silly fetch manifest mime-types@~2.1.34
271 silly fetch manifest negotiator@0.6.3
272 silly fetch manifest forwarded@0.2.0
273 silly fetch manifest ipaddr.js@1.9.1
274 silly fetch manifest mime@1.6.0
275 silly fetch manifest ms@2.1.3
276 http fetch GET 200 https://registry.npmjs.org/negotiator 28ms (cache miss)
277 http fetch GET 200 https://registry.npmjs.org/mime 31ms (cache miss)
278 http fetch GET 200 https://registry.npmjs.org/forwarded 39ms (cache miss)
279 timing idealTree:node_modules/express Completed in 109ms
280 silly placeDep ROOT mime-types@2.1.35 OK for: accepts@1.3.8 want: ~2.1.34
281 silly placeDep ROOT negotiator@0.6.3 OK for: accepts@1.3.8 want: 0.6.3
282 silly fetch manifest mime-db@1.52.0
283 http fetch GET 200 https://registry.npmjs.org/mime-db 39ms (cache miss)
284 timing idealTree:node_modules/accepts Completed in 45ms
285 timing idealTree:node_modules/array-flatten Completed in 0ms
286 silly placeDep node_modules/content-disposition safe-buffer@5.2.1 OK for: content-disposition@0.5.4 want: 5.2.1
287 timing idealTree:node_modules/content-disposition Completed in 3ms
288 timing idealTree:node_modules/cookie Completed in 0ms
289 timing idealTree:node_modules/cookie-signature Completed in 0ms
290 timing idealTree:node_modules/encodeurl Completed in 0ms
291 timing idealTree:node_modules/escape-html Completed in 0ms
292 timing idealTree:node_modules/etag Completed in 0ms
293 silly placeDep ROOT busboy@1.6.0 OK for: express-fileupload@1.4.0 want: ^1.6.0
294 silly fetch manifest streamsearch@^1.1.0
295 http fetch GET 200 https://registry.npmjs.org/streamsearch 33ms (cache miss)
296 timing idealTree:node_modules/express-fileupload Completed in 37ms
297 silly placeDep ROOT streamsearch@1.1.0 OK for: busboy@1.6.0 want: ^1.1.0
298 timing idealTree:node_modules/busboy Completed in 7ms
299 silly placeDep node_modules/finalhandler debug@2.6.9 OK for: finalhandler@1.2.0 want: 2.6.9
300 timing idealTree:node_modules/finalhandler Completed in 2ms
301 timing idealTree:node_modules/fresh Completed in 0ms
302 silly placeDep ROOT inherits@2.0.4 OK for: http-errors@2.0.0 want: 2.0.4
303 silly placeDep ROOT toidentifier@1.0.1 OK for: http-errors@2.0.0 want: 1.0.1
304 timing idealTree:node_modules/http-errors Completed in 3ms
305 silly placeDep ROOT safer-buffer@2.1.2 OK for: iconv-lite@0.4.24 want: >= 2.1.2 < 3
306 timing idealTree:node_modules/iconv-lite Completed in 3ms
307 timing idealTree:node_modules/inherits Completed in 0ms
308 timing idealTree:node_modules/merge-descriptors Completed in 0ms
309 timing idealTree:node_modules/methods Completed in 0ms
310 silly placeDep ROOT mime-db@1.52.0 OK for: mime-types@2.1.35 want: 1.52.0
311 timing idealTree:node_modules/mime-types Completed in 1ms
312 timing idealTree:node_modules/mime-db Completed in 0ms
313 silly placeDep ROOT async@3.2.4 OK for: minio@7.0.32 want: ^3.1.0
314 silly placeDep ROOT block-stream2@2.1.0 OK for: minio@7.0.32 want: ^2.0.0
315 silly placeDep ROOT browser-or-node@1.3.0 OK for: minio@7.0.32 want: ^1.3.0
316 silly placeDep ROOT buffer-crc32@0.2.13 OK for: minio@7.0.32 want: ^0.2.13
317 silly placeDep ROOT crypto-browserify@3.12.0 OK for: minio@7.0.32 want: ^3.12.0
318 silly placeDep ROOT es6-error@4.1.1 OK for: minio@7.0.32 want: ^4.1.1
319 silly placeDep ROOT fast-xml-parser@3.21.1 OK for: minio@7.0.32 want: ^3.17.5
320 silly placeDep ROOT ipaddr.js@2.0.1 OK for: minio@7.0.32 want: ^2.0.1
321 silly placeDep ROOT json-stream@1.0.0 OK for: minio@7.0.32 want: ^1.0.0
322 silly placeDep ROOT lodash@4.17.21 OK for: minio@7.0.32 want: ^4.17.21
323 silly placeDep ROOT mkdirp@0.5.6 OK for: minio@7.0.32 want: ^0.5.1
324 silly placeDep ROOT query-string@7.1.3 OK for: minio@7.0.32 want: ^7.1.1
325 silly placeDep ROOT through2@3.0.2 OK for: minio@7.0.32 want: ^3.0.1
326 silly placeDep ROOT web-encoding@1.1.5 OK for: minio@7.0.32 want: ^1.1.5
327 silly placeDep ROOT xml@1.0.1 OK for: minio@7.0.32 want: ^1.0.0
328 silly placeDep ROOT xml2js@0.4.23 OK for: minio@7.0.32 want: ^0.4.15
329 silly fetch manifest readable-stream@^3.4.0
330 silly fetch manifest browserify-cipher@^1.0.0
331 silly fetch manifest browserify-sign@^4.0.0
332 silly fetch manifest create-ecdh@^4.0.0
333 silly fetch manifest create-hash@^1.1.0
334 silly fetch manifest create-hmac@^1.1.0
335 silly fetch manifest diffie-hellman@^5.0.0
336 silly fetch manifest pbkdf2@^3.0.3
337 silly fetch manifest public-encrypt@^4.0.0
338 silly fetch manifest randombytes@^2.0.0
339 silly fetch manifest randomfill@^1.0.3
340 silly fetch manifest strnum@^1.0.4
341 silly fetch manifest minimist@^1.2.6
342 silly fetch manifest decode-uri-component@^0.2.2
343 silly fetch manifest filter-obj@^1.1.0
344 silly fetch manifest split-on-first@^1.0.0
345 silly fetch manifest strict-uri-encode@^2.0.0
346 silly fetch manifest readable-stream@2 || 3
347 silly fetch manifest util@^0.12.3
348 silly fetch manifest @zxing/text-encoding@0.9.0
349 silly fetch manifest sax@>=0.6.0
350 silly fetch manifest xmlbuilder@~11.0.0
351 http fetch GET 200 https://registry.npmjs.org/diffie-hellman 122ms (cache miss)
352 http fetch GET 200 https://registry.npmjs.org/create-ecdh 127ms (cache miss)
353 http fetch GET 200 https://registry.npmjs.org/browserify-cipher 131ms (cache miss)
354 http fetch GET 200 https://registry.npmjs.org/browserify-sign 129ms (cache miss)
355 http fetch GET 200 https://registry.npmjs.org/pbkdf2 125ms (cache miss)
356 http fetch GET 200 https://registry.npmjs.org/decode-uri-component 119ms (cache miss)
357 http fetch GET 200 https://registry.npmjs.org/public-encrypt 126ms (cache miss)
358 http fetch GET 200 https://registry.npmjs.org/strnum 124ms (cache miss)
359 http fetch GET 200 https://registry.npmjs.org/randombytes 126ms (cache miss)
360 http fetch GET 200 https://registry.npmjs.org/split-on-first 120ms (cache miss)
361 http fetch GET 200 https://registry.npmjs.org/create-hmac 132ms (cache miss)
362 http fetch GET 200 https://registry.npmjs.org/randomfill 127ms (cache miss)
363 http fetch GET 200 https://registry.npmjs.org/filter-obj 123ms (cache miss)
364 http fetch GET 200 https://registry.npmjs.org/create-hash 136ms (cache miss)
365 http fetch GET 200 https://registry.npmjs.org/strict-uri-encode 123ms (cache miss)
366 http fetch GET 200 https://registry.npmjs.org/util 122ms (cache miss)
367 http fetch GET 200 https://registry.npmjs.org/sax 122ms (cache miss)
368 http fetch GET 200 https://registry.npmjs.org/xmlbuilder 122ms (cache miss)
369 http fetch GET 200 https://registry.npmjs.org/minimist 140ms (cache miss)
370 http fetch GET 200 https://registry.npmjs.org/@zxing%2ftext-encoding 165ms (cache miss)
371 timing idealTree:node_modules/minio Completed in 234ms
372 timing idealTree:node_modules/async Completed in 0ms
373 silly placeDep node_modules/block-stream2 readable-stream@3.6.0 OK for: block-stream2@2.1.0 want: ^3.4.0
374 silly fetch manifest string_decoder@^1.1.1
375 silly fetch manifest util-deprecate@^1.0.1
376 http fetch GET 200 https://registry.npmjs.org/util-deprecate 37ms (cache miss)
377 timing idealTree:node_modules/block-stream2 Completed in 56ms
378 timing idealTree:node_modules/browser-or-node Completed in 0ms
379 timing idealTree:node_modules/buffer-crc32 Completed in 0ms
380 silly placeDep ROOT browserify-cipher@1.0.1 OK for: crypto-browserify@3.12.0 want: ^1.0.0
381 silly placeDep ROOT browserify-sign@4.2.1 OK for: crypto-browserify@3.12.0 want: ^4.0.0
382 silly placeDep ROOT create-ecdh@4.0.4 OK for: crypto-browserify@3.12.0 want: ^4.0.0
383 silly placeDep ROOT create-hash@1.2.0 OK for: crypto-browserify@3.12.0 want: ^1.1.0
384 silly placeDep ROOT create-hmac@1.1.7 OK for: crypto-browserify@3.12.0 want: ^1.1.0
385 silly placeDep ROOT diffie-hellman@5.0.3 OK for: crypto-browserify@3.12.0 want: ^5.0.0
386 silly placeDep ROOT pbkdf2@3.1.2 OK for: crypto-browserify@3.12.0 want: ^3.0.3
387 silly placeDep ROOT public-encrypt@4.0.3 OK for: crypto-browserify@3.12.0 want: ^4.0.0
388 silly placeDep ROOT randombytes@2.1.0 OK for: crypto-browserify@3.12.0 want: ^2.0.0
389 silly placeDep ROOT randomfill@1.0.4 OK for: crypto-browserify@3.12.0 want: ^1.0.3
390 silly fetch manifest browserify-aes@^1.0.4
391 silly fetch manifest browserify-des@^1.0.0
392 silly fetch manifest evp_bytestokey@^1.0.0
393 silly fetch manifest bn.js@^5.1.1
394 silly fetch manifest browserify-rsa@^4.0.1
395 silly fetch manifest elliptic@^6.5.3
396 silly fetch manifest parse-asn1@^5.1.5
397 silly fetch manifest readable-stream@^3.6.0
398 silly fetch manifest safe-buffer@^5.2.0
399 silly fetch manifest bn.js@^4.1.0
400 silly fetch manifest cipher-base@^1.0.1
401 silly fetch manifest md5.js@^1.3.4
402 silly fetch manifest ripemd160@^2.0.1
403 silly fetch manifest sha.js@^2.4.0
404 silly fetch manifest cipher-base@^1.0.3
405 silly fetch manifest ripemd160@^2.0.0
406 silly fetch manifest sha.js@^2.4.8
407 silly fetch manifest miller-rabin@^4.0.0
408 silly fetch manifest browserify-rsa@^4.0.0
409 silly fetch manifest parse-asn1@^5.0.0
410 http fetch GET 200 https://registry.npmjs.org/bn.js 85ms (cache miss)
411 http fetch GET 200 https://registry.npmjs.org/browserify-des 92ms (cache miss)
412 http fetch GET 200 https://registry.npmjs.org/parse-asn1 88ms (cache miss)
413 http fetch GET 200 https://registry.npmjs.org/browserify-aes 99ms (cache miss)
414 http fetch GET 200 https://registry.npmjs.org/ripemd160 90ms (cache miss)
415 http fetch GET 200 https://registry.npmjs.org/md5.js 92ms (cache miss)
416 http fetch GET 200 https://registry.npmjs.org/elliptic 97ms (cache miss)
417 http fetch GET 200 https://registry.npmjs.org/evp_bytestokey 102ms (cache miss)
418 http fetch GET 200 https://registry.npmjs.org/miller-rabin 91ms (cache miss)
419 http fetch GET 200 https://registry.npmjs.org/cipher-base 97ms (cache miss)
420 http fetch GET 200 https://registry.npmjs.org/sha.js 94ms (cache miss)
421 http fetch GET 200 https://registry.npmjs.org/browserify-rsa 102ms (cache miss)
422 timing idealTree:node_modules/crypto-browserify Completed in 127ms
423 silly placeDep ROOT browserify-aes@1.2.0 OK for: browserify-cipher@1.0.1 want: ^1.0.4
424 silly placeDep ROOT browserify-des@1.0.2 OK for: browserify-cipher@1.0.1 want: ^1.0.0
425 silly placeDep ROOT evp_bytestokey@1.0.3 OK for: browserify-cipher@1.0.1 want: ^1.0.0
426 silly fetch manifest buffer-xor@^1.0.3
427 silly fetch manifest cipher-base@^1.0.0
428 silly fetch manifest des.js@^1.0.0
429 http fetch GET 200 https://registry.npmjs.org/buffer-xor 27ms (cache miss)
430 http fetch GET 200 https://registry.npmjs.org/des.js 35ms (cache miss)
431 timing idealTree:node_modules/browserify-cipher Completed in 43ms
432 silly placeDep ROOT buffer-xor@1.0.3 OK for: browserify-aes@1.2.0 want: ^1.0.3
433 silly placeDep ROOT cipher-base@1.0.4 OK for: browserify-aes@1.2.0 want: ^1.0.0
434 timing idealTree:node_modules/browserify-aes Completed in 3ms
435 silly placeDep ROOT des.js@1.0.1 OK for: browserify-des@1.0.2 want: ^1.0.0
436 silly fetch manifest minimalistic-assert@^1.0.0
437 http fetch GET 200 https://registry.npmjs.org/minimalistic-assert 52ms (cache miss)
438 timing idealTree:node_modules/browserify-des Completed in 63ms
439 silly placeDep ROOT bn.js@5.2.1 OK for: browserify-sign@4.2.1 want: ^5.1.1
440 silly placeDep ROOT browserify-rsa@4.1.0 OK for: browserify-sign@4.2.1 want: ^4.0.1
441 silly placeDep ROOT elliptic@6.5.4 OK for: browserify-sign@4.2.1 want: ^6.5.3
442 silly placeDep ROOT parse-asn1@5.1.6 OK for: browserify-sign@4.2.1 want: ^5.1.5
443 silly placeDep node_modules/browserify-sign readable-stream@3.6.0 OK for: browserify-sign@4.2.1 want: ^3.6.0
444 silly placeDep node_modules/browserify-sign safe-buffer@5.2.1 OK for: browserify-sign@4.2.1 want: ^5.2.0
445 silly fetch manifest bn.js@^4.11.9
446 silly fetch manifest brorand@^1.1.0
447 silly fetch manifest hash.js@^1.0.0
448 silly fetch manifest hmac-drbg@^1.0.1
449 silly fetch manifest minimalistic-assert@^1.0.1
450 silly fetch manifest minimalistic-crypto-utils@^1.0.1
451 silly fetch manifest asn1.js@^5.2.0
452 http fetch GET 200 https://registry.npmjs.org/asn1.js 45ms (cache miss)
453 http fetch GET 200 https://registry.npmjs.org/hash.js 49ms (cache miss)
454 http fetch GET 200 https://registry.npmjs.org/hmac-drbg 50ms (cache miss)
455 http fetch GET 200 https://registry.npmjs.org/minimalistic-crypto-utils 49ms (cache miss)
456 http fetch GET 200 https://registry.npmjs.org/brorand 53ms (cache miss)
457 timing idealTree:node_modules/browserify-sign Completed in 69ms
458 timing idealTree:node_modules/bn.js Completed in 0ms
459 timing idealTree:node_modules/browserify-rsa Completed in 0ms
460 timing idealTree:node_modules/buffer-xor Completed in 0ms
461 timing idealTree:node_modules/cipher-base Completed in 0ms
462 silly placeDep node_modules/create-ecdh bn.js@4.12.0 OK for: create-ecdh@4.0.4 want: ^4.1.0
463 timing idealTree:node_modules/create-ecdh Completed in 7ms
464 silly placeDep ROOT md5.js@1.3.5 OK for: create-hash@1.2.0 want: ^1.3.4
465 silly placeDep ROOT ripemd160@2.0.2 OK for: create-hash@1.2.0 want: ^2.0.1
466 silly placeDep ROOT sha.js@2.4.11 OK for: create-hash@1.2.0 want: ^2.4.0
467 silly fetch manifest hash-base@^3.0.0
468 http fetch GET 200 https://registry.npmjs.org/hash-base 33ms (cache miss)
469 timing idealTree:node_modules/create-hash Completed in 42ms
470 timing idealTree:node_modules/create-hmac Completed in 0ms
471 silly placeDep ROOT minimalistic-assert@1.0.1 OK for: des.js@1.0.1 want: ^1.0.0
472 timing idealTree:node_modules/des.js Completed in 2ms
473 silly placeDep node_modules/diffie-hellman bn.js@4.12.0 OK for: diffie-hellman@5.0.3 want: ^4.1.0
474 silly placeDep ROOT miller-rabin@4.0.1 OK for: diffie-hellman@5.0.3 want: ^4.0.0
475 silly fetch manifest bn.js@^4.0.0
476 silly fetch manifest brorand@^1.0.1
477 timing idealTree:node_modules/diffie-hellman Completed in 9ms
478 silly placeDep node_modules/elliptic bn.js@4.12.0 OK for: elliptic@6.5.4 want: ^4.11.9
479 silly placeDep ROOT brorand@1.1.0 OK for: elliptic@6.5.4 want: ^1.1.0
480 silly placeDep ROOT hash.js@1.1.7 OK for: elliptic@6.5.4 want: ^1.0.0
481 silly placeDep ROOT hmac-drbg@1.0.1 OK for: elliptic@6.5.4 want: ^1.0.1
482 silly placeDep ROOT minimalistic-crypto-utils@1.0.1 OK for: elliptic@6.5.4 want: ^1.0.1
483 timing idealTree:node_modules/elliptic Completed in 22ms
484 timing idealTree:node_modules/brorand Completed in 0ms
485 timing idealTree:node_modules/es6-error Completed in 0ms
486 timing idealTree:node_modules/evp_bytestokey Completed in 0ms
487 silly placeDep ROOT strnum@1.0.5 OK for: fast-xml-parser@3.21.1 want: ^1.0.4
488 timing idealTree:node_modules/fast-xml-parser Completed in 2ms
489 timing idealTree:node_modules/hash.js Completed in 1ms
490 timing idealTree:node_modules/hmac-drbg Completed in 0ms
491 timing idealTree:node_modules/ipaddr.js Completed in 2ms
492 timing idealTree:node_modules/json-stream Completed in 0ms
493 timing idealTree:node_modules/lodash Completed in 0ms
494 silly placeDep ROOT hash-base@3.1.0 OK for: md5.js@1.3.5 want: ^3.0.0
495 timing idealTree:node_modules/md5.js Completed in 2ms
496 silly placeDep node_modules/hash-base readable-stream@3.6.0 OK for: hash-base@3.1.0 want: ^3.6.0
497 silly placeDep node_modules/hash-base safe-buffer@5.2.1 OK for: hash-base@3.1.0 want: ^5.2.0
498 timing idealTree:node_modules/hash-base Completed in 3ms
499 silly placeDep node_modules/miller-rabin bn.js@4.12.0 OK for: miller-rabin@4.0.1 want: ^4.0.0
500 timing idealTree:node_modules/miller-rabin Completed in 2ms
501 timing idealTree:node_modules/minimalistic-assert Completed in 0ms
502 timing idealTree:node_modules/minimalistic-crypto-utils Completed in 0ms
503 silly placeDep ROOT minimist@1.2.7 OK for: mkdirp@0.5.6 want: ^1.2.6
504 timing idealTree:node_modules/mkdirp Completed in 2ms
505 timing idealTree:node_modules/minimist Completed in 0ms
506 silly placeDep ROOT basic-auth@2.0.1 OK for: morgan@1.10.0 want: ~2.0.1
507 silly placeDep node_modules/morgan debug@2.6.9 OK for: morgan@1.10.0 want: 2.6.9
508 silly placeDep node_modules/morgan on-finished@2.3.0 OK for: morgan@1.10.0 want: ~2.3.0
509 silly placeDep ROOT on-headers@1.0.2 OK for: morgan@1.10.0 want: ~1.0.2
510 timing idealTree:node_modules/morgan Completed in 5ms
511 timing idealTree:node_modules/basic-auth Completed in 0ms
512 timing idealTree:node_modules/ms Completed in 0ms
513 timing idealTree:node_modules/negotiator Completed in 0ms
514 timing idealTree:node_modules/object-assign Completed in 0ms
515 silly placeDep ROOT ee-first@1.1.1 OK for: on-finished@2.4.1 want: 1.1.1
516 timing idealTree:node_modules/on-finished Completed in 4ms
517 timing idealTree:node_modules/ee-first Completed in 0ms
518 timing idealTree:node_modules/on-headers Completed in 0ms
519 silly placeDep ROOT asn1.js@5.4.1 OK for: parse-asn1@5.1.6 want: ^5.2.0
520 timing idealTree:node_modules/parse-asn1 Completed in 2ms
521 silly placeDep node_modules/asn1.js bn.js@4.12.0 OK for: asn1.js@5.4.1 want: ^4.0.0
522 timing idealTree:node_modules/asn1.js Completed in 2ms
523 timing idealTree:node_modules/parseurl Completed in 0ms
524 timing idealTree:node_modules/path-to-regexp Completed in 0ms
525 timing idealTree:node_modules/pbkdf2 Completed in 0ms
526 silly placeDep ROOT forwarded@0.2.0 OK for: proxy-addr@2.0.7 want: 0.2.0
527 silly placeDep node_modules/proxy-addr ipaddr.js@1.9.1 OK for: proxy-addr@2.0.7 want: 1.9.1
528 timing idealTree:node_modules/proxy-addr Completed in 4ms
529 timing idealTree:node_modules/forwarded Completed in 0ms
530 silly placeDep node_modules/public-encrypt bn.js@4.12.0 OK for: public-encrypt@4.0.3 want: ^4.1.0
531 timing idealTree:node_modules/public-encrypt Completed in 1ms
532 silly placeDep ROOT side-channel@1.0.4 OK for: qs@6.11.0 want: ^1.0.4
533 silly fetch manifest call-bind@^1.0.0
534 silly fetch manifest get-intrinsic@^1.0.2
535 silly fetch manifest object-inspect@^1.9.0
536 http fetch GET 200 https://registry.npmjs.org/call-bind 47ms (cache miss)
537 http fetch GET 200 https://registry.npmjs.org/object-inspect 52ms (cache miss)
538 http fetch GET 200 https://registry.npmjs.org/get-intrinsic 91ms (cache miss)
539 timing idealTree:node_modules/qs Completed in 96ms
540 silly placeDep ROOT decode-uri-component@0.2.2 OK for: query-string@7.1.3 want: ^0.2.2
541 silly placeDep ROOT filter-obj@1.1.0 OK for: query-string@7.1.3 want: ^1.1.0
542 silly placeDep ROOT split-on-first@1.1.0 OK for: query-string@7.1.3 want: ^1.0.0
543 silly placeDep ROOT strict-uri-encode@2.0.0 OK for: query-string@7.1.3 want: ^2.0.0
544 timing idealTree:node_modules/query-string Completed in 8ms
545 timing idealTree:node_modules/decode-uri-component Completed in 0ms
546 timing idealTree:node_modules/filter-obj Completed in 0ms
547 silly placeDep node_modules/rabbitmq amqplib@0.1.3 OK for: rabbitmq@0.0.2 want: 0.1.3
548 silly placeDep ROOT should@3.1.4 OK for: rabbitmq@0.0.2 want: 3.1.4
549 silly placeDep ROOT underscore@1.6.0 OK for: rabbitmq@0.0.2 want: 1.6.0
550 silly fetch manifest bitsyntax@0.0.3
551 silly fetch manifest buffer-more-ints@0.0.2
552 silly fetch manifest when@~2.1
553 http fetch GET 200 https://registry.npmjs.org/bitsyntax 77ms (cache miss)
554 http fetch GET 200 https://registry.npmjs.org/when 133ms (cache miss)
555 timing idealTree:node_modules/rabbitmq Completed in 148ms
556 timing idealTree:node_modules/randombytes Completed in 0ms
557 timing idealTree:node_modules/randomfill Completed in 0ms
558 timing idealTree:node_modules/range-parser Completed in 0ms
559 timing idealTree:node_modules/raw-body Completed in 0ms
560 silly placeDep ROOT core-util-is@1.0.3 OK for: readable-stream@1.1.14 want: ~1.0.0
561 silly placeDep ROOT isarray@0.0.1 OK for: readable-stream@1.1.14 want: 0.0.1
562 silly placeDep ROOT string_decoder@0.10.31 OK for: readable-stream@1.1.14 want: ~0.10.x
563 timing idealTree:node_modules/readable-stream Completed in 9ms
564 timing idealTree:node_modules/core-util-is Completed in 0ms
565 timing idealTree:node_modules/isarray Completed in 1ms
566 timing idealTree:node_modules/ripemd160 Completed in 0ms
567 timing idealTree:node_modules/safe-buffer Completed in 0ms
568 timing idealTree:node_modules/safer-buffer Completed in 0ms
569 silly placeDep node_modules/send debug@2.6.9 OK for: send@0.18.0 want: 2.6.9
570 silly placeDep ROOT mime@1.6.0 OK for: send@0.18.0 want: 1.6.0
571 silly placeDep node_modules/send ms@2.1.3 OK for: send@0.18.0 want: 2.1.3
572 timing idealTree:node_modules/send Completed in 8ms
573 timing idealTree:node_modules/mime Completed in 0ms
574 timing idealTree:node_modules/serve-static Completed in 0ms
575 timing idealTree:node_modules/setprototypeof Completed in 0ms
576 timing idealTree:node_modules/sha.js Completed in 0ms
577 timing idealTree:node_modules/should Completed in 0ms
578 silly placeDep ROOT call-bind@1.0.2 OK for: side-channel@1.0.4 want: ^1.0.0
579 silly placeDep ROOT get-intrinsic@1.1.3 OK for: side-channel@1.0.4 want: ^1.0.2
580 silly placeDep ROOT object-inspect@1.12.2 OK for: side-channel@1.0.4 want: ^1.9.0
581 silly fetch manifest function-bind@^1.1.1
582 silly fetch manifest has@^1.0.3
583 silly fetch manifest has-symbols@^1.0.3
584 http fetch GET 200 https://registry.npmjs.org/has 50ms (cache miss)
585 http fetch GET 200 https://registry.npmjs.org/has-symbols 62ms (cache miss)
586 http fetch GET 200 https://registry.npmjs.org/function-bind 65ms (cache miss)
587 timing idealTree:node_modules/side-channel Completed in 75ms
588 silly placeDep ROOT function-bind@1.1.1 OK for: call-bind@1.0.2 want: ^1.1.1
589 timing idealTree:node_modules/call-bind Completed in 2ms
590 timing idealTree:node_modules/function-bind Completed in 0ms
591 silly placeDep ROOT has@1.0.3 OK for: get-intrinsic@1.1.3 want: ^1.0.3
592 silly placeDep ROOT has-symbols@1.0.3 OK for: get-intrinsic@1.1.3 want: ^1.0.3
593 timing idealTree:node_modules/get-intrinsic Completed in 6ms
594 timing idealTree:node_modules/has Completed in 0ms
595 timing idealTree:node_modules/has-symbols Completed in 0ms
596 timing idealTree:node_modules/object-inspect Completed in 0ms
597 timing idealTree:node_modules/split-on-first Completed in 0ms
598 timing idealTree:node_modules/statuses Completed in 0ms
599 timing idealTree:node_modules/streamsearch Completed in 0ms
600 timing idealTree:node_modules/strict-uri-encode Completed in 0ms
601 timing idealTree:node_modules/string_decoder Completed in 0ms
602 timing idealTree:node_modules/strnum Completed in 0ms
603 silly placeDep node_modules/through2 readable-stream@3.6.0 OK for: through2@3.0.2 want: 2 || 3
604 timing idealTree:node_modules/through2 Completed in 4ms
605 timing idealTree:node_modules/toidentifier Completed in 0ms
606 silly placeDep ROOT media-typer@0.3.0 OK for: type-is@1.6.18 want: 0.3.0
607 timing idealTree:node_modules/type-is Completed in 3ms
608 timing idealTree:node_modules/media-typer Completed in 0ms
609 timing idealTree:node_modules/underscore Completed in 0ms
610 timing idealTree:node_modules/unpipe Completed in 0ms
611 silly placeDep ROOT querystringify@2.2.0 OK for: url-parse@1.5.10 want: ^2.1.1
612 silly placeDep ROOT requires-port@1.0.0 OK for: url-parse@1.5.10 want: ^1.0.0
613 timing idealTree:node_modules/url-parse Completed in 4ms
614 timing idealTree:node_modules/querystringify Completed in 0ms
615 timing idealTree:node_modules/requires-port Completed in 0ms
616 timing idealTree:node_modules/utils-merge Completed in 0ms
617 timing idealTree:node_modules/vary Completed in 0ms
618 silly placeDep ROOT @zxing/text-encoding@0.9.0 OK for: web-encoding@1.1.5 want: 0.9.0
619 silly placeDep ROOT util@0.12.5 OK for: web-encoding@1.1.5 want: ^0.12.3
620 silly fetch manifest is-arguments@^1.0.4
621 silly fetch manifest is-generator-function@^1.0.7
622 silly fetch manifest is-typed-array@^1.1.3
623 silly fetch manifest which-typed-array@^1.1.2
624 http fetch GET 200 https://registry.npmjs.org/which-typed-array 42ms (cache miss)
625 http fetch GET 200 https://registry.npmjs.org/is-typed-array 44ms (cache miss)
626 http fetch GET 200 https://registry.npmjs.org/is-arguments 50ms (cache miss)
627 http fetch GET 200 https://registry.npmjs.org/is-generator-function 54ms (cache miss)
628 timing idealTree:node_modules/web-encoding Completed in 83ms
629 timing idealTree:node_modules/@zxing/text-encoding Completed in 0ms
630 silly placeDep ROOT is-arguments@1.1.1 OK for: util@0.12.5 want: ^1.0.4
631 silly placeDep ROOT is-generator-function@1.0.10 OK for: util@0.12.5 want: ^1.0.7
632 silly placeDep ROOT is-typed-array@1.1.10 OK for: util@0.12.5 want: ^1.1.3
633 silly placeDep ROOT which-typed-array@1.1.9 OK for: util@0.12.5 want: ^1.1.2
634 silly fetch manifest has-tostringtag@^1.0.0
635 silly fetch manifest available-typed-arrays@^1.0.5
636 silly fetch manifest for-each@^0.3.3
637 silly fetch manifest gopd@^1.0.1
638 http fetch GET 200 https://registry.npmjs.org/available-typed-arrays 35ms (cache miss)
639 http fetch GET 200 https://registry.npmjs.org/gopd 33ms (cache miss)
640 http fetch GET 200 https://registry.npmjs.org/has-tostringtag 58ms (cache miss)
641 http fetch GET 200 https://registry.npmjs.org/for-each 56ms (cache miss)
642 timing idealTree:node_modules/util Completed in 77ms
643 silly placeDep ROOT has-tostringtag@1.0.0 OK for: is-arguments@1.1.1 want: ^1.0.0
644 timing idealTree:node_modules/is-arguments Completed in 5ms
645 timing idealTree:node_modules/has-tostringtag Completed in 0ms
646 timing idealTree:node_modules/is-generator-function Completed in 0ms
647 silly placeDep ROOT available-typed-arrays@1.0.5 OK for: is-typed-array@1.1.10 want: ^1.0.5
648 silly placeDep ROOT for-each@0.3.3 OK for: is-typed-array@1.1.10 want: ^0.3.3
649 silly placeDep ROOT gopd@1.0.1 OK for: is-typed-array@1.1.10 want: ^1.0.1
650 silly fetch manifest is-callable@^1.1.3
651 http fetch GET 200 https://registry.npmjs.org/is-callable 69ms (cache miss)
652 timing idealTree:node_modules/is-typed-array Completed in 75ms
653 timing idealTree:node_modules/available-typed-arrays Completed in 0ms
654 silly placeDep ROOT is-callable@1.2.7 OK for: for-each@0.3.3 want: ^1.1.3
655 timing idealTree:node_modules/for-each Completed in 2ms
656 timing idealTree:node_modules/gopd Completed in 0ms
657 timing idealTree:node_modules/is-callable Completed in 0ms
658 timing idealTree:node_modules/which-typed-array Completed in 0ms
659 timing idealTree:node_modules/xml Completed in 0ms
660 silly placeDep ROOT sax@1.2.4 OK for: xml2js@0.4.23 want: >=0.6.0
661 silly placeDep ROOT xmlbuilder@11.0.1 OK for: xml2js@0.4.23 want: ~11.0.0
662 timing idealTree:node_modules/xml2js Completed in 5ms
663 timing idealTree:node_modules/sax Completed in 0ms
664 timing idealTree:node_modules/xmlbuilder Completed in 0ms
665 timing idealTree:node_modules/asn1.js/node_modules/bn.js Completed in 0ms
666 silly placeDep node_modules/block-stream2 string_decoder@1.3.0 OK for: readable-stream@3.6.0 want: ^1.1.1
667 silly placeDep ROOT util-deprecate@1.0.2 OK for: readable-stream@3.6.0 want: ^1.0.1
668 silly fetch manifest safe-buffer@~5.2.0
669 timing idealTree:node_modules/block-stream2/node_modules/readable-stream Completed in 5ms
670 timing idealTree:node_modules/util-deprecate Completed in 0ms
671 silly placeDep node_modules/block-stream2 safe-buffer@5.2.1 OK for: string_decoder@1.3.0 want: ~5.2.0
672 timing idealTree:node_modules/block-stream2/node_modules/string_decoder Completed in 2ms
673 timing idealTree:node_modules/block-stream2/node_modules/safe-buffer Completed in 0ms
674 silly placeDep node_modules/body-parser ms@2.0.0 OK for: debug@2.6.9 want: 2.0.0
675 timing idealTree:node_modules/body-parser/node_modules/debug Completed in 2ms
676 timing idealTree:node_modules/body-parser/node_modules/ms Completed in 0ms
677 silly placeDep node_modules/browserify-sign string_decoder@1.3.0 OK for: readable-stream@3.6.0 want: ^1.1.1
678 timing idealTree:node_modules/browserify-sign/node_modules/readable-stream Completed in 2ms
679 timing idealTree:node_modules/browserify-sign/node_modules/safe-buffer Completed in 0ms
680 timing idealTree:node_modules/browserify-sign/node_modules/string_decoder Completed in 0ms
681 timing idealTree:node_modules/content-disposition/node_modules/safe-buffer Completed in 0ms
682 timing idealTree:node_modules/create-ecdh/node_modules/bn.js Completed in 0ms
683 timing idealTree:node_modules/diffie-hellman/node_modules/bn.js Completed in 0ms
684 timing idealTree:node_modules/elliptic/node_modules/bn.js Completed in 0ms
685 silly placeDep node_modules/express ms@2.0.0 OK for: debug@2.6.9 want: 2.0.0
686 timing idealTree:node_modules/express/node_modules/debug Completed in 3ms
687 timing idealTree:node_modules/express/node_modules/ms Completed in 0ms
688 timing idealTree:node_modules/express/node_modules/safe-buffer Completed in 0ms
689 silly placeDep node_modules/finalhandler ms@2.0.0 OK for: debug@2.6.9 want: 2.0.0
690 timing idealTree:node_modules/finalhandler/node_modules/debug Completed in 2ms
691 timing idealTree:node_modules/finalhandler/node_modules/ms Completed in 0ms
692 silly placeDep node_modules/hash-base string_decoder@1.3.0 OK for: readable-stream@3.6.0 want: ^1.1.1
693 timing idealTree:node_modules/hash-base/node_modules/readable-stream Completed in 3ms
694 timing idealTree:node_modules/hash-base/node_modules/safe-buffer Completed in 0ms
695 timing idealTree:node_modules/hash-base/node_modules/string_decoder Completed in 0ms
696 timing idealTree:node_modules/miller-rabin/node_modules/bn.js Completed in 0ms
697 silly placeDep node_modules/morgan ms@2.0.0 OK for: debug@2.6.9 want: 2.0.0
698 timing idealTree:node_modules/morgan/node_modules/debug Completed in 2ms
699 timing idealTree:node_modules/morgan/node_modules/ms Completed in 0ms
700 timing idealTree:node_modules/morgan/node_modules/on-finished Completed in 0ms
701 timing idealTree:node_modules/proxy-addr/node_modules/ipaddr.js Completed in 0ms
702 timing idealTree:node_modules/public-encrypt/node_modules/bn.js Completed in 0ms
703 silly placeDep ROOT bitsyntax@0.0.3 OK for: amqplib@0.1.3 want: 0.0.3
704 silly placeDep node_modules/rabbitmq buffer-more-ints@0.0.2 OK for: amqplib@0.1.3 want: 0.0.2
705 silly placeDep ROOT when@2.1.1 OK for: amqplib@0.1.3 want: ~2.1
706 timing idealTree:node_modules/rabbitmq/node_modules/amqplib Completed in 21ms
707 silly placeDep node_modules/bitsyntax buffer-more-ints@0.0.2 OK for: bitsyntax@0.0.3 want: 0.0.2
708 timing idealTree:node_modules/bitsyntax Completed in 1ms
709 timing idealTree:node_modules/when Completed in 0ms
710 timing idealTree:node_modules/bitsyntax/node_modules/buffer-more-ints Completed in 0ms
711 timing idealTree:node_modules/rabbitmq/node_modules/buffer-more-ints Completed in 0ms
712 silly placeDep node_modules/send/node_modules/debug ms@2.0.0 OK for: debug@2.6.9 want: 2.0.0
713 timing idealTree:node_modules/send/node_modules/debug Completed in 2ms
714 timing idealTree:node_modules/send/node_modules/ms Completed in 0ms
715 silly placeDep node_modules/through2 string_decoder@1.3.0 OK for: readable-stream@3.6.0 want: ^1.1.1
716 timing idealTree:node_modules/through2/node_modules/readable-stream Completed in 2ms
717 silly placeDep node_modules/through2 safe-buffer@5.2.1 OK for: string_decoder@1.3.0 want: ~5.2.0
718 timing idealTree:node_modules/through2/node_modules/string_decoder Completed in 2ms
719 timing idealTree:node_modules/through2/node_modules/safe-buffer Completed in 0ms
720 timing idealTree:node_modules/send/node_modules/debug/node_modules/ms Completed in 0ms
721 timing idealTree:buildDeps Completed in 4292ms
722 timing idealTree:fixDepFlags Completed in 7ms
723 warn EBADENGINE Unsupported engine {
723 warn EBADENGINE   package: 'amqplib@0.1.3',
723 warn EBADENGINE   required: { node: '0.8 || 0.9 || 0.10 || 0.11' },
723 warn EBADENGINE   current: { node: 'v12.22.9', npm: '8.5.1' }
723 warn EBADENGINE }
724 timing idealTree Completed in 4359ms
725 timing reify:loadTrees Completed in 4360ms
726 timing reify:diffTrees Completed in 15ms
727 silly reify moves {}
728 timing reify:retireShallow Completed in 1ms
729 timing reify:createSparse Completed in 105ms
730 timing reify:loadBundles Completed in 0ms
731 silly audit bulk request {
731 silly audit   amqplib: [ '0.10.3', '0.1.3' ],
731 silly audit   'body-parser': [ '1.20.1' ],
731 silly audit   cors: [ '2.8.5' ],
731 silly audit   express: [ '4.18.2' ],
731 silly audit   'express-fileupload': [ '1.4.0' ],
731 silly audit   minio: [ '7.0.32' ],
731 silly audit   morgan: [ '1.10.0' ],
731 silly audit   rabbitmq: [ '0.0.2' ],
731 silly audit   '@acuminous/bitsyntax': [ '0.1.2' ],
731 silly audit   'buffer-more-ints': [ '1.0.0', '0.0.2' ],
731 silly audit   'readable-stream': [ '1.1.14', '3.6.0' ],
731 silly audit   'url-parse': [ '1.5.10' ],
731 silly audit   debug: [ '4.3.4', '2.6.9' ],
731 silly audit   'safe-buffer': [ '5.1.2', '5.2.1' ],
731 silly audit   bytes: [ '3.1.2' ],
731 silly audit   'content-type': [ '1.0.4' ],
731 silly audit   depd: [ '2.0.0' ],
731 silly audit   destroy: [ '1.2.0' ],
731 silly audit   'http-errors': [ '2.0.0' ],
731 silly audit   'iconv-lite': [ '0.4.24' ],
731 silly audit   'on-finished': [ '2.4.1', '2.3.0' ],
731 silly audit   qs: [ '6.11.0' ],
731 silly audit   'raw-body': [ '2.5.1' ],
731 silly audit   'type-is': [ '1.6.18' ],
731 silly audit   unpipe: [ '1.0.0' ],
731 silly audit   'object-assign': [ '4.1.1' ],
731 silly audit   vary: [ '1.1.2' ],
731 silly audit   ms: [ '2.1.2', '2.1.3', '2.0.0' ],
731 silly audit   accepts: [ '1.3.8' ],
731 silly audit   'array-flatten': [ '1.1.1' ],
731 silly audit   'content-disposition': [ '0.5.4' ],
731 silly audit   cookie: [ '0.5.0' ],
731 silly audit   'cookie-signature': [ '1.0.6' ],
731 silly audit   encodeurl: [ '1.0.2' ],
731 silly audit   'escape-html': [ '1.0.3' ],
731 silly audit   etag: [ '1.8.1' ],
731 silly audit   finalhandler: [ '1.2.0' ],
731 silly audit   fresh: [ '0.5.2' ],
731 silly audit   'merge-descriptors': [ '1.0.1' ],
731 silly audit   methods: [ '1.1.2' ],
731 silly audit   parseurl: [ '1.3.3' ],
731 silly audit   'path-to-regexp': [ '0.1.7' ],
731 silly audit   'proxy-addr': [ '2.0.7' ],
731 silly audit   'range-parser': [ '1.2.1' ],
731 silly audit   send: [ '0.18.0' ],
731 silly audit   'serve-static': [ '1.15.0' ],
731 silly audit   setprototypeof: [ '1.2.0' ],
731 silly audit   statuses: [ '2.0.1' ],
731 silly audit   'utils-merge': [ '1.0.1' ],
731 silly audit   'mime-types': [ '2.1.35' ],
731 silly audit   negotiator: [ '0.6.3' ],
731 silly audit   busboy: [ '1.6.0' ],
731 silly audit   streamsearch: [ '1.1.0' ],
731 silly audit   inherits: [ '2.0.4' ],
731 silly audit   toidentifier: [ '1.0.1' ],
731 silly audit   'safer-buffer': [ '2.1.2' ],
731 silly audit   'mime-db': [ '1.52.0' ],
731 silly audit   async: [ '3.2.4' ],
731 silly audit   'block-stream2': [ '2.1.0' ],
731 silly audit   'browser-or-node': [ '1.3.0' ],
731 silly audit   'buffer-crc32': [ '0.2.13' ],
731 silly audit   'crypto-browserify': [ '3.12.0' ],
731 silly audit   'es6-error': [ '4.1.1' ],
731 silly audit   'fast-xml-parser': [ '3.21.1' ],
731 silly audit   'ipaddr.js': [ '2.0.1', '1.9.1' ],
731 silly audit   'json-stream': [ '1.0.0' ],
731 silly audit   lodash: [ '4.17.21' ],
731 silly audit   mkdirp: [ '0.5.6' ],
731 silly audit   'query-string': [ '7.1.3' ],
731 silly audit   through2: [ '3.0.2' ],
731 silly audit   'web-encoding': [ '1.1.5' ],
731 silly audit   xml: [ '1.0.1' ],
731 silly audit   xml2js: [ '0.4.23' ],
731 silly audit   'browserify-cipher': [ '1.0.1' ],
731 silly audit   'browserify-sign': [ '4.2.1' ],
731 silly audit   'create-ecdh': [ '4.0.4' ],
731 silly audit   'create-hash': [ '1.2.0' ],
731 silly audit   'create-hmac': [ '1.1.7' ],
731 silly audit   'diffie-hellman': [ '5.0.3' ],
731 silly audit   pbkdf2: [ '3.1.2' ],
731 silly audit   'public-encrypt': [ '4.0.3' ],
731 silly audit   randombytes: [ '2.1.0' ],
731 silly audit   randomfill: [ '1.0.4' ],
731 silly audit   'browserify-aes': [ '1.2.0' ],
731 silly audit   'browserify-des': [ '1.0.2' ],
731 silly audit   evp_bytestokey: [ '1.0.3' ],
731 silly audit   'buffer-xor': [ '1.0.3' ],
731 silly audit   'cipher-base': [ '1.0.4' ],
731 silly audit   'des.js': [ '1.0.1' ],
731 silly audit   'bn.js': [ '5.2.1', '4.12.0' ],
731 silly audit   'browserify-rsa': [ '4.1.0' ],
731 silly audit   elliptic: [ '6.5.4' ],
731 silly audit   'parse-asn1': [ '5.1.6' ],
731 silly audit   'md5.js': [ '1.3.5' ],
731 silly audit   ripemd160: [ '2.0.2' ],
731 silly audit   'sha.js': [ '2.4.11' ],
731 silly audit   'minimalistic-assert': [ '1.0.1' ],
731 silly audit   'miller-rabin': [ '4.0.1' ],
731 silly audit   brorand: [ '1.1.0' ],
731 silly audit   'hash.js': [ '1.1.7' ],
731 silly audit   'hmac-drbg': [ '1.0.1' ],
731 silly audit   'minimalistic-crypto-utils': [ '1.0.1' ],
731 silly audit   strnum: [ '1.0.5' ],
731 silly audit   'hash-base': [ '3.1.0' ],
731 silly audit   minimist: [ '1.2.7' ],
731 silly audit   'basic-auth': [ '2.0.1' ],
731 silly audit   'on-headers': [ '1.0.2' ],
731 silly audit   'ee-first': [ '1.1.1' ],
731 silly audit   'asn1.js': [ '5.4.1' ],
731 silly audit   forwarded: [ '0.2.0' ],
731 silly audit   'side-channel': [ '1.0.4' ],
731 silly audit   'decode-uri-component': [ '0.2.2' ],
731 silly audit   'filter-obj': [ '1.1.0' ],
731 silly audit   'split-on-first': [ '1.1.0' ],
731 silly audit   'strict-uri-encode': [ '2.0.0' ],
731 silly audit   should: [ '3.1.4' ],
731 silly audit   underscore: [ '1.6.0' ],
731 silly audit   'core-util-is': [ '1.0.3' ],
731 silly audit   isarray: [ '0.0.1' ],
731 silly audit   string_decoder: [ '0.10.31', '1.3.0' ],
731 silly audit   mime: [ '1.6.0' ],
731 silly audit   'call-bind': [ '1.0.2' ],
731 silly audit   'get-intrinsic': [ '1.1.3' ],
731 silly audit   'object-inspect': [ '1.12.2' ],
731 silly audit   'function-bind': [ '1.1.1' ],
731 silly audit   has: [ '1.0.3' ],
731 silly audit   'has-symbols': [ '1.0.3' ],
731 silly audit   'media-typer': [ '0.3.0' ],
731 silly audit   querystringify: [ '2.2.0' ],
731 silly audit   'requires-port': [ '1.0.0' ],
731 silly audit   '@zxing/text-encoding': [ '0.9.0' ],
731 silly audit   util: [ '0.12.5' ],
731 silly audit   'is-arguments': [ '1.1.1' ],
731 silly audit   'is-generator-function': [ '1.0.10' ],
731 silly audit   'is-typed-array': [ '1.1.10' ],
731 silly audit   'which-typed-array': [ '1.1.9' ],
731 silly audit   'has-tostringtag': [ '1.0.0' ],
731 silly audit   'available-typed-arrays': [ '1.0.5' ],
731 silly audit   'for-each': [ '0.3.3' ],
731 silly audit   gopd: [ '1.0.1' ],
731 silly audit   'is-callable': [ '1.2.7' ],
731 silly audit   sax: [ '1.2.4' ],
731 silly audit   xmlbuilder: [ '11.0.1' ],
731 silly audit   'util-deprecate': [ '1.0.2' ],
731 silly audit   bitsyntax: [ '0.0.3' ],
731 silly audit   when: [ '2.1.1' ]
731 silly audit }
732 silly tarball no local data for when@https://registry.npmjs.org/when/-/when-2.1.1.tgz. Extracting by manifest.
733 silly tarball no local data for bitsyntax@https://registry.npmjs.org/bitsyntax/-/bitsyntax-0.0.3.tgz. Extracting by manifest.
734 silly tarball no local data for underscore@https://registry.npmjs.org/underscore/-/underscore-1.6.0.tgz. Extracting by manifest.
735 silly tarball no local data for should@https://registry.npmjs.org/should/-/should-3.1.4.tgz. Extracting by manifest.
736 silly tarball no local data for on-headers@https://registry.npmjs.org/on-headers/-/on-headers-1.0.2.tgz. Extracting by manifest.
737 silly tarball no local data for basic-auth@https://registry.npmjs.org/basic-auth/-/basic-auth-2.0.1.tgz. Extracting by manifest.
738 silly tarball no local data for streamsearch@https://registry.npmjs.org/streamsearch/-/streamsearch-1.1.0.tgz. Extracting by manifest.
739 silly tarball no local data for busboy@https://registry.npmjs.org/busboy/-/busboy-1.6.0.tgz. Extracting by manifest.
740 silly tarball no local data for rabbitmq@https://registry.npmjs.org/rabbitmq/-/rabbitmq-0.0.2.tgz. Extracting by manifest.
741 silly tarball no local data for morgan@https://registry.npmjs.org/morgan/-/morgan-1.10.0.tgz. Extracting by manifest.
742 silly tarball no local data for express-fileupload@https://registry.npmjs.org/express-fileupload/-/express-fileupload-1.4.0.tgz. Extracting by manifest.
743 silly tarball no local data for cors@https://registry.npmjs.org/cors/-/cors-2.8.5.tgz. Extracting by manifest.
744 silly tarball no local data for buffer-more-ints@https://registry.npmjs.org/buffer-more-ints/-/buffer-more-ints-0.0.2.tgz. Extracting by manifest.
745 silly tarball no local data for buffer-more-ints@https://registry.npmjs.org/buffer-more-ints/-/buffer-more-ints-0.0.2.tgz. Extracting by manifest.
746 silly tarball no local data for amqplib@https://registry.npmjs.org/amqplib/-/amqplib-0.1.3.tgz. Extracting by manifest.
747 silly tarball no local data for on-finished@https://registry.npmjs.org/on-finished/-/on-finished-2.3.0.tgz. Extracting by manifest.
748 http fetch POST 200 https://registry.npmjs.org/-/npm/v1/security/advisories/bulk 1106ms
749 timing auditReport:getReport Completed in 1115ms
750 silly audit report {
750 silly audit report   underscore: [
750 silly audit report     {
750 silly audit report       id: 1084602,
750 silly audit report       url: 'https://github.com/advisories/GHSA-cf4h-3jhx-xvhq',
750 silly audit report       title: 'Arbitrary Code Execution in underscore',
750 silly audit report       severity: 'critical',
750 silly audit report       vulnerable_versions: '>=1.3.2 <1.12.1',
750 silly audit report       cwe: [Array],
750 silly audit report       cvss: [Object]
750 silly audit report     }
750 silly audit report   ]
750 silly audit report }
751 timing metavuln:packument:underscore Completed in 0ms
752 timing metavuln:cache:get:security-advisory:underscore:QrJmlaKBVA/XWkd1rJ0t+7I1xMFZyt3D0fDPvm7GAq92Xo/XXcbJVMa9cOzRyVAo5dZKf0qPKUCxcOHNn2mdTQ== Completed in 32ms
753 timing metavuln:load:security-advisory:underscore:1084602 Completed in 5ms
754 timing reifyNode:node_modules/querystringify Completed in 1172ms
755 timing reifyNode:node_modules/strict-uri-encode Completed in 1172ms
756 timing reifyNode:node_modules/filter-obj Completed in 1171ms
757 timing reifyNode:node_modules/decode-uri-component Completed in 1171ms
758 timing reifyNode:node_modules/ee-first Completed in 1172ms
759 timing reifyNode:node_modules/hash-base Completed in 1171ms
760 timing reifyNode:node_modules/minimalistic-assert Completed in 1170ms
761 timing reifyNode:node_modules/md5.js Completed in 1171ms
762 timing reifyNode:node_modules/browserify-rsa Completed in 1170ms
763 timing reifyNode:node_modules/through2 Completed in 1170ms
764 timing reifyNode:node_modules/buffer-crc32 Completed in 1176ms
765 timing reifyNode:node_modules/block-stream2 Completed in 1177ms
766 timing reifyNode:node_modules/escape-html Completed in 1175ms
767 timing reifyNode:node_modules/array-flatten Completed in 1175ms
768 timing reifyNode:node_modules/ms Completed in 1175ms
769 timing reifyNode:node_modules/object-assign Completed in 1175ms
770 timing reifyNode:node_modules/destroy Completed in 1175ms
771 timing reifyNode:node_modules/evp_bytestokey Completed in 1190ms
772 timing reifyNode:node_modules/send/node_modules/ms Completed in 1189ms
773 timing reifyNode:node_modules/send/node_modules/debug/node_modules/ms Completed in 1188ms
774 timing reifyNode:node_modules/finalhandler/node_modules/ms Completed in 1189ms
775 timing reifyNode:node_modules/morgan/node_modules/ms Completed in 1185ms
776 timing reifyNode:node_modules/express/node_modules/ms Completed in 1185ms
777 timing reifyNode:node_modules/body-parser/node_modules/ms Completed in 1185ms
778 timing reifyNode:node_modules/media-typer Completed in 1212ms
779 timing reifyNode:node_modules/string_decoder Completed in 1217ms
780 timing reifyNode:node_modules/core-util-is Completed in 1217ms
781 timing reifyNode:node_modules/split-on-first Completed in 1216ms
782 timing reifyNode:node_modules/forwarded Completed in 1221ms
783 timing reifyNode:node_modules/ripemd160 Completed in 1220ms
784 timing reifyNode:node_modules/toidentifier Completed in 1216ms
785 timing reifyNode:node_modules/inherits Completed in 1216ms
786 timing reifyNode:node_modules/utils-merge Completed in 1216ms
787 timing reifyNode:node_modules/range-parser Completed in 1216ms
788 timing reifyNode:node_modules/path-to-regexp Completed in 1216ms
789 timing reifyNode:node_modules/methods Completed in 1216ms
790 timing reifyNode:node_modules/parseurl Completed in 1217ms
791 timing reifyNode:node_modules/merge-descriptors Completed in 1217ms
792 timing reifyNode:node_modules/fresh Completed in 1217ms
793 timing reifyNode:node_modules/etag Completed in 1216ms
794 timing reifyNode:node_modules/encodeurl Completed in 1217ms
795 timing reifyNode:node_modules/cookie-signature Completed in 1217ms
796 timing reifyNode:node_modules/accepts Completed in 1216ms
797 timing reifyNode:node_modules/vary Completed in 1217ms
798 timing reifyNode:node_modules/unpipe Completed in 1217ms
799 timing reifyNode:node_modules/type-is Completed in 1216ms
800 timing reifyNode:node_modules/http-errors Completed in 1217ms
801 timing reifyNode:node_modules/content-type Completed in 1217ms
802 timing reifyNode:node_modules/bytes Completed in 1217ms
803 timing reifyNode:node_modules/util-deprecate Completed in 1248ms
804 timing reifyNode:node_modules/isarray Completed in 1247ms
805 timing reifyNode:node_modules/brorand Completed in 1246ms
806 timing reifyNode:node_modules/create-hmac Completed in 1249ms
807 timing reifyNode:node_modules/create-ecdh Completed in 1250ms
808 timing reifyNode:node_modules/query-string Completed in 1248ms
809 timing reifyNode:node_modules/proxy-addr Completed in 1246ms
810 timing reifyNode:node_modules/on-finished Completed in 1243ms
811 timing reifyNode:node_modules/hash-base/node_modules/string_decoder Completed in 1264ms
812 timing reifyNode:node_modules/browserify-sign/node_modules/string_decoder Completed in 1259ms
813 timing reifyNode:node_modules/through2/node_modules/string_decoder Completed in 1259ms
814 timing reifyNode:node_modules/block-stream2/node_modules/string_decoder Completed in 1257ms
815 timing reifyNode:node_modules/requires-port Completed in 1274ms
816 timing reifyNode:node_modules/has Completed in 1273ms
817 timing reifyNode:node_modules/strnum Completed in 1271ms
818 timing reifyNode:node_modules/browserify-des Completed in 1269ms
819 timing reifyNode:node_modules/browserify-cipher Completed in 1267ms
820 timing reifyNode:node_modules/mkdirp Completed in 1267ms
821 timing reifyNode:node_modules/browser-or-node Completed in 1267ms
822 timing reifyNode:node_modules/mime-types Completed in 1267ms
823 timing reifyNode:node_modules/statuses Completed in 1266ms
824 timing reifyNode:node_modules/setprototypeof Completed in 1267ms
825 timing reifyNode:node_modules/serve-static Completed in 1267ms
826 timing reifyNode:node_modules/content-disposition Completed in 1265ms
827 timing reifyNode:node_modules/safe-buffer Completed in 1264ms
828 timing reifyNode:node_modules/sax Completed in 1290ms
829 timing reifyNode:node_modules/minimalistic-crypto-utils Completed in 1288ms
830 timing reifyNode:node_modules/parse-asn1 Completed in 1287ms
831 timing reifyNode:node_modules/cipher-base Completed in 1286ms
832 timing reifyNode:node_modules/randomfill Completed in 1286ms
833 timing reifyNode:node_modules/create-hash Completed in 1285ms
834 timing reifyNode:node_modules/finalhandler Completed in 1281ms
835 timing reifyNode:node_modules/cookie Completed in 1280ms
836 timing reifyNode:node_modules/randombytes Completed in 1291ms
837 timing reifyNode:node_modules/hash-base/node_modules/safe-buffer Completed in 1300ms
838 timing reifyNode:node_modules/browserify-sign/node_modules/safe-buffer Completed in 1294ms
839 timing reifyNode:node_modules/through2/node_modules/safe-buffer Completed in 1294ms
840 timing reifyNode:node_modules/block-stream2/node_modules/safe-buffer Completed in 1292ms
841 timing reifyNode:node_modules/content-disposition/node_modules/safe-buffer Completed in 1289ms
842 timing reifyNode:node_modules/express/node_modules/safe-buffer Completed in 1284ms
843 timing reifyNode:node_modules/raw-body Completed in 1297ms
844 timing reifyNode:node_modules/debug Completed in 1297ms
845 timing reifyNode:node_modules/gopd Completed in 1323ms
846 timing reifyNode:node_modules/util Completed in 1323ms
847 timing reifyNode:node_modules/ipaddr.js Completed in 1315ms
848 timing reifyNode:node_modules/es6-error Completed in 1315ms
849 timing reifyNode:node_modules/safer-buffer Completed in 1313ms
850 timing reifyNode:node_modules/depd Completed in 1309ms
851 timing reifyNode:node_modules/buffer-more-ints Completed in 1308ms
852 timing reifyNode:node_modules/for-each Completed in 1336ms
853 timing reifyNode:node_modules/hmac-drbg Completed in 1332ms
854 timing reifyNode:node_modules/miller-rabin Completed in 1332ms
855 timing reifyNode:node_modules/buffer-xor Completed in 1331ms
856 timing reifyNode:node_modules/json-stream Completed in 1327ms
857 timing reifyNode:node_modules/proxy-addr/node_modules/ipaddr.js Completed in 1330ms
858 timing reifyNode:node_modules/bn.js Completed in 1344ms
859 timing reifyNode:node_modules/pbkdf2 Completed in 1344ms
860 timing reifyNode:node_modules/send Completed in 1339ms
861 timing reifyNode:node_modules/diffie-hellman Completed in 1347ms
862 http fetch GET 200 https://registry.npmjs.org/basic-auth/-/basic-auth-2.0.1.tgz 1155ms (cache miss)
863 timing reifyNode:node_modules/basic-auth Completed in 1358ms
864 http fetch GET 200 https://registry.npmjs.org/streamsearch/-/streamsearch-1.1.0.tgz 1146ms (cache miss)
865 timing reifyNode:node_modules/asn1.js/node_modules/bn.js Completed in 1370ms
866 timing reifyNode:node_modules/miller-rabin/node_modules/bn.js Completed in 1369ms
867 timing reifyNode:node_modules/elliptic/node_modules/bn.js Completed in 1367ms
868 timing reifyNode:node_modules/public-encrypt/node_modules/bn.js Completed in 1366ms
869 timing reifyNode:node_modules/diffie-hellman/node_modules/bn.js Completed in 1366ms
870 timing reifyNode:node_modules/create-ecdh/node_modules/bn.js Completed in 1366ms
871 timing reifyNode:node_modules/browserify-sign Completed in 1371ms
872 timing reifyNode:node_modules/xml2js Completed in 1370ms
873 timing reifyNode:node_modules/negotiator Completed in 1368ms
874 timing reifyNode:node_modules/url-parse Completed in 1363ms
875 timing reifyNode:node_modules/streamsearch Completed in 1370ms
876 http fetch GET 200 https://registry.npmjs.org/on-finished/-/on-finished-2.3.0.tgz 1086ms (cache miss)
877 timing reifyNode:node_modules/morgan/node_modules/on-finished Completed in 1378ms
878 http fetch GET 200 https://registry.npmjs.org/buffer-more-ints/-/buffer-more-ints-0.0.2.tgz 1111ms (cache miss)
879 timing reifyNode:node_modules/rabbitmq/node_modules/buffer-more-ints Completed in 1383ms
880 timing reifyNode:node_modules/available-typed-arrays Completed in 1406ms
881 timing reifyNode:node_modules/which-typed-array Completed in 1405ms
882 timing reifyNode:node_modules/is-typed-array Completed in 1405ms
883 timing reifyNode:node_modules/side-channel Completed in 1403ms
884 timing reifyNode:node_modules/is-generator-function Completed in 1414ms
885 timing reifyNode:node_modules/is-arguments Completed in 1414ms
886 timing reifyNode:node_modules/function-bind Completed in 1413ms
887 timing reifyNode:node_modules/get-intrinsic Completed in 1414ms
888 timing reifyNode:node_modules/mime Completed in 1413ms
889 timing reifyNode:node_modules/xml Completed in 1405ms
890 http fetch GET 200 https://registry.npmjs.org/on-headers/-/on-headers-1.0.2.tgz 1220ms (cache miss)
891 timing reifyNode:node_modules/on-headers Completed in 1417ms
892 timing reifyNode:node_modules/is-callable Completed in 1440ms
893 timing reifyNode:node_modules/call-bind Completed in 1439ms
894 timing reifyNode:node_modules/has-tostringtag Completed in 1453ms
895 http fetch GET 200 https://registry.npmjs.org/bitsyntax/-/bitsyntax-0.0.3.tgz 1307ms (cache miss)
896 timing reifyNode:node_modules/sha.js Completed in 1473ms
897 timing metavuln:cache:put:security-advisory:underscore:QrJmlaKBVA/XWkd1rJ0t+7I1xMFZyt3D0fDPvm7GAq92Xo/XXcbJVMa9cOzRyVAo5dZKf0qPKUCxcOHNn2mdTQ== Completed in 346ms
898 timing metavuln:calculate:security-advisory:underscore:1084602 Completed in 383ms
899 timing metavuln:packument:rabbitmq Completed in 0ms
900 http fetch GET 200 https://registry.npmjs.org/rabbitmq/-/rabbitmq-0.0.2.tgz 1257ms (cache miss)
901 timing reifyNode:node_modules/rabbitmq Completed in 1482ms
902 timing reifyNode:node_modules/has-symbols Completed in 1503ms
903 timing reifyNode:node_modules/mime-db Completed in 1492ms
904 timing metavuln:cache:get:security-advisory:rabbitmq:nu4IZ90T7Lb/4a4DyDJtKVlbhMwj3I+wMtoVtyGflx+F1M0LF1I6K7xZhBVWJyoDOB4r4bBGl9xY3l+kVaQXyA== Completed in 25ms
905 timing metavuln:load:security-advisory:rabbitmq:QrJmlaKBVA/XWkd1rJ0t+7I1xMFZyt3D0fDPvm7GAq92Xo/XXcbJVMa9cOzRyVAo5dZKf0qPKUCxcOHNn2mdTQ== Completed in 2ms
906 timing reifyNode:node_modules/body-parser Completed in 1494ms
907 http fetch GET 200 https://registry.npmjs.org/morgan/-/morgan-1.10.0.tgz 1270ms (cache miss)
908 timing reifyNode:node_modules/morgan Completed in 1499ms
909 timing reifyNode:node_modules/fast-xml-parser Completed in 1514ms
910 timing reifyNode:node_modules/readable-stream Completed in 1507ms
911 http fetch GET 200 https://registry.npmjs.org/underscore/-/underscore-1.6.0.tgz 1346ms (cache miss)
912 timing reifyNode:node_modules/underscore Completed in 1530ms
913 timing reifyNode:node_modules/send/node_modules/debug Completed in 1527ms
914 timing reifyNode:node_modules/morgan/node_modules/debug Completed in 1522ms
915 timing reifyNode:node_modules/express/node_modules/debug Completed in 1521ms
916 timing reifyNode:node_modules/body-parser/node_modules/debug Completed in 1522ms
917 timing reifyNode:node_modules/des.js Completed in 1538ms
918 http fetch GET 200 https://registry.npmjs.org/buffer-more-ints/-/buffer-more-ints-0.0.2.tgz 1273ms (cache miss)
919 timing reifyNode:node_modules/bitsyntax/node_modules/buffer-more-ints Completed in 1554ms
920 timing reifyNode:node_modules/finalhandler/node_modules/debug Completed in 1536ms
921 timing reifyNode:node_modules/browserify-aes Completed in 1553ms
922 timing reifyNode:node_modules/bitsyntax Completed in 1579ms
923 timing reifyNode:node_modules/hash.js Completed in 1587ms
924 timing reifyNode:node_modules/crypto-browserify Completed in 1581ms
925 timing reifyNode:node_modules/@acuminous/bitsyntax Completed in 1574ms
926 http fetch GET 200 https://registry.npmjs.org/cors/-/cors-2.8.5.tgz 1328ms (cache miss)
927 timing reifyNode:node_modules/cors Completed in 1577ms
928 timing reifyNode:node_modules/asn1.js Completed in 1599ms
929 timing reifyNode:node_modules/minimist Completed in 1605ms
930 timing reifyNode:node_modules/public-encrypt Completed in 1607ms
931 timing reifyNode:node_modules/express Completed in 1603ms
932 timing metavuln:cache:put:security-advisory:rabbitmq:nu4IZ90T7Lb/4a4DyDJtKVlbhMwj3I+wMtoVtyGflx+F1M0LF1I6K7xZhBVWJyoDOB4r4bBGl9xY3l+kVaQXyA== Completed in 126ms
933 timing metavuln:calculate:security-advisory:rabbitmq:QrJmlaKBVA/XWkd1rJ0t+7I1xMFZyt3D0fDPvm7GAq92Xo/XXcbJVMa9cOzRyVAo5dZKf0qPKUCxcOHNn2mdTQ== Completed in 153ms
934 timing auditReport:init Completed in 543ms
935 timing reify:audit Completed in 1659ms
936 timing reifyNode:node_modules/elliptic Completed in 1647ms
937 timing reifyNode:node_modules/qs Completed in 1638ms
938 timing reifyNode:node_modules/browserify-sign/node_modules/readable-stream Completed in 1651ms
939 timing reifyNode:node_modules/hash-base/node_modules/readable-stream Completed in 1658ms
940 timing reifyNode:node_modules/block-stream2/node_modules/readable-stream Completed in 1649ms
941 timing reifyNode:node_modules/through2/node_modules/readable-stream Completed in 1652ms
942 timing reifyNode:node_modules/object-inspect Completed in 1673ms
943 timing reifyNode:node_modules/iconv-lite Completed in 1661ms
944 http fetch GET 200 https://registry.npmjs.org/busboy/-/busboy-1.6.0.tgz 1451ms (cache miss)
945 timing reifyNode:node_modules/busboy Completed in 1671ms
946 timing reifyNode:node_modules/minio Completed in 1667ms
947 http fetch GET 200 https://registry.npmjs.org/when/-/when-2.1.1.tgz 1552ms (cache miss)
948 timing reifyNode:node_modules/when Completed in 1719ms
949 timing reifyNode:node_modules/xmlbuilder Completed in 1730ms
950 http fetch GET 200 https://registry.npmjs.org/should/-/should-3.1.4.tgz 1599ms (cache miss)
951 timing reifyNode:node_modules/should Completed in 1789ms
952 http fetch GET 200 https://registry.npmjs.org/amqplib/-/amqplib-0.1.3.tgz 1500ms (cache miss)
953 timing reifyNode:node_modules/rabbitmq/node_modules/amqplib Completed in 1777ms
954 timing reifyNode:node_modules/amqplib Completed in 1822ms
955 timing reifyNode:node_modules/web-encoding Completed in 1837ms
956 http fetch GET 200 https://registry.npmjs.org/express-fileupload/-/express-fileupload-1.4.0.tgz 1632ms (cache miss)
957 timing reifyNode:node_modules/express-fileupload Completed in 1874ms
958 timing reifyNode:node_modules/async Completed in 1958ms
959 timing reifyNode:node_modules/@zxing/text-encoding Completed in 2395ms
960 timing reifyNode:node_modules/lodash Completed in 2410ms
961 timing reify:unpack Completed in 2425ms
962 timing reify:unretire Completed in 1ms
963 timing build:queue Completed in 8ms
964 timing build:link:node_modules/fast-xml-parser Completed in 5ms
965 timing build:link:node_modules/miller-rabin Completed in 4ms
966 timing build:link:node_modules/mime Completed in 4ms
967 timing build:link:node_modules/mkdirp Completed in 4ms
968 timing build:link:node_modules/sha.js Completed in 3ms
969 timing build:link Completed in 5ms
970 timing build:deps Completed in 15ms
971 timing build Completed in 16ms
972 timing reify:build Completed in 17ms
973 timing reify:trash Completed in 0ms
974 timing reify:save Completed in 114ms
975 timing reify Completed in 7155ms
976 silly ADD node_modules/when
977 silly ADD node_modules/bitsyntax
978 silly ADD node_modules/bitsyntax/node_modules/buffer-more-ints
979 silly ADD node_modules/util-deprecate
980 silly ADD node_modules/xmlbuilder
981 silly ADD node_modules/sax
982 silly ADD node_modules/is-callable
983 silly ADD node_modules/gopd
984 silly ADD node_modules/for-each
985 silly ADD node_modules/available-typed-arrays
986 silly ADD node_modules/has-tostringtag
987 silly ADD node_modules/which-typed-array
988 silly ADD node_modules/is-typed-array
989 silly ADD node_modules/is-generator-function
990 silly ADD node_modules/is-arguments
991 silly ADD node_modules/util
992 silly ADD node_modules/@zxing/text-encoding
993 silly ADD node_modules/requires-port
994 silly ADD node_modules/querystringify
995 silly ADD node_modules/media-typer
996 silly ADD node_modules/has-symbols
997 silly ADD node_modules/has
998 silly ADD node_modules/function-bind
999 silly ADD node_modules/object-inspect
1000 silly ADD node_modules/get-intrinsic
1001 silly ADD node_modules/call-bind
1002 silly ADD node_modules/mime
1003 silly ADD node_modules/string_decoder
1004 silly ADD node_modules/isarray
1005 silly ADD node_modules/core-util-is
1006 silly ADD node_modules/underscore
1007 silly ADD node_modules/should
1008 silly ADD node_modules/strict-uri-encode
1009 silly ADD node_modules/split-on-first
1010 silly ADD node_modules/filter-obj
1011 silly ADD node_modules/decode-uri-component
1012 silly ADD node_modules/side-channel
1013 silly ADD node_modules/forwarded
1014 silly ADD node_modules/asn1.js
1015 silly ADD node_modules/asn1.js/node_modules/bn.js
1016 silly ADD node_modules/ee-first
1017 silly ADD node_modules/on-headers
1018 silly ADD node_modules/basic-auth
1019 silly ADD node_modules/minimist
1020 silly ADD node_modules/hash-base
1021 silly ADD node_modules/hash-base/node_modules/string_decoder
1022 silly ADD node_modules/hash-base/node_modules/safe-buffer
1023 silly ADD node_modules/hash-base/node_modules/readable-stream
1024 silly ADD node_modules/strnum
1025 silly ADD node_modules/minimalistic-crypto-utils
1026 silly ADD node_modules/hmac-drbg
1027 silly ADD node_modules/hash.js
1028 silly ADD node_modules/brorand
1029 silly ADD node_modules/miller-rabin
1030 silly ADD node_modules/miller-rabin/node_modules/bn.js
1031 silly ADD node_modules/minimalistic-assert
1032 silly ADD node_modules/sha.js
1033 silly ADD node_modules/ripemd160
1034 silly ADD node_modules/md5.js
1035 silly ADD node_modules/parse-asn1
1036 silly ADD node_modules/elliptic
1037 silly ADD node_modules/elliptic/node_modules/bn.js
1038 silly ADD node_modules/browserify-rsa
1039 silly ADD node_modules/bn.js
1040 silly ADD node_modules/des.js
1041 silly ADD node_modules/cipher-base
1042 silly ADD node_modules/buffer-xor
1043 silly ADD node_modules/evp_bytestokey
1044 silly ADD node_modules/browserify-des
1045 silly ADD node_modules/browserify-aes
1046 silly ADD node_modules/randomfill
1047 silly ADD node_modules/randombytes
1048 silly ADD node_modules/public-encrypt
1049 silly ADD node_modules/public-encrypt/node_modules/bn.js
1050 silly ADD node_modules/pbkdf2
1051 silly ADD node_modules/diffie-hellman
1052 silly ADD node_modules/diffie-hellman/node_modules/bn.js
1053 silly ADD node_modules/create-hmac
1054 silly ADD node_modules/create-hash
1055 silly ADD node_modules/create-ecdh
1056 silly ADD node_modules/create-ecdh/node_modules/bn.js
1057 silly ADD node_modules/browserify-sign
1058 silly ADD node_modules/browserify-sign/node_modules/string_decoder
1059 silly ADD node_modules/browserify-sign/node_modules/safe-buffer
1060 silly ADD node_modules/browserify-sign/node_modules/readable-stream
1061 silly ADD node_modules/browserify-cipher
1062 silly ADD node_modules/xml2js
1063 silly ADD node_modules/xml
1064 silly ADD node_modules/web-encoding
1065 silly ADD node_modules/through2
1066 silly ADD node_modules/through2/node_modules/safe-buffer
1067 silly ADD node_modules/through2/node_modules/string_decoder
1068 silly ADD node_modules/through2/node_modules/readable-stream
1069 silly ADD node_modules/query-string
1070 silly ADD node_modules/mkdirp
1071 silly ADD node_modules/lodash
1072 silly ADD node_modules/json-stream
1073 silly ADD node_modules/ipaddr.js
1074 silly ADD node_modules/fast-xml-parser
1075 silly ADD node_modules/es6-error
1076 silly ADD node_modules/crypto-browserify
1077 silly ADD node_modules/buffer-crc32
1078 silly ADD node_modules/browser-or-node
1079 silly ADD node_modules/block-stream2
1080 silly ADD node_modules/block-stream2/node_modules/safe-buffer
1081 silly ADD node_modules/block-stream2/node_modules/string_decoder
1082 silly ADD node_modules/block-stream2/node_modules/readable-stream
1083 silly ADD node_modules/async
1084 silly ADD node_modules/mime-db
1085 silly ADD node_modules/safer-buffer
1086 silly ADD node_modules/toidentifier
1087 silly ADD node_modules/inherits
1088 silly ADD node_modules/streamsearch
1089 silly ADD node_modules/busboy
1090 silly ADD node_modules/negotiator
1091 silly ADD node_modules/mime-types
1092 silly ADD node_modules/utils-merge
1093 silly ADD node_modules/statuses
1094 silly ADD node_modules/setprototypeof
1095 silly ADD node_modules/serve-static
1096 silly ADD node_modules/send
1097 silly ADD node_modules/send/node_modules/ms
1098 silly ADD node_modules/send/node_modules/debug
1099 silly ADD node_modules/send/node_modules/debug/node_modules/ms
1100 silly ADD node_modules/range-parser
1101 silly ADD node_modules/proxy-addr
1102 silly ADD node_modules/proxy-addr/node_modules/ipaddr.js
1103 silly ADD node_modules/path-to-regexp
1104 silly ADD node_modules/parseurl
1105 silly ADD node_modules/methods
1106 silly ADD node_modules/merge-descriptors
1107 silly ADD node_modules/fresh
1108 silly ADD node_modules/finalhandler
1109 silly ADD node_modules/finalhandler/node_modules/ms
1110 silly ADD node_modules/finalhandler/node_modules/debug
1111 silly ADD node_modules/etag
1112 silly ADD node_modules/escape-html
1113 silly ADD node_modules/encodeurl
1114 silly ADD node_modules/cookie-signature
1115 silly ADD node_modules/cookie
1116 silly ADD node_modules/content-disposition
1117 silly ADD node_modules/content-disposition/node_modules/safe-buffer
1118 silly ADD node_modules/array-flatten
1119 silly ADD node_modules/accepts
1120 silly ADD node_modules/ms
1121 silly ADD node_modules/vary
1122 silly ADD node_modules/object-assign
1123 silly ADD node_modules/unpipe
1124 silly ADD node_modules/type-is
1125 silly ADD node_modules/raw-body
1126 silly ADD node_modules/qs
1127 silly ADD node_modules/on-finished
1128 silly ADD node_modules/iconv-lite
1129 silly ADD node_modules/http-errors
1130 silly ADD node_modules/destroy
1131 silly ADD node_modules/depd
1132 silly ADD node_modules/content-type
1133 silly ADD node_modules/bytes
1134 silly ADD node_modules/safe-buffer
1135 silly ADD node_modules/debug
1136 silly ADD node_modules/url-parse
1137 silly ADD node_modules/readable-stream
1138 silly ADD node_modules/buffer-more-ints
1139 silly ADD node_modules/@acuminous/bitsyntax
1140 silly ADD node_modules/rabbitmq
1141 silly ADD node_modules/rabbitmq/node_modules/buffer-more-ints
1142 silly ADD node_modules/rabbitmq/node_modules/amqplib
1143 silly ADD node_modules/morgan
1144 silly ADD node_modules/morgan/node_modules/ms
1145 silly ADD node_modules/morgan/node_modules/on-finished
1146 silly ADD node_modules/morgan/node_modules/debug
1147 silly ADD node_modules/minio
1148 silly ADD node_modules/express-fileupload
1149 silly ADD node_modules/express
1150 silly ADD node_modules/express/node_modules/ms
1151 silly ADD node_modules/express/node_modules/safe-buffer
1152 silly ADD node_modules/express/node_modules/debug
1153 silly ADD node_modules/cors
1154 silly ADD node_modules/body-parser
1155 silly ADD node_modules/body-parser/node_modules/ms
1156 silly ADD node_modules/body-parser/node_modules/debug
1157 silly ADD node_modules/amqplib
1158 timing command:i Completed in 7180ms
1159 verbose exit 0
1160 timing npm Completed in 7574ms
1161 info ok
