0 verbose cli [ '/usr/bin/node', '/usr/bin/npm', 'i', '--save', 'express' ]
1 info using npm@8.5.1
2 info using node@v12.22.9
3 timing npm:load:whichnode Completed in 0ms
4 timing config:load:defaults Completed in 2ms
5 timing config:load:file:/usr/share/nodejs/npm/npmrc Completed in 2ms
6 timing config:load:builtin Completed in 2ms
7 timing config:load:cli Completed in 3ms
8 timing config:load:env Completed in 1ms
9 timing config:load:file:/home/rdb060/6neduzd/.npmrc Completed in 0ms
10 timing config:load:project Completed in 1ms
11 timing config:load:file:/home/rdb060/.npmrc Completed in 0ms
12 timing config:load:user Completed in 1ms
13 timing config:load:file:/etc/npmrc Completed in 0ms
14 timing config:load:global Completed in 0ms
15 timing config:load:validate Completed in 0ms
16 timing config:load:credentials Completed in 1ms
17 timing config:load:setEnvs Completed in 1ms
18 timing config:load Completed in 13ms
19 timing npm:load:configload Completed in 14ms
20 timing npm:load:setTitle Completed in 0ms
21 timing config:load:flatten Completed in 4ms
22 timing npm:load:display Completed in 7ms
23 verbose logfile /home/rdb060/.npm/_logs/2022-12-03T10_54_40_371Z-debug-0.log
24 timing npm:load:logFile Completed in 7ms
25 timing npm:load:timers Completed in 0ms
26 timing npm:load:configScope Completed in 0ms
27 timing npm:load Completed in 29ms
28 timing arborist:ctor Completed in 1ms
29 timing arborist:ctor Completed in 0ms
30 timing idealTree:init Completed in 20ms
31 timing idealTree:userRequests Completed in 20ms
32 silly idealTree buildDeps
33 silly fetch manifest express@*
34 http fetch GET 200 https://registry.npmjs.org/express 166ms (cache miss)
35 silly placeDep ROOT express@4.18.2 OK for: 6neduzd@1.0.0 want: *
36 silly fetch manifest accepts@~1.3.8
37 silly fetch manifest array-flatten@1.1.1
38 silly fetch manifest body-parser@1.20.1
39 silly fetch manifest content-disposition@0.5.4
40 silly fetch manifest content-type@~1.0.4
41 silly fetch manifest cookie@0.5.0
42 silly fetch manifest cookie-signature@1.0.6
43 silly fetch manifest debug@2.6.9
44 silly fetch manifest depd@2.0.0
45 silly fetch manifest encodeurl@~1.0.2
46 silly fetch manifest escape-html@~1.0.3
47 silly fetch manifest etag@~1.8.1
48 silly fetch manifest finalhandler@1.2.0
49 silly fetch manifest fresh@0.5.2
50 silly fetch manifest http-errors@2.0.0
51 silly fetch manifest merge-descriptors@1.0.1
52 silly fetch manifest methods@~1.1.2
53 silly fetch manifest on-finished@2.4.1
54 silly fetch manifest parseurl@~1.3.3
55 silly fetch manifest path-to-regexp@0.1.7
56 silly fetch manifest proxy-addr@~2.0.7
57 silly fetch manifest qs@6.11.0
58 silly fetch manifest range-parser@~1.2.1
59 silly fetch manifest safe-buffer@5.2.1
60 silly fetch manifest send@0.18.0
61 silly fetch manifest serve-static@1.15.0
62 silly fetch manifest setprototypeof@1.2.0
63 silly fetch manifest statuses@2.0.1
64 silly fetch manifest type-is@~1.6.18
65 silly fetch manifest utils-merge@1.0.1
66 silly fetch manifest vary@~1.1.2
67 http fetch GET 200 https://registry.npmjs.org/accepts 142ms (cache miss)
68 http fetch GET 200 https://registry.npmjs.org/content-disposition 298ms (cache miss)
69 http fetch GET 200 https://registry.npmjs.org/merge-descriptors 293ms (cache miss)
70 http fetch GET 200 https://registry.npmjs.org/depd 323ms (cache miss)
71 http fetch GET 200 https://registry.npmjs.org/cookie 328ms (cache miss)
72 http fetch GET 200 https://registry.npmjs.org/body-parser 332ms (cache miss)
73 http fetch GET 200 https://registry.npmjs.org/array-flatten 336ms (cache miss)
74 http fetch GET 200 https://registry.npmjs.org/fresh 382ms (cache miss)
75 http fetch GET 200 https://registry.npmjs.org/finalhandler 400ms (cache miss)
76 http fetch GET 200 https://registry.npmjs.org/cookie-signature 409ms (cache miss)
77 http fetch GET 200 https://registry.npmjs.org/debug 409ms (cache miss)
78 http fetch GET 200 https://registry.npmjs.org/http-errors 402ms (cache miss)
79 http fetch GET 200 https://registry.npmjs.org/content-type 416ms (cache miss)
80 http fetch GET 200 https://registry.npmjs.org/methods 401ms (cache miss)
81 http fetch GET 200 https://registry.npmjs.org/on-finished 401ms (cache miss)
82 http fetch GET 200 https://registry.npmjs.org/escape-html 409ms (cache miss)
83 http fetch GET 200 https://registry.npmjs.org/encodeurl 411ms (cache miss)
84 http fetch GET 200 https://registry.npmjs.org/etag 410ms (cache miss)
85 http fetch GET 200 https://registry.npmjs.org/parseurl 484ms (cache miss)
86 http fetch GET 200 https://registry.npmjs.org/serve-static 472ms (cache miss)
87 http fetch GET 200 https://registry.npmjs.org/statuses 471ms (cache miss)
88 http fetch GET 200 https://registry.npmjs.org/setprototypeof 473ms (cache miss)
89 http fetch GET 200 https://registry.npmjs.org/proxy-addr 483ms (cache miss)
90 http fetch GET 200 https://registry.npmjs.org/path-to-regexp 485ms (cache miss)
91 http fetch GET 200 https://registry.npmjs.org/type-is 473ms (cache miss)
92 http fetch GET 200 https://registry.npmjs.org/range-parser 481ms (cache miss)
93 http fetch GET 200 https://registry.npmjs.org/utils-merge 473ms (cache miss)
94 http fetch GET 200 https://registry.npmjs.org/send 479ms (cache miss)
95 http fetch GET 200 https://registry.npmjs.org/vary 475ms (cache miss)
96 http fetch GET 200 https://registry.npmjs.org/qs 500ms (cache miss)
97 http fetch GET 200 https://registry.npmjs.org/safe-buffer 503ms (cache miss)
98 timing idealTree:#root Completed in 725ms
99 silly placeDep ROOT accepts@1.3.8 OK for: express@4.18.2 want: ~1.3.8
100 silly placeDep ROOT array-flatten@1.1.1 OK for: express@4.18.2 want: 1.1.1
101 silly placeDep ROOT body-parser@1.20.1 OK for: express@4.18.2 want: 1.20.1
102 silly placeDep ROOT content-disposition@0.5.4 OK for: express@4.18.2 want: 0.5.4
103 silly placeDep ROOT content-type@1.0.4 OK for: express@4.18.2 want: ~1.0.4
104 silly placeDep ROOT cookie@0.5.0 OK for: express@4.18.2 want: 0.5.0
105 silly placeDep ROOT cookie-signature@1.0.6 OK for: express@4.18.2 want: 1.0.6
106 silly placeDep ROOT debug@2.6.9 OK for: express@4.18.2 want: 2.6.9
107 silly placeDep ROOT depd@2.0.0 OK for: express@4.18.2 want: 2.0.0
108 silly placeDep ROOT encodeurl@1.0.2 OK for: express@4.18.2 want: ~1.0.2
109 silly placeDep ROOT escape-html@1.0.3 OK for: express@4.18.2 want: ~1.0.3
110 silly placeDep ROOT etag@1.8.1 OK for: express@4.18.2 want: ~1.8.1
111 silly placeDep ROOT finalhandler@1.2.0 OK for: express@4.18.2 want: 1.2.0
112 silly placeDep ROOT fresh@0.5.2 OK for: express@4.18.2 want: 0.5.2
113 silly placeDep ROOT http-errors@2.0.0 OK for: express@4.18.2 want: 2.0.0
114 silly placeDep ROOT merge-descriptors@1.0.1 OK for: express@4.18.2 want: 1.0.1
115 silly placeDep ROOT methods@1.1.2 OK for: express@4.18.2 want: ~1.1.2
116 silly placeDep ROOT on-finished@2.4.1 OK for: express@4.18.2 want: 2.4.1
117 silly placeDep ROOT parseurl@1.3.3 OK for: express@4.18.2 want: ~1.3.3
118 silly placeDep ROOT path-to-regexp@0.1.7 OK for: express@4.18.2 want: 0.1.7
119 silly placeDep ROOT proxy-addr@2.0.7 OK for: express@4.18.2 want: ~2.0.7
120 silly placeDep ROOT qs@6.11.0 OK for: express@4.18.2 want: 6.11.0
121 silly placeDep ROOT range-parser@1.2.1 OK for: express@4.18.2 want: ~1.2.1
122 silly placeDep ROOT safe-buffer@5.2.1 OK for: express@4.18.2 want: 5.2.1
123 silly placeDep ROOT send@0.18.0 OK for: express@4.18.2 want: 0.18.0
124 silly placeDep ROOT serve-static@1.15.0 OK for: express@4.18.2 want: 1.15.0
125 silly placeDep ROOT setprototypeof@1.2.0 OK for: express@4.18.2 want: 1.2.0
126 silly placeDep ROOT statuses@2.0.1 OK for: express@4.18.2 want: 2.0.1
127 silly placeDep ROOT type-is@1.6.18 OK for: express@4.18.2 want: ~1.6.18
128 silly placeDep ROOT utils-merge@1.0.1 OK for: express@4.18.2 want: 1.0.1
129 silly placeDep ROOT vary@1.1.2 OK for: express@4.18.2 want: ~1.1.2
130 silly fetch manifest mime-types@~2.1.34
131 silly fetch manifest negotiator@0.6.3
132 silly fetch manifest bytes@3.1.2
133 silly fetch manifest destroy@1.2.0
134 silly fetch manifest iconv-lite@0.4.24
135 silly fetch manifest raw-body@2.5.1
136 silly fetch manifest unpipe@1.0.0
137 silly fetch manifest ms@2.0.0
138 silly fetch manifest unpipe@~1.0.0
139 silly fetch manifest inherits@2.0.4
140 silly fetch manifest toidentifier@1.0.1
141 silly fetch manifest ee-first@1.1.1
142 silly fetch manifest forwarded@0.2.0
143 silly fetch manifest ipaddr.js@1.9.1
144 silly fetch manifest side-channel@^1.0.4
145 silly fetch manifest mime@1.6.0
146 silly fetch manifest ms@2.1.3
147 silly fetch manifest media-typer@0.3.0
148 silly fetch manifest mime-types@~2.1.24
149 http fetch GET 200 https://registry.npmjs.org/bytes 125ms (cache miss)
150 http fetch GET 200 https://registry.npmjs.org/destroy 125ms (cache miss)
151 http fetch GET 200 https://registry.npmjs.org/side-channel 113ms (cache miss)
152 http fetch GET 200 https://registry.npmjs.org/mime 117ms (cache miss)
153 http fetch GET 200 https://registry.npmjs.org/ee-first 176ms (cache miss)
154 http fetch GET 200 https://registry.npmjs.org/inherits 178ms (cache miss)
155 http fetch GET 200 https://registry.npmjs.org/ms 181ms (cache miss)
156 http fetch GET 200 https://registry.npmjs.org/forwarded 176ms (cache miss)
157 http fetch GET 200 https://registry.npmjs.org/unpipe 184ms (cache miss)
158 http fetch GET 200 https://registry.npmjs.org/iconv-lite 186ms (cache miss)
159 http fetch GET 200 https://registry.npmjs.org/raw-body 186ms (cache miss)
160 http fetch GET 200 https://registry.npmjs.org/mime-types 193ms (cache miss)
161 http fetch GET 200 https://registry.npmjs.org/negotiator 195ms (cache miss)
162 http fetch GET 200 https://registry.npmjs.org/media-typer 181ms (cache miss)
163 http fetch GET 200 https://registry.npmjs.org/toidentifier 210ms (cache miss)
164 http fetch GET 200 https://registry.npmjs.org/ipaddr.js 232ms (cache miss)
165 timing idealTree:node_modules/express Completed in 336ms
166 silly placeDep ROOT mime-types@2.1.35 OK for: accepts@1.3.8 want: ~2.1.34
167 silly placeDep ROOT negotiator@0.6.3 OK for: accepts@1.3.8 want: 0.6.3
168 silly fetch manifest mime-db@1.52.0
169 http fetch GET 200 https://registry.npmjs.org/mime-db 48ms (cache miss)
170 timing idealTree:node_modules/accepts Completed in 57ms
171 timing idealTree:node_modules/array-flatten Completed in 0ms
172 silly placeDep ROOT bytes@3.1.2 OK for: body-parser@1.20.1 want: 3.1.2
173 silly placeDep ROOT destroy@1.2.0 OK for: body-parser@1.20.1 want: 1.2.0
174 silly placeDep ROOT iconv-lite@0.4.24 OK for: body-parser@1.20.1 want: 0.4.24
175 silly placeDep ROOT raw-body@2.5.1 OK for: body-parser@1.20.1 want: 2.5.1
176 silly placeDep ROOT unpipe@1.0.0 OK for: body-parser@1.20.1 want: 1.0.0
177 silly fetch manifest safer-buffer@>= 2.1.2 < 3
178 http fetch GET 200 https://registry.npmjs.org/safer-buffer 35ms (cache miss)
179 timing idealTree:node_modules/body-parser Completed in 52ms
180 timing idealTree:node_modules/bytes Completed in 0ms
181 timing idealTree:node_modules/content-disposition Completed in 0ms
182 timing idealTree:node_modules/content-type Completed in 0ms
183 timing idealTree:node_modules/cookie Completed in 0ms
184 timing idealTree:node_modules/cookie-signature Completed in 0ms
185 silly placeDep ROOT ms@2.0.0 OK for: debug@2.6.9 want: 2.0.0
186 timing idealTree:node_modules/debug Completed in 3ms
187 timing idealTree:node_modules/depd Completed in 1ms
188 timing idealTree:node_modules/destroy Completed in 0ms
189 timing idealTree:node_modules/encodeurl Completed in 0ms
190 timing idealTree:node_modules/escape-html Completed in 0ms
191 timing idealTree:node_modules/etag Completed in 0ms
192 timing idealTree:node_modules/finalhandler Completed in 0ms
193 timing idealTree:node_modules/fresh Completed in 0ms
194 silly placeDep ROOT inherits@2.0.4 OK for: http-errors@2.0.0 want: 2.0.4
195 silly placeDep ROOT toidentifier@1.0.1 OK for: http-errors@2.0.0 want: 1.0.1
196 timing idealTree:node_modules/http-errors Completed in 3ms
197 silly placeDep ROOT safer-buffer@2.1.2 OK for: iconv-lite@0.4.24 want: >= 2.1.2 < 3
198 timing idealTree:node_modules/iconv-lite Completed in 2ms
199 timing idealTree:node_modules/inherits Completed in 0ms
200 timing idealTree:node_modules/merge-descriptors Completed in 0ms
201 timing idealTree:node_modules/methods Completed in 1ms
202 silly placeDep ROOT mime-db@1.52.0 OK for: mime-types@2.1.35 want: 1.52.0
203 timing idealTree:node_modules/mime-types Completed in 1ms
204 timing idealTree:node_modules/mime-db Completed in 0ms
205 timing idealTree:node_modules/ms Completed in 0ms
206 timing idealTree:node_modules/negotiator Completed in 0ms
207 silly placeDep ROOT ee-first@1.1.1 OK for: on-finished@2.4.1 want: 1.1.1
208 timing idealTree:node_modules/on-finished Completed in 2ms
209 timing idealTree:node_modules/ee-first Completed in 0ms
210 timing idealTree:node_modules/parseurl Completed in 0ms
211 timing idealTree:node_modules/path-to-regexp Completed in 0ms
212 silly placeDep ROOT forwarded@0.2.0 OK for: proxy-addr@2.0.7 want: 0.2.0
213 silly placeDep ROOT ipaddr.js@1.9.1 OK for: proxy-addr@2.0.7 want: 1.9.1
214 timing idealTree:node_modules/proxy-addr Completed in 8ms
215 timing idealTree:node_modules/forwarded Completed in 0ms
216 timing idealTree:node_modules/ipaddr.js Completed in 0ms
217 silly placeDep ROOT side-channel@1.0.4 OK for: qs@6.11.0 want: ^1.0.4
218 silly fetch manifest call-bind@^1.0.0
219 silly fetch manifest get-intrinsic@^1.0.2
220 silly fetch manifest object-inspect@^1.9.0
221 http fetch GET 200 https://registry.npmjs.org/call-bind 30ms (cache miss)
222 http fetch GET 200 https://registry.npmjs.org/object-inspect 27ms (cache miss)
223 http fetch GET 200 https://registry.npmjs.org/get-intrinsic 35ms (cache miss)
224 timing idealTree:node_modules/qs Completed in 40ms
225 timing idealTree:node_modules/range-parser Completed in 0ms
226 timing idealTree:node_modules/raw-body Completed in 0ms
227 timing idealTree:node_modules/safe-buffer Completed in 0ms
228 timing idealTree:node_modules/safer-buffer Completed in 0ms
229 silly placeDep ROOT mime@1.6.0 OK for: send@0.18.0 want: 1.6.0
230 silly placeDep node_modules/send ms@2.1.3 OK for: send@0.18.0 want: 2.1.3
231 timing idealTree:node_modules/send Completed in 6ms
232 timing idealTree:node_modules/mime Completed in 0ms
233 timing idealTree:node_modules/serve-static Completed in 1ms
234 timing idealTree:node_modules/setprototypeof Completed in 0ms
235 silly placeDep ROOT call-bind@1.0.2 OK for: side-channel@1.0.4 want: ^1.0.0
236 silly placeDep ROOT get-intrinsic@1.1.3 OK for: side-channel@1.0.4 want: ^1.0.2
237 silly placeDep ROOT object-inspect@1.12.2 OK for: side-channel@1.0.4 want: ^1.9.0
238 silly fetch manifest function-bind@^1.1.1
239 silly fetch manifest has@^1.0.3
240 silly fetch manifest has-symbols@^1.0.3
241 http fetch GET 200 https://registry.npmjs.org/has 45ms (cache miss)
242 http fetch GET 200 https://registry.npmjs.org/function-bind 47ms (cache miss)
243 http fetch GET 200 https://registry.npmjs.org/has-symbols 40ms (cache miss)
244 timing idealTree:node_modules/side-channel Completed in 57ms
245 silly placeDep ROOT function-bind@1.1.1 OK for: call-bind@1.0.2 want: ^1.1.1
246 timing idealTree:node_modules/call-bind Completed in 1ms
247 timing idealTree:node_modules/function-bind Completed in 0ms
248 silly placeDep ROOT has@1.0.3 OK for: get-intrinsic@1.1.3 want: ^1.0.3
249 silly placeDep ROOT has-symbols@1.0.3 OK for: get-intrinsic@1.1.3 want: ^1.0.3
250 timing idealTree:node_modules/get-intrinsic Completed in 4ms
251 timing idealTree:node_modules/has Completed in 0ms
252 timing idealTree:node_modules/has-symbols Completed in 0ms
253 timing idealTree:node_modules/object-inspect Completed in 0ms
254 timing idealTree:node_modules/statuses Completed in 0ms
255 timing idealTree:node_modules/toidentifier Completed in 0ms
256 silly placeDep ROOT media-typer@0.3.0 OK for: type-is@1.6.18 want: 0.3.0
257 timing idealTree:node_modules/type-is Completed in 2ms
258 timing idealTree:node_modules/media-typer Completed in 0ms
259 timing idealTree:node_modules/unpipe Completed in 0ms
260 timing idealTree:node_modules/utils-merge Completed in 0ms
261 timing idealTree:node_modules/vary Completed in 0ms
262 timing idealTree:node_modules/send/node_modules/ms Completed in 0ms
263 timing idealTree:buildDeps Completed in 1313ms
264 timing idealTree:fixDepFlags Completed in 2ms
265 timing idealTree Completed in 1360ms
266 timing reify:loadTrees Completed in 1361ms
267 timing reify:diffTrees Completed in 4ms
268 silly reify moves {}
269 timing reify:retireShallow Completed in 1ms
270 timing reify:createSparse Completed in 17ms
271 timing reify:loadBundles Completed in 0ms
272 silly audit bulk request {
272 silly audit   express: [ '4.18.2' ],
272 silly audit   accepts: [ '1.3.8' ],
272 silly audit   'array-flatten': [ '1.1.1' ],
272 silly audit   'body-parser': [ '1.20.1' ],
272 silly audit   'content-disposition': [ '0.5.4' ],
272 silly audit   'content-type': [ '1.0.4' ],
272 silly audit   cookie: [ '0.5.0' ],
272 silly audit   'cookie-signature': [ '1.0.6' ],
272 silly audit   debug: [ '2.6.9' ],
272 silly audit   depd: [ '2.0.0' ],
272 silly audit   encodeurl: [ '1.0.2' ],
272 silly audit   'escape-html': [ '1.0.3' ],
272 silly audit   etag: [ '1.8.1' ],
272 silly audit   finalhandler: [ '1.2.0' ],
272 silly audit   fresh: [ '0.5.2' ],
272 silly audit   'http-errors': [ '2.0.0' ],
272 silly audit   'merge-descriptors': [ '1.0.1' ],
272 silly audit   methods: [ '1.1.2' ],
272 silly audit   'on-finished': [ '2.4.1' ],
272 silly audit   parseurl: [ '1.3.3' ],
272 silly audit   'path-to-regexp': [ '0.1.7' ],
272 silly audit   'proxy-addr': [ '2.0.7' ],
272 silly audit   qs: [ '6.11.0' ],
272 silly audit   'range-parser': [ '1.2.1' ],
272 silly audit   'safe-buffer': [ '5.2.1' ],
272 silly audit   send: [ '0.18.0' ],
272 silly audit   'serve-static': [ '1.15.0' ],
272 silly audit   setprototypeof: [ '1.2.0' ],
272 silly audit   statuses: [ '2.0.1' ],
272 silly audit   'type-is': [ '1.6.18' ],
272 silly audit   'utils-merge': [ '1.0.1' ],
272 silly audit   vary: [ '1.1.2' ],
272 silly audit   'mime-types': [ '2.1.35' ],
272 silly audit   negotiator: [ '0.6.3' ],
272 silly audit   bytes: [ '3.1.2' ],
272 silly audit   destroy: [ '1.2.0' ],
272 silly audit   'iconv-lite': [ '0.4.24' ],
272 silly audit   'raw-body': [ '2.5.1' ],
272 silly audit   unpipe: [ '1.0.0' ],
272 silly audit   ms: [ '2.0.0', '2.1.3' ],
272 silly audit   inherits: [ '2.0.4' ],
272 silly audit   toidentifier: [ '1.0.1' ],
272 silly audit   'safer-buffer': [ '2.1.2' ],
272 silly audit   'mime-db': [ '1.52.0' ],
272 silly audit   'ee-first': [ '1.1.1' ],
272 silly audit   forwarded: [ '0.2.0' ],
272 silly audit   'ipaddr.js': [ '1.9.1' ],
272 silly audit   'side-channel': [ '1.0.4' ],
272 silly audit   mime: [ '1.6.0' ],
272 silly audit   'call-bind': [ '1.0.2' ],
272 silly audit   'get-intrinsic': [ '1.1.3' ],
272 silly audit   'object-inspect': [ '1.12.2' ],
272 silly audit   'function-bind': [ '1.1.1' ],
272 silly audit   has: [ '1.0.3' ],
272 silly audit   'has-symbols': [ '1.0.3' ],
272 silly audit   'media-typer': [ '0.3.0' ]
272 silly audit }
273 timing reifyNode:node_modules/ee-first Completed in 261ms
274 timing reifyNode:node_modules/ms Completed in 260ms
275 timing reifyNode:node_modules/destroy Completed in 261ms
276 timing reifyNode:node_modules/escape-html Completed in 260ms
277 timing reifyNode:node_modules/array-flatten Completed in 261ms
278 timing reifyNode:node_modules/media-typer Completed in 266ms
279 timing reifyNode:node_modules/send/node_modules/ms Completed in 264ms
280 timing reifyNode:node_modules/forwarded Completed in 267ms
281 timing reifyNode:node_modules/toidentifier Completed in 267ms
282 timing reifyNode:node_modules/inherits Completed in 267ms
283 timing reifyNode:node_modules/unpipe Completed in 267ms
284 timing reifyNode:node_modules/bytes Completed in 267ms
285 timing reifyNode:node_modules/vary Completed in 268ms
286 timing reifyNode:node_modules/utils-merge Completed in 268ms
287 timing reifyNode:node_modules/type-is Completed in 267ms
288 timing reifyNode:node_modules/range-parser Completed in 267ms
289 timing reifyNode:node_modules/path-to-regexp Completed in 267ms
290 timing reifyNode:node_modules/parseurl Completed in 267ms
291 timing reifyNode:node_modules/methods Completed in 267ms
292 timing reifyNode:node_modules/merge-descriptors Completed in 267ms
293 timing reifyNode:node_modules/http-errors Completed in 267ms
294 timing reifyNode:node_modules/fresh Completed in 267ms
295 timing reifyNode:node_modules/etag Completed in 267ms
296 timing reifyNode:node_modules/encodeurl Completed in 267ms
297 timing reifyNode:node_modules/cookie-signature Completed in 267ms
298 timing reifyNode:node_modules/content-type Completed in 267ms
299 timing reifyNode:node_modules/accepts Completed in 268ms
300 timing reifyNode:node_modules/proxy-addr Completed in 273ms
301 timing reifyNode:node_modules/on-finished Completed in 272ms
302 timing reifyNode:node_modules/has Completed in 277ms
303 timing reifyNode:node_modules/mime-types Completed in 280ms
304 timing reifyNode:node_modules/statuses Completed in 279ms
305 timing reifyNode:node_modules/setprototypeof Completed in 279ms
306 timing reifyNode:node_modules/serve-static Completed in 279ms
307 timing reifyNode:node_modules/content-disposition Completed in 278ms
308 timing reifyNode:node_modules/safe-buffer Completed in 282ms
309 timing reifyNode:node_modules/finalhandler Completed in 281ms
310 timing reifyNode:node_modules/cookie Completed in 281ms
311 timing reifyNode:node_modules/raw-body Completed in 285ms
312 http fetch POST 200 https://registry.npmjs.org/-/npm/v1/security/advisories/bulk 294ms
313 timing auditReport:getReport Completed in 297ms
314 silly audit report {}
315 timing auditReport:init Completed in 0ms
316 timing reify:audit Completed in 298ms
317 timing reifyNode:node_modules/safer-buffer Completed in 290ms
318 timing reifyNode:node_modules/depd Completed in 288ms
319 timing reifyNode:node_modules/ipaddr.js Completed in 293ms
320 timing reifyNode:node_modules/send Completed in 294ms
321 timing reifyNode:node_modules/negotiator Completed in 296ms
322 timing reifyNode:node_modules/side-channel Completed in 298ms
323 timing reifyNode:node_modules/function-bind Completed in 301ms
324 timing reifyNode:node_modules/get-intrinsic Completed in 301ms
325 timing reifyNode:node_modules/mime Completed in 301ms
326 timing reifyNode:node_modules/call-bind Completed in 302ms
327 timing reifyNode:node_modules/has-symbols Completed in 306ms
328 timing reifyNode:node_modules/mime-db Completed in 305ms
329 timing reifyNode:node_modules/body-parser Completed in 302ms
330 timing reifyNode:node_modules/debug Completed in 303ms
331 timing reifyNode:node_modules/express Completed in 310ms
332 timing reifyNode:node_modules/qs Completed in 314ms
333 timing reifyNode:node_modules/object-inspect Completed in 318ms
334 timing reifyNode:node_modules/iconv-lite Completed in 316ms
335 timing reify:unpack Completed in 319ms
336 timing reify:unretire Completed in 0ms
337 timing build:queue Completed in 3ms
338 timing build:link:node_modules/mime Completed in 2ms
339 timing build:link Completed in 2ms
340 timing build:deps Completed in 6ms
341 timing build Completed in 6ms
342 timing reify:build Completed in 7ms
343 timing reify:trash Completed in 1ms
344 timing reify:save Completed in 37ms
345 timing reify Completed in 1801ms
346 silly ADD node_modules/media-typer
347 silly ADD node_modules/has-symbols
348 silly ADD node_modules/has
349 silly ADD node_modules/function-bind
350 silly ADD node_modules/object-inspect
351 silly ADD node_modules/get-intrinsic
352 silly ADD node_modules/call-bind
353 silly ADD node_modules/mime
354 silly ADD node_modules/side-channel
355 silly ADD node_modules/ipaddr.js
356 silly ADD node_modules/forwarded
357 silly ADD node_modules/ee-first
358 silly ADD node_modules/mime-db
359 silly ADD node_modules/safer-buffer
360 silly ADD node_modules/toidentifier
361 silly ADD node_modules/inherits
362 silly ADD node_modules/ms
363 silly ADD node_modules/unpipe
364 silly ADD node_modules/raw-body
365 silly ADD node_modules/iconv-lite
366 silly ADD node_modules/destroy
367 silly ADD node_modules/bytes
368 silly ADD node_modules/negotiator
369 silly ADD node_modules/mime-types
370 silly ADD node_modules/vary
371 silly ADD node_modules/utils-merge
372 silly ADD node_modules/type-is
373 silly ADD node_modules/statuses
374 silly ADD node_modules/setprototypeof
375 silly ADD node_modules/serve-static
376 silly ADD node_modules/send
377 silly ADD node_modules/send/node_modules/ms
378 silly ADD node_modules/safe-buffer
379 silly ADD node_modules/range-parser
380 silly ADD node_modules/qs
381 silly ADD node_modules/proxy-addr
382 silly ADD node_modules/path-to-regexp
383 silly ADD node_modules/parseurl
384 silly ADD node_modules/on-finished
385 silly ADD node_modules/methods
386 silly ADD node_modules/merge-descriptors
387 silly ADD node_modules/http-errors
388 silly ADD node_modules/fresh
389 silly ADD node_modules/finalhandler
390 silly ADD node_modules/etag
391 silly ADD node_modules/escape-html
392 silly ADD node_modules/encodeurl
393 silly ADD node_modules/depd
394 silly ADD node_modules/debug
395 silly ADD node_modules/cookie-signature
396 silly ADD node_modules/cookie
397 silly ADD node_modules/content-type
398 silly ADD node_modules/content-disposition
399 silly ADD node_modules/body-parser
400 silly ADD node_modules/array-flatten
401 silly ADD node_modules/accepts
402 silly ADD node_modules/express
403 timing command:i Completed in 1813ms
404 verbose exit 0
405 timing npm Completed in 2096ms
406 info ok
