0 verbose cli [ '/usr/bin/node', '/usr/bin/npm', 'install', 'csv-parser', '--save' ]
1 info using npm@8.5.1
2 info using node@v12.22.9
3 timing npm:load:whichnode Completed in 0ms
4 timing config:load:defaults Completed in 2ms
5 timing config:load:file:/usr/share/nodejs/npm/npmrc Completed in 4ms
6 timing config:load:builtin Completed in 4ms
7 timing config:load:cli Completed in 3ms
8 timing config:load:env Completed in 1ms
9 timing config:load:file:/home/rdb060/6neduzd/.npmrc Completed in 1ms
10 timing config:load:project Completed in 2ms
11 timing config:load:file:/home/rdb060/.npmrc Completed in 0ms
12 timing config:load:user Completed in 0ms
13 timing config:load:file:/etc/npmrc Completed in 0ms
14 timing config:load:global Completed in 0ms
15 timing config:load:validate Completed in 0ms
16 timing config:load:credentials Completed in 1ms
17 timing config:load:setEnvs Completed in 1ms
18 timing config:load Completed in 14ms
19 timing npm:load:configload Completed in 14ms
20 timing npm:load:setTitle Completed in 0ms
21 timing config:load:flatten Completed in 4ms
22 timing npm:load:display Completed in 6ms
23 verbose logfile /home/rdb060/.npm/_logs/2022-12-13T07_29_09_360Z-debug-0.log
24 timing npm:load:logFile Completed in 7ms
25 timing npm:load:timers Completed in 0ms
26 timing npm:load:configScope Completed in 0ms
27 timing npm:load Completed in 30ms
28 timing arborist:ctor Completed in 1ms
29 timing idealTree:init Completed in 148ms
30 timing idealTree:userRequests Completed in 4ms
31 silly idealTree buildDeps
32 silly fetch manifest csv-parser@*
33 timing arborist:ctor Completed in 0ms
34 http fetch GET 200 https://registry.npmjs.org/csv-parser 234ms (cache miss)
35 silly placeDep ROOT csv-parser@3.0.0 OK for: 6neduzd@1.0.0 want: *
36 silly fetch manifest minimist@^1.2.0
37 http fetch GET 200 https://registry.npmjs.org/minimist 34ms (cache miss)
38 timing idealTree:#root Completed in 282ms
39 silly placeDep ROOT minimist@1.2.7 OK for: csv-parser@3.0.0 want: ^1.2.0
40 timing idealTree:node_modules/csv-parser Completed in 2ms
41 timing idealTree:node_modules/minimist Completed in 0ms
42 timing idealTree:buildDeps Completed in 285ms
43 timing idealTree:fixDepFlags Completed in 2ms
44 timing idealTree Completed in 445ms
45 timing reify:loadTrees Completed in 447ms
46 timing reify:diffTrees Completed in 4ms
47 silly reify moves {}
48 timing reify:retireShallow Completed in 1ms
49 timing reify:createSparse Completed in 1ms
50 timing reify:loadBundles Completed in 0ms
51 silly audit bulk request {
51 silly audit   accepts: [ '1.3.8' ],
51 silly audit   'array-flatten': [ '1.1.1' ],
51 silly audit   bluebird: [ '3.7.2' ],
51 silly audit   'body-parser': [ '1.20.1' ],
51 silly audit   bytes: [ '3.1.2' ],
51 silly audit   'call-bind': [ '1.0.2' ],
51 silly audit   'content-disposition': [ '0.5.4' ],
51 silly audit   'content-type': [ '1.0.4' ],
51 silly audit   cookie: [ '0.5.0' ],
51 silly audit   'cookie-signature': [ '1.0.6' ],
51 silly audit   csv: [ '6.2.5' ],
51 silly audit   'csv-generate': [ '4.2.1' ],
51 silly audit   'csv-parse': [ '5.3.3' ],
51 silly audit   'csv-stringify': [ '6.2.3' ],
51 silly audit   csvtojson: [ '2.0.10' ],
51 silly audit   debug: [ '2.6.9' ],
51 silly audit   depd: [ '2.0.0' ],
51 silly audit   destroy: [ '1.2.0' ],
51 silly audit   'ee-first': [ '1.1.1' ],
51 silly audit   encodeurl: [ '1.0.2' ],
51 silly audit   'escape-html': [ '1.0.3' ],
51 silly audit   etag: [ '1.8.1' ],
51 silly audit   express: [ '4.18.2' ],
51 silly audit   finalhandler: [ '1.2.0' ],
51 silly audit   forwarded: [ '0.2.0' ],
51 silly audit   fresh: [ '0.5.2' ],
51 silly audit   'function-bind': [ '1.1.1' ],
51 silly audit   'get-intrinsic': [ '1.1.3' ],
51 silly audit   has: [ '1.0.3' ],
51 silly audit   'has-symbols': [ '1.0.3' ],
51 silly audit   'http-errors': [ '2.0.0' ],
51 silly audit   'iconv-lite': [ '0.4.24' ],
51 silly audit   inherits: [ '2.0.4' ],
51 silly audit   'ipaddr.js': [ '1.9.1' ],
51 silly audit   'is-utf8': [ '0.2.1' ],
51 silly audit   lodash: [ '4.17.21' ],
51 silly audit   'media-typer': [ '0.3.0' ],
51 silly audit   'merge-descriptors': [ '1.0.1' ],
51 silly audit   methods: [ '1.1.2' ],
51 silly audit   mime: [ '1.6.0' ],
51 silly audit   'mime-db': [ '1.52.0' ],
51 silly audit   'mime-types': [ '2.1.35' ],
51 silly audit   ms: [ '2.0.0', '2.1.3' ],
51 silly audit   negotiator: [ '0.6.3' ],
51 silly audit   'object-inspect': [ '1.12.2' ],
51 silly audit   'on-finished': [ '2.4.1' ],
51 silly audit   parseurl: [ '1.3.3' ],
51 silly audit   'path-to-regexp': [ '0.1.7' ],
51 silly audit   'proxy-addr': [ '2.0.7' ],
51 silly audit   qs: [ '6.11.0' ],
51 silly audit   'range-parser': [ '1.2.1' ],
51 silly audit   'raw-body': [ '2.5.1' ],
51 silly audit   'safe-buffer': [ '5.2.1' ],
51 silly audit   'safer-buffer': [ '2.1.2' ],
51 silly audit   send: [ '0.18.0' ],
51 silly audit   'serve-static': [ '1.15.0' ],
51 silly audit   setprototypeof: [ '1.2.0' ],
51 silly audit   'side-channel': [ '1.0.4' ],
51 silly audit   statuses: [ '2.0.1' ],
51 silly audit   'stream-transform': [ '3.2.1' ],
51 silly audit   'strip-bom': [ '2.0.0' ],
51 silly audit   toidentifier: [ '1.0.1' ],
51 silly audit   'type-is': [ '1.6.18' ],
51 silly audit   unpipe: [ '1.0.0' ],
51 silly audit   'utils-merge': [ '1.0.1' ],
51 silly audit   vary: [ '1.1.2' ],
51 silly audit   'csv-parser': [ '3.0.0' ],
51 silly audit   minimist: [ '1.2.7' ]
51 silly audit }
52 silly tarball no local data for minimist@https://registry.npmjs.org/minimist/-/minimist-1.2.7.tgz. Extracting by manifest.
53 silly tarball no local data for csv-parser@https://registry.npmjs.org/csv-parser/-/csv-parser-3.0.0.tgz. Extracting by manifest.
54 http fetch GET 200 https://registry.npmjs.org/csv-parser/-/csv-parser-3.0.0.tgz 96ms (cache miss)
55 timing reifyNode:node_modules/csv-parser Completed in 114ms
56 http fetch GET 200 https://registry.npmjs.org/minimist/-/minimist-1.2.7.tgz 113ms (cache miss)
57 timing reifyNode:node_modules/minimist Completed in 124ms
58 timing reify:unpack Completed in 125ms
59 timing reify:unretire Completed in 1ms
60 timing build:queue Completed in 1ms
61 timing build:link:node_modules/csv-parser Completed in 3ms
62 timing build:link Completed in 3ms
63 timing build:deps Completed in 4ms
64 timing build Completed in 5ms
65 timing reify:build Completed in 5ms
66 timing reify:trash Completed in 0ms
67 timing reify:save Completed in 68ms
68 http fetch POST 200 https://registry.npmjs.org/-/npm/v1/security/advisories/bulk 221ms
69 timing auditReport:getReport Completed in 224ms
70 silly audit report {}
71 timing auditReport:init Completed in 0ms
72 timing reify:audit Completed in 226ms
73 timing reify Completed in 699ms
74 silly ADD node_modules/minimist
75 silly ADD node_modules/csv-parser
76 timing command:install Completed in 708ms
77 verbose exit 0
78 timing npm Completed in 1026ms
79 info ok
