0 verbose cli [ '/usr/bin/node', '/usr/bin/npm', 'init' ]
1 info using npm@8.5.1
2 info using node@v12.22.9
3 timing npm:load:whichnode Completed in 1ms
4 timing config:load:defaults Completed in 2ms
5 timing config:load:file:/usr/share/nodejs/npm/npmrc Completed in 6ms
6 timing config:load:builtin Completed in 7ms
7 timing config:load:cli Completed in 2ms
8 timing config:load:env Completed in 0ms
9 timing config:load:file:/home/rdb060/OpenAlpr/.npmrc Completed in 0ms
10 timing config:load:project Completed in 2ms
11 timing config:load:file:/home/rdb060/.npmrc Completed in 0ms
12 timing config:load:user Completed in 0ms
13 timing config:load:file:/etc/npmrc Completed in 0ms
14 timing config:load:global Completed in 0ms
15 timing config:load:validate Completed in 1ms
16 timing config:load:credentials Completed in 24ms
17 timing config:load:setEnvs Completed in 2ms
18 timing config:load Completed in 40ms
19 timing npm:load:configload Completed in 40ms
20 timing npm:load:setTitle Completed in 0ms
21 timing config:load:flatten Completed in 4ms
22 timing npm:load:display Completed in 6ms
23 verbose logfile /home/rdb060/.npm/_logs/2022-12-18T21_21_27_486Z-debug-0.log
24 timing npm:load:logFile Completed in 6ms
25 timing npm:load:timers Completed in 1ms
26 timing npm:load:configScope Completed in 0ms
27 timing npm:load Completed in 55ms
28 silly logfile start cleaning logs, removing 45 files
29 silly package data {
29 silly package data   name: 'openalpr',
29 silly package data   version: '1.0.0',
29 silly package data   description: '',
29 silly package data   main: 'index.js',
29 silly package data   scripts: { test: 'echo "Error: no test specified" && exit 1' },
29 silly package data   author: '',
29 silly package data   license: 'ISC'
29 silly package data }
30 info init written successfully
31 timing command:init Completed in 6416ms
32 verbose exit 0
33 timing npm Completed in 6979ms
34 info ok
