0 verbose cli [ '/usr/bin/node', '/usr/bin/npm', 'i', 'csv', '--save' ]
1 info using npm@8.5.1
2 info using node@v12.22.9
3 timing npm:load:whichnode Completed in 1ms
4 timing config:load:defaults Completed in 2ms
5 timing config:load:file:/usr/share/nodejs/npm/npmrc Completed in 3ms
6 timing config:load:builtin Completed in 3ms
7 timing config:load:cli Completed in 3ms
8 timing config:load:env Completed in 0ms
9 timing config:load:file:/home/rdb060/6neduzd/.npmrc Completed in 0ms
10 timing config:load:project Completed in 2ms
11 timing config:load:file:/home/rdb060/.npmrc Completed in 0ms
12 timing config:load:user Completed in 0ms
13 timing config:load:file:/etc/npmrc Completed in 0ms
14 timing config:load:global Completed in 0ms
15 timing config:load:validate Completed in 1ms
16 timing config:load:credentials Completed in 1ms
17 timing config:load:setEnvs Completed in 1ms
18 timing config:load Completed in 13ms
19 timing npm:load:configload Completed in 13ms
20 timing npm:load:setTitle Completed in 1ms
21 timing config:load:flatten Completed in 4ms
22 timing npm:load:display Completed in 8ms
23 verbose logfile /home/rdb060/.npm/_logs/2022-12-03T19_08_58_826Z-debug-0.log
24 timing npm:load:logFile Completed in 7ms
25 timing npm:load:timers Completed in 0ms
26 timing npm:load:configScope Completed in 0ms
27 timing npm:load Completed in 30ms
28 timing arborist:ctor Completed in 1ms
29 timing idealTree:init Completed in 141ms
30 timing idealTree:userRequests Completed in 3ms
31 silly idealTree buildDeps
32 silly fetch manifest csv@*
33 timing arborist:ctor Completed in 0ms
34 http fetch GET 200 https://registry.npmjs.org/csv 190ms (cache miss)
35 silly placeDep ROOT csv@6.2.5 OK for: 6neduzd@1.0.0 want: *
36 silly fetch manifest csv-generate@^4.2.1
37 silly fetch manifest csv-parse@^5.3.3
38 silly fetch manifest csv-stringify@^6.2.3
39 silly fetch manifest stream-transform@^3.2.1
40 http fetch GET 200 https://registry.npmjs.org/stream-transform 62ms (cache miss)
41 http fetch GET 200 https://registry.npmjs.org/csv-stringify 106ms (cache miss)
42 http fetch GET 200 https://registry.npmjs.org/csv-generate 109ms (cache miss)
43 http fetch GET 200 https://registry.npmjs.org/csv-parse 109ms (cache miss)
44 timing idealTree:#root Completed in 314ms
45 silly placeDep ROOT csv-generate@4.2.1 OK for: csv@6.2.5 want: ^4.2.1
46 silly placeDep ROOT csv-parse@5.3.3 OK for: csv@6.2.5 want: ^5.3.3
47 silly placeDep ROOT csv-stringify@6.2.3 OK for: csv@6.2.5 want: ^6.2.3
48 silly placeDep ROOT stream-transform@3.2.1 OK for: csv@6.2.5 want: ^3.2.1
49 timing idealTree:node_modules/csv Completed in 6ms
50 timing idealTree:node_modules/csv-generate Completed in 0ms
51 timing idealTree:node_modules/csv-parse Completed in 0ms
52 timing idealTree:node_modules/csv-stringify Completed in 0ms
53 timing idealTree:node_modules/stream-transform Completed in 0ms
54 timing idealTree:buildDeps Completed in 323ms
55 timing idealTree:fixDepFlags Completed in 3ms
56 timing idealTree Completed in 474ms
57 timing reify:loadTrees Completed in 475ms
58 timing reify:diffTrees Completed in 5ms
59 silly reify moves {}
60 timing reify:retireShallow Completed in 0ms
61 timing reify:createSparse Completed in 3ms
62 timing reify:loadBundles Completed in 0ms
63 silly audit bulk request {
63 silly audit   accepts: [ '1.3.8' ],
63 silly audit   'array-flatten': [ '1.1.1' ],
63 silly audit   'body-parser': [ '1.20.1' ],
63 silly audit   bytes: [ '3.1.2' ],
63 silly audit   'call-bind': [ '1.0.2' ],
63 silly audit   'content-disposition': [ '0.5.4' ],
63 silly audit   'content-type': [ '1.0.4' ],
63 silly audit   cookie: [ '0.5.0' ],
63 silly audit   'cookie-signature': [ '1.0.6' ],
63 silly audit   debug: [ '2.6.9' ],
63 silly audit   depd: [ '2.0.0' ],
63 silly audit   destroy: [ '1.2.0' ],
63 silly audit   'ee-first': [ '1.1.1' ],
63 silly audit   encodeurl: [ '1.0.2' ],
63 silly audit   'escape-html': [ '1.0.3' ],
63 silly audit   etag: [ '1.8.1' ],
63 silly audit   express: [ '4.18.2' ],
63 silly audit   finalhandler: [ '1.2.0' ],
63 silly audit   forwarded: [ '0.2.0' ],
63 silly audit   fresh: [ '0.5.2' ],
63 silly audit   'function-bind': [ '1.1.1' ],
63 silly audit   'get-intrinsic': [ '1.1.3' ],
63 silly audit   has: [ '1.0.3' ],
63 silly audit   'has-symbols': [ '1.0.3' ],
63 silly audit   'http-errors': [ '2.0.0' ],
63 silly audit   'iconv-lite': [ '0.4.24' ],
63 silly audit   inherits: [ '2.0.4' ],
63 silly audit   'ipaddr.js': [ '1.9.1' ],
63 silly audit   'media-typer': [ '0.3.0' ],
63 silly audit   'merge-descriptors': [ '1.0.1' ],
63 silly audit   methods: [ '1.1.2' ],
63 silly audit   mime: [ '1.6.0' ],
63 silly audit   'mime-db': [ '1.52.0' ],
63 silly audit   'mime-types': [ '2.1.35' ],
63 silly audit   ms: [ '2.0.0', '2.1.3' ],
63 silly audit   negotiator: [ '0.6.3' ],
63 silly audit   'object-inspect': [ '1.12.2' ],
63 silly audit   'on-finished': [ '2.4.1' ],
63 silly audit   parseurl: [ '1.3.3' ],
63 silly audit   'path-to-regexp': [ '0.1.7' ],
63 silly audit   'proxy-addr': [ '2.0.7' ],
63 silly audit   qs: [ '6.11.0' ],
63 silly audit   'range-parser': [ '1.2.1' ],
63 silly audit   'raw-body': [ '2.5.1' ],
63 silly audit   'safe-buffer': [ '5.2.1' ],
63 silly audit   'safer-buffer': [ '2.1.2' ],
63 silly audit   send: [ '0.18.0' ],
63 silly audit   'serve-static': [ '1.15.0' ],
63 silly audit   setprototypeof: [ '1.2.0' ],
63 silly audit   'side-channel': [ '1.0.4' ],
63 silly audit   statuses: [ '2.0.1' ],
63 silly audit   toidentifier: [ '1.0.1' ],
63 silly audit   'type-is': [ '1.6.18' ],
63 silly audit   unpipe: [ '1.0.0' ],
63 silly audit   'utils-merge': [ '1.0.1' ],
63 silly audit   vary: [ '1.1.2' ],
63 silly audit   csv: [ '6.2.5' ],
63 silly audit   'csv-generate': [ '4.2.1' ],
63 silly audit   'csv-parse': [ '5.3.3' ],
63 silly audit   'csv-stringify': [ '6.2.3' ],
63 silly audit   'stream-transform': [ '3.2.1' ]
63 silly audit }
64 silly tarball no local data for stream-transform@https://registry.npmjs.org/stream-transform/-/stream-transform-3.2.1.tgz. Extracting by manifest.
65 silly tarball no local data for csv-stringify@https://registry.npmjs.org/csv-stringify/-/csv-stringify-6.2.3.tgz. Extracting by manifest.
66 silly tarball no local data for csv-parse@https://registry.npmjs.org/csv-parse/-/csv-parse-5.3.3.tgz. Extracting by manifest.
67 silly tarball no local data for csv-generate@https://registry.npmjs.org/csv-generate/-/csv-generate-4.2.1.tgz. Extracting by manifest.
68 silly tarball no local data for csv@https://registry.npmjs.org/csv/-/csv-6.2.5.tgz. Extracting by manifest.
69 http fetch POST 200 https://registry.npmjs.org/-/npm/v1/security/advisories/bulk 218ms
70 timing auditReport:getReport Completed in 222ms
71 silly audit report {}
72 timing auditReport:init Completed in 0ms
73 timing reify:audit Completed in 222ms
74 http fetch GET 200 https://registry.npmjs.org/stream-transform/-/stream-transform-3.2.1.tgz 215ms (cache miss)
75 timing reifyNode:node_modules/stream-transform Completed in 228ms
76 http fetch GET 200 https://registry.npmjs.org/csv-stringify/-/csv-stringify-6.2.3.tgz 215ms (cache miss)
77 timing reifyNode:node_modules/csv-stringify Completed in 234ms
78 http fetch GET 200 https://registry.npmjs.org/csv-parse/-/csv-parse-5.3.3.tgz 243ms (cache miss)
79 timing reifyNode:node_modules/csv-parse Completed in 266ms
80 http fetch GET 200 https://registry.npmjs.org/csv-generate/-/csv-generate-4.2.1.tgz 273ms (cache miss)
81 timing reifyNode:node_modules/csv-generate Completed in 302ms
82 http fetch GET 200 https://registry.npmjs.org/csv/-/csv-6.2.5.tgz 281ms (cache miss)
83 timing reifyNode:node_modules/csv Completed in 316ms
84 timing reify:unpack Completed in 318ms
85 timing reify:unretire Completed in 0ms
86 timing build:queue Completed in 1ms
87 timing build:deps Completed in 2ms
88 timing build Completed in 2ms
89 timing reify:build Completed in 3ms
90 timing reify:trash Completed in 0ms
91 timing reify:save Completed in 38ms
92 timing reify Completed in 888ms
93 silly ADD node_modules/stream-transform
94 silly ADD node_modules/csv-stringify
95 silly ADD node_modules/csv-parse
96 silly ADD node_modules/csv-generate
97 silly ADD node_modules/csv
98 timing command:i Completed in 898ms
99 verbose exit 0
100 timing npm Completed in 1188ms
101 info ok
