0 verbose cli [
0 verbose cli   '/usr/bin/node',
0 verbose cli   '/usr/bin/npm',
0 verbose cli   'install',
0 verbose cli   'node-openalpr',
0 verbose cli   '--save'
0 verbose cli ]
1 info using npm@8.5.1
2 info using node@v12.22.9
3 timing npm:load:whichnode Completed in 1ms
4 timing config:load:defaults Completed in 2ms
5 timing config:load:file:/usr/share/nodejs/npm/npmrc Completed in 3ms
6 timing config:load:builtin Completed in 3ms
7 timing config:load:cli Completed in 3ms
8 timing config:load:env Completed in 1ms
9 timing config:load:file:/home/rdb060/OpenAlpr/.npmrc Completed in 0ms
10 timing config:load:project Completed in 2ms
11 timing config:load:file:/home/rdb060/.npmrc Completed in 0ms
12 timing config:load:user Completed in 0ms
13 timing config:load:file:/etc/npmrc Completed in 0ms
14 timing config:load:global Completed in 0ms
15 timing config:load:validate Completed in 0ms
16 timing config:load:credentials Completed in 1ms
17 timing config:load:setEnvs Completed in 2ms
18 timing config:load Completed in 14ms
19 timing npm:load:configload Completed in 14ms
20 timing npm:load:setTitle Completed in 0ms
21 timing config:load:flatten Completed in 9ms
22 timing npm:load:display Completed in 11ms
23 verbose logfile /home/rdb060/.npm/_logs/2022-12-18T17_39_01_901Z-debug-0.log
24 timing npm:load:logFile Completed in 7ms
25 timing npm:load:timers Completed in 0ms
26 timing npm:load:configScope Completed in 0ms
27 timing npm:load Completed in 34ms
28 timing arborist:ctor Completed in 2ms
29 silly logfile start cleaning logs, removing 1 files
30 timing arborist:ctor Completed in 0ms
31 timing idealTree:init Completed in 20ms
32 timing idealTree:userRequests Completed in 5ms
33 silly idealTree buildDeps
34 silly fetch manifest node-openalpr@*
35 http fetch GET 200 https://registry.npmjs.org/node-openalpr 928ms (cache miss)
36 silly placeDep ROOT node-openalpr@1.1.1 OK for: openalpr@1.0.0 want: *
37 silly fetch manifest fs-extra@^0.23.1
38 silly fetch manifest nan@^2.0.5
39 silly fetch manifest node-pre-gyp@git+https://github.com/mapbox/node-pre-gyp.git
40 http fetch GET 200 https://registry.npmjs.org/fs-extra 44ms (cache miss)
41 http fetch GET 200 https://registry.npmjs.org/nan 72ms (cache miss)
42 timing idealTree:#root Completed in 2608ms
43 silly placeDep ROOT fs-extra@0.23.1 OK for: node-openalpr@1.1.1 want: ^0.23.1
44 silly placeDep ROOT nan@2.17.0 OK for: node-openalpr@1.1.1 want: ^2.0.5
45 silly placeDep ROOT node-pre-gyp@1.0.10 OK for: node-openalpr@1.1.1 want: git+https://github.com/mapbox/node-pre-gyp.git
46 silly fetch manifest graceful-fs@^4.1.2
47 silly fetch manifest jsonfile@^2.1.0
48 silly fetch manifest path-is-absolute@^1.0.0
49 silly fetch manifest rimraf@^2.2.8
50 silly fetch manifest detect-libc@^2.0.0
51 silly fetch manifest https-proxy-agent@^5.0.0
52 silly fetch manifest make-dir@^3.1.0
53 silly fetch manifest node-fetch@^2.6.7
54 silly fetch manifest nopt@^5.0.0
55 silly fetch manifest npmlog@^5.0.1
56 silly fetch manifest rimraf@^3.0.2
57 silly fetch manifest semver@^7.3.5
58 silly fetch manifest tar@^6.1.11
59 http fetch GET 200 https://registry.npmjs.org/graceful-fs 91ms (cache miss)
60 http fetch GET 200 https://registry.npmjs.org/jsonfile 96ms (cache miss)
61 http fetch GET 200 https://registry.npmjs.org/semver 90ms (cache miss)
62 http fetch GET 200 https://registry.npmjs.org/path-is-absolute 112ms (cache miss)
63 http fetch GET 200 https://registry.npmjs.org/rimraf 114ms (cache miss)
64 http fetch GET 200 https://registry.npmjs.org/make-dir 158ms (cache miss)
65 http fetch GET 200 https://registry.npmjs.org/tar 153ms (cache miss)
66 http fetch GET 200 https://registry.npmjs.org/detect-libc 165ms (cache miss)
67 http fetch GET 200 https://registry.npmjs.org/https-proxy-agent 165ms (cache miss)
68 http fetch GET 200 https://registry.npmjs.org/nopt 163ms (cache miss)
69 http fetch GET 200 https://registry.npmjs.org/npmlog 162ms (cache miss)
70 http fetch GET 200 https://registry.npmjs.org/node-fetch 167ms (cache miss)
71 timing idealTree:node_modules/node-openalpr Completed in 197ms
72 silly placeDep ROOT graceful-fs@4.2.10 OK for: fs-extra@0.23.1 want: ^4.1.2
73 silly placeDep ROOT jsonfile@2.4.0 OK for: fs-extra@0.23.1 want: ^2.1.0
74 silly placeDep ROOT path-is-absolute@1.0.1 OK for: fs-extra@0.23.1 want: ^1.0.0
75 silly placeDep ROOT rimraf@2.7.1 OK for: fs-extra@0.23.1 want: ^2.2.8
76 silly fetch manifest glob@^7.1.3
77 http fetch GET 200 https://registry.npmjs.org/glob 44ms (cache miss)
78 timing idealTree:node_modules/fs-extra Completed in 78ms
79 timing idealTree:node_modules/graceful-fs Completed in 0ms
80 timing idealTree:node_modules/jsonfile Completed in 0ms
81 timing idealTree:node_modules/nan Completed in 0ms
82 silly fetch manifest encoding@^0.1.0
83 http fetch GET 200 https://registry.npmjs.org/encoding 41ms (cache miss)
84 silly placeDep ROOT detect-libc@2.0.1 OK for: @mapbox/node-pre-gyp@1.0.10 want: ^2.0.0
85 silly placeDep ROOT https-proxy-agent@5.0.1 OK for: @mapbox/node-pre-gyp@1.0.10 want: ^5.0.0
86 silly placeDep ROOT make-dir@3.1.0 OK for: @mapbox/node-pre-gyp@1.0.10 want: ^3.1.0
87 silly placeDep ROOT node-fetch@2.6.7 OK for: @mapbox/node-pre-gyp@1.0.10 want: ^2.6.7
88 silly placeDep ROOT nopt@5.0.0 OK for: @mapbox/node-pre-gyp@1.0.10 want: ^5.0.0
89 silly placeDep ROOT npmlog@5.0.1 OK for: @mapbox/node-pre-gyp@1.0.10 want: ^5.0.1
90 silly placeDep node_modules/node-pre-gyp rimraf@3.0.2 OK for: @mapbox/node-pre-gyp@1.0.10 want: ^3.0.2
91 silly placeDep ROOT semver@7.3.8 OK for: @mapbox/node-pre-gyp@1.0.10 want: ^7.3.5
92 silly placeDep ROOT tar@6.1.13 OK for: @mapbox/node-pre-gyp@1.0.10 want: ^6.1.11
93 silly fetch manifest agent-base@6
94 silly fetch manifest debug@4
95 silly fetch manifest semver@^6.0.0
96 silly fetch manifest whatwg-url@^5.0.0
97 silly fetch manifest abbrev@1
98 silly fetch manifest are-we-there-yet@^2.0.0
99 silly fetch manifest console-control-strings@^1.1.0
100 silly fetch manifest gauge@^3.0.0
101 silly fetch manifest set-blocking@^2.0.0
102 silly fetch manifest lru-cache@^6.0.0
103 silly fetch manifest chownr@^2.0.0
104 silly fetch manifest fs-minipass@^2.0.0
105 silly fetch manifest minipass@^4.0.0
106 silly fetch manifest minizlib@^2.1.1
107 silly fetch manifest mkdirp@^1.0.3
108 silly fetch manifest yallist@^4.0.0
109 http fetch GET 200 https://registry.npmjs.org/minipass 159ms (cache miss)
110 http fetch GET 200 https://registry.npmjs.org/chownr 166ms (cache miss)
111 http fetch GET 200 https://registry.npmjs.org/debug 176ms (cache miss)
112 http fetch GET 200 https://registry.npmjs.org/agent-base 179ms (cache miss)
113 http fetch GET 200 https://registry.npmjs.org/mkdirp 167ms (cache miss)
114 http fetch GET 200 https://registry.npmjs.org/gauge 176ms (cache miss)
115 http fetch GET 200 https://registry.npmjs.org/yallist 171ms (cache miss)
116 http fetch GET 200 https://registry.npmjs.org/minizlib 175ms (cache miss)
117 http fetch GET 200 https://registry.npmjs.org/console-control-strings 183ms (cache miss)
118 http fetch GET 200 https://registry.npmjs.org/fs-minipass 179ms (cache miss)
119 http fetch GET 200 https://registry.npmjs.org/lru-cache 183ms (cache miss)
120 http fetch GET 200 https://registry.npmjs.org/set-blocking 190ms (cache miss)
121 http fetch GET 200 https://registry.npmjs.org/are-we-there-yet 194ms (cache miss)
122 http fetch GET 200 https://registry.npmjs.org/abbrev 196ms (cache miss)
123 http fetch GET 200 https://registry.npmjs.org/whatwg-url 198ms (cache miss)
124 timing idealTree:node_modules/node-pre-gyp Completed in 279ms
125 timing idealTree:node_modules/detect-libc Completed in 0ms
126 silly placeDep ROOT agent-base@6.0.2 OK for: https-proxy-agent@5.0.1 want: 6
127 silly placeDep ROOT debug@4.3.4 OK for: https-proxy-agent@5.0.1 want: 4
128 silly fetch manifest ms@2.1.2
129 http fetch GET 200 https://registry.npmjs.org/ms 30ms (cache miss)
130 timing idealTree:node_modules/https-proxy-agent Completed in 35ms
131 timing idealTree:node_modules/agent-base Completed in 0ms
132 silly placeDep ROOT ms@2.1.2 OK for: debug@4.3.4 want: 2.1.2
133 timing idealTree:node_modules/debug Completed in 2ms
134 silly placeDep node_modules/make-dir semver@6.3.0 OK for: make-dir@3.1.0 want: ^6.0.0
135 timing idealTree:node_modules/make-dir Completed in 2ms
136 timing idealTree:node_modules/ms Completed in 0ms
137 silly placeDep ROOT whatwg-url@5.0.0 OK for: node-fetch@2.6.7 want: ^5.0.0
138 silly fetch manifest tr46@~0.0.3
139 silly fetch manifest webidl-conversions@^3.0.0
140 http fetch GET 200 https://registry.npmjs.org/tr46 26ms (cache miss)
141 http fetch GET 200 https://registry.npmjs.org/webidl-conversions 36ms (cache miss)
142 timing idealTree:node_modules/node-fetch Completed in 45ms
143 silly placeDep ROOT abbrev@1.1.1 OK for: nopt@5.0.0 want: 1
144 timing idealTree:node_modules/nopt Completed in 2ms
145 timing idealTree:node_modules/abbrev Completed in 0ms
146 silly placeDep ROOT are-we-there-yet@2.0.0 OK for: npmlog@5.0.1 want: ^2.0.0
147 silly placeDep ROOT console-control-strings@1.1.0 OK for: npmlog@5.0.1 want: ^1.1.0
148 silly placeDep ROOT gauge@3.0.2 OK for: npmlog@5.0.1 want: ^3.0.0
149 silly placeDep ROOT set-blocking@2.0.0 OK for: npmlog@5.0.1 want: ^2.0.0
150 silly fetch manifest delegates@^1.0.0
151 silly fetch manifest readable-stream@^3.6.0
152 silly fetch manifest aproba@^1.0.3 || ^2.0.0
153 silly fetch manifest color-support@^1.1.2
154 silly fetch manifest has-unicode@^2.0.1
155 silly fetch manifest object-assign@^4.1.1
156 silly fetch manifest signal-exit@^3.0.0
157 silly fetch manifest string-width@^4.2.3
158 silly fetch manifest strip-ansi@^6.0.1
159 silly fetch manifest wide-align@^1.1.2
160 http fetch GET 200 https://registry.npmjs.org/aproba 75ms (cache miss)
161 http fetch GET 200 https://registry.npmjs.org/object-assign 73ms (cache miss)
162 http fetch GET 200 https://registry.npmjs.org/readable-stream 78ms (cache miss)
163 http fetch GET 200 https://registry.npmjs.org/string-width 78ms (cache miss)
164 http fetch GET 200 https://registry.npmjs.org/delegates 85ms (cache miss)
165 http fetch GET 200 https://registry.npmjs.org/color-support 87ms (cache miss)
166 http fetch GET 200 https://registry.npmjs.org/wide-align 83ms (cache miss)
167 http fetch GET 200 https://registry.npmjs.org/signal-exit 86ms (cache miss)
168 http fetch GET 200 https://registry.npmjs.org/strip-ansi 85ms (cache miss)
169 http fetch GET 200 https://registry.npmjs.org/has-unicode 793ms (cache miss)
170 timing idealTree:node_modules/npmlog Completed in 808ms
171 silly placeDep ROOT delegates@1.0.0 OK for: are-we-there-yet@2.0.0 want: ^1.0.0
172 silly placeDep ROOT readable-stream@3.6.0 OK for: are-we-there-yet@2.0.0 want: ^3.6.0
173 silly fetch manifest inherits@^2.0.3
174 silly fetch manifest string_decoder@^1.1.1
175 silly fetch manifest util-deprecate@^1.0.1
176 http fetch GET 200 https://registry.npmjs.org/string_decoder 28ms (cache miss)
177 http fetch GET 200 https://registry.npmjs.org/inherits 31ms (cache miss)
178 http fetch GET 200 https://registry.npmjs.org/util-deprecate 30ms (cache miss)
179 timing idealTree:node_modules/are-we-there-yet Completed in 39ms
180 timing idealTree:node_modules/console-control-strings Completed in 0ms
181 timing idealTree:node_modules/delegates Completed in 0ms
182 silly placeDep ROOT aproba@2.0.0 OK for: gauge@3.0.2 want: ^1.0.3 || ^2.0.0
183 silly placeDep ROOT color-support@1.1.3 OK for: gauge@3.0.2 want: ^1.1.2
184 silly placeDep ROOT has-unicode@2.0.1 OK for: gauge@3.0.2 want: ^2.0.1
185 silly placeDep ROOT object-assign@4.1.1 OK for: gauge@3.0.2 want: ^4.1.1
186 silly placeDep ROOT signal-exit@3.0.7 OK for: gauge@3.0.2 want: ^3.0.0
187 silly placeDep ROOT string-width@4.2.3 OK for: gauge@3.0.2 want: ^4.2.3
188 silly placeDep ROOT strip-ansi@6.0.1 OK for: gauge@3.0.2 want: ^6.0.1
189 silly placeDep ROOT wide-align@1.1.5 OK for: gauge@3.0.2 want: ^1.1.2
190 silly fetch manifest emoji-regex@^8.0.0
191 silly fetch manifest is-fullwidth-code-point@^3.0.0
192 silly fetch manifest ansi-regex@^5.0.1
193 http fetch GET 200 https://registry.npmjs.org/emoji-regex 43ms (cache miss)
194 http fetch GET 200 https://registry.npmjs.org/is-fullwidth-code-point 52ms (cache miss)
195 http fetch GET 200 https://registry.npmjs.org/ansi-regex 65ms (cache miss)
196 timing idealTree:node_modules/gauge Completed in 83ms
197 timing idealTree:node_modules/aproba Completed in 0ms
198 timing idealTree:node_modules/color-support Completed in 0ms
199 timing idealTree:node_modules/has-unicode Completed in 0ms
200 timing idealTree:node_modules/object-assign Completed in 0ms
201 timing idealTree:node_modules/path-is-absolute Completed in 0ms
202 silly placeDep ROOT inherits@2.0.4 OK for: readable-stream@3.6.0 want: ^2.0.3
203 silly placeDep ROOT string_decoder@1.3.0 OK for: readable-stream@3.6.0 want: ^1.1.1
204 silly placeDep ROOT util-deprecate@1.0.2 OK for: readable-stream@3.6.0 want: ^1.0.1
205 silly fetch manifest safe-buffer@~5.2.0
206 http fetch GET 200 https://registry.npmjs.org/safe-buffer 22ms (cache miss)
207 timing idealTree:node_modules/readable-stream Completed in 28ms
208 timing idealTree:node_modules/inherits Completed in 0ms
209 silly placeDep ROOT glob@7.2.3 OK for: rimraf@2.7.1 want: ^7.1.3
210 silly fetch manifest fs.realpath@^1.0.0
211 silly fetch manifest inflight@^1.0.4
212 silly fetch manifest minimatch@^3.1.1
213 silly fetch manifest once@^1.3.0
214 http fetch GET 200 https://registry.npmjs.org/inflight 29ms (cache miss)
215 http fetch GET 200 https://registry.npmjs.org/fs.realpath 48ms (cache miss)
216 http fetch GET 200 https://registry.npmjs.org/once 47ms (cache miss)
217 http fetch GET 200 https://registry.npmjs.org/minimatch 51ms (cache miss)
218 timing idealTree:node_modules/rimraf Completed in 57ms
219 silly placeDep ROOT fs.realpath@1.0.0 OK for: glob@7.2.3 want: ^1.0.0
220 silly placeDep ROOT inflight@1.0.6 OK for: glob@7.2.3 want: ^1.0.4
221 silly placeDep ROOT minimatch@3.1.2 OK for: glob@7.2.3 want: ^3.1.1
222 silly placeDep ROOT once@1.4.0 OK for: glob@7.2.3 want: ^1.3.0
223 silly fetch manifest wrappy@1
224 silly fetch manifest brace-expansion@^1.1.7
225 http fetch GET 200 https://registry.npmjs.org/wrappy 43ms (cache miss)
226 http fetch GET 200 https://registry.npmjs.org/brace-expansion 42ms (cache miss)
227 timing idealTree:node_modules/glob Completed in 52ms
228 timing idealTree:node_modules/fs.realpath Completed in 0ms
229 silly placeDep ROOT wrappy@1.0.2 OK for: inflight@1.0.6 want: 1
230 timing idealTree:node_modules/inflight Completed in 2ms
231 silly placeDep ROOT brace-expansion@1.1.11 OK for: minimatch@3.1.2 want: ^1.1.7
232 silly fetch manifest balanced-match@^1.0.0
233 silly fetch manifest concat-map@0.0.1
234 http fetch GET 200 https://registry.npmjs.org/balanced-match 25ms (cache miss)
235 http fetch GET 200 https://registry.npmjs.org/concat-map 42ms (cache miss)
236 timing idealTree:node_modules/minimatch Completed in 47ms
237 silly placeDep ROOT balanced-match@1.0.2 OK for: brace-expansion@1.1.11 want: ^1.0.0
238 silly placeDep ROOT concat-map@0.0.1 OK for: brace-expansion@1.1.11 want: 0.0.1
239 timing idealTree:node_modules/brace-expansion Completed in 7ms
240 timing idealTree:node_modules/balanced-match Completed in 0ms
241 timing idealTree:node_modules/concat-map Completed in 0ms
242 timing idealTree:node_modules/once Completed in 0ms
243 silly placeDep ROOT lru-cache@6.0.0 OK for: semver@7.3.8 want: ^6.0.0
244 timing idealTree:node_modules/semver Completed in 2ms
245 silly placeDep ROOT yallist@4.0.0 OK for: lru-cache@6.0.0 want: ^4.0.0
246 timing idealTree:node_modules/lru-cache Completed in 2ms
247 timing idealTree:node_modules/set-blocking Completed in 0ms
248 timing idealTree:node_modules/signal-exit Completed in 0ms
249 silly placeDep ROOT safe-buffer@5.2.1 OK for: string_decoder@1.3.0 want: ~5.2.0
250 timing idealTree:node_modules/string_decoder Completed in 1ms
251 timing idealTree:node_modules/safe-buffer Completed in 0ms
252 silly placeDep ROOT emoji-regex@8.0.0 OK for: string-width@4.2.3 want: ^8.0.0
253 silly placeDep ROOT is-fullwidth-code-point@3.0.0 OK for: string-width@4.2.3 want: ^3.0.0
254 timing idealTree:node_modules/string-width Completed in 3ms
255 timing idealTree:node_modules/emoji-regex Completed in 0ms
256 timing idealTree:node_modules/is-fullwidth-code-point Completed in 0ms
257 silly placeDep ROOT ansi-regex@5.0.1 OK for: strip-ansi@6.0.1 want: ^5.0.1
258 timing idealTree:node_modules/strip-ansi Completed in 1ms
259 timing idealTree:node_modules/ansi-regex Completed in 0ms
260 silly placeDep ROOT chownr@2.0.0 OK for: tar@6.1.13 want: ^2.0.0
261 silly placeDep ROOT fs-minipass@2.1.0 OK for: tar@6.1.13 want: ^2.0.0
262 silly placeDep ROOT minipass@4.0.0 OK for: tar@6.1.13 want: ^4.0.0
263 silly placeDep ROOT minizlib@2.1.2 OK for: tar@6.1.13 want: ^2.1.1
264 silly placeDep ROOT mkdirp@1.0.4 OK for: tar@6.1.13 want: ^1.0.3
265 silly fetch manifest minipass@^3.0.0
266 timing idealTree:node_modules/tar Completed in 14ms
267 timing idealTree:node_modules/chownr Completed in 0ms
268 silly placeDep node_modules/fs-minipass minipass@3.3.6 OK for: fs-minipass@2.1.0 want: ^3.0.0
269 timing idealTree:node_modules/fs-minipass Completed in 3ms
270 timing idealTree:node_modules/minipass Completed in 0ms
271 silly placeDep node_modules/minizlib minipass@3.3.6 OK for: minizlib@2.1.2 want: ^3.0.0
272 timing idealTree:node_modules/minizlib Completed in 2ms
273 timing idealTree:node_modules/mkdirp Completed in 0ms
274 timing idealTree:node_modules/util-deprecate Completed in 0ms
275 silly placeDep ROOT tr46@0.0.3 OK for: whatwg-url@5.0.0 want: ~0.0.3
276 silly placeDep ROOT webidl-conversions@3.0.1 OK for: whatwg-url@5.0.0 want: ^3.0.0
277 timing idealTree:node_modules/whatwg-url Completed in 8ms
278 timing idealTree:node_modules/tr46 Completed in 0ms
279 timing idealTree:node_modules/webidl-conversions Completed in 0ms
280 timing idealTree:node_modules/wide-align Completed in 0ms
281 timing idealTree:node_modules/wrappy Completed in 0ms
282 timing idealTree:node_modules/yallist Completed in 0ms
283 timing idealTree:node_modules/fs-minipass/node_modules/minipass Completed in 0ms
284 timing idealTree:node_modules/make-dir/node_modules/semver Completed in 0ms
285 timing idealTree:node_modules/minizlib/node_modules/minipass Completed in 0ms
286 timing idealTree:node_modules/node-pre-gyp/node_modules/rimraf Completed in 0ms
287 timing idealTree:buildDeps Completed in 4417ms
288 timing idealTree:fixDepFlags Completed in 2ms
289 timing idealTree Completed in 4446ms
290 timing reify:loadTrees Completed in 4448ms
291 timing reify:diffTrees Completed in 13ms
292 silly reify moves {}
293 timing reify:retireShallow Completed in 1ms
294 timing reify:createSparse Completed in 29ms
295 timing reify:loadBundles Completed in 0ms
296 silly audit bulk request {
296 silly audit   'node-openalpr': [ '1.1.1' ],
296 silly audit   'fs-extra': [ '0.23.1' ],
296 silly audit   nan: [ '2.17.0' ],
296 silly audit   '@mapbox/node-pre-gyp': [ '1.0.10' ],
296 silly audit   'graceful-fs': [ '4.2.10' ],
296 silly audit   jsonfile: [ '2.4.0' ],
296 silly audit   'path-is-absolute': [ '1.0.1' ],
296 silly audit   rimraf: [ '2.7.1', '3.0.2' ],
296 silly audit   'detect-libc': [ '2.0.1' ],
296 silly audit   'https-proxy-agent': [ '5.0.1' ],
296 silly audit   'make-dir': [ '3.1.0' ],
296 silly audit   'node-fetch': [ '2.6.7' ],
296 silly audit   nopt: [ '5.0.0' ],
296 silly audit   npmlog: [ '5.0.1' ],
296 silly audit   semver: [ '7.3.8', '6.3.0' ],
296 silly audit   tar: [ '6.1.13' ],
296 silly audit   'agent-base': [ '6.0.2' ],
296 silly audit   debug: [ '4.3.4' ],
296 silly audit   ms: [ '2.1.2' ],
296 silly audit   'whatwg-url': [ '5.0.0' ],
296 silly audit   abbrev: [ '1.1.1' ],
296 silly audit   'are-we-there-yet': [ '2.0.0' ],
296 silly audit   'console-control-strings': [ '1.1.0' ],
296 silly audit   gauge: [ '3.0.2' ],
296 silly audit   'set-blocking': [ '2.0.0' ],
296 silly audit   delegates: [ '1.0.0' ],
296 silly audit   'readable-stream': [ '3.6.0' ],
296 silly audit   aproba: [ '2.0.0' ],
296 silly audit   'color-support': [ '1.1.3' ],
296 silly audit   'has-unicode': [ '2.0.1' ],
296 silly audit   'object-assign': [ '4.1.1' ],
296 silly audit   'signal-exit': [ '3.0.7' ],
296 silly audit   'string-width': [ '4.2.3' ],
296 silly audit   'strip-ansi': [ '6.0.1' ],
296 silly audit   'wide-align': [ '1.1.5' ],
296 silly audit   inherits: [ '2.0.4' ],
296 silly audit   string_decoder: [ '1.3.0' ],
296 silly audit   'util-deprecate': [ '1.0.2' ],
296 silly audit   glob: [ '7.2.3' ],
296 silly audit   'fs.realpath': [ '1.0.0' ],
296 silly audit   inflight: [ '1.0.6' ],
296 silly audit   minimatch: [ '3.1.2' ],
296 silly audit   once: [ '1.4.0' ],
296 silly audit   wrappy: [ '1.0.2' ],
296 silly audit   'brace-expansion': [ '1.1.11' ],
296 silly audit   'balanced-match': [ '1.0.2' ],
296 silly audit   'concat-map': [ '0.0.1' ],
296 silly audit   'lru-cache': [ '6.0.0' ],
296 silly audit   yallist: [ '4.0.0' ],
296 silly audit   'safe-buffer': [ '5.2.1' ],
296 silly audit   'emoji-regex': [ '8.0.0' ],
296 silly audit   'is-fullwidth-code-point': [ '3.0.0' ],
296 silly audit   'ansi-regex': [ '5.0.1' ],
296 silly audit   chownr: [ '2.0.0' ],
296 silly audit   'fs-minipass': [ '2.1.0' ],
296 silly audit   minipass: [ '4.0.0', '3.3.6' ],
296 silly audit   minizlib: [ '2.1.2' ],
296 silly audit   mkdirp: [ '1.0.4' ],
296 silly audit   tr46: [ '0.0.3' ],
296 silly audit   'webidl-conversions': [ '3.0.1' ]
296 silly audit }
297 silly tarball no local data for webidl-conversions@https://registry.npmjs.org/webidl-conversions/-/webidl-conversions-3.0.1.tgz. Extracting by manifest.
298 silly tarball no local data for tr46@https://registry.npmjs.org/tr46/-/tr46-0.0.3.tgz. Extracting by manifest.
299 silly tarball no local data for mkdirp@https://registry.npmjs.org/mkdirp/-/mkdirp-1.0.4.tgz. Extracting by manifest.
300 silly tarball no local data for minizlib@https://registry.npmjs.org/minizlib/-/minizlib-2.1.2.tgz. Extracting by manifest.
301 silly tarball no local data for minipass@https://registry.npmjs.org/minipass/-/minipass-4.0.0.tgz. Extracting by manifest.
302 silly tarball no local data for fs-minipass@https://registry.npmjs.org/fs-minipass/-/fs-minipass-2.1.0.tgz. Extracting by manifest.
303 silly tarball no local data for chownr@https://registry.npmjs.org/chownr/-/chownr-2.0.0.tgz. Extracting by manifest.
304 silly tarball no local data for ansi-regex@https://registry.npmjs.org/ansi-regex/-/ansi-regex-5.0.1.tgz. Extracting by manifest.
305 silly tarball no local data for is-fullwidth-code-point@https://registry.npmjs.org/is-fullwidth-code-point/-/is-fullwidth-code-point-3.0.0.tgz. Extracting by manifest.
306 silly tarball no local data for emoji-regex@https://registry.npmjs.org/emoji-regex/-/emoji-regex-8.0.0.tgz. Extracting by manifest.
307 silly tarball no local data for yallist@https://registry.npmjs.org/yallist/-/yallist-4.0.0.tgz. Extracting by manifest.
308 silly tarball no local data for lru-cache@https://registry.npmjs.org/lru-cache/-/lru-cache-6.0.0.tgz. Extracting by manifest.
309 silly tarball no local data for concat-map@https://registry.npmjs.org/concat-map/-/concat-map-0.0.1.tgz. Extracting by manifest.
310 silly tarball no local data for balanced-match@https://registry.npmjs.org/balanced-match/-/balanced-match-1.0.2.tgz. Extracting by manifest.
311 silly tarball no local data for brace-expansion@https://registry.npmjs.org/brace-expansion/-/brace-expansion-1.1.11.tgz. Extracting by manifest.
312 silly tarball no local data for wrappy@https://registry.npmjs.org/wrappy/-/wrappy-1.0.2.tgz. Extracting by manifest.
313 silly tarball no local data for once@https://registry.npmjs.org/once/-/once-1.4.0.tgz. Extracting by manifest.
314 silly tarball no local data for minimatch@https://registry.npmjs.org/minimatch/-/minimatch-3.1.2.tgz. Extracting by manifest.
315 silly tarball no local data for inflight@https://registry.npmjs.org/inflight/-/inflight-1.0.6.tgz. Extracting by manifest.
316 silly tarball no local data for fs.realpath@https://registry.npmjs.org/fs.realpath/-/fs.realpath-1.0.0.tgz. Extracting by manifest.
317 silly tarball no local data for glob@https://registry.npmjs.org/glob/-/glob-7.2.3.tgz. Extracting by manifest.
318 silly tarball no local data for wide-align@https://registry.npmjs.org/wide-align/-/wide-align-1.1.5.tgz. Extracting by manifest.
319 silly tarball no local data for strip-ansi@https://registry.npmjs.org/strip-ansi/-/strip-ansi-6.0.1.tgz. Extracting by manifest.
320 silly tarball no local data for string-width@https://registry.npmjs.org/string-width/-/string-width-4.2.3.tgz. Extracting by manifest.
321 silly tarball no local data for signal-exit@https://registry.npmjs.org/signal-exit/-/signal-exit-3.0.7.tgz. Extracting by manifest.
322 silly tarball no local data for object-assign@https://registry.npmjs.org/object-assign/-/object-assign-4.1.1.tgz. Extracting by manifest.
323 silly tarball no local data for has-unicode@https://registry.npmjs.org/has-unicode/-/has-unicode-2.0.1.tgz. Extracting by manifest.
324 silly tarball no local data for color-support@https://registry.npmjs.org/color-support/-/color-support-1.1.3.tgz. Extracting by manifest.
325 silly tarball no local data for aproba@https://registry.npmjs.org/aproba/-/aproba-2.0.0.tgz. Extracting by manifest.
326 silly tarball no local data for delegates@https://registry.npmjs.org/delegates/-/delegates-1.0.0.tgz. Extracting by manifest.
327 silly tarball no local data for set-blocking@https://registry.npmjs.org/set-blocking/-/set-blocking-2.0.0.tgz. Extracting by manifest.
328 silly tarball no local data for gauge@https://registry.npmjs.org/gauge/-/gauge-3.0.2.tgz. Extracting by manifest.
329 silly tarball no local data for console-control-strings@https://registry.npmjs.org/console-control-strings/-/console-control-strings-1.1.0.tgz. Extracting by manifest.
330 silly tarball no local data for are-we-there-yet@https://registry.npmjs.org/are-we-there-yet/-/are-we-there-yet-2.0.0.tgz. Extracting by manifest.
331 silly tarball no local data for abbrev@https://registry.npmjs.org/abbrev/-/abbrev-1.1.1.tgz. Extracting by manifest.
332 silly tarball no local data for whatwg-url@https://registry.npmjs.org/whatwg-url/-/whatwg-url-5.0.0.tgz. Extracting by manifest.
333 silly tarball no local data for agent-base@https://registry.npmjs.org/agent-base/-/agent-base-6.0.2.tgz. Extracting by manifest.
334 silly tarball no local data for tar@https://registry.npmjs.org/tar/-/tar-6.1.13.tgz. Extracting by manifest.
335 silly tarball no local data for semver@https://registry.npmjs.org/semver/-/semver-7.3.8.tgz. Extracting by manifest.
336 silly tarball no local data for npmlog@https://registry.npmjs.org/npmlog/-/npmlog-5.0.1.tgz. Extracting by manifest.
337 silly tarball no local data for nopt@https://registry.npmjs.org/nopt/-/nopt-5.0.0.tgz. Extracting by manifest.
338 silly tarball no local data for node-fetch@https://registry.npmjs.org/node-fetch/-/node-fetch-2.6.7.tgz. Extracting by manifest.
339 silly tarball no local data for make-dir@https://registry.npmjs.org/make-dir/-/make-dir-3.1.0.tgz. Extracting by manifest.
340 silly tarball no local data for https-proxy-agent@https://registry.npmjs.org/https-proxy-agent/-/https-proxy-agent-5.0.1.tgz. Extracting by manifest.
341 silly tarball no local data for detect-libc@https://registry.npmjs.org/detect-libc/-/detect-libc-2.0.1.tgz. Extracting by manifest.
342 silly tarball no local data for rimraf@https://registry.npmjs.org/rimraf/-/rimraf-2.7.1.tgz. Extracting by manifest.
343 silly tarball no local data for path-is-absolute@https://registry.npmjs.org/path-is-absolute/-/path-is-absolute-1.0.1.tgz. Extracting by manifest.
344 silly tarball no local data for jsonfile@https://registry.npmjs.org/jsonfile/-/jsonfile-2.4.0.tgz. Extracting by manifest.
345 silly tarball no local data for graceful-fs@https://registry.npmjs.org/graceful-fs/-/graceful-fs-4.2.10.tgz. Extracting by manifest.
346 silly tarball no local data for nan@https://registry.npmjs.org/nan/-/nan-2.17.0.tgz. Extracting by manifest.
347 silly tarball no local data for fs-extra@https://registry.npmjs.org/fs-extra/-/fs-extra-0.23.1.tgz. Extracting by manifest.
348 silly tarball no local data for node-openalpr@https://registry.npmjs.org/node-openalpr/-/node-openalpr-1.1.1.tgz. Extracting by manifest.
349 silly tarball no local data for minipass@https://registry.npmjs.org/minipass/-/minipass-3.3.6.tgz. Extracting by manifest.
350 silly tarball no local data for minipass@https://registry.npmjs.org/minipass/-/minipass-3.3.6.tgz. Extracting by manifest.
351 silly tarball no local data for semver@https://registry.npmjs.org/semver/-/semver-6.3.0.tgz. Extracting by manifest.
352 silly tarball no local data for rimraf@https://registry.npmjs.org/rimraf/-/rimraf-3.0.2.tgz. Extracting by manifest.
353 http fetch POST 200 https://registry.npmjs.org/-/npm/v1/security/advisories/bulk 749ms
354 timing auditReport:getReport Completed in 753ms
355 silly audit report {}
356 timing auditReport:init Completed in 0ms
357 timing reify:audit Completed in 754ms
358 timing reifyNode:node_modules/ms Completed in 774ms
359 timing reifyNode:node_modules/inherits Completed in 790ms
360 timing reifyNode:node_modules/util-deprecate Completed in 799ms
361 timing reifyNode:node_modules/string_decoder Completed in 799ms
362 timing reifyNode:node_modules/safe-buffer Completed in 817ms
363 timing reifyNode:node_modules/debug Completed in 821ms
364 http fetch GET 200 https://registry.npmjs.org/chownr/-/chownr-2.0.0.tgz 756ms (cache miss)
365 timing reifyNode:node_modules/chownr Completed in 850ms
366 http fetch GET 200 https://registry.npmjs.org/concat-map/-/concat-map-0.0.1.tgz 721ms (cache miss)
367 timing reifyNode:node_modules/concat-map Completed in 853ms
368 http fetch GET 200 https://registry.npmjs.org/wrappy/-/wrappy-1.0.2.tgz 707ms (cache miss)
369 timing reifyNode:node_modules/wrappy Completed in 862ms
370 http fetch GET 200 https://registry.npmjs.org/once/-/once-1.4.0.tgz 713ms (cache miss)
371 timing reifyNode:node_modules/once Completed in 872ms
372 http fetch GET 200 https://registry.npmjs.org/wide-align/-/wide-align-1.1.5.tgz 681ms (cache miss)
373 timing reifyNode:node_modules/wide-align Completed in 875ms
374 http fetch GET 200 https://registry.npmjs.org/strip-ansi/-/strip-ansi-6.0.1.tgz 675ms (cache miss)
375 timing reifyNode:node_modules/strip-ansi Completed in 879ms
376 http fetch GET 200 https://registry.npmjs.org/set-blocking/-/set-blocking-2.0.0.tgz 628ms (cache miss)
377 timing reifyNode:node_modules/set-blocking Completed in 894ms
378 http fetch GET 200 https://registry.npmjs.org/has-unicode/-/has-unicode-2.0.1.tgz 657ms (cache miss)
379 timing reifyNode:node_modules/has-unicode Completed in 898ms
380 http fetch GET 200 https://registry.npmjs.org/mkdirp/-/mkdirp-1.0.4.tgz 842ms (cache miss)
381 timing reifyNode:node_modules/mkdirp Completed in 912ms
382 http fetch GET 200 https://registry.npmjs.org/ansi-regex/-/ansi-regex-5.0.1.tgz 817ms (cache miss)
383 timing reifyNode:node_modules/ansi-regex Completed in 915ms
384 http fetch GET 200 https://registry.npmjs.org/is-fullwidth-code-point/-/is-fullwidth-code-point-3.0.0.tgz 808ms (cache miss)
385 timing reifyNode:node_modules/is-fullwidth-code-point Completed in 919ms
386 http fetch GET 200 https://registry.npmjs.org/gauge/-/gauge-3.0.2.tgz 648ms (cache miss)
387 http fetch GET 200 https://registry.npmjs.org/console-control-strings/-/console-control-strings-1.1.0.tgz 653ms (cache miss)
388 timing reifyNode:node_modules/console-control-strings Completed in 929ms
389 http fetch GET 200 https://registry.npmjs.org/abbrev/-/abbrev-1.1.1.tgz 642ms (cache miss)
390 timing reifyNode:node_modules/abbrev Completed in 933ms
391 http fetch GET 200 https://registry.npmjs.org/inflight/-/inflight-1.0.6.tgz 787ms (cache miss)
392 timing reifyNode:node_modules/inflight Completed in 961ms
393 http fetch GET 200 https://registry.npmjs.org/path-is-absolute/-/path-is-absolute-1.0.1.tgz 600ms (cache miss)
394 timing reifyNode:node_modules/path-is-absolute Completed in 962ms
395 http fetch GET 200 https://registry.npmjs.org/npmlog/-/npmlog-5.0.1.tgz 650ms (cache miss)
396 timing reifyNode:node_modules/npmlog Completed in 968ms
397 http fetch GET 200 https://registry.npmjs.org/aproba/-/aproba-2.0.0.tgz 727ms (cache miss)
398 timing reifyNode:node_modules/aproba Completed in 976ms
399 http fetch GET 200 https://registry.npmjs.org/minipass/-/minipass-3.3.6.tgz 561ms (cache miss)
400 timing reifyNode:node_modules/fs-minipass/node_modules/minipass Completed in 982ms
401 http fetch GET 200 https://registry.npmjs.org/minimatch/-/minimatch-3.1.2.tgz 817ms (cache miss)
402 timing reifyNode:node_modules/minimatch Completed in 986ms
403 http fetch GET 200 https://registry.npmjs.org/whatwg-url/-/whatwg-url-5.0.0.tgz 693ms (cache miss)
404 timing reifyNode:node_modules/whatwg-url Completed in 988ms
405 http fetch GET 200 https://registry.npmjs.org/agent-base/-/agent-base-6.0.2.tgz 692ms (cache miss)
406 http fetch GET 200 https://registry.npmjs.org/balanced-match/-/balanced-match-1.0.2.tgz 858ms (cache miss)
407 timing reifyNode:node_modules/balanced-match Completed in 1003ms
408 timing reifyNode:node_modules/agent-base Completed in 1002ms
409 http fetch GET 200 https://registry.npmjs.org/brace-expansion/-/brace-expansion-1.1.11.tgz 866ms (cache miss)
410 timing reifyNode:node_modules/brace-expansion Completed in 1016ms
411 http fetch GET 200 https://registry.npmjs.org/color-support/-/color-support-1.1.3.tgz 773ms (cache miss)
412 timing reifyNode:node_modules/color-support Completed in 1019ms
413 http fetch GET 200 https://registry.npmjs.org/rimraf/-/rimraf-3.0.2.tgz 597ms (cache miss)
414 timing reifyNode:node_modules/node-pre-gyp/node_modules/rimraf Completed in 1021ms
415 http fetch GET 200 https://registry.npmjs.org/jsonfile/-/jsonfile-2.4.0.tgz 652ms (cache miss)
416 timing reifyNode:node_modules/jsonfile Completed in 1026ms
417 http fetch GET 200 https://registry.npmjs.org/webidl-conversions/-/webidl-conversions-3.0.1.tgz 974ms (cache miss)
418 timing reifyNode:node_modules/webidl-conversions Completed in 1035ms
419 http fetch GET 200 https://registry.npmjs.org/yallist/-/yallist-4.0.0.tgz 919ms (cache miss)
420 timing reifyNode:node_modules/yallist Completed in 1041ms
421 http fetch GET 200 https://registry.npmjs.org/string-width/-/string-width-4.2.3.tgz 820ms (cache miss)
422 timing reifyNode:node_modules/string-width Completed in 1043ms
423 http fetch GET 200 https://registry.npmjs.org/signal-exit/-/signal-exit-3.0.7.tgz 817ms (cache miss)
424 timing reifyNode:node_modules/signal-exit Completed in 1050ms
425 http fetch GET 200 https://registry.npmjs.org/make-dir/-/make-dir-3.1.0.tgz 707ms (cache miss)
426 timing reifyNode:node_modules/make-dir Completed in 1053ms
427 http fetch GET 200 https://registry.npmjs.org/minizlib/-/minizlib-2.1.2.tgz 989ms (cache miss)
428 timing reifyNode:node_modules/minizlib Completed in 1063ms
429 http fetch GET 200 https://registry.npmjs.org/minipass/-/minipass-4.0.0.tgz 992ms (cache miss)
430 timing reifyNode:node_modules/minipass Completed in 1076ms
431 http fetch GET 200 https://registry.npmjs.org/lru-cache/-/lru-cache-6.0.0.tgz 952ms (cache miss)
432 timing reifyNode:node_modules/lru-cache Completed in 1080ms
433 http fetch GET 200 https://registry.npmjs.org/fs.realpath/-/fs.realpath-1.0.0.tgz 904ms (cache miss)
434 timing reifyNode:node_modules/fs.realpath Completed in 1083ms
435 http fetch GET 200 https://registry.npmjs.org/object-assign/-/object-assign-4.1.1.tgz 848ms (cache miss)
436 timing reifyNode:node_modules/object-assign Completed in 1085ms
437 timing reifyNode:node_modules/gauge Completed in 1085ms
438 http fetch GET 200 https://registry.npmjs.org/fs-minipass/-/fs-minipass-2.1.0.tgz 1023ms (cache miss)
439 timing reifyNode:node_modules/fs-minipass Completed in 1112ms
440 http fetch GET 200 https://registry.npmjs.org/delegates/-/delegates-1.0.0.tgz 851ms (cache miss)
441 timing reifyNode:node_modules/delegates Completed in 1112ms
442 http fetch GET 200 https://registry.npmjs.org/emoji-regex/-/emoji-regex-8.0.0.tgz 1007ms (cache miss)
443 timing reifyNode:node_modules/emoji-regex Completed in 1123ms
444 http fetch GET 200 https://registry.npmjs.org/graceful-fs/-/graceful-fs-4.2.10.tgz 729ms (cache miss)
445 timing reifyNode:node_modules/graceful-fs Completed in 1122ms
446 http fetch GET 200 https://registry.npmjs.org/detect-libc/-/detect-libc-2.0.1.tgz 772ms (cache miss)
447 timing reifyNode:node_modules/detect-libc Completed in 1127ms
448 http fetch GET 200 https://registry.npmjs.org/minipass/-/minipass-3.3.6.tgz 726ms (cache miss)
449 timing reifyNode:node_modules/minizlib/node_modules/minipass Completed in 1143ms
450 http fetch GET 200 https://registry.npmjs.org/are-we-there-yet/-/are-we-there-yet-2.0.0.tgz 858ms (cache miss)
451 timing reifyNode:node_modules/are-we-there-yet Completed in 1144ms
452 http fetch GET 200 https://registry.npmjs.org/nopt/-/nopt-5.0.0.tgz 824ms (cache miss)
453 timing reifyNode:node_modules/nopt Completed in 1147ms
454 http fetch GET 200 https://registry.npmjs.org/glob/-/glob-7.2.3.tgz 976ms (cache miss)
455 timing reifyNode:node_modules/glob Completed in 1160ms
456 http fetch GET 200 https://registry.npmjs.org/https-proxy-agent/-/https-proxy-agent-5.0.1.tgz 811ms (cache miss)
457 timing reifyNode:node_modules/https-proxy-agent Completed in 1161ms
458 http fetch GET 200 https://registry.npmjs.org/rimraf/-/rimraf-2.7.1.tgz 822ms (cache miss)
459 timing reifyNode:node_modules/rimraf Completed in 1182ms
460 http fetch GET 200 https://registry.npmjs.org/semver/-/semver-6.3.0.tgz 765ms (cache miss)
461 timing reifyNode:node_modules/make-dir/node_modules/semver Completed in 1186ms
462 http fetch GET 200 https://registry.npmjs.org/tr46/-/tr46-0.0.3.tgz 1147ms (cache miss)
463 timing reifyNode:node_modules/tr46 Completed in 1212ms
464 timing reifyNode:node_modules/readable-stream Completed in 1214ms
465 http fetch GET 200 https://registry.npmjs.org/node-fetch/-/node-fetch-2.6.7.tgz 902ms (cache miss)
466 timing reifyNode:node_modules/node-fetch Completed in 1233ms
467 http fetch GET 200 https://registry.npmjs.org/tar/-/tar-6.1.13.tgz 959ms (cache miss)
468 timing reifyNode:node_modules/tar Completed in 1262ms
469 http fetch GET 200 https://registry.npmjs.org/fs-extra/-/fs-extra-0.23.1.tgz 877ms (cache miss)
470 timing reifyNode:node_modules/fs-extra Completed in 1278ms
471 http fetch GET 200 https://registry.npmjs.org/semver/-/semver-7.3.8.tgz 989ms (cache miss)
472 timing reifyNode:node_modules/semver Completed in 1302ms
473 http fetch GET 200 https://registry.npmjs.org/nan/-/nan-2.17.0.tgz 923ms (cache miss)
474 timing reifyNode:node_modules/nan Completed in 1320ms
475 http fetch GET 200 https://codeload.github.com/mapbox/node-pre-gyp/tar.gz/5b1dd9de9450cef89d4552b3714405813d446e1a 648ms (cache miss)
476 timing reifyNode:node_modules/node-pre-gyp Completed in 1545ms
477 http fetch GET 200 https://registry.npmjs.org/node-openalpr/-/node-openalpr-1.1.1.tgz 16602ms (cache miss)
478 timing reifyNode:node_modules/node-openalpr Completed in 17012ms
479 timing reify:unpack Completed in 17020ms
480 timing reify:unretire Completed in 0ms
481 timing build:queue Completed in 6ms
482 timing build:link:node_modules/color-support Completed in 7ms
483 timing build:link:node_modules/make-dir/node_modules/semver Completed in 6ms
484 timing build:link:node_modules/node-pre-gyp/node_modules/rimraf Completed in 6ms
485 timing build:link:node_modules/mkdirp Completed in 7ms
486 timing build:link:node_modules/node-pre-gyp Completed in 6ms
487 timing build:link:node_modules/nopt Completed in 6ms
488 timing build:link:node_modules/rimraf Completed in 6ms
489 timing build:link:node_modules/semver Completed in 6ms
490 timing build:link Completed in 8ms
491 info run node-openalpr@1.1.1 install node_modules/node-openalpr node-pre-gyp install --build-from-source --fallback-to-build
492 info run node-openalpr@1.1.1 install { code: 7, signal: null }
493 timing reify:rollback:createSparse Completed in 184ms
494 timing reify:rollback:retireShallow Completed in 0ms
495 timing command:install Completed in 23468ms
496 verbose stack Error: command failed
496 verbose stack     at ChildProcess.<anonymous> (/usr/share/nodejs/@npmcli/promise-spawn/index.js:64:27)
496 verbose stack     at ChildProcess.emit (events.js:314:20)
496 verbose stack     at maybeClose (internal/child_process.js:1022:16)
496 verbose stack     at Process.ChildProcess._handle.onexit (internal/child_process.js:287:5)
497 verbose pkgid node-openalpr@1.1.1
498 verbose cwd /home/rdb060/OpenAlpr
499 verbose Linux 5.15.0-56-generic
500 verbose argv "/usr/bin/node" "/usr/bin/npm" "install" "node-openalpr" "--save"
501 verbose node v12.22.9
502 verbose npm  v8.5.1
503 error code 7
504 error path /home/rdb060/OpenAlpr/node_modules/node-openalpr
505 error command failed
506 error command sh -c node-pre-gyp install --build-from-source --fallback-to-build
507 error node-pre-gyp info it worked if it ends with ok
507 error node-pre-gyp info using node-pre-gyp@1.0.10
507 error node-pre-gyp info using node@12.22.9 | linux | x64
507 error node-pre-gyp info build requesting source compile
507 error gyp info it worked if it ends with ok
507 error gyp info using node-gyp@8.4.1
507 error gyp info using node@12.22.9 | linux | x64
507 error gyp info ok 
507 error node-pre-gyp ERR! UNCAUGHT EXCEPTION 
507 error node-pre-gyp ERR! stack Error: node-openalpr package.json is not node-pre-gyp ready:
507 error node-pre-gyp ERR! stack package.json must declare these properties: 
507 error node-pre-gyp ERR! stack binary.host
507 error node-pre-gyp ERR! stack     at validate_config (/home/rdb060/OpenAlpr/node_modules/node-pre-gyp/lib/util/versioning.js:220:11)
507 error node-pre-gyp ERR! stack     at Object.module.exports.evaluate (/home/rdb060/OpenAlpr/node_modules/node-pre-gyp/lib/util/versioning.js:279:3)
507 error node-pre-gyp ERR! stack     at handle_gyp_opts (/home/rdb060/OpenAlpr/node_modules/node-pre-gyp/lib/util/handle_gyp_opts.js:59:27)
507 error node-pre-gyp ERR! stack     at configure (/home/rdb060/OpenAlpr/node_modules/node-pre-gyp/lib/configure.js:12:3)
507 error node-pre-gyp ERR! stack     at /home/rdb060/OpenAlpr/node_modules/node-pre-gyp/lib/build.js:43:7
507 error node-pre-gyp ERR! stack     at ChildProcess.<anonymous> (/home/rdb060/OpenAlpr/node_modules/node-pre-gyp/lib/util/compile.js:91:5)
507 error node-pre-gyp ERR! stack     at ChildProcess.emit (events.js:314:20)
507 error node-pre-gyp ERR! stack     at maybeClose (internal/child_process.js:1022:16)
507 error node-pre-gyp ERR! stack     at Process.ChildProcess._handle.onexit (internal/child_process.js:287:5)
507 error node-pre-gyp ERR! System Linux 5.15.0-56-generic
507 error node-pre-gyp ERR! command "/usr/bin/node" "/home/rdb060/OpenAlpr/node_modules/.bin/node-pre-gyp" "install" "--build-from-source" "--fallback-to-build"
507 error node-pre-gyp ERR! cwd /home/rdb060/OpenAlpr/node_modules/node-openalpr
507 error node-pre-gyp ERR! node -v v12.22.9
507 error node-pre-gyp ERR! node-pre-gyp -v v1.0.10
508 verbose exit 7
509 timing npm Completed in 23759ms
510 verbose unfinished npm timer reify 1671385142181
511 verbose unfinished npm timer reify:build 1671385163753
512 verbose unfinished npm timer build 1671385163754
513 verbose unfinished npm timer build:deps 1671385163754
514 verbose unfinished npm timer build:run:install 1671385163769
515 verbose unfinished npm timer build:run:install:node_modules/node-openalpr 1671385163770
516 verbose code 7
517 error A complete log of this run can be found in:
517 error     /home/rdb060/.npm/_logs/2022-12-18T17_39_01_901Z-debug-0.log
