0 verbose cli [ '/usr/bin/node', '/usr/bin/npm', 'i', 'express' ]
1 info using npm@8.5.1
2 info using node@v12.22.9
3 timing npm:load:whichnode Completed in 0ms
4 timing config:load:defaults Completed in 2ms
5 timing config:load:file:/usr/share/nodejs/npm/npmrc Completed in 3ms
6 timing config:load:builtin Completed in 3ms
7 timing config:load:cli Completed in 3ms
8 timing config:load:env Completed in 1ms
9 timing config:load:file:/home/rdb060/express/.npmrc Completed in 0ms
10 timing config:load:project Completed in 1ms
11 timing config:load:file:/home/rdb060/.npmrc Completed in 0ms
12 timing config:load:user Completed in 0ms
13 timing config:load:file:/etc/npmrc Completed in 0ms
14 timing config:load:global Completed in 0ms
15 timing config:load:validate Completed in 0ms
16 timing config:load:credentials Completed in 13ms
17 timing config:load:setEnvs Completed in 1ms
18 timing config:load Completed in 25ms
19 timing npm:load:configload Completed in 26ms
20 timing npm:load:setTitle Completed in 0ms
21 timing config:load:flatten Completed in 4ms
22 timing npm:load:display Completed in 6ms
23 verbose logfile /home/rdb060/.npm/_logs/2022-12-01T18_57_57_736Z-debug-0.log
24 timing npm:load:logFile Completed in 7ms
25 timing npm:load:timers Completed in 0ms
26 timing npm:load:configScope Completed in 0ms
27 timing npm:load Completed in 40ms
28 timing arborist:ctor Completed in 2ms
29 timing arborist:ctor Completed in 1ms
30 timing idealTree:init Completed in 19ms
31 timing idealTree:userRequests Completed in 25ms
32 silly idealTree buildDeps
33 silly fetch manifest express@*
34 http fetch GET 200 https://registry.npmjs.org/express 150ms (cache miss)
35 silly placeDep ROOT express@4.18.2 OK for:  want: *
36 silly fetch manifest accepts@~1.3.8
37 silly fetch manifest array-flatten@1.1.1
38 silly fetch manifest body-parser@1.20.1
39 silly fetch manifest content-disposition@0.5.4
40 silly fetch manifest content-type@~1.0.4
41 silly fetch manifest cookie@0.5.0
42 silly fetch manifest cookie-signature@1.0.6
43 silly fetch manifest debug@2.6.9
44 silly fetch manifest depd@2.0.0
45 silly fetch manifest encodeurl@~1.0.2
46 silly fetch manifest escape-html@~1.0.3
47 silly fetch manifest etag@~1.8.1
48 silly fetch manifest finalhandler@1.2.0
49 silly fetch manifest fresh@0.5.2
50 silly fetch manifest http-errors@2.0.0
51 silly fetch manifest merge-descriptors@1.0.1
52 silly fetch manifest methods@~1.1.2
53 silly fetch manifest on-finished@2.4.1
54 silly fetch manifest parseurl@~1.3.3
55 silly fetch manifest path-to-regexp@0.1.7
56 silly fetch manifest proxy-addr@~2.0.7
57 silly fetch manifest qs@6.11.0
58 silly fetch manifest range-parser@~1.2.1
59 silly fetch manifest safe-buffer@5.2.1
60 silly fetch manifest send@0.18.0
61 silly fetch manifest serve-static@1.15.0
62 silly fetch manifest setprototypeof@1.2.0
63 silly fetch manifest statuses@2.0.1
64 silly fetch manifest type-is@~1.6.18
65 silly fetch manifest utils-merge@1.0.1
66 silly fetch manifest vary@~1.1.2
67 http fetch GET 200 https://registry.npmjs.org/accepts 146ms (cache miss)
68 http fetch GET 200 https://registry.npmjs.org/array-flatten 277ms (cache miss)
69 http fetch GET 200 https://registry.npmjs.org/cookie 282ms (cache miss)
70 http fetch GET 200 https://registry.npmjs.org/merge-descriptors 301ms (cache miss)
71 http fetch GET 200 https://registry.npmjs.org/content-disposition 319ms (cache miss)
72 http fetch GET 200 https://registry.npmjs.org/debug 315ms (cache miss)
73 http fetch GET 200 https://registry.npmjs.org/depd 316ms (cache miss)
74 http fetch GET 200 https://registry.npmjs.org/body-parser 324ms (cache miss)
75 http fetch GET 200 https://registry.npmjs.org/encodeurl 318ms (cache miss)
76 http fetch GET 200 https://registry.npmjs.org/fresh 311ms (cache miss)
77 http fetch GET 200 https://registry.npmjs.org/etag 316ms (cache miss)
78 http fetch GET 200 https://registry.npmjs.org/content-type 325ms (cache miss)
79 http fetch GET 200 https://registry.npmjs.org/http-errors 312ms (cache miss)
80 http fetch GET 200 https://registry.npmjs.org/cookie-signature 325ms (cache miss)
81 http fetch GET 200 https://registry.npmjs.org/escape-html 321ms (cache miss)
82 http fetch GET 200 https://registry.npmjs.org/parseurl 309ms (cache miss)
83 http fetch GET 200 https://registry.npmjs.org/path-to-regexp 306ms (cache miss)
84 http fetch GET 200 https://registry.npmjs.org/range-parser 301ms (cache miss)
85 http fetch GET 200 https://registry.npmjs.org/proxy-addr 306ms (cache miss)
86 http fetch GET 200 https://registry.npmjs.org/serve-static 299ms (cache miss)
87 http fetch GET 200 https://registry.npmjs.org/safe-buffer 302ms (cache miss)
88 http fetch GET 200 https://registry.npmjs.org/methods 317ms (cache miss)
89 http fetch GET 200 https://registry.npmjs.org/on-finished 316ms (cache miss)
90 http fetch GET 200 https://registry.npmjs.org/finalhandler 325ms (cache miss)
91 http fetch GET 200 https://registry.npmjs.org/send 304ms (cache miss)
92 http fetch GET 200 https://registry.npmjs.org/qs 311ms (cache miss)
93 http fetch GET 200 https://registry.npmjs.org/statuses 304ms (cache miss)
94 http fetch GET 200 https://registry.npmjs.org/setprototypeof 305ms (cache miss)
95 http fetch GET 200 https://registry.npmjs.org/type-is 303ms (cache miss)
96 http fetch GET 200 https://registry.npmjs.org/utils-merge 303ms (cache miss)
97 http fetch GET 200 https://registry.npmjs.org/vary 302ms (cache miss)
98 timing idealTree:#root Completed in 516ms
99 silly placeDep ROOT accepts@1.3.8 OK for: express@4.18.2 want: ~1.3.8
100 silly placeDep ROOT array-flatten@1.1.1 OK for: express@4.18.2 want: 1.1.1
101 silly placeDep ROOT body-parser@1.20.1 OK for: express@4.18.2 want: 1.20.1
102 silly placeDep ROOT content-disposition@0.5.4 OK for: express@4.18.2 want: 0.5.4
103 silly placeDep ROOT content-type@1.0.4 OK for: express@4.18.2 want: ~1.0.4
104 silly placeDep ROOT cookie@0.5.0 OK for: express@4.18.2 want: 0.5.0
105 silly placeDep ROOT cookie-signature@1.0.6 OK for: express@4.18.2 want: 1.0.6
106 silly placeDep ROOT debug@2.6.9 OK for: express@4.18.2 want: 2.6.9
107 silly placeDep ROOT depd@2.0.0 OK for: express@4.18.2 want: 2.0.0
108 silly placeDep ROOT encodeurl@1.0.2 OK for: express@4.18.2 want: ~1.0.2
109 silly placeDep ROOT escape-html@1.0.3 OK for: express@4.18.2 want: ~1.0.3
110 silly placeDep ROOT etag@1.8.1 OK for: express@4.18.2 want: ~1.8.1
111 silly placeDep ROOT finalhandler@1.2.0 OK for: express@4.18.2 want: 1.2.0
112 silly placeDep ROOT fresh@0.5.2 OK for: express@4.18.2 want: 0.5.2
113 silly placeDep ROOT http-errors@2.0.0 OK for: express@4.18.2 want: 2.0.0
114 silly placeDep ROOT merge-descriptors@1.0.1 OK for: express@4.18.2 want: 1.0.1
115 silly placeDep ROOT methods@1.1.2 OK for: express@4.18.2 want: ~1.1.2
116 silly placeDep ROOT on-finished@2.4.1 OK for: express@4.18.2 want: 2.4.1
117 silly placeDep ROOT parseurl@1.3.3 OK for: express@4.18.2 want: ~1.3.3
118 silly placeDep ROOT path-to-regexp@0.1.7 OK for: express@4.18.2 want: 0.1.7
119 silly placeDep ROOT proxy-addr@2.0.7 OK for: express@4.18.2 want: ~2.0.7
120 silly placeDep ROOT qs@6.11.0 OK for: express@4.18.2 want: 6.11.0
121 silly placeDep ROOT range-parser@1.2.1 OK for: express@4.18.2 want: ~1.2.1
122 silly placeDep ROOT safe-buffer@5.2.1 OK for: express@4.18.2 want: 5.2.1
123 silly placeDep ROOT send@0.18.0 OK for: express@4.18.2 want: 0.18.0
124 silly placeDep ROOT serve-static@1.15.0 OK for: express@4.18.2 want: 1.15.0
125 silly placeDep ROOT setprototypeof@1.2.0 OK for: express@4.18.2 want: 1.2.0
126 silly placeDep ROOT statuses@2.0.1 OK for: express@4.18.2 want: 2.0.1
127 silly placeDep ROOT type-is@1.6.18 OK for: express@4.18.2 want: ~1.6.18
128 silly placeDep ROOT utils-merge@1.0.1 OK for: express@4.18.2 want: 1.0.1
129 silly placeDep ROOT vary@1.1.2 OK for: express@4.18.2 want: ~1.1.2
130 silly fetch manifest mime-types@~2.1.34
131 silly fetch manifest negotiator@0.6.3
132 silly fetch manifest bytes@3.1.2
133 silly fetch manifest destroy@1.2.0
134 silly fetch manifest iconv-lite@0.4.24
135 silly fetch manifest raw-body@2.5.1
136 silly fetch manifest unpipe@1.0.0
137 silly fetch manifest ms@2.0.0
138 silly fetch manifest unpipe@~1.0.0
139 silly fetch manifest inherits@2.0.4
140 silly fetch manifest toidentifier@1.0.1
141 silly fetch manifest ee-first@1.1.1
142 silly fetch manifest forwarded@0.2.0
143 silly fetch manifest ipaddr.js@1.9.1
144 silly fetch manifest side-channel@^1.0.4
145 silly fetch manifest mime@1.6.0
146 silly fetch manifest ms@2.1.3
147 silly fetch manifest media-typer@0.3.0
148 silly fetch manifest mime-types@~2.1.24
149 http fetch GET 200 https://registry.npmjs.org/ee-first 104ms (cache miss)
150 http fetch GET 200 https://registry.npmjs.org/inherits 107ms (cache miss)
151 http fetch GET 200 https://registry.npmjs.org/bytes 117ms (cache miss)
152 http fetch GET 200 https://registry.npmjs.org/toidentifier 110ms (cache miss)
153 http fetch GET 200 https://registry.npmjs.org/iconv-lite 117ms (cache miss)
154 http fetch GET 200 https://registry.npmjs.org/raw-body 117ms (cache miss)
155 http fetch GET 200 https://registry.npmjs.org/unpipe 117ms (cache miss)
156 http fetch GET 200 https://registry.npmjs.org/destroy 123ms (cache miss)
157 http fetch GET 200 https://registry.npmjs.org/negotiator 125ms (cache miss)
158 http fetch GET 200 https://registry.npmjs.org/ms 118ms (cache miss)
159 http fetch GET 200 https://registry.npmjs.org/forwarded 113ms (cache miss)
160 http fetch GET 200 https://registry.npmjs.org/ipaddr.js 112ms (cache miss)
161 http fetch GET 200 https://registry.npmjs.org/mime-types 129ms (cache miss)
162 http fetch GET 200 https://registry.npmjs.org/mime 111ms (cache miss)
163 http fetch GET 200 https://registry.npmjs.org/side-channel 115ms (cache miss)
164 http fetch GET 200 https://registry.npmjs.org/media-typer 111ms (cache miss)
165 timing idealTree:node_modules/express Completed in 214ms
166 silly placeDep ROOT mime-types@2.1.35 OK for: accepts@1.3.8 want: ~2.1.34
167 silly placeDep ROOT negotiator@0.6.3 OK for: accepts@1.3.8 want: 0.6.3
168 silly fetch manifest mime-db@1.52.0
169 http fetch GET 200 https://registry.npmjs.org/mime-db 37ms (cache miss)
170 timing idealTree:node_modules/accepts Completed in 44ms
171 timing idealTree:node_modules/array-flatten Completed in 0ms
172 silly placeDep ROOT bytes@3.1.2 OK for: body-parser@1.20.1 want: 3.1.2
173 silly placeDep ROOT destroy@1.2.0 OK for: body-parser@1.20.1 want: 1.2.0
174 silly placeDep ROOT iconv-lite@0.4.24 OK for: body-parser@1.20.1 want: 0.4.24
175 silly placeDep ROOT raw-body@2.5.1 OK for: body-parser@1.20.1 want: 2.5.1
176 silly placeDep ROOT unpipe@1.0.0 OK for: body-parser@1.20.1 want: 1.0.0
177 silly fetch manifest safer-buffer@>= 2.1.2 < 3
178 http fetch GET 200 https://registry.npmjs.org/safer-buffer 33ms (cache miss)
179 timing idealTree:node_modules/body-parser Completed in 45ms
180 timing idealTree:node_modules/bytes Completed in 0ms
181 timing idealTree:node_modules/content-disposition Completed in 0ms
182 timing idealTree:node_modules/content-type Completed in 0ms
183 timing idealTree:node_modules/cookie Completed in 0ms
184 timing idealTree:node_modules/cookie-signature Completed in 0ms
185 silly placeDep ROOT ms@2.0.0 OK for: debug@2.6.9 want: 2.0.0
186 timing idealTree:node_modules/debug Completed in 2ms
187 timing idealTree:node_modules/depd Completed in 0ms
188 timing idealTree:node_modules/destroy Completed in 0ms
189 timing idealTree:node_modules/encodeurl Completed in 0ms
190 timing idealTree:node_modules/escape-html Completed in 0ms
191 timing idealTree:node_modules/etag Completed in 0ms
192 timing idealTree:node_modules/finalhandler Completed in 0ms
193 timing idealTree:node_modules/fresh Completed in 0ms
194 silly placeDep ROOT inherits@2.0.4 OK for: http-errors@2.0.0 want: 2.0.4
195 silly placeDep ROOT toidentifier@1.0.1 OK for: http-errors@2.0.0 want: 1.0.1
196 timing idealTree:node_modules/http-errors Completed in 3ms
197 silly placeDep ROOT safer-buffer@2.1.2 OK for: iconv-lite@0.4.24 want: >= 2.1.2 < 3
198 timing idealTree:node_modules/iconv-lite Completed in 2ms
199 timing idealTree:node_modules/inherits Completed in 0ms
200 timing idealTree:node_modules/merge-descriptors Completed in 0ms
201 timing idealTree:node_modules/methods Completed in 0ms
202 silly placeDep ROOT mime-db@1.52.0 OK for: mime-types@2.1.35 want: 1.52.0
203 timing idealTree:node_modules/mime-types Completed in 2ms
204 timing idealTree:node_modules/mime-db Completed in 0ms
205 timing idealTree:node_modules/ms Completed in 0ms
206 timing idealTree:node_modules/negotiator Completed in 0ms
207 silly placeDep ROOT ee-first@1.1.1 OK for: on-finished@2.4.1 want: 1.1.1
208 timing idealTree:node_modules/on-finished Completed in 1ms
209 timing idealTree:node_modules/ee-first Completed in 0ms
210 timing idealTree:node_modules/parseurl Completed in 0ms
211 timing idealTree:node_modules/path-to-regexp Completed in 0ms
212 silly placeDep ROOT forwarded@0.2.0 OK for: proxy-addr@2.0.7 want: 0.2.0
213 silly placeDep ROOT ipaddr.js@1.9.1 OK for: proxy-addr@2.0.7 want: 1.9.1
214 timing idealTree:node_modules/proxy-addr Completed in 4ms
215 timing idealTree:node_modules/forwarded Completed in 0ms
216 timing idealTree:node_modules/ipaddr.js Completed in 0ms
217 silly placeDep ROOT side-channel@1.0.4 OK for: qs@6.11.0 want: ^1.0.4
218 silly fetch manifest call-bind@^1.0.0
219 silly fetch manifest get-intrinsic@^1.0.2
220 silly fetch manifest object-inspect@^1.9.0
221 http fetch GET 200 https://registry.npmjs.org/call-bind 48ms (cache miss)
222 http fetch GET 200 https://registry.npmjs.org/object-inspect 47ms (cache miss)
223 http fetch GET 200 https://registry.npmjs.org/get-intrinsic 68ms (cache miss)
224 timing idealTree:node_modules/qs Completed in 73ms
225 timing idealTree:node_modules/range-parser Completed in 0ms
226 timing idealTree:node_modules/raw-body Completed in 0ms
227 timing idealTree:node_modules/safe-buffer Completed in 0ms
228 timing idealTree:node_modules/safer-buffer Completed in 0ms
229 silly placeDep ROOT mime@1.6.0 OK for: send@0.18.0 want: 1.6.0
230 silly placeDep node_modules/send ms@2.1.3 OK for: send@0.18.0 want: 2.1.3
231 timing idealTree:node_modules/send Completed in 5ms
232 timing idealTree:node_modules/mime Completed in 0ms
233 timing idealTree:node_modules/serve-static Completed in 0ms
234 timing idealTree:node_modules/setprototypeof Completed in 0ms
235 silly placeDep ROOT call-bind@1.0.2 OK for: side-channel@1.0.4 want: ^1.0.0
236 silly placeDep ROOT get-intrinsic@1.1.3 OK for: side-channel@1.0.4 want: ^1.0.2
237 silly placeDep ROOT object-inspect@1.12.2 OK for: side-channel@1.0.4 want: ^1.9.0
238 silly fetch manifest function-bind@^1.1.1
239 silly fetch manifest has@^1.0.3
240 silly fetch manifest has-symbols@^1.0.3
241 http fetch GET 200 https://registry.npmjs.org/function-bind 50ms (cache miss)
242 http fetch GET 200 https://registry.npmjs.org/has 50ms (cache miss)
243 http fetch GET 200 https://registry.npmjs.org/has-symbols 49ms (cache miss)
244 timing idealTree:node_modules/side-channel Completed in 60ms
245 silly placeDep ROOT function-bind@1.1.1 OK for: call-bind@1.0.2 want: ^1.1.1
246 timing idealTree:node_modules/call-bind Completed in 3ms
247 timing idealTree:node_modules/function-bind Completed in 0ms
248 silly placeDep ROOT has@1.0.3 OK for: get-intrinsic@1.1.3 want: ^1.0.3
249 silly placeDep ROOT has-symbols@1.0.3 OK for: get-intrinsic@1.1.3 want: ^1.0.3
250 timing idealTree:node_modules/get-intrinsic Completed in 2ms
251 timing idealTree:node_modules/has Completed in 0ms
252 timing idealTree:node_modules/has-symbols Completed in 0ms
253 timing idealTree:node_modules/object-inspect Completed in 0ms
254 timing idealTree:node_modules/statuses Completed in 0ms
255 timing idealTree:node_modules/toidentifier Completed in 0ms
256 silly placeDep ROOT media-typer@0.3.0 OK for: type-is@1.6.18 want: 0.3.0
257 timing idealTree:node_modules/type-is Completed in 1ms
258 timing idealTree:node_modules/media-typer Completed in 0ms
259 timing idealTree:node_modules/unpipe Completed in 0ms
260 timing idealTree:node_modules/utils-merge Completed in 0ms
261 timing idealTree:node_modules/vary Completed in 0ms
262 timing idealTree:node_modules/send/node_modules/ms Completed in 0ms
263 timing idealTree:buildDeps Completed in 991ms
264 timing idealTree:fixDepFlags Completed in 2ms
265 timing idealTree Completed in 1040ms
266 timing reify:loadTrees Completed in 1041ms
267 timing reify:diffTrees Completed in 3ms
268 silly reify moves {}
269 timing reify:retireShallow Completed in 0ms
270 timing reify:createSparse Completed in 12ms
271 timing reify:loadBundles Completed in 0ms
272 silly audit bulk request {
272 silly audit   express: [ '4.18.2' ],
272 silly audit   accepts: [ '1.3.8' ],
272 silly audit   'array-flatten': [ '1.1.1' ],
272 silly audit   'body-parser': [ '1.20.1' ],
272 silly audit   'content-disposition': [ '0.5.4' ],
272 silly audit   'content-type': [ '1.0.4' ],
272 silly audit   cookie: [ '0.5.0' ],
272 silly audit   'cookie-signature': [ '1.0.6' ],
272 silly audit   debug: [ '2.6.9' ],
272 silly audit   depd: [ '2.0.0' ],
272 silly audit   encodeurl: [ '1.0.2' ],
272 silly audit   'escape-html': [ '1.0.3' ],
272 silly audit   etag: [ '1.8.1' ],
272 silly audit   finalhandler: [ '1.2.0' ],
272 silly audit   fresh: [ '0.5.2' ],
272 silly audit   'http-errors': [ '2.0.0' ],
272 silly audit   'merge-descriptors': [ '1.0.1' ],
272 silly audit   methods: [ '1.1.2' ],
272 silly audit   'on-finished': [ '2.4.1' ],
272 silly audit   parseurl: [ '1.3.3' ],
272 silly audit   'path-to-regexp': [ '0.1.7' ],
272 silly audit   'proxy-addr': [ '2.0.7' ],
272 silly audit   qs: [ '6.11.0' ],
272 silly audit   'range-parser': [ '1.2.1' ],
272 silly audit   'safe-buffer': [ '5.2.1' ],
272 silly audit   send: [ '0.18.0' ],
272 silly audit   'serve-static': [ '1.15.0' ],
272 silly audit   setprototypeof: [ '1.2.0' ],
272 silly audit   statuses: [ '2.0.1' ],
272 silly audit   'type-is': [ '1.6.18' ],
272 silly audit   'utils-merge': [ '1.0.1' ],
272 silly audit   vary: [ '1.1.2' ],
272 silly audit   'mime-types': [ '2.1.35' ],
272 silly audit   negotiator: [ '0.6.3' ],
272 silly audit   bytes: [ '3.1.2' ],
272 silly audit   destroy: [ '1.2.0' ],
272 silly audit   'iconv-lite': [ '0.4.24' ],
272 silly audit   'raw-body': [ '2.5.1' ],
272 silly audit   unpipe: [ '1.0.0' ],
272 silly audit   ms: [ '2.0.0', '2.1.3' ],
272 silly audit   inherits: [ '2.0.4' ],
272 silly audit   toidentifier: [ '1.0.1' ],
272 silly audit   'safer-buffer': [ '2.1.2' ],
272 silly audit   'mime-db': [ '1.52.0' ],
272 silly audit   'ee-first': [ '1.1.1' ],
272 silly audit   forwarded: [ '0.2.0' ],
272 silly audit   'ipaddr.js': [ '1.9.1' ],
272 silly audit   'side-channel': [ '1.0.4' ],
272 silly audit   mime: [ '1.6.0' ],
272 silly audit   'call-bind': [ '1.0.2' ],
272 silly audit   'get-intrinsic': [ '1.1.3' ],
272 silly audit   'object-inspect': [ '1.12.2' ],
272 silly audit   'function-bind': [ '1.1.1' ],
272 silly audit   has: [ '1.0.3' ],
272 silly audit   'has-symbols': [ '1.0.3' ],
272 silly audit   'media-typer': [ '0.3.0' ]
272 silly audit }
273 silly tarball no local data for media-typer@https://registry.npmjs.org/media-typer/-/media-typer-0.3.0.tgz. Extracting by manifest.
274 silly tarball no local data for has-symbols@https://registry.npmjs.org/has-symbols/-/has-symbols-1.0.3.tgz. Extracting by manifest.
275 silly tarball no local data for has@https://registry.npmjs.org/has/-/has-1.0.3.tgz. Extracting by manifest.
276 silly tarball no local data for function-bind@https://registry.npmjs.org/function-bind/-/function-bind-1.1.1.tgz. Extracting by manifest.
277 silly tarball no local data for object-inspect@https://registry.npmjs.org/object-inspect/-/object-inspect-1.12.2.tgz. Extracting by manifest.
278 silly tarball no local data for get-intrinsic@https://registry.npmjs.org/get-intrinsic/-/get-intrinsic-1.1.3.tgz. Extracting by manifest.
279 silly tarball no local data for call-bind@https://registry.npmjs.org/call-bind/-/call-bind-1.0.2.tgz. Extracting by manifest.
280 silly tarball no local data for mime@https://registry.npmjs.org/mime/-/mime-1.6.0.tgz. Extracting by manifest.
281 silly tarball no local data for side-channel@https://registry.npmjs.org/side-channel/-/side-channel-1.0.4.tgz. Extracting by manifest.
282 silly tarball no local data for ipaddr.js@https://registry.npmjs.org/ipaddr.js/-/ipaddr.js-1.9.1.tgz. Extracting by manifest.
283 silly tarball no local data for forwarded@https://registry.npmjs.org/forwarded/-/forwarded-0.2.0.tgz. Extracting by manifest.
284 silly tarball no local data for ee-first@https://registry.npmjs.org/ee-first/-/ee-first-1.1.1.tgz. Extracting by manifest.
285 silly tarball no local data for mime-db@https://registry.npmjs.org/mime-db/-/mime-db-1.52.0.tgz. Extracting by manifest.
286 silly tarball no local data for safer-buffer@https://registry.npmjs.org/safer-buffer/-/safer-buffer-2.1.2.tgz. Extracting by manifest.
287 silly tarball no local data for toidentifier@https://registry.npmjs.org/toidentifier/-/toidentifier-1.0.1.tgz. Extracting by manifest.
288 silly tarball no local data for inherits@https://registry.npmjs.org/inherits/-/inherits-2.0.4.tgz. Extracting by manifest.
289 silly tarball no local data for ms@https://registry.npmjs.org/ms/-/ms-2.0.0.tgz. Extracting by manifest.
290 silly tarball no local data for unpipe@https://registry.npmjs.org/unpipe/-/unpipe-1.0.0.tgz. Extracting by manifest.
291 silly tarball no local data for raw-body@https://registry.npmjs.org/raw-body/-/raw-body-2.5.1.tgz. Extracting by manifest.
292 silly tarball no local data for iconv-lite@https://registry.npmjs.org/iconv-lite/-/iconv-lite-0.4.24.tgz. Extracting by manifest.
293 silly tarball no local data for destroy@https://registry.npmjs.org/destroy/-/destroy-1.2.0.tgz. Extracting by manifest.
294 silly tarball no local data for bytes@https://registry.npmjs.org/bytes/-/bytes-3.1.2.tgz. Extracting by manifest.
295 silly tarball no local data for negotiator@https://registry.npmjs.org/negotiator/-/negotiator-0.6.3.tgz. Extracting by manifest.
296 silly tarball no local data for mime-types@https://registry.npmjs.org/mime-types/-/mime-types-2.1.35.tgz. Extracting by manifest.
297 silly tarball no local data for vary@https://registry.npmjs.org/vary/-/vary-1.1.2.tgz. Extracting by manifest.
298 silly tarball no local data for utils-merge@https://registry.npmjs.org/utils-merge/-/utils-merge-1.0.1.tgz. Extracting by manifest.
299 silly tarball no local data for type-is@https://registry.npmjs.org/type-is/-/type-is-1.6.18.tgz. Extracting by manifest.
300 silly tarball no local data for statuses@https://registry.npmjs.org/statuses/-/statuses-2.0.1.tgz. Extracting by manifest.
301 silly tarball no local data for setprototypeof@https://registry.npmjs.org/setprototypeof/-/setprototypeof-1.2.0.tgz. Extracting by manifest.
302 silly tarball no local data for serve-static@https://registry.npmjs.org/serve-static/-/serve-static-1.15.0.tgz. Extracting by manifest.
303 silly tarball no local data for send@https://registry.npmjs.org/send/-/send-0.18.0.tgz. Extracting by manifest.
304 silly tarball no local data for safe-buffer@https://registry.npmjs.org/safe-buffer/-/safe-buffer-5.2.1.tgz. Extracting by manifest.
305 silly tarball no local data for range-parser@https://registry.npmjs.org/range-parser/-/range-parser-1.2.1.tgz. Extracting by manifest.
306 silly tarball no local data for qs@https://registry.npmjs.org/qs/-/qs-6.11.0.tgz. Extracting by manifest.
307 silly tarball no local data for proxy-addr@https://registry.npmjs.org/proxy-addr/-/proxy-addr-2.0.7.tgz. Extracting by manifest.
308 silly tarball no local data for path-to-regexp@https://registry.npmjs.org/path-to-regexp/-/path-to-regexp-0.1.7.tgz. Extracting by manifest.
309 silly tarball no local data for parseurl@https://registry.npmjs.org/parseurl/-/parseurl-1.3.3.tgz. Extracting by manifest.
310 silly tarball no local data for on-finished@https://registry.npmjs.org/on-finished/-/on-finished-2.4.1.tgz. Extracting by manifest.
311 silly tarball no local data for methods@https://registry.npmjs.org/methods/-/methods-1.1.2.tgz. Extracting by manifest.
312 silly tarball no local data for merge-descriptors@https://registry.npmjs.org/merge-descriptors/-/merge-descriptors-1.0.1.tgz. Extracting by manifest.
313 silly tarball no local data for http-errors@https://registry.npmjs.org/http-errors/-/http-errors-2.0.0.tgz. Extracting by manifest.
314 silly tarball no local data for fresh@https://registry.npmjs.org/fresh/-/fresh-0.5.2.tgz. Extracting by manifest.
315 silly tarball no local data for finalhandler@https://registry.npmjs.org/finalhandler/-/finalhandler-1.2.0.tgz. Extracting by manifest.
316 silly tarball no local data for etag@https://registry.npmjs.org/etag/-/etag-1.8.1.tgz. Extracting by manifest.
317 silly tarball no local data for escape-html@https://registry.npmjs.org/escape-html/-/escape-html-1.0.3.tgz. Extracting by manifest.
318 silly tarball no local data for encodeurl@https://registry.npmjs.org/encodeurl/-/encodeurl-1.0.2.tgz. Extracting by manifest.
319 silly tarball no local data for depd@https://registry.npmjs.org/depd/-/depd-2.0.0.tgz. Extracting by manifest.
320 silly tarball no local data for debug@https://registry.npmjs.org/debug/-/debug-2.6.9.tgz. Extracting by manifest.
321 silly tarball no local data for cookie-signature@https://registry.npmjs.org/cookie-signature/-/cookie-signature-1.0.6.tgz. Extracting by manifest.
322 silly tarball no local data for cookie@https://registry.npmjs.org/cookie/-/cookie-0.5.0.tgz. Extracting by manifest.
323 silly tarball no local data for content-type@https://registry.npmjs.org/content-type/-/content-type-1.0.4.tgz. Extracting by manifest.
324 silly tarball no local data for content-disposition@https://registry.npmjs.org/content-disposition/-/content-disposition-0.5.4.tgz. Extracting by manifest.
325 silly tarball no local data for body-parser@https://registry.npmjs.org/body-parser/-/body-parser-1.20.1.tgz. Extracting by manifest.
326 silly tarball no local data for array-flatten@https://registry.npmjs.org/array-flatten/-/array-flatten-1.1.1.tgz. Extracting by manifest.
327 silly tarball no local data for accepts@https://registry.npmjs.org/accepts/-/accepts-1.3.8.tgz. Extracting by manifest.
328 silly tarball no local data for express@https://registry.npmjs.org/express/-/express-4.18.2.tgz. Extracting by manifest.
329 silly tarball no local data for ms@https://registry.npmjs.org/ms/-/ms-2.1.3.tgz. Extracting by manifest.
330 http fetch POST 200 https://registry.npmjs.org/-/npm/v1/security/advisories/bulk 695ms
331 timing auditReport:getReport Completed in 698ms
332 silly audit report {}
333 timing auditReport:init Completed in 0ms
334 timing reify:audit Completed in 698ms
335 http fetch GET 200 https://registry.npmjs.org/toidentifier/-/toidentifier-1.0.1.tgz 659ms (cache miss)
336 timing reifyNode:node_modules/toidentifier Completed in 797ms
337 http fetch GET 200 https://registry.npmjs.org/forwarded/-/forwarded-0.2.0.tgz 693ms (cache miss)
338 timing reifyNode:node_modules/forwarded Completed in 810ms
339 http fetch GET 200 https://registry.npmjs.org/ee-first/-/ee-first-1.1.1.tgz 692ms (cache miss)
340 timing reifyNode:node_modules/ee-first Completed in 813ms
341 http fetch GET 200 https://registry.npmjs.org/unpipe/-/unpipe-1.0.0.tgz 682ms (cache miss)
342 timing reifyNode:node_modules/unpipe Completed in 836ms
343 http fetch GET 200 https://registry.npmjs.org/destroy/-/destroy-1.2.0.tgz 668ms (cache miss)
344 timing reifyNode:node_modules/destroy Completed in 840ms
345 http fetch GET 200 https://registry.npmjs.org/finalhandler/-/finalhandler-1.2.0.tgz 552ms (cache miss)
346 timing reifyNode:node_modules/finalhandler Completed in 843ms
347 http fetch GET 200 https://registry.npmjs.org/utils-merge/-/utils-merge-1.0.1.tgz 655ms (cache miss)
348 timing reifyNode:node_modules/utils-merge Completed in 851ms
349 http fetch GET 200 https://registry.npmjs.org/vary/-/vary-1.1.2.tgz 669ms (cache miss)
350 timing reifyNode:node_modules/vary Completed in 855ms
351 http fetch GET 200 https://registry.npmjs.org/cookie-signature/-/cookie-signature-1.0.6.tgz 543ms (cache miss)
352 timing reifyNode:node_modules/cookie-signature Completed in 862ms
353 http fetch GET 200 https://registry.npmjs.org/ipaddr.js/-/ipaddr.js-1.9.1.tgz 759ms (cache miss)
354 timing reifyNode:node_modules/ipaddr.js Completed in 871ms
355 http fetch GET 200 https://registry.npmjs.org/range-parser/-/range-parser-1.2.1.tgz 631ms (cache miss)
356 timing reifyNode:node_modules/range-parser Completed in 873ms
357 http fetch GET 200 https://registry.npmjs.org/path-to-regexp/-/path-to-regexp-0.1.7.tgz 620ms (cache miss)
358 timing reifyNode:node_modules/path-to-regexp Completed in 876ms
359 http fetch GET 200 https://registry.npmjs.org/safe-buffer/-/safe-buffer-5.2.1.tgz 652ms (cache miss)
360 timing reifyNode:node_modules/safe-buffer Completed in 890ms
361 http fetch GET 200 https://registry.npmjs.org/encodeurl/-/encodeurl-1.0.2.tgz 584ms (cache miss)
362 timing reifyNode:node_modules/encodeurl Completed in 893ms
363 http fetch GET 200 https://registry.npmjs.org/fresh/-/fresh-0.5.2.tgz 613ms (cache miss)
364 timing reifyNode:node_modules/fresh Completed in 896ms
365 http fetch GET 200 https://registry.npmjs.org/merge-descriptors/-/merge-descriptors-1.0.1.tgz 623ms (cache miss)
366 timing reifyNode:node_modules/merge-descriptors Completed in 900ms
367 http fetch GET 200 https://registry.npmjs.org/escape-html/-/escape-html-1.0.3.tgz 604ms (cache miss)
368 timing reifyNode:node_modules/escape-html Completed in 903ms
369 http fetch GET 200 https://registry.npmjs.org/raw-body/-/raw-body-2.5.1.tgz 771ms (cache miss)
370 timing reifyNode:node_modules/raw-body Completed in 929ms
371 http fetch GET 200 https://registry.npmjs.org/methods/-/methods-1.1.2.tgz 668ms (cache miss)
372 timing reifyNode:node_modules/methods Completed in 940ms
373 http fetch GET 200 https://registry.npmjs.org/array-flatten/-/array-flatten-1.1.1.tgz 579ms (cache miss)
374 timing reifyNode:node_modules/array-flatten Completed in 943ms
375 http fetch GET 200 https://registry.npmjs.org/cookie/-/cookie-0.5.0.tgz 624ms (cache miss)
376 timing reifyNode:node_modules/cookie Completed in 947ms
377 http fetch GET 200 https://registry.npmjs.org/media-typer/-/media-typer-0.3.0.tgz 889ms (cache miss)
378 timing reifyNode:node_modules/media-typer Completed in 958ms
379 http fetch GET 200 https://registry.npmjs.org/ms/-/ms-2.1.3.tgz 581ms (cache miss)
380 timing reifyNode:node_modules/send/node_modules/ms Completed in 960ms
381 http fetch GET 200 https://registry.npmjs.org/inherits/-/inherits-2.0.4.tgz 825ms (cache miss)
382 timing reifyNode:node_modules/inherits Completed in 966ms
383 http fetch GET 200 https://registry.npmjs.org/ms/-/ms-2.0.0.tgz 825ms (cache miss)
384 timing reifyNode:node_modules/ms Completed in 970ms
385 http fetch GET 200 https://registry.npmjs.org/mime-types/-/mime-types-2.1.35.tgz 795ms (cache miss)
386 timing reifyNode:node_modules/mime-types Completed in 977ms
387 http fetch GET 200 https://registry.npmjs.org/type-is/-/type-is-1.6.18.tgz 776ms (cache miss)
388 timing reifyNode:node_modules/type-is Completed in 980ms
389 http fetch GET 200 https://registry.npmjs.org/setprototypeof/-/setprototypeof-1.2.0.tgz 761ms (cache miss)
390 timing reifyNode:node_modules/setprototypeof Completed in 988ms
391 http fetch GET 200 https://registry.npmjs.org/get-intrinsic/-/get-intrinsic-1.1.3.tgz 903ms (cache miss)
392 timing reifyNode:node_modules/get-intrinsic Completed in 995ms
393 http fetch GET 200 https://registry.npmjs.org/side-channel/-/side-channel-1.0.4.tgz 893ms (cache miss)
394 timing reifyNode:node_modules/side-channel Completed in 1001ms
395 http fetch GET 200 https://registry.npmjs.org/safer-buffer/-/safer-buffer-2.1.2.tgz 870ms (cache miss)
396 timing reifyNode:node_modules/safer-buffer Completed in 1004ms
397 http fetch GET 200 https://registry.npmjs.org/http-errors/-/http-errors-2.0.0.tgz 726ms (cache miss)
398 timing reifyNode:node_modules/http-errors Completed in 1006ms
399 http fetch GET 200 https://registry.npmjs.org/on-finished/-/on-finished-2.4.1.tgz 742ms (cache miss)
400 timing reifyNode:node_modules/on-finished Completed in 1009ms
401 http fetch GET 200 https://registry.npmjs.org/etag/-/etag-1.8.1.tgz 717ms (cache miss)
402 timing reifyNode:node_modules/etag Completed in 1012ms
403 http fetch GET 200 https://registry.npmjs.org/has/-/has-1.0.3.tgz 945ms (cache miss)
404 timing reifyNode:node_modules/has Completed in 1024ms
405 http fetch GET 200 https://registry.npmjs.org/serve-static/-/serve-static-1.15.0.tgz 796ms (cache miss)
406 timing reifyNode:node_modules/serve-static Completed in 1028ms
407 http fetch GET 200 https://registry.npmjs.org/bytes/-/bytes-3.1.2.tgz 857ms (cache miss)
408 timing reifyNode:node_modules/bytes Completed in 1032ms
409 http fetch GET 200 https://registry.npmjs.org/proxy-addr/-/proxy-addr-2.0.7.tgz 788ms (cache miss)
410 timing reifyNode:node_modules/proxy-addr Completed in 1041ms
411 http fetch GET 200 https://registry.npmjs.org/accepts/-/accepts-1.3.8.tgz 675ms (cache miss)
412 timing reifyNode:node_modules/accepts Completed in 1043ms
413 http fetch GET 200 https://registry.npmjs.org/content-type/-/content-type-1.0.4.tgz 702ms (cache miss)
414 timing reifyNode:node_modules/content-type Completed in 1047ms
415 http fetch GET 200 https://registry.npmjs.org/function-bind/-/function-bind-1.1.1.tgz 990ms (cache miss)
416 timing reifyNode:node_modules/function-bind Completed in 1073ms
417 http fetch GET 200 https://registry.npmjs.org/statuses/-/statuses-2.0.1.tgz 853ms (cache miss)
418 timing reifyNode:node_modules/statuses Completed in 1075ms
419 http fetch GET 200 https://registry.npmjs.org/parseurl/-/parseurl-1.3.3.tgz 814ms (cache miss)
420 timing reifyNode:node_modules/parseurl Completed in 1078ms
421 http fetch GET 200 https://registry.npmjs.org/content-disposition/-/content-disposition-0.5.4.tgz 724ms (cache miss)
422 timing reifyNode:node_modules/content-disposition Completed in 1081ms
423 http fetch GET 200 https://registry.npmjs.org/negotiator/-/negotiator-0.6.3.tgz 915ms (cache miss)
424 timing reifyNode:node_modules/negotiator Completed in 1094ms
425 http fetch GET 200 https://registry.npmjs.org/call-bind/-/call-bind-1.0.2.tgz 1003ms (cache miss)
426 timing reifyNode:node_modules/call-bind Completed in 1099ms
427 http fetch GET 200 https://registry.npmjs.org/has-symbols/-/has-symbols-1.0.3.tgz 1034ms (cache miss)
428 timing reifyNode:node_modules/has-symbols Completed in 1109ms
429 http fetch GET 200 https://registry.npmjs.org/mime/-/mime-1.6.0.tgz 1011ms (cache miss)
430 timing reifyNode:node_modules/mime Completed in 1111ms
431 http fetch GET 200 https://registry.npmjs.org/send/-/send-0.18.0.tgz 882ms (cache miss)
432 timing reifyNode:node_modules/send Completed in 1117ms
433 http fetch GET 200 https://registry.npmjs.org/depd/-/depd-2.0.0.tgz 807ms (cache miss)
434 timing reifyNode:node_modules/depd Completed in 1118ms
435 http fetch GET 200 https://registry.npmjs.org/debug/-/debug-2.6.9.tgz 814ms (cache miss)
436 timing reifyNode:node_modules/debug Completed in 1129ms
437 http fetch GET 200 https://registry.npmjs.org/body-parser/-/body-parser-1.20.1.tgz 773ms (cache miss)
438 timing reifyNode:node_modules/body-parser Completed in 1134ms
439 http fetch GET 200 https://registry.npmjs.org/mime-db/-/mime-db-1.52.0.tgz 1016ms (cache miss)
440 timing reifyNode:node_modules/mime-db Completed in 1145ms
441 http fetch GET 200 https://registry.npmjs.org/qs/-/qs-6.11.0.tgz 906ms (cache miss)
442 timing reifyNode:node_modules/qs Completed in 1156ms
443 http fetch GET 200 https://registry.npmjs.org/express/-/express-4.18.2.tgz 785ms (cache miss)
444 timing reifyNode:node_modules/express Completed in 1158ms
445 http fetch GET 200 https://registry.npmjs.org/object-inspect/-/object-inspect-1.12.2.tgz 1078ms (cache miss)
446 timing reifyNode:node_modules/object-inspect Completed in 1165ms
447 http fetch GET 200 https://registry.npmjs.org/iconv-lite/-/iconv-lite-0.4.24.tgz 1012ms (cache miss)
448 timing reifyNode:node_modules/iconv-lite Completed in 1174ms
449 timing reify:unpack Completed in 1176ms
450 timing reify:unretire Completed in 1ms
451 timing build:queue Completed in 5ms
452 timing build:link:node_modules/mime Completed in 4ms
453 timing build:link Completed in 4ms
454 timing build:deps Completed in 10ms
455 timing build Completed in 10ms
456 timing reify:build Completed in 11ms
457 timing reify:trash Completed in 0ms
458 timing reify:save Completed in 52ms
459 timing reify Completed in 2368ms
460 silly ADD node_modules/media-typer
461 silly ADD node_modules/has-symbols
462 silly ADD node_modules/has
463 silly ADD node_modules/function-bind
464 silly ADD node_modules/object-inspect
465 silly ADD node_modules/get-intrinsic
466 silly ADD node_modules/call-bind
467 silly ADD node_modules/mime
468 silly ADD node_modules/side-channel
469 silly ADD node_modules/ipaddr.js
470 silly ADD node_modules/forwarded
471 silly ADD node_modules/ee-first
472 silly ADD node_modules/mime-db
473 silly ADD node_modules/safer-buffer
474 silly ADD node_modules/toidentifier
475 silly ADD node_modules/inherits
476 silly ADD node_modules/ms
477 silly ADD node_modules/unpipe
478 silly ADD node_modules/raw-body
479 silly ADD node_modules/iconv-lite
480 silly ADD node_modules/destroy
481 silly ADD node_modules/bytes
482 silly ADD node_modules/negotiator
483 silly ADD node_modules/mime-types
484 silly ADD node_modules/vary
485 silly ADD node_modules/utils-merge
486 silly ADD node_modules/type-is
487 silly ADD node_modules/statuses
488 silly ADD node_modules/setprototypeof
489 silly ADD node_modules/serve-static
490 silly ADD node_modules/send
491 silly ADD node_modules/send/node_modules/ms
492 silly ADD node_modules/safe-buffer
493 silly ADD node_modules/range-parser
494 silly ADD node_modules/qs
495 silly ADD node_modules/proxy-addr
496 silly ADD node_modules/path-to-regexp
497 silly ADD node_modules/parseurl
498 silly ADD node_modules/on-finished
499 silly ADD node_modules/methods
500 silly ADD node_modules/merge-descriptors
501 silly ADD node_modules/http-errors
502 silly ADD node_modules/fresh
503 silly ADD node_modules/finalhandler
504 silly ADD node_modules/etag
505 silly ADD node_modules/escape-html
506 silly ADD node_modules/encodeurl
507 silly ADD node_modules/depd
508 silly ADD node_modules/debug
509 silly ADD node_modules/cookie-signature
510 silly ADD node_modules/cookie
511 silly ADD node_modules/content-type
512 silly ADD node_modules/content-disposition
513 silly ADD node_modules/body-parser
514 silly ADD node_modules/array-flatten
515 silly ADD node_modules/accepts
516 silly ADD node_modules/express
517 timing command:i Completed in 2382ms
518 verbose exit 0
519 timing npm Completed in 3252ms
520 info ok
