0 verbose cli [ '/usr/bin/node', '/usr/bin/npm', 'i', 'amqplib', '--save' ]
1 info using npm@8.5.1
2 info using node@v12.22.9
3 timing npm:load:whichnode Completed in 1ms
4 timing config:load:defaults Completed in 2ms
5 timing config:load:file:/usr/share/nodejs/npm/npmrc Completed in 3ms
6 timing config:load:builtin Completed in 3ms
7 timing config:load:cli Completed in 3ms
8 timing config:load:env Completed in 1ms
9 timing config:load:file:/home/rdb060/OpenAlpr/.npmrc Completed in 1ms
10 timing config:load:project Completed in 2ms
11 timing config:load:file:/home/rdb060/.npmrc Completed in 0ms
12 timing config:load:user Completed in 0ms
13 timing config:load:file:/etc/npmrc Completed in 0ms
14 timing config:load:global Completed in 0ms
15 timing config:load:validate Completed in 0ms
16 timing config:load:credentials Completed in 1ms
17 timing config:load:setEnvs Completed in 2ms
18 timing config:load Completed in 14ms
19 timing npm:load:configload Completed in 14ms
20 timing npm:load:setTitle Completed in 0ms
21 timing config:load:flatten Completed in 4ms
22 timing npm:load:display Completed in 7ms
23 verbose logfile /home/rdb060/.npm/_logs/2022-12-18T22_56_41_933Z-debug-0.log
24 timing npm:load:logFile Completed in 7ms
25 timing npm:load:timers Completed in 0ms
26 timing npm:load:configScope Completed in 0ms
27 timing npm:load Completed in 30ms
28 timing arborist:ctor Completed in 1ms
29 silly logfile start cleaning logs, removing 47 files
30 timing arborist:ctor Completed in 1ms
31 timing idealTree:init Completed in 19ms
32 timing idealTree:userRequests Completed in 22ms
33 silly idealTree buildDeps
34 silly fetch manifest amqplib@*
35 http fetch GET 200 https://registry.npmjs.org/amqplib 160ms (cache miss)
36 silly placeDep ROOT amqplib@0.10.3 OK for: openalpr@1.0.0 want: *
37 silly fetch manifest @acuminous/bitsyntax@^0.1.2
38 silly fetch manifest buffer-more-ints@~1.0.0
39 silly fetch manifest readable-stream@1.x >=1.1.9
40 silly fetch manifest url-parse@~1.5.10
41 http fetch GET 200 https://registry.npmjs.org/url-parse 85ms (cache miss)
42 http fetch GET 200 https://registry.npmjs.org/readable-stream 100ms (cache miss)
43 http fetch GET 200 https://registry.npmjs.org/buffer-more-ints 839ms (cache miss)
44 http fetch GET 200 https://registry.npmjs.org/@acuminous%2fbitsyntax 1628ms (cache miss)
45 timing idealTree:#root Completed in 1805ms
46 silly placeDep ROOT @acuminous/bitsyntax@0.1.2 OK for: amqplib@0.10.3 want: ^0.1.2
47 silly placeDep ROOT buffer-more-ints@1.0.0 OK for: amqplib@0.10.3 want: ~1.0.0
48 silly placeDep ROOT readable-stream@1.1.14 OK for: amqplib@0.10.3 want: 1.x >=1.1.9
49 silly placeDep ROOT url-parse@1.5.10 OK for: amqplib@0.10.3 want: ~1.5.10
50 silly fetch manifest debug@^4.3.4
51 silly fetch manifest safe-buffer@~5.1.2
52 silly fetch manifest core-util-is@~1.0.0
53 silly fetch manifest isarray@0.0.1
54 silly fetch manifest string_decoder@~0.10.x
55 silly fetch manifest inherits@~2.0.1
56 silly fetch manifest querystringify@^2.1.1
57 silly fetch manifest requires-port@^1.0.0
58 http fetch GET 200 https://registry.npmjs.org/safe-buffer 93ms (cache miss)
59 http fetch GET 200 https://registry.npmjs.org/requires-port 89ms (cache miss)
60 http fetch GET 200 https://registry.npmjs.org/core-util-is 98ms (cache miss)
61 http fetch GET 200 https://registry.npmjs.org/inherits 95ms (cache miss)
62 http fetch GET 200 https://registry.npmjs.org/isarray 98ms (cache miss)
63 http fetch GET 200 https://registry.npmjs.org/querystringify 94ms (cache miss)
64 http fetch GET 200 https://registry.npmjs.org/string_decoder 97ms (cache miss)
65 http fetch GET 200 https://registry.npmjs.org/debug 108ms (cache miss)
66 timing idealTree:node_modules/amqplib Completed in 138ms
67 silly placeDep ROOT debug@4.3.4 OK for: @acuminous/bitsyntax@0.1.2 want: ^4.3.4
68 silly placeDep ROOT safe-buffer@5.1.2 OK for: @acuminous/bitsyntax@0.1.2 want: ~5.1.2
69 silly fetch manifest ms@2.1.2
70 http fetch GET 200 https://registry.npmjs.org/ms 46ms (cache miss)
71 timing idealTree:node_modules/@acuminous/bitsyntax Completed in 53ms
72 timing idealTree:node_modules/buffer-more-ints Completed in 0ms
73 silly placeDep ROOT ms@2.1.2 OK for: debug@4.3.4 want: 2.1.2
74 timing idealTree:node_modules/debug Completed in 3ms
75 timing idealTree:node_modules/ms Completed in 0ms
76 silly placeDep ROOT core-util-is@1.0.3 OK for: readable-stream@1.1.14 want: ~1.0.0
77 silly placeDep ROOT inherits@2.0.4 OK for: readable-stream@1.1.14 want: ~2.0.1
78 silly placeDep ROOT isarray@0.0.1 OK for: readable-stream@1.1.14 want: 0.0.1
79 silly placeDep ROOT string_decoder@0.10.31 OK for: readable-stream@1.1.14 want: ~0.10.x
80 timing idealTree:node_modules/readable-stream Completed in 19ms
81 timing idealTree:node_modules/core-util-is Completed in 0ms
82 timing idealTree:node_modules/inherits Completed in 0ms
83 timing idealTree:node_modules/isarray Completed in 0ms
84 timing idealTree:node_modules/safe-buffer Completed in 0ms
85 timing idealTree:node_modules/string_decoder Completed in 0ms
86 silly placeDep ROOT querystringify@2.2.0 OK for: url-parse@1.5.10 want: ^2.1.1
87 silly placeDep ROOT requires-port@1.0.0 OK for: url-parse@1.5.10 want: ^1.0.0
88 timing idealTree:node_modules/url-parse Completed in 5ms
89 timing idealTree:node_modules/querystringify Completed in 0ms
90 timing idealTree:node_modules/requires-port Completed in 0ms
91 timing idealTree:buildDeps Completed in 2026ms
92 timing idealTree:fixDepFlags Completed in 1ms
93 timing idealTree Completed in 2071ms
94 timing reify:loadTrees Completed in 2072ms
95 timing reify:diffTrees Completed in 2ms
96 silly reify moves {}
97 timing reify:retireShallow Completed in 0ms
98 timing reify:createSparse Completed in 10ms
99 timing reify:loadBundles Completed in 0ms
100 silly audit bulk request {
100 silly audit   amqplib: [ '0.10.3' ],
100 silly audit   '@acuminous/bitsyntax': [ '0.1.2' ],
100 silly audit   'buffer-more-ints': [ '1.0.0' ],
100 silly audit   'readable-stream': [ '1.1.14' ],
100 silly audit   'url-parse': [ '1.5.10' ],
100 silly audit   debug: [ '4.3.4' ],
100 silly audit   'safe-buffer': [ '5.1.2' ],
100 silly audit   ms: [ '2.1.2' ],
100 silly audit   'core-util-is': [ '1.0.3' ],
100 silly audit   inherits: [ '2.0.4' ],
100 silly audit   isarray: [ '0.0.1' ],
100 silly audit   string_decoder: [ '0.10.31' ],
100 silly audit   querystringify: [ '2.2.0' ],
100 silly audit   'requires-port': [ '1.0.0' ]
100 silly audit }
101 timing reifyNode:node_modules/querystringify Completed in 99ms
102 timing reifyNode:node_modules/ms Completed in 98ms
103 timing reifyNode:node_modules/string_decoder Completed in 100ms
104 timing reifyNode:node_modules/inherits Completed in 100ms
105 timing reifyNode:node_modules/core-util-is Completed in 101ms
106 timing reifyNode:node_modules/isarray Completed in 102ms
107 timing reifyNode:node_modules/requires-port Completed in 103ms
108 timing reifyNode:node_modules/safe-buffer Completed in 102ms
109 timing reifyNode:node_modules/debug Completed in 104ms
110 timing reifyNode:node_modules/buffer-more-ints Completed in 105ms
111 timing reifyNode:node_modules/url-parse Completed in 106ms
112 timing reifyNode:node_modules/readable-stream Completed in 135ms
113 timing reifyNode:node_modules/@acuminous/bitsyntax Completed in 136ms
114 timing reifyNode:node_modules/amqplib Completed in 151ms
115 timing reify:unpack Completed in 153ms
116 timing reify:unretire Completed in 0ms
117 timing build:queue Completed in 1ms
118 timing build:deps Completed in 2ms
119 timing build Completed in 2ms
120 timing reify:build Completed in 3ms
121 timing reify:trash Completed in 0ms
122 timing reify:save Completed in 27ms
123 http fetch POST 200 https://registry.npmjs.org/-/npm/v1/security/advisories/bulk 734ms
124 timing auditReport:getReport Completed in 737ms
125 silly audit report {}
126 timing auditReport:init Completed in 0ms
127 timing reify:audit Completed in 738ms
128 timing reify Completed in 2861ms
129 silly ADD node_modules/requires-port
130 silly ADD node_modules/querystringify
131 silly ADD node_modules/string_decoder
132 silly ADD node_modules/isarray
133 silly ADD node_modules/inherits
134 silly ADD node_modules/core-util-is
135 silly ADD node_modules/ms
136 silly ADD node_modules/safe-buffer
137 silly ADD node_modules/debug
138 silly ADD node_modules/url-parse
139 silly ADD node_modules/readable-stream
140 silly ADD node_modules/buffer-more-ints
141 silly ADD node_modules/@acuminous/bitsyntax
142 silly ADD node_modules/amqplib
143 timing command:i Completed in 2870ms
144 verbose exit 0
145 timing npm Completed in 3172ms
146 info ok
