0 verbose cli [ '/usr/bin/node', '/usr/bin/npm', 'install', 'csvtojson', '--save' ]
1 info using npm@8.5.1
2 info using node@v12.22.9
3 timing npm:load:whichnode Completed in 0ms
4 timing config:load:defaults Completed in 2ms
5 timing config:load:file:/usr/share/nodejs/npm/npmrc Completed in 3ms
6 timing config:load:builtin Completed in 3ms
7 timing config:load:cli Completed in 3ms
8 timing config:load:env Completed in 1ms
9 timing config:load:file:/home/rdb060/6neduzd/.npmrc Completed in 0ms
10 timing config:load:project Completed in 3ms
11 timing config:load:file:/home/rdb060/.npmrc Completed in 0ms
12 timing config:load:user Completed in 0ms
13 timing config:load:file:/etc/npmrc Completed in 0ms
14 timing config:load:global Completed in 0ms
15 timing config:load:validate Completed in 1ms
16 timing config:load:credentials Completed in 16ms
17 timing config:load:setEnvs Completed in 1ms
18 timing config:load Completed in 31ms
19 timing npm:load:configload Completed in 32ms
20 timing npm:load:setTitle Completed in 0ms
21 timing config:load:flatten Completed in 3ms
22 timing npm:load:display Completed in 7ms
23 verbose logfile /home/rdb060/.npm/_logs/2022-12-12T22_15_45_638Z-debug-0.log
24 timing npm:load:logFile Completed in 7ms
25 timing npm:load:timers Completed in 0ms
26 timing npm:load:configScope Completed in 0ms
27 timing npm:load Completed in 48ms
28 timing arborist:ctor Completed in 2ms
29 timing idealTree:init Completed in 147ms
30 timing idealTree:userRequests Completed in 3ms
31 silly idealTree buildDeps
32 silly fetch manifest csvtojson@*
33 timing arborist:ctor Completed in 0ms
34 http fetch GET 200 https://registry.npmjs.org/csvtojson 894ms (cache miss)
35 silly placeDep ROOT csvtojson@2.0.10 OK for: 6neduzd@1.0.0 want: *
36 silly fetch manifest bluebird@^3.5.1
37 silly fetch manifest lodash@^4.17.3
38 silly fetch manifest strip-bom@^2.0.0
39 http fetch GET 200 https://registry.npmjs.org/lodash 51ms (cache miss)
40 http fetch GET 200 https://registry.npmjs.org/bluebird 59ms (cache miss)
41 http fetch GET 200 https://registry.npmjs.org/strip-bom 61ms (cache miss)
42 timing idealTree:#root Completed in 972ms
43 silly placeDep ROOT bluebird@3.7.2 OK for: csvtojson@2.0.10 want: ^3.5.1
44 silly placeDep ROOT lodash@4.17.21 OK for: csvtojson@2.0.10 want: ^4.17.3
45 silly placeDep ROOT strip-bom@2.0.0 OK for: csvtojson@2.0.10 want: ^2.0.0
46 silly fetch manifest is-utf8@^0.2.0
47 http fetch GET 200 https://registry.npmjs.org/is-utf8 56ms (cache miss)
48 timing idealTree:node_modules/csvtojson Completed in 65ms
49 timing idealTree:node_modules/bluebird Completed in 0ms
50 timing idealTree:node_modules/lodash Completed in 0ms
51 silly placeDep ROOT is-utf8@0.2.1 OK for: strip-bom@2.0.0 want: ^0.2.0
52 timing idealTree:node_modules/strip-bom Completed in 1ms
53 timing idealTree:node_modules/is-utf8 Completed in 0ms
54 timing idealTree:buildDeps Completed in 1041ms
55 timing idealTree:fixDepFlags Completed in 2ms
56 timing idealTree Completed in 1200ms
57 timing reify:loadTrees Completed in 1201ms
58 timing reify:diffTrees Completed in 4ms
59 silly reify moves {}
60 timing reify:retireShallow Completed in 1ms
61 timing reify:createSparse Completed in 2ms
62 timing reify:loadBundles Completed in 0ms
63 silly audit bulk request {
63 silly audit   accepts: [ '1.3.8' ],
63 silly audit   'array-flatten': [ '1.1.1' ],
63 silly audit   'body-parser': [ '1.20.1' ],
63 silly audit   bytes: [ '3.1.2' ],
63 silly audit   'call-bind': [ '1.0.2' ],
63 silly audit   'content-disposition': [ '0.5.4' ],
63 silly audit   'content-type': [ '1.0.4' ],
63 silly audit   cookie: [ '0.5.0' ],
63 silly audit   'cookie-signature': [ '1.0.6' ],
63 silly audit   csv: [ '6.2.5' ],
63 silly audit   'csv-generate': [ '4.2.1' ],
63 silly audit   'csv-parse': [ '5.3.3' ],
63 silly audit   'csv-stringify': [ '6.2.3' ],
63 silly audit   debug: [ '2.6.9' ],
63 silly audit   depd: [ '2.0.0' ],
63 silly audit   destroy: [ '1.2.0' ],
63 silly audit   'ee-first': [ '1.1.1' ],
63 silly audit   encodeurl: [ '1.0.2' ],
63 silly audit   'escape-html': [ '1.0.3' ],
63 silly audit   etag: [ '1.8.1' ],
63 silly audit   express: [ '4.18.2' ],
63 silly audit   finalhandler: [ '1.2.0' ],
63 silly audit   forwarded: [ '0.2.0' ],
63 silly audit   fresh: [ '0.5.2' ],
63 silly audit   'function-bind': [ '1.1.1' ],
63 silly audit   'get-intrinsic': [ '1.1.3' ],
63 silly audit   has: [ '1.0.3' ],
63 silly audit   'has-symbols': [ '1.0.3' ],
63 silly audit   'http-errors': [ '2.0.0' ],
63 silly audit   'iconv-lite': [ '0.4.24' ],
63 silly audit   inherits: [ '2.0.4' ],
63 silly audit   'ipaddr.js': [ '1.9.1' ],
63 silly audit   'media-typer': [ '0.3.0' ],
63 silly audit   'merge-descriptors': [ '1.0.1' ],
63 silly audit   methods: [ '1.1.2' ],
63 silly audit   mime: [ '1.6.0' ],
63 silly audit   'mime-db': [ '1.52.0' ],
63 silly audit   'mime-types': [ '2.1.35' ],
63 silly audit   ms: [ '2.0.0', '2.1.3' ],
63 silly audit   negotiator: [ '0.6.3' ],
63 silly audit   'object-inspect': [ '1.12.2' ],
63 silly audit   'on-finished': [ '2.4.1' ],
63 silly audit   parseurl: [ '1.3.3' ],
63 silly audit   'path-to-regexp': [ '0.1.7' ],
63 silly audit   'proxy-addr': [ '2.0.7' ],
63 silly audit   qs: [ '6.11.0' ],
63 silly audit   'range-parser': [ '1.2.1' ],
63 silly audit   'raw-body': [ '2.5.1' ],
63 silly audit   'safe-buffer': [ '5.2.1' ],
63 silly audit   'safer-buffer': [ '2.1.2' ],
63 silly audit   send: [ '0.18.0' ],
63 silly audit   'serve-static': [ '1.15.0' ],
63 silly audit   setprototypeof: [ '1.2.0' ],
63 silly audit   'side-channel': [ '1.0.4' ],
63 silly audit   statuses: [ '2.0.1' ],
63 silly audit   'stream-transform': [ '3.2.1' ],
63 silly audit   toidentifier: [ '1.0.1' ],
63 silly audit   'type-is': [ '1.6.18' ],
63 silly audit   unpipe: [ '1.0.0' ],
63 silly audit   'utils-merge': [ '1.0.1' ],
63 silly audit   vary: [ '1.1.2' ],
63 silly audit   csvtojson: [ '2.0.10' ],
63 silly audit   bluebird: [ '3.7.2' ],
63 silly audit   lodash: [ '4.17.21' ],
63 silly audit   'strip-bom': [ '2.0.0' ],
63 silly audit   'is-utf8': [ '0.2.1' ]
63 silly audit }
64 silly tarball no local data for is-utf8@https://registry.npmjs.org/is-utf8/-/is-utf8-0.2.1.tgz. Extracting by manifest.
65 silly tarball no local data for strip-bom@https://registry.npmjs.org/strip-bom/-/strip-bom-2.0.0.tgz. Extracting by manifest.
66 silly tarball no local data for lodash@https://registry.npmjs.org/lodash/-/lodash-4.17.21.tgz. Extracting by manifest.
67 silly tarball no local data for bluebird@https://registry.npmjs.org/bluebird/-/bluebird-3.7.2.tgz. Extracting by manifest.
68 silly tarball no local data for csvtojson@https://registry.npmjs.org/csvtojson/-/csvtojson-2.0.10.tgz. Extracting by manifest.
69 http fetch GET 200 https://registry.npmjs.org/strip-bom/-/strip-bom-2.0.0.tgz 80ms (cache miss)
70 timing reifyNode:node_modules/strip-bom Completed in 104ms
71 http fetch GET 200 https://registry.npmjs.org/is-utf8/-/is-utf8-0.2.1.tgz 195ms (cache miss)
72 timing reifyNode:node_modules/is-utf8 Completed in 210ms
73 http fetch POST 200 https://registry.npmjs.org/-/npm/v1/security/advisories/bulk 285ms
74 timing auditReport:getReport Completed in 289ms
75 silly audit report {}
76 timing auditReport:init Completed in 0ms
77 timing reify:audit Completed in 291ms
78 http fetch GET 200 https://registry.npmjs.org/bluebird/-/bluebird-3.7.2.tgz 424ms (cache miss)
79 timing reifyNode:node_modules/bluebird Completed in 459ms
80 http fetch GET 200 https://registry.npmjs.org/csvtojson/-/csvtojson-2.0.10.tgz 939ms (cache miss)
81 timing reifyNode:node_modules/csvtojson Completed in 983ms
82 http fetch GET 200 https://registry.npmjs.org/lodash/-/lodash-4.17.21.tgz 1007ms (cache miss)
83 timing reifyNode:node_modules/lodash Completed in 1036ms
84 timing reify:unpack Completed in 1037ms
85 timing reify:unretire Completed in 1ms
86 timing build:queue Completed in 0ms
87 timing build:link:node_modules/csvtojson Completed in 2ms
88 timing build:link Completed in 2ms
89 timing build:deps Completed in 5ms
90 timing build Completed in 5ms
91 timing reify:build Completed in 5ms
92 timing reify:trash Completed in 0ms
93 timing reify:save Completed in 39ms
94 timing reify Completed in 2340ms
95 silly ADD node_modules/is-utf8
96 silly ADD node_modules/strip-bom
97 silly ADD node_modules/lodash
98 silly ADD node_modules/bluebird
99 silly ADD node_modules/csvtojson
100 timing command:install Completed in 2350ms
101 verbose exit 0
102 timing npm Completed in 3228ms
103 info ok
