0 verbose cli [
0 verbose cli   '/usr/bin/node',
0 verbose cli   '/usr/bin/npm',
0 verbose cli   'i',
0 verbose cli   'express',
0 verbose cli   'express-fileupload',
0 verbose cli   'cors',
0 verbose cli   'morgan',
0 verbose cli   'body-parser',
0 verbose cli   'minio',
0 verbose cli   'rabbitmq',
0 verbose cli   'amqplib/callback_api',
0 verbose cli   '--save'
0 verbose cli ]
1 info using npm@8.5.1
2 info using node@v12.22.9
3 timing npm:load:whichnode Completed in 0ms
4 timing config:load:defaults Completed in 2ms
5 timing config:load:file:/usr/share/nodejs/npm/npmrc Completed in 6ms
6 timing config:load:builtin Completed in 7ms
7 timing config:load:cli Completed in 4ms
8 timing config:load:env Completed in 1ms
9 timing config:load:file:/home/rdb060/WS/.npmrc Completed in 0ms
10 timing config:load:project Completed in 3ms
11 timing config:load:file:/home/rdb060/.npmrc Completed in 0ms
12 timing config:load:user Completed in 0ms
13 timing config:load:file:/etc/npmrc Completed in 0ms
14 timing config:load:global Completed in 0ms
15 timing config:load:validate Completed in 0ms
16 timing config:load:credentials Completed in 1ms
17 timing config:load:setEnvs Completed in 2ms
18 timing config:load Completed in 21ms
19 timing npm:load:configload Completed in 21ms
20 timing npm:load:setTitle Completed in 2ms
21 timing config:load:flatten Completed in 5ms
22 timing npm:load:display Completed in 8ms
23 verbose logfile /home/rdb060/.npm/_logs/2022-12-19T20_09_50_071Z-debug-0.log
24 timing npm:load:logFile Completed in 10ms
25 timing npm:load:timers Completed in 0ms
26 timing npm:load:configScope Completed in 0ms
27 timing npm:load Completed in 42ms
28 timing arborist:ctor Completed in 1ms
29 silly logfile start cleaning logs, removing 58 files
30 timing arborist:ctor Completed in 1ms
31 timing idealTree:init Completed in 24ms
32 timing idealTree Completed in 1700ms
33 timing command:i Completed in 1743ms
34 verbose stack Error: An unknown git error occurred
34 verbose stack     at makeError (/usr/share/nodejs/@npmcli/git/lib/make-error.js:28:13)
34 verbose stack     at /usr/share/nodejs/@npmcli/git/lib/spawn.js:36:26
35 verbose cwd /home/rdb060/WS
36 verbose Linux 5.15.0-56-generic
37 verbose argv "/usr/bin/node" "/usr/bin/npm" "i" "express" "express-fileupload" "cors" "morgan" "body-parser" "minio" "rabbitmq" "amqplib/callback_api" "--save"
38 verbose node v12.22.9
39 verbose npm  v8.5.1
40 error code 128
41 error An unknown git error occurred
42 error command git --no-replace-objects ls-remote ssh://git@github.com/amqplib/callback_api.git
43 error Warning: Permanently added 'github.com' (ED25519) to the list of known hosts.
43 error git@github.com: Permission denied (publickey).
43 error fatal: Could not read from remote repository.
43 error
43 error Please make sure you have the correct access rights
43 error and the repository exists.
44 verbose exit 128
45 timing npm Completed in 2086ms
46 verbose unfinished npm timer reify 1671480590406
47 verbose unfinished npm timer reify:loadTrees 1671480590442
48 verbose unfinished npm timer idealTree:userRequests 1671480590467
49 verbose code 128
50 error A complete log of this run can be found in:
50 error     /home/rdb060/.npm/_logs/2022-12-19T20_09_50_071Z-debug-0.log
