0 verbose cli [ '/usr/bin/node', '/usr/bin/npm', '-l' ]
1 info using npm@8.5.1
2 info using node@v12.22.9
3 timing npm:load:whichnode Completed in 1ms
4 timing config:load:defaults Completed in 2ms
5 timing config:load:file:/usr/share/nodejs/npm/npmrc Completed in 2ms
6 timing config:load:builtin Completed in 2ms
7 timing config:load:cli Completed in 3ms
8 timing config:load:env Completed in 1ms
9 timing config:load:project Completed in 1ms
10 timing config:load:file:/home/rdb060/.npmrc Completed in 0ms
11 timing config:load:user Completed in 1ms
12 timing config:load:file:/etc/npmrc Completed in 0ms
13 timing config:load:global Completed in 0ms
14 timing config:load:validate Completed in 0ms
15 timing config:load:credentials Completed in 1ms
16 timing config:load:setEnvs Completed in 1ms
17 timing config:load Completed in 14ms
18 timing npm:load:configload Completed in 14ms
19 timing npm:load:setTitle Completed in 0ms
20 timing config:load:flatten Completed in 4ms
21 timing npm:load:display Completed in 6ms
22 verbose logfile /home/rdb060/.npm/_logs/2022-12-03T10_38_05_164Z-debug-0.log
23 timing npm:load:logFile Completed in 8ms
24 timing npm:load:timers Completed in 0ms
25 timing npm:load:configScope Completed in 0ms
26 timing npm:load Completed in 29ms
27 verbose stack Error: Cannot find module 'binary-extensions'
27 verbose stack Require stack:
27 verbose stack - /usr/share/nodejs/npm/node_modules/libnpmdiff/lib/should-print-patch.js
27 verbose stack - /usr/share/nodejs/npm/node_modules/libnpmdiff/lib/format-diff.js
27 verbose stack - /usr/share/nodejs/npm/node_modules/libnpmdiff/lib/index.js
27 verbose stack - /usr/share/nodejs/npm/lib/commands/diff.js
27 verbose stack - /usr/share/nodejs/npm/lib/npm.js
27 verbose stack - /usr/share/nodejs/npm/lib/cli.js
27 verbose stack - /usr/share/nodejs/npm/bin/npm-cli.js
27 verbose stack     at Function.Module._resolveFilename (internal/modules/cjs/loader.js:815:15)
27 verbose stack     at Function.Module._load (internal/modules/cjs/loader.js:667:27)
27 verbose stack     at Module.require (internal/modules/cjs/loader.js:887:19)
27 verbose stack     at require (internal/modules/cjs/helpers.js:74:18)
27 verbose stack     at Object.<anonymous> (/usr/share/nodejs/npm/node_modules/libnpmdiff/lib/should-print-patch.js:3:26)
27 verbose stack     at Module._compile (internal/modules/cjs/loader.js:999:30)
27 verbose stack     at Object.Module._extensions..js (internal/modules/cjs/loader.js:1027:10)
27 verbose stack     at Module.load (internal/modules/cjs/loader.js:863:32)
27 verbose stack     at Function.Module._load (internal/modules/cjs/loader.js:708:14)
27 verbose stack     at Module.require (internal/modules/cjs/loader.js:887:19)
28 verbose cwd /home/rdb060
29 verbose Linux 5.15.0-56-generic
30 verbose argv "/usr/bin/node" "/usr/bin/npm" "-l"
31 verbose node v12.22.9
32 verbose npm  v8.5.1
33 error code MODULE_NOT_FOUND
34 error Cannot find module 'binary-extensions'
34 error Require stack:
34 error - /usr/share/nodejs/npm/node_modules/libnpmdiff/lib/should-print-patch.js
34 error - /usr/share/nodejs/npm/node_modules/libnpmdiff/lib/format-diff.js
34 error - /usr/share/nodejs/npm/node_modules/libnpmdiff/lib/index.js
34 error - /usr/share/nodejs/npm/lib/commands/diff.js
34 error - /usr/share/nodejs/npm/lib/npm.js
34 error - /usr/share/nodejs/npm/lib/cli.js
34 error - /usr/share/nodejs/npm/bin/npm-cli.js
35 verbose exit 1
36 timing npm Completed in 1100ms
37 verbose code 1
38 error A complete log of this run can be found in:
38 error     /home/rdb060/.npm/_logs/2022-12-03T10_38_05_164Z-debug-0.log
