0 verbose cli [ '/usr/bin/node', '/usr/bin/npm', 'uninstall', '-D', 'csvtojson' ]
1 info using npm@8.5.1
2 info using node@v12.22.9
3 timing npm:load:whichnode Completed in 1ms
4 timing config:load:defaults Completed in 2ms
5 timing config:load:file:/usr/share/nodejs/npm/npmrc Completed in 3ms
6 timing config:load:builtin Completed in 3ms
7 timing config:load:cli Completed in 3ms
8 timing config:load:env Completed in 0ms
9 timing config:load:file:/home/rdb060/6neduzd/.npmrc Completed in 0ms
10 timing config:load:project Completed in 2ms
11 timing config:load:file:/home/rdb060/.npmrc Completed in 0ms
12 timing config:load:user Completed in 0ms
13 timing config:load:file:/etc/npmrc Completed in 0ms
14 timing config:load:global Completed in 7ms
15 timing config:load:validate Completed in 0ms
16 timing config:load:credentials Completed in 1ms
17 timing config:load:setEnvs Completed in 1ms
18 timing config:load Completed in 20ms
19 timing npm:load:configload Completed in 20ms
20 timing npm:load:setTitle Completed in 0ms
21 timing config:load:flatten Completed in 3ms
22 timing npm:load:display Completed in 6ms
23 verbose logfile /home/rdb060/.npm/_logs/2022-12-13T11_10_02_176Z-debug-0.log
24 timing npm:load:logFile Completed in 7ms
25 timing npm:load:timers Completed in 0ms
26 timing npm:load:configScope Completed in 0ms
27 timing npm:load Completed in 35ms
28 timing arborist:ctor Completed in 1ms
29 silly logfile start cleaning logs, removing 8 files
30 timing idealTree:init Completed in 168ms
31 timing idealTree:userRequests Completed in 2ms
32 silly idealTree buildDeps
33 timing idealTree:#root Completed in 1ms
34 timing idealTree:buildDeps Completed in 2ms
35 timing idealTree:fixDepFlags Completed in 2ms
36 timing idealTree Completed in 178ms
37 timing arborist:ctor Completed in 0ms
38 timing reify:loadTrees Completed in 270ms
39 timing reify:diffTrees Completed in 4ms
40 silly reify mark retired [ '/home/rdb060/6neduzd/node_modules/bluebird' ]
41 silly reify mark retired [
41 silly reify   '/home/rdb060/6neduzd/node_modules/csvtojson',
41 silly reify   '/home/rdb060/6neduzd/node_modules/.bin/csvtojson'
41 silly reify ]
42 silly reify mark retired [ '/home/rdb060/6neduzd/node_modules/is-utf8' ]
43 silly reify mark retired [ '/home/rdb060/6neduzd/node_modules/lodash' ]
44 silly reify mark retired [ '/home/rdb060/6neduzd/node_modules/strip-bom' ]
45 silly reify moves {
45 silly reify   '/home/rdb060/6neduzd/node_modules/bluebird': '/home/rdb060/6neduzd/node_modules/.bluebird-fZONSxxc',
45 silly reify   '/home/rdb060/6neduzd/node_modules/csvtojson': '/home/rdb060/6neduzd/node_modules/.csvtojson-wqI1u7bJ',
45 silly reify   '/home/rdb060/6neduzd/node_modules/.bin/csvtojson': '/home/rdb060/6neduzd/node_modules/.bin/.csvtojson-GHegdkhX',
45 silly reify   '/home/rdb060/6neduzd/node_modules/is-utf8': '/home/rdb060/6neduzd/node_modules/.is-utf8-OwwDjmyr',
45 silly reify   '/home/rdb060/6neduzd/node_modules/lodash': '/home/rdb060/6neduzd/node_modules/.lodash-y6V9cxfD',
45 silly reify   '/home/rdb060/6neduzd/node_modules/strip-bom': '/home/rdb060/6neduzd/node_modules/.strip-bom-IMWKADju'
45 silly reify }
46 timing reify:retireShallow Completed in 7ms
47 timing reify:createSparse Completed in 0ms
48 timing reify:loadBundles Completed in 0ms
49 silly audit bulk request {
49 silly audit   accepts: [ '1.3.8' ],
49 silly audit   'array-flatten': [ '1.1.1' ],
49 silly audit   'body-parser': [ '1.20.1' ],
49 silly audit   bytes: [ '3.1.2' ],
49 silly audit   'call-bind': [ '1.0.2' ],
49 silly audit   'content-disposition': [ '0.5.4' ],
49 silly audit   'content-type': [ '1.0.4' ],
49 silly audit   cookie: [ '0.5.0' ],
49 silly audit   'cookie-signature': [ '1.0.6' ],
49 silly audit   csv: [ '6.2.5' ],
49 silly audit   'csv-generate': [ '4.2.1' ],
49 silly audit   'csv-parse': [ '5.3.3' ],
49 silly audit   'csv-parser': [ '3.0.0' ],
49 silly audit   'csv-stringify': [ '6.2.3' ],
49 silly audit   debug: [ '2.6.9' ],
49 silly audit   depd: [ '2.0.0' ],
49 silly audit   destroy: [ '1.2.0' ],
49 silly audit   'ee-first': [ '1.1.1' ],
49 silly audit   encodeurl: [ '1.0.2' ],
49 silly audit   'escape-html': [ '1.0.3' ],
49 silly audit   etag: [ '1.8.1' ],
49 silly audit   express: [ '4.18.2' ],
49 silly audit   finalhandler: [ '1.2.0' ],
49 silly audit   forwarded: [ '0.2.0' ],
49 silly audit   fresh: [ '0.5.2' ],
49 silly audit   'function-bind': [ '1.1.1' ],
49 silly audit   'get-intrinsic': [ '1.1.3' ],
49 silly audit   has: [ '1.0.3' ],
49 silly audit   'has-symbols': [ '1.0.3' ],
49 silly audit   'http-errors': [ '2.0.0' ],
49 silly audit   'iconv-lite': [ '0.4.24' ],
49 silly audit   inherits: [ '2.0.4' ],
49 silly audit   'ipaddr.js': [ '1.9.1' ],
49 silly audit   'media-typer': [ '0.3.0' ],
49 silly audit   'merge-descriptors': [ '1.0.1' ],
49 silly audit   methods: [ '1.1.2' ],
49 silly audit   mime: [ '1.6.0' ],
49 silly audit   'mime-db': [ '1.52.0' ],
49 silly audit   'mime-types': [ '2.1.35' ],
49 silly audit   minimist: [ '1.2.7' ],
49 silly audit   ms: [ '2.0.0', '2.1.3' ],
49 silly audit   negotiator: [ '0.6.3' ],
49 silly audit   'object-inspect': [ '1.12.2' ],
49 silly audit   'on-finished': [ '2.4.1' ],
49 silly audit   parseurl: [ '1.3.3' ],
49 silly audit   'path-to-regexp': [ '0.1.7' ],
49 silly audit   'proxy-addr': [ '2.0.7' ],
49 silly audit   qs: [ '6.11.0' ],
49 silly audit   'range-parser': [ '1.2.1' ],
49 silly audit   'raw-body': [ '2.5.1' ],
49 silly audit   'safe-buffer': [ '5.2.1' ],
49 silly audit   'safer-buffer': [ '2.1.2' ],
49 silly audit   send: [ '0.18.0' ],
49 silly audit   'serve-static': [ '1.15.0' ],
49 silly audit   setprototypeof: [ '1.2.0' ],
49 silly audit   'side-channel': [ '1.0.4' ],
49 silly audit   statuses: [ '2.0.1' ],
49 silly audit   'stream-transform': [ '3.2.1' ],
49 silly audit   toidentifier: [ '1.0.1' ],
49 silly audit   'type-is': [ '1.6.18' ],
49 silly audit   unpipe: [ '1.0.0' ],
49 silly audit   'utils-merge': [ '1.0.1' ],
49 silly audit   vary: [ '1.1.2' ]
49 silly audit }
50 timing reify:unpack Completed in 4ms
51 timing reify:unretire Completed in 1ms
52 timing build:queue Completed in 0ms
53 timing build:deps Completed in 1ms
54 timing build Completed in 1ms
55 timing reify:build Completed in 1ms
56 timing reify:trash Completed in 197ms
57 timing reify:save Completed in 25ms
58 http fetch POST 200 https://registry.npmjs.org/-/npm/v1/security/advisories/bulk 449ms
59 timing auditReport:getReport Completed in 453ms
60 silly audit report {}
61 timing auditReport:init Completed in 0ms
62 timing reify:audit Completed in 454ms
63 timing reify Completed in 771ms
64 silly REMOVE node_modules/strip-bom
65 silly REMOVE node_modules/lodash
66 silly REMOVE node_modules/is-utf8
67 silly REMOVE node_modules/csvtojson
68 silly REMOVE node_modules/bluebird
69 timing command:uninstall Completed in 780ms
70 verbose exit 0
71 timing npm Completed in 1064ms
72 info ok
