0 verbose cli [
0 verbose cli   '/usr/bin/node',
0 verbose cli   '/usr/bin/npm',
0 verbose cli   'completion',
0 verbose cli   '--',
0 verbose cli   'npm',
0 verbose cli   'uninstall',
0 verbose cli   '-D',
0 verbose cli   'csv-parse'
0 verbose cli ]
1 info using npm@8.5.1
2 info using node@v12.22.9
3 timing npm:load:whichnode Completed in 0ms
4 timing config:load:defaults Completed in 2ms
5 timing config:load:file:/usr/share/nodejs/npm/npmrc Completed in 2ms
6 timing config:load:builtin Completed in 2ms
7 timing config:load:cli Completed in 2ms
8 timing config:load:env Completed in 1ms
9 timing config:load:file:/home/rdb060/6neduzd/.npmrc Completed in 0ms
10 timing config:load:project Completed in 2ms
11 timing config:load:file:/home/rdb060/.npmrc Completed in 0ms
12 timing config:load:user Completed in 0ms
13 timing config:load:file:/etc/npmrc Completed in 0ms
14 timing config:load:global Completed in 0ms
15 timing config:load:validate Completed in 0ms
16 timing config:load:credentials Completed in 1ms
17 timing config:load:setEnvs Completed in 1ms
18 timing config:load Completed in 11ms
19 timing npm:load:configload Completed in 12ms
20 timing npm:load:setTitle Completed in 0ms
21 timing config:load:flatten Completed in 4ms
22 timing npm:load:display Completed in 5ms
23 verbose logfile /home/rdb060/.npm/_logs/2022-12-15T16_20_38_121Z-debug-0.log
24 timing npm:load:logFile Completed in 6ms
25 timing npm:load:timers Completed in 0ms
26 timing npm:load:configScope Completed in 0ms
27 timing npm:load Completed in 25ms
28 timing command:completion Completed in 1ms
29 verbose stack TypeError: Cannot destructure property 'type' of 'definitions[conf]' as it is undefined.
29 verbose stack     at isFlag (/usr/share/nodejs/npm/lib/commands/completion.js:262:11)
29 verbose stack     at Completion.exec (/usr/share/nodejs/npm/lib/commands/completion.js:133:10)
29 verbose stack     at Npm.exec (/usr/share/nodejs/npm/lib/npm.js:146:22)
29 verbose stack     at async module.exports (/usr/share/nodejs/npm/lib/cli.js:66:5)
30 verbose cwd /home/rdb060/6neduzd
31 verbose Linux 5.15.0-56-generic
32 verbose argv "/usr/bin/node" "/usr/bin/npm" "completion" "--" "npm" "uninstall" "-D" "csv-parse"
33 verbose node v12.22.9
34 verbose npm  v8.5.1
35 error Cannot destructure property 'type' of 'definitions[conf]' as it is undefined.
36 verbose exit 1
37 timing npm Completed in 187ms
38 verbose code 1
39 error A complete log of this run can be found in:
39 error     /home/rdb060/.npm/_logs/2022-12-15T16_20_38_121Z-debug-0.log
