0 verbose cli [ '/usr/bin/node', '/usr/bin/npm', 'i', 'amqplib', '--save' ]
1 info using npm@8.5.1
2 info using node@v12.22.9
3 timing npm:load:whichnode Completed in 0ms
4 timing config:load:defaults Completed in 2ms
5 timing config:load:file:/usr/share/nodejs/npm/npmrc Completed in 2ms
6 timing config:load:builtin Completed in 2ms
7 timing config:load:cli Completed in 3ms
8 timing config:load:env Completed in 0ms
9 timing config:load:file:/home/rdb060/RabbitMQ/.npmrc Completed in 1ms
10 timing config:load:project Completed in 2ms
11 timing config:load:file:/home/rdb060/.npmrc Completed in 0ms
12 timing config:load:user Completed in 0ms
13 timing config:load:file:/etc/npmrc Completed in 0ms
14 timing config:load:global Completed in 0ms
15 timing config:load:validate Completed in 0ms
16 timing config:load:credentials Completed in 1ms
17 timing config:load:setEnvs Completed in 2ms
18 timing config:load Completed in 14ms
19 timing npm:load:configload Completed in 14ms
20 timing npm:load:setTitle Completed in 0ms
21 timing config:load:flatten Completed in 3ms
22 timing npm:load:display Completed in 7ms
23 verbose logfile /home/rdb060/.npm/_logs/2022-12-18T15_50_10_109Z-debug-0.log
24 timing npm:load:logFile Completed in 6ms
25 timing npm:load:timers Completed in 1ms
26 timing npm:load:configScope Completed in 0ms
27 timing npm:load Completed in 29ms
28 timing arborist:ctor Completed in 1ms
29 silly logfile start cleaning logs, removing 1 files
30 timing arborist:ctor Completed in 1ms
31 timing idealTree:init Completed in 24ms
32 timing idealTree:userRequests Completed in 3ms
33 silly idealTree buildDeps
34 silly fetch manifest amqplib@*
35 http fetch GET 200 https://registry.npmjs.org/amqplib 122ms (cache miss)
36 silly placeDep ROOT amqplib@0.10.3 OK for: rabbitmq@1.0.0 want: *
37 silly fetch manifest @acuminous/bitsyntax@^0.1.2
38 silly fetch manifest buffer-more-ints@~1.0.0
39 silly fetch manifest readable-stream@1.x >=1.1.9
40 silly fetch manifest url-parse@~1.5.10
41 http fetch GET 200 https://registry.npmjs.org/readable-stream 88ms (cache miss)
42 http fetch GET 200 https://registry.npmjs.org/url-parse 94ms (cache miss)
43 http fetch GET 200 https://registry.npmjs.org/buffer-more-ints 791ms (cache miss)
44 http fetch GET 200 https://registry.npmjs.org/@acuminous%2fbitsyntax 1557ms (cache miss)
45 timing idealTree:#root Completed in 1694ms
46 silly placeDep ROOT @acuminous/bitsyntax@0.1.2 OK for: amqplib@0.10.3 want: ^0.1.2
47 silly placeDep ROOT buffer-more-ints@1.0.0 OK for: amqplib@0.10.3 want: ~1.0.0
48 silly placeDep ROOT readable-stream@1.1.14 OK for: amqplib@0.10.3 want: 1.x >=1.1.9
49 silly placeDep ROOT url-parse@1.5.10 OK for: amqplib@0.10.3 want: ~1.5.10
50 silly fetch manifest debug@^4.3.4
51 silly fetch manifest safe-buffer@~5.1.2
52 silly fetch manifest core-util-is@~1.0.0
53 silly fetch manifest isarray@0.0.1
54 silly fetch manifest string_decoder@~0.10.x
55 silly fetch manifest inherits@~2.0.1
56 silly fetch manifest querystringify@^2.1.1
57 silly fetch manifest requires-port@^1.0.0
58 http fetch GET 200 https://registry.npmjs.org/core-util-is 59ms (cache miss)
59 http fetch GET 200 https://registry.npmjs.org/safe-buffer 91ms (cache miss)
60 http fetch GET 200 https://registry.npmjs.org/debug 93ms (cache miss)
61 http fetch GET 200 https://registry.npmjs.org/isarray 91ms (cache miss)
62 http fetch GET 200 https://registry.npmjs.org/requires-port 87ms (cache miss)
63 http fetch GET 200 https://registry.npmjs.org/inherits 92ms (cache miss)
64 http fetch GET 200 https://registry.npmjs.org/string_decoder 94ms (cache miss)
65 http fetch GET 200 https://registry.npmjs.org/querystringify 92ms (cache miss)
66 timing idealTree:node_modules/amqplib Completed in 126ms
67 silly placeDep ROOT debug@4.3.4 OK for: @acuminous/bitsyntax@0.1.2 want: ^4.3.4
68 silly placeDep ROOT safe-buffer@5.1.2 OK for: @acuminous/bitsyntax@0.1.2 want: ~5.1.2
69 silly fetch manifest ms@2.1.2
70 http fetch GET 200 https://registry.npmjs.org/ms 65ms (cache miss)
71 timing idealTree:node_modules/@acuminous/bitsyntax Completed in 72ms
72 timing idealTree:node_modules/buffer-more-ints Completed in 0ms
73 silly placeDep ROOT ms@2.1.2 OK for: debug@4.3.4 want: 2.1.2
74 timing idealTree:node_modules/debug Completed in 3ms
75 timing idealTree:node_modules/ms Completed in 0ms
76 silly placeDep ROOT core-util-is@1.0.3 OK for: readable-stream@1.1.14 want: ~1.0.0
77 silly placeDep ROOT inherits@2.0.4 OK for: readable-stream@1.1.14 want: ~2.0.1
78 silly placeDep ROOT isarray@0.0.1 OK for: readable-stream@1.1.14 want: 0.0.1
79 silly placeDep ROOT string_decoder@0.10.31 OK for: readable-stream@1.1.14 want: ~0.10.x
80 timing idealTree:node_modules/readable-stream Completed in 18ms
81 timing idealTree:node_modules/core-util-is Completed in 0ms
82 timing idealTree:node_modules/inherits Completed in 0ms
83 timing idealTree:node_modules/isarray Completed in 0ms
84 timing idealTree:node_modules/safe-buffer Completed in 0ms
85 timing idealTree:node_modules/string_decoder Completed in 0ms
86 silly placeDep ROOT querystringify@2.2.0 OK for: url-parse@1.5.10 want: ^2.1.1
87 silly placeDep ROOT requires-port@1.0.0 OK for: url-parse@1.5.10 want: ^1.0.0
88 timing idealTree:node_modules/url-parse Completed in 7ms
89 timing idealTree:node_modules/querystringify Completed in 0ms
90 timing idealTree:node_modules/requires-port Completed in 0ms
91 timing idealTree:buildDeps Completed in 1924ms
92 timing idealTree:fixDepFlags Completed in 1ms
93 timing idealTree Completed in 1956ms
94 timing reify:loadTrees Completed in 1957ms
95 timing reify:diffTrees Completed in 3ms
96 silly reify moves {}
97 timing reify:retireShallow Completed in 0ms
98 timing reify:createSparse Completed in 6ms
99 timing reify:loadBundles Completed in 0ms
100 silly audit bulk request {
100 silly audit   amqplib: [ '0.10.3' ],
100 silly audit   '@acuminous/bitsyntax': [ '0.1.2' ],
100 silly audit   'buffer-more-ints': [ '1.0.0' ],
100 silly audit   'readable-stream': [ '1.1.14' ],
100 silly audit   'url-parse': [ '1.5.10' ],
100 silly audit   debug: [ '4.3.4' ],
100 silly audit   'safe-buffer': [ '5.1.2' ],
100 silly audit   ms: [ '2.1.2' ],
100 silly audit   'core-util-is': [ '1.0.3' ],
100 silly audit   inherits: [ '2.0.4' ],
100 silly audit   isarray: [ '0.0.1' ],
100 silly audit   string_decoder: [ '0.10.31' ],
100 silly audit   querystringify: [ '2.2.0' ],
100 silly audit   'requires-port': [ '1.0.0' ]
100 silly audit }
101 silly tarball no local data for requires-port@https://registry.npmjs.org/requires-port/-/requires-port-1.0.0.tgz. Extracting by manifest.
102 silly tarball no local data for querystringify@https://registry.npmjs.org/querystringify/-/querystringify-2.2.0.tgz. Extracting by manifest.
103 silly tarball no local data for string_decoder@https://registry.npmjs.org/string_decoder/-/string_decoder-0.10.31.tgz. Extracting by manifest.
104 silly tarball no local data for isarray@https://registry.npmjs.org/isarray/-/isarray-0.0.1.tgz. Extracting by manifest.
105 silly tarball no local data for core-util-is@https://registry.npmjs.org/core-util-is/-/core-util-is-1.0.3.tgz. Extracting by manifest.
106 silly tarball no local data for ms@https://registry.npmjs.org/ms/-/ms-2.1.2.tgz. Extracting by manifest.
107 silly tarball no local data for safe-buffer@https://registry.npmjs.org/safe-buffer/-/safe-buffer-5.1.2.tgz. Extracting by manifest.
108 silly tarball no local data for debug@https://registry.npmjs.org/debug/-/debug-4.3.4.tgz. Extracting by manifest.
109 silly tarball no local data for url-parse@https://registry.npmjs.org/url-parse/-/url-parse-1.5.10.tgz. Extracting by manifest.
110 silly tarball no local data for readable-stream@https://registry.npmjs.org/readable-stream/-/readable-stream-1.1.14.tgz. Extracting by manifest.
111 silly tarball no local data for buffer-more-ints@https://registry.npmjs.org/buffer-more-ints/-/buffer-more-ints-1.0.0.tgz. Extracting by manifest.
112 silly tarball no local data for @acuminous/bitsyntax@https://registry.npmjs.org/@acuminous/bitsyntax/-/bitsyntax-0.1.2.tgz. Extracting by manifest.
113 silly tarball no local data for amqplib@https://registry.npmjs.org/amqplib/-/amqplib-0.10.3.tgz. Extracting by manifest.
114 timing reifyNode:node_modules/inherits Completed in 182ms
115 http fetch GET 200 https://registry.npmjs.org/querystringify/-/querystringify-2.2.0.tgz 166ms (cache miss)
116 timing reifyNode:node_modules/querystringify Completed in 191ms
117 http fetch GET 200 https://registry.npmjs.org/requires-port/-/requires-port-1.0.0.tgz 174ms (cache miss)
118 timing reifyNode:node_modules/requires-port Completed in 195ms
119 http fetch GET 200 https://registry.npmjs.org/ms/-/ms-2.1.2.tgz 176ms (cache miss)
120 timing reifyNode:node_modules/ms Completed in 225ms
121 http fetch GET 200 https://registry.npmjs.org/isarray/-/isarray-0.0.1.tgz 194ms (cache miss)
122 timing reifyNode:node_modules/isarray Completed in 233ms
123 http fetch GET 200 https://registry.npmjs.org/string_decoder/-/string_decoder-0.10.31.tgz 205ms (cache miss)
124 timing reifyNode:node_modules/string_decoder Completed in 236ms
125 http fetch POST 200 https://registry.npmjs.org/-/npm/v1/security/advisories/bulk 248ms
126 timing auditReport:getReport Completed in 250ms
127 silly audit report {}
128 timing auditReport:init Completed in 0ms
129 timing reify:audit Completed in 252ms
130 http fetch GET 200 https://registry.npmjs.org/core-util-is/-/core-util-is-1.0.3.tgz 213ms (cache miss)
131 timing reifyNode:node_modules/core-util-is Completed in 256ms
132 http fetch GET 200 https://registry.npmjs.org/safe-buffer/-/safe-buffer-5.1.2.tgz 230ms (cache miss)
133 timing reifyNode:node_modules/safe-buffer Completed in 283ms
134 http fetch GET 200 https://registry.npmjs.org/buffer-more-ints/-/buffer-more-ints-1.0.0.tgz 212ms (cache miss)
135 timing reifyNode:node_modules/buffer-more-ints Completed in 300ms
136 http fetch GET 200 https://registry.npmjs.org/debug/-/debug-4.3.4.tgz 249ms (cache miss)
137 timing reifyNode:node_modules/debug Completed in 308ms
138 http fetch GET 200 https://registry.npmjs.org/url-parse/-/url-parse-1.5.10.tgz 246ms (cache miss)
139 timing reifyNode:node_modules/url-parse Completed in 313ms
140 http fetch GET 200 https://registry.npmjs.org/readable-stream/-/readable-stream-1.1.14.tgz 239ms (cache miss)
141 timing reifyNode:node_modules/readable-stream Completed in 320ms
142 http fetch GET 200 https://registry.npmjs.org/amqplib/-/amqplib-0.10.3.tgz 239ms (cache miss)
143 timing reifyNode:node_modules/amqplib Completed in 354ms
144 http fetch GET 200 https://registry.npmjs.org/@acuminous/bitsyntax/-/bitsyntax-0.1.2.tgz 863ms (cache miss)
145 timing reifyNode:node_modules/@acuminous/bitsyntax Completed in 971ms
146 timing reify:unpack Completed in 973ms
147 timing reify:unretire Completed in 0ms
148 timing build:queue Completed in 1ms
149 timing build:deps Completed in 1ms
150 timing build Completed in 2ms
151 timing reify:build Completed in 2ms
152 timing reify:trash Completed in 0ms
153 timing reify:save Completed in 12ms
154 timing reify Completed in 2986ms
155 silly ADD node_modules/requires-port
156 silly ADD node_modules/querystringify
157 silly ADD node_modules/string_decoder
158 silly ADD node_modules/isarray
159 silly ADD node_modules/inherits
160 silly ADD node_modules/core-util-is
161 silly ADD node_modules/ms
162 silly ADD node_modules/safe-buffer
163 silly ADD node_modules/debug
164 silly ADD node_modules/url-parse
165 silly ADD node_modules/readable-stream
166 silly ADD node_modules/buffer-more-ints
167 silly ADD node_modules/@acuminous/bitsyntax
168 silly ADD node_modules/amqplib
169 timing command:i Completed in 2994ms
170 verbose exit 0
171 timing npm Completed in 3261ms
172 info ok
