0 verbose cli [
0 verbose cli   '/usr/bin/node',
0 verbose cli   '/usr/bin/npm',
0 verbose cli   'completion',
0 verbose cli   '--',
0 verbose cli   'npm',
0 verbose cli   'i',
0 verbose cli   'express',
0 verbose cli   'express-fileupload',
0 verbose cli   'cors',
0 verbose cli   'morgan',
0 verbose cli   'body-pars'
0 verbose cli ]
1 info using npm@8.5.1
2 info using node@v12.22.9
3 timing npm:load:whichnode Completed in 0ms
4 timing config:load:defaults Completed in 2ms
5 timing config:load:file:/usr/share/nodejs/npm/npmrc Completed in 4ms
6 timing config:load:builtin Completed in 4ms
7 timing config:load:cli Completed in 2ms
8 timing config:load:env Completed in 1ms
9 timing config:load:file:/home/rdb060/WS/.npmrc Completed in 0ms
10 timing config:load:project Completed in 2ms
11 timing config:load:file:/home/rdb060/.npmrc Completed in 0ms
12 timing config:load:user Completed in 0ms
13 timing config:load:file:/etc/npmrc Completed in 1ms
14 timing config:load:global Completed in 1ms
15 timing config:load:validate Completed in 0ms
16 timing config:load:credentials Completed in 0ms
17 timing config:load:setEnvs Completed in 2ms
18 timing config:load Completed in 14ms
19 timing npm:load:configload Completed in 14ms
20 timing npm:load:setTitle Completed in 1ms
21 timing config:load:flatten Completed in 5ms
22 timing npm:load:display Completed in 6ms
23 verbose logfile /home/rdb060/.npm/_logs/2022-12-19T20_08_44_678Z-debug-0.log
24 timing npm:load:logFile Completed in 9ms
25 timing npm:load:timers Completed in 0ms
26 timing npm:load:configScope Completed in 0ms
27 timing npm:load Completed in 31ms
28 timing command:completion Completed in 122ms
29 verbose stack TypeError: Cannot read property 'filter' of undefined
29 verbose stack     at Completion.wrap (/usr/share/nodejs/npm/lib/commands/completion.js:182:23)
29 verbose stack     at Completion.exec (/usr/share/nodejs/npm/lib/commands/completion.js:165:19)
29 verbose stack     at async module.exports (/usr/share/nodejs/npm/lib/cli.js:66:5)
30 verbose cwd /home/rdb060/WS
31 verbose Linux 5.15.0-56-generic
32 verbose argv "/usr/bin/node" "/usr/bin/npm" "completion" "--" "npm" "i" "express" "express-fileupload" "cors" "morgan" "body-pars"
33 verbose node v12.22.9
34 verbose npm  v8.5.1
35 error Cannot read property 'filter' of undefined
36 verbose exit 1
37 timing npm Completed in 365ms
38 verbose code 1
39 error A complete log of this run can be found in:
39 error     /home/rdb060/.npm/_logs/2022-12-19T20_08_44_678Z-debug-0.log
