0 verbose cli [ '/usr/bin/node', '/usr/bin/npm', 'uninstall', '-D', 'csv-parser' ]
1 info using npm@8.5.1
2 info using node@v12.22.9
3 timing npm:load:whichnode Completed in 1ms
4 timing config:load:defaults Completed in 2ms
5 timing config:load:file:/usr/share/nodejs/npm/npmrc Completed in 3ms
6 timing config:load:builtin Completed in 3ms
7 timing config:load:cli Completed in 3ms
8 timing config:load:env Completed in 0ms
9 timing config:load:file:/home/rdb060/6neduzd/.npmrc Completed in 0ms
10 timing config:load:project Completed in 2ms
11 timing config:load:file:/home/rdb060/.npmrc Completed in 0ms
12 timing config:load:user Completed in 0ms
13 timing config:load:file:/etc/npmrc Completed in 1ms
14 timing config:load:global Completed in 1ms
15 timing config:load:validate Completed in 0ms
16 timing config:load:credentials Completed in 1ms
17 timing config:load:setEnvs Completed in 1ms
18 timing config:load Completed in 13ms
19 timing npm:load:configload Completed in 13ms
20 timing npm:load:setTitle Completed in 1ms
21 timing config:load:flatten Completed in 4ms
22 timing npm:load:display Completed in 6ms
23 verbose logfile /home/rdb060/.npm/_logs/2022-12-15T16_20_40_510Z-debug-0.log
24 timing npm:load:logFile Completed in 6ms
25 timing npm:load:timers Completed in 0ms
26 timing npm:load:configScope Completed in 0ms
27 timing npm:load Completed in 28ms
28 timing arborist:ctor Completed in 1ms
29 silly logfile start cleaning logs, removing 19 files
30 timing idealTree:init Completed in 187ms
31 timing idealTree:userRequests Completed in 2ms
32 silly idealTree buildDeps
33 timing idealTree:#root Completed in 0ms
34 timing idealTree:buildDeps Completed in 2ms
35 timing idealTree:fixDepFlags Completed in 3ms
36 timing idealTree Completed in 197ms
37 timing arborist:ctor Completed in 0ms
38 timing reify:loadTrees Completed in 416ms
39 timing reify:diffTrees Completed in 5ms
40 silly reify mark retired [
40 silly reify   '/home/rdb060/6neduzd/node_modules/csv-parser',
40 silly reify   '/home/rdb060/6neduzd/node_modules/.bin/csv-parser'
40 silly reify ]
41 silly reify mark retired [ '/home/rdb060/6neduzd/node_modules/minimist' ]
42 silly reify moves {
42 silly reify   '/home/rdb060/6neduzd/node_modules/csv-parser': '/home/rdb060/6neduzd/node_modules/.csv-parser-Y7DAeV8p',
42 silly reify   '/home/rdb060/6neduzd/node_modules/.bin/csv-parser': '/home/rdb060/6neduzd/node_modules/.bin/.csv-parser-PiFYuPXn',
42 silly reify   '/home/rdb060/6neduzd/node_modules/minimist': '/home/rdb060/6neduzd/node_modules/.minimist-xqtjICto'
42 silly reify }
43 timing reify:retireShallow Completed in 51ms
44 timing reify:createSparse Completed in 0ms
45 timing reify:loadBundles Completed in 0ms
46 silly audit bulk request {
46 silly audit   accepts: [ '1.3.8' ],
46 silly audit   'array-flatten': [ '1.1.1' ],
46 silly audit   'body-parser': [ '1.20.1' ],
46 silly audit   bytes: [ '3.1.2' ],
46 silly audit   'call-bind': [ '1.0.2' ],
46 silly audit   'content-disposition': [ '0.5.4' ],
46 silly audit   'content-type': [ '1.0.4' ],
46 silly audit   cookie: [ '0.5.0' ],
46 silly audit   'cookie-signature': [ '1.0.6' ],
46 silly audit   csv: [ '6.2.5' ],
46 silly audit   'csv-generate': [ '4.2.1' ],
46 silly audit   'csv-parse': [ '5.3.3' ],
46 silly audit   'csv-stringify': [ '6.2.3' ],
46 silly audit   debug: [ '2.6.9' ],
46 silly audit   depd: [ '2.0.0' ],
46 silly audit   destroy: [ '1.2.0' ],
46 silly audit   'ee-first': [ '1.1.1' ],
46 silly audit   encodeurl: [ '1.0.2' ],
46 silly audit   'escape-html': [ '1.0.3' ],
46 silly audit   etag: [ '1.8.1' ],
46 silly audit   express: [ '4.18.2' ],
46 silly audit   finalhandler: [ '1.2.0' ],
46 silly audit   forwarded: [ '0.2.0' ],
46 silly audit   fresh: [ '0.5.2' ],
46 silly audit   'function-bind': [ '1.1.1' ],
46 silly audit   'get-intrinsic': [ '1.1.3' ],
46 silly audit   has: [ '1.0.3' ],
46 silly audit   'has-symbols': [ '1.0.3' ],
46 silly audit   'http-errors': [ '2.0.0' ],
46 silly audit   'iconv-lite': [ '0.4.24' ],
46 silly audit   inherits: [ '2.0.4' ],
46 silly audit   'ipaddr.js': [ '1.9.1' ],
46 silly audit   'media-typer': [ '0.3.0' ],
46 silly audit   'merge-descriptors': [ '1.0.1' ],
46 silly audit   methods: [ '1.1.2' ],
46 silly audit   mime: [ '1.6.0' ],
46 silly audit   'mime-db': [ '1.52.0' ],
46 silly audit   'mime-types': [ '2.1.35' ],
46 silly audit   ms: [ '2.0.0', '2.1.3' ],
46 silly audit   negotiator: [ '0.6.3' ],
46 silly audit   'object-inspect': [ '1.12.2' ],
46 silly audit   'on-finished': [ '2.4.1' ],
46 silly audit   parseurl: [ '1.3.3' ],
46 silly audit   'path-to-regexp': [ '0.1.7' ],
46 silly audit   'proxy-addr': [ '2.0.7' ],
46 silly audit   qs: [ '6.11.0' ],
46 silly audit   'range-parser': [ '1.2.1' ],
46 silly audit   'raw-body': [ '2.5.1' ],
46 silly audit   'safe-buffer': [ '5.2.1' ],
46 silly audit   'safer-buffer': [ '2.1.2' ],
46 silly audit   send: [ '0.18.0' ],
46 silly audit   'serve-static': [ '1.15.0' ],
46 silly audit   setprototypeof: [ '1.2.0' ],
46 silly audit   'side-channel': [ '1.0.4' ],
46 silly audit   statuses: [ '2.0.1' ],
46 silly audit   'stream-transform': [ '3.2.1' ],
46 silly audit   toidentifier: [ '1.0.1' ],
46 silly audit   'type-is': [ '1.6.18' ],
46 silly audit   unpipe: [ '1.0.0' ],
46 silly audit   'utils-merge': [ '1.0.1' ],
46 silly audit   vary: [ '1.1.2' ]
46 silly audit }
47 timing reify:unpack Completed in 4ms
48 timing reify:unretire Completed in 0ms
49 timing build:queue Completed in 0ms
50 timing build:deps Completed in 0ms
51 timing build Completed in 0ms
52 timing reify:build Completed in 2ms
53 timing reify:trash Completed in 43ms
54 timing reify:save Completed in 27ms
55 http fetch POST 200 https://registry.npmjs.org/-/npm/v1/security/advisories/bulk 887ms
56 timing auditReport:getReport Completed in 891ms
57 silly audit report {}
58 timing auditReport:init Completed in 0ms
59 timing reify:audit Completed in 891ms
60 timing reify Completed in 1392ms
61 silly REMOVE node_modules/minimist
62 silly REMOVE node_modules/csv-parser
63 timing command:uninstall Completed in 1401ms
64 verbose exit 0
65 timing npm Completed in 1862ms
66 info ok
