0 verbose cli [ '/usr/bin/node', '/usr/bin/npm', 'install', '--save', 'minio' ]
1 info using npm@8.5.1
2 info using node@v12.22.9
3 timing npm:load:whichnode Completed in 0ms
4 timing config:load:defaults Completed in 2ms
5 timing config:load:file:/usr/share/nodejs/npm/npmrc Completed in 3ms
6 timing config:load:builtin Completed in 3ms
7 timing config:load:cli Completed in 4ms
8 timing config:load:env Completed in 0ms
9 timing config:load:file:/home/rdb060/minio/.npmrc Completed in 0ms
10 timing config:load:project Completed in 2ms
11 timing config:load:file:/home/rdb060/.npmrc Completed in 0ms
12 timing config:load:user Completed in 0ms
13 timing config:load:file:/etc/npmrc Completed in 0ms
14 timing config:load:global Completed in 0ms
15 timing config:load:validate Completed in 1ms
16 timing config:load:credentials Completed in 1ms
17 timing config:load:setEnvs Completed in 1ms
18 timing config:load Completed in 14ms
19 timing npm:load:configload Completed in 14ms
20 timing npm:load:setTitle Completed in 1ms
21 timing config:load:flatten Completed in 4ms
22 timing npm:load:display Completed in 7ms
23 verbose logfile /home/rdb060/.npm/_logs/2022-12-17T09_15_19_382Z-debug-0.log
24 timing npm:load:logFile Completed in 8ms
25 timing npm:load:timers Completed in 0ms
26 timing npm:load:configScope Completed in 0ms
27 timing npm:load Completed in 31ms
28 timing arborist:ctor Completed in 1ms
29 silly logfile start cleaning logs, removing 27 files
30 timing arborist:ctor Completed in 0ms
31 timing idealTree:init Completed in 24ms
32 timing idealTree:userRequests Completed in 16ms
33 silly idealTree buildDeps
34 silly fetch manifest minio@*
35 http fetch GET 200 https://registry.npmjs.org/minio 913ms (cache miss)
36 silly placeDep ROOT minio@7.0.32 OK for: minio@1.0.0 want: *
37 silly fetch manifest async@^3.1.0
38 silly fetch manifest block-stream2@^2.0.0
39 silly fetch manifest browser-or-node@^1.3.0
40 silly fetch manifest buffer-crc32@^0.2.13
41 silly fetch manifest crypto-browserify@^3.12.0
42 silly fetch manifest es6-error@^4.1.1
43 silly fetch manifest fast-xml-parser@^3.17.5
44 silly fetch manifest ipaddr.js@^2.0.1
45 silly fetch manifest json-stream@^1.0.0
46 silly fetch manifest lodash@^4.17.21
47 silly fetch manifest mime-types@^2.1.14
48 silly fetch manifest mkdirp@^0.5.1
49 silly fetch manifest query-string@^7.1.1
50 silly fetch manifest through2@^3.0.1
51 silly fetch manifest web-encoding@^1.1.5
52 silly fetch manifest xml@^1.0.0
53 silly fetch manifest xml2js@^0.4.15
54 http fetch GET 200 https://registry.npmjs.org/lodash 135ms (cache miss)
55 http fetch GET 200 https://registry.npmjs.org/ipaddr.js 140ms (cache miss)
56 http fetch GET 200 https://registry.npmjs.org/mime-types 150ms (cache miss)
57 http fetch GET 200 https://registry.npmjs.org/es6-error 162ms (cache miss)
58 http fetch GET 200 https://registry.npmjs.org/mkdirp 155ms (cache miss)
59 http fetch GET 200 https://registry.npmjs.org/async 173ms (cache miss)
60 http fetch GET 200 https://registry.npmjs.org/crypto-browserify 175ms (cache miss)
61 http fetch GET 200 https://registry.npmjs.org/fast-xml-parser 174ms (cache miss)
62 http fetch GET 200 https://registry.npmjs.org/query-string 171ms (cache miss)
63 http fetch GET 200 https://registry.npmjs.org/xml2js 169ms (cache miss)
64 http fetch GET 200 https://registry.npmjs.org/buffer-crc32 188ms (cache miss)
65 http fetch GET 200 https://registry.npmjs.org/through2 175ms (cache miss)
66 http fetch GET 200 https://registry.npmjs.org/json-stream 803ms (cache miss)
67 http fetch GET 200 https://registry.npmjs.org/web-encoding 820ms (cache miss)
68 http fetch GET 200 https://registry.npmjs.org/browser-or-node 852ms (cache miss)
69 http fetch GET 200 https://registry.npmjs.org/block-stream2 854ms (cache miss)
70 http fetch GET 200 https://registry.npmjs.org/xml 908ms (cache miss)
71 timing idealTree:#root Completed in 1859ms
72 silly placeDep ROOT async@3.2.4 OK for: minio@7.0.32 want: ^3.1.0
73 silly placeDep ROOT block-stream2@2.1.0 OK for: minio@7.0.32 want: ^2.0.0
74 silly placeDep ROOT browser-or-node@1.3.0 OK for: minio@7.0.32 want: ^1.3.0
75 silly placeDep ROOT buffer-crc32@0.2.13 OK for: minio@7.0.32 want: ^0.2.13
76 silly placeDep ROOT crypto-browserify@3.12.0 OK for: minio@7.0.32 want: ^3.12.0
77 silly placeDep ROOT es6-error@4.1.1 OK for: minio@7.0.32 want: ^4.1.1
78 silly placeDep ROOT fast-xml-parser@3.21.1 OK for: minio@7.0.32 want: ^3.17.5
79 silly placeDep ROOT ipaddr.js@2.0.1 OK for: minio@7.0.32 want: ^2.0.1
80 silly placeDep ROOT json-stream@1.0.0 OK for: minio@7.0.32 want: ^1.0.0
81 silly placeDep ROOT lodash@4.17.21 OK for: minio@7.0.32 want: ^4.17.21
82 silly placeDep ROOT mime-types@2.1.35 OK for: minio@7.0.32 want: ^2.1.14
83 silly placeDep ROOT mkdirp@0.5.6 OK for: minio@7.0.32 want: ^0.5.1
84 silly placeDep ROOT query-string@7.1.3 OK for: minio@7.0.32 want: ^7.1.1
85 silly placeDep ROOT through2@3.0.2 OK for: minio@7.0.32 want: ^3.0.1
86 silly placeDep ROOT web-encoding@1.1.5 OK for: minio@7.0.32 want: ^1.1.5
87 silly placeDep ROOT xml@1.0.1 OK for: minio@7.0.32 want: ^1.0.0
88 silly placeDep ROOT xml2js@0.4.23 OK for: minio@7.0.32 want: ^0.4.15
89 silly fetch manifest readable-stream@^3.4.0
90 silly fetch manifest browserify-cipher@^1.0.0
91 silly fetch manifest browserify-sign@^4.0.0
92 silly fetch manifest create-ecdh@^4.0.0
93 silly fetch manifest create-hash@^1.1.0
94 silly fetch manifest create-hmac@^1.1.0
95 silly fetch manifest diffie-hellman@^5.0.0
96 silly fetch manifest inherits@^2.0.1
97 silly fetch manifest pbkdf2@^3.0.3
98 silly fetch manifest public-encrypt@^4.0.0
99 silly fetch manifest randombytes@^2.0.0
100 silly fetch manifest randomfill@^1.0.3
101 silly fetch manifest strnum@^1.0.4
102 silly fetch manifest mime-db@1.52.0
103 silly fetch manifest minimist@^1.2.6
104 silly fetch manifest decode-uri-component@^0.2.2
105 silly fetch manifest filter-obj@^1.1.0
106 silly fetch manifest split-on-first@^1.0.0
107 silly fetch manifest strict-uri-encode@^2.0.0
108 silly fetch manifest inherits@^2.0.4
109 silly fetch manifest readable-stream@2 || 3
110 silly fetch manifest util@^0.12.3
111 silly fetch manifest @zxing/text-encoding@0.9.0
112 silly fetch manifest sax@>=0.6.0
113 silly fetch manifest xmlbuilder@~11.0.0
114 http fetch GET 200 https://registry.npmjs.org/minimist 71ms (cache miss)
115 http fetch GET 200 https://registry.npmjs.org/randombytes 143ms (cache miss)
116 http fetch GET 200 https://registry.npmjs.org/browserify-cipher 172ms (cache miss)
117 http fetch GET 200 https://registry.npmjs.org/create-hmac 168ms (cache miss)
118 http fetch GET 200 https://registry.npmjs.org/diffie-hellman 169ms (cache miss)
119 http fetch GET 200 https://registry.npmjs.org/mime-db 162ms (cache miss)
120 http fetch GET 200 https://registry.npmjs.org/inherits 173ms (cache miss)
121 http fetch GET 200 https://registry.npmjs.org/create-hash 180ms (cache miss)
122 http fetch GET 200 https://registry.npmjs.org/public-encrypt 174ms (cache miss)
123 http fetch GET 200 https://registry.npmjs.org/filter-obj 168ms (cache miss)
124 http fetch GET 200 https://registry.npmjs.org/readable-stream 190ms (cache miss)
125 http fetch GET 200 https://registry.npmjs.org/strnum 184ms (cache miss)
126 http fetch GET 200 https://registry.npmjs.org/decode-uri-component 180ms (cache miss)
127 http fetch GET 200 https://registry.npmjs.org/browserify-sign 196ms (cache miss)
128 http fetch GET 200 https://registry.npmjs.org/pbkdf2 190ms (cache miss)
129 http fetch GET 200 https://registry.npmjs.org/create-ecdh 197ms (cache miss)
130 http fetch GET 200 https://registry.npmjs.org/xmlbuilder 174ms (cache miss)
131 http fetch GET 200 https://registry.npmjs.org/randomfill 192ms (cache miss)
132 http fetch GET 200 https://registry.npmjs.org/strict-uri-encode 185ms (cache miss)
133 http fetch GET 200 https://registry.npmjs.org/util 182ms (cache miss)
134 http fetch GET 200 https://registry.npmjs.org/sax 180ms (cache miss)
135 http fetch GET 200 https://registry.npmjs.org/split-on-first 851ms (cache miss)
136 http fetch GET 200 https://registry.npmjs.org/@zxing%2ftext-encoding 1690ms (cache miss)
137 timing idealTree:node_modules/minio Completed in 1764ms
138 timing idealTree:node_modules/async Completed in 1ms
139 silly placeDep ROOT readable-stream@3.6.0 OK for: block-stream2@2.1.0 want: ^3.4.0
140 silly fetch manifest inherits@^2.0.3
141 silly fetch manifest string_decoder@^1.1.1
142 silly fetch manifest util-deprecate@^1.0.1
143 http fetch GET 200 https://registry.npmjs.org/string_decoder 39ms (cache miss)
144 http fetch GET 200 https://registry.npmjs.org/util-deprecate 39ms (cache miss)
145 timing idealTree:node_modules/block-stream2 Completed in 43ms
146 timing idealTree:node_modules/browser-or-node Completed in 0ms
147 timing idealTree:node_modules/buffer-crc32 Completed in 0ms
148 silly placeDep ROOT browserify-cipher@1.0.1 OK for: crypto-browserify@3.12.0 want: ^1.0.0
149 silly placeDep ROOT browserify-sign@4.2.1 OK for: crypto-browserify@3.12.0 want: ^4.0.0
150 silly placeDep ROOT create-ecdh@4.0.4 OK for: crypto-browserify@3.12.0 want: ^4.0.0
151 silly placeDep ROOT create-hash@1.2.0 OK for: crypto-browserify@3.12.0 want: ^1.1.0
152 silly placeDep ROOT create-hmac@1.1.7 OK for: crypto-browserify@3.12.0 want: ^1.1.0
153 silly placeDep ROOT diffie-hellman@5.0.3 OK for: crypto-browserify@3.12.0 want: ^5.0.0
154 silly placeDep ROOT inherits@2.0.4 OK for: crypto-browserify@3.12.0 want: ^2.0.1
155 silly placeDep ROOT pbkdf2@3.1.2 OK for: crypto-browserify@3.12.0 want: ^3.0.3
156 silly placeDep ROOT public-encrypt@4.0.3 OK for: crypto-browserify@3.12.0 want: ^4.0.0
157 silly placeDep ROOT randombytes@2.1.0 OK for: crypto-browserify@3.12.0 want: ^2.0.0
158 silly placeDep ROOT randomfill@1.0.4 OK for: crypto-browserify@3.12.0 want: ^1.0.3
159 silly fetch manifest browserify-aes@^1.0.4
160 silly fetch manifest browserify-des@^1.0.0
161 silly fetch manifest evp_bytestokey@^1.0.0
162 silly fetch manifest bn.js@^5.1.1
163 silly fetch manifest browserify-rsa@^4.0.1
164 silly fetch manifest elliptic@^6.5.3
165 silly fetch manifest parse-asn1@^5.1.5
166 silly fetch manifest safe-buffer@^5.2.0
167 silly fetch manifest bn.js@^4.1.0
168 silly fetch manifest cipher-base@^1.0.1
169 silly fetch manifest md5.js@^1.3.4
170 silly fetch manifest ripemd160@^2.0.1
171 silly fetch manifest sha.js@^2.4.0
172 silly fetch manifest cipher-base@^1.0.3
173 silly fetch manifest ripemd160@^2.0.0
174 silly fetch manifest safe-buffer@^5.0.1
175 silly fetch manifest sha.js@^2.4.8
176 silly fetch manifest miller-rabin@^4.0.0
177 silly fetch manifest browserify-rsa@^4.0.0
178 silly fetch manifest parse-asn1@^5.0.0
179 silly fetch manifest safe-buffer@^5.1.2
180 silly fetch manifest safe-buffer@^5.1.0
181 http fetch GET 200 https://registry.npmjs.org/safe-buffer 42ms (cache miss)
182 http fetch GET 200 https://registry.npmjs.org/browserify-aes 57ms (cache miss)
183 http fetch GET 200 https://registry.npmjs.org/md5.js 84ms (cache miss)
184 http fetch GET 200 https://registry.npmjs.org/sha.js 83ms (cache miss)
185 http fetch GET 200 https://registry.npmjs.org/cipher-base 88ms (cache miss)
186 http fetch GET 200 https://registry.npmjs.org/browserify-rsa 93ms (cache miss)
187 http fetch GET 200 https://registry.npmjs.org/ripemd160 88ms (cache miss)
188 http fetch GET 200 https://registry.npmjs.org/browserify-des 97ms (cache miss)
189 http fetch GET 200 https://registry.npmjs.org/miller-rabin 86ms (cache miss)
190 http fetch GET 200 https://registry.npmjs.org/bn.js 97ms (cache miss)
191 http fetch GET 200 https://registry.npmjs.org/parse-asn1 97ms (cache miss)
192 http fetch GET 200 https://registry.npmjs.org/elliptic 99ms (cache miss)
193 http fetch GET 200 https://registry.npmjs.org/evp_bytestokey 865ms (cache miss)
194 timing idealTree:node_modules/crypto-browserify Completed in 893ms
195 silly placeDep ROOT browserify-aes@1.2.0 OK for: browserify-cipher@1.0.1 want: ^1.0.4
196 silly placeDep ROOT browserify-des@1.0.2 OK for: browserify-cipher@1.0.1 want: ^1.0.0
197 silly placeDep ROOT evp_bytestokey@1.0.3 OK for: browserify-cipher@1.0.1 want: ^1.0.0
198 silly fetch manifest buffer-xor@^1.0.3
199 silly fetch manifest cipher-base@^1.0.0
200 silly fetch manifest des.js@^1.0.0
201 silly fetch manifest safe-buffer@^5.1.1
202 http fetch GET 200 https://registry.npmjs.org/des.js 42ms (cache miss)
203 http fetch GET 200 https://registry.npmjs.org/buffer-xor 754ms (cache miss)
204 timing idealTree:node_modules/browserify-cipher Completed in 765ms
205 silly placeDep ROOT buffer-xor@1.0.3 OK for: browserify-aes@1.2.0 want: ^1.0.3
206 silly placeDep ROOT cipher-base@1.0.4 OK for: browserify-aes@1.2.0 want: ^1.0.0
207 silly placeDep ROOT safe-buffer@5.2.1 OK for: browserify-aes@1.2.0 want: ^5.0.1
208 timing idealTree:node_modules/browserify-aes Completed in 7ms
209 silly placeDep ROOT des.js@1.0.1 OK for: browserify-des@1.0.2 want: ^1.0.0
210 silly fetch manifest minimalistic-assert@^1.0.0
211 http fetch GET 200 https://registry.npmjs.org/minimalistic-assert 25ms (cache miss)
212 timing idealTree:node_modules/browserify-des Completed in 27ms
213 silly placeDep ROOT bn.js@5.2.1 OK for: browserify-sign@4.2.1 want: ^5.1.1
214 silly placeDep ROOT browserify-rsa@4.1.0 OK for: browserify-sign@4.2.1 want: ^4.0.1
215 silly placeDep ROOT elliptic@6.5.4 OK for: browserify-sign@4.2.1 want: ^6.5.3
216 silly placeDep ROOT parse-asn1@5.1.6 OK for: browserify-sign@4.2.1 want: ^5.1.5
217 silly fetch manifest bn.js@^4.11.9
218 silly fetch manifest brorand@^1.1.0
219 silly fetch manifest hash.js@^1.0.0
220 silly fetch manifest hmac-drbg@^1.0.1
221 silly fetch manifest minimalistic-assert@^1.0.1
222 silly fetch manifest minimalistic-crypto-utils@^1.0.1
223 silly fetch manifest asn1.js@^5.2.0
224 http fetch GET 200 https://registry.npmjs.org/brorand 57ms (cache miss)
225 http fetch GET 200 https://registry.npmjs.org/hmac-drbg 63ms (cache miss)
226 http fetch GET 200 https://registry.npmjs.org/asn1.js 57ms (cache miss)
227 http fetch GET 200 https://registry.npmjs.org/hash.js 66ms (cache miss)
228 http fetch GET 200 https://registry.npmjs.org/minimalistic-crypto-utils 72ms (cache miss)
229 timing idealTree:node_modules/browserify-sign Completed in 90ms
230 timing idealTree:node_modules/bn.js Completed in 0ms
231 timing idealTree:node_modules/browserify-rsa Completed in 0ms
232 timing idealTree:node_modules/buffer-xor Completed in 0ms
233 timing idealTree:node_modules/cipher-base Completed in 0ms
234 silly placeDep node_modules/create-ecdh bn.js@4.12.0 OK for: create-ecdh@4.0.4 want: ^4.1.0
235 timing idealTree:node_modules/create-ecdh Completed in 6ms
236 silly placeDep ROOT md5.js@1.3.5 OK for: create-hash@1.2.0 want: ^1.3.4
237 silly placeDep ROOT ripemd160@2.0.2 OK for: create-hash@1.2.0 want: ^2.0.1
238 silly placeDep ROOT sha.js@2.4.11 OK for: create-hash@1.2.0 want: ^2.4.0
239 silly fetch manifest hash-base@^3.0.0
240 http fetch GET 200 https://registry.npmjs.org/hash-base 45ms (cache miss)
241 timing idealTree:node_modules/create-hash Completed in 53ms
242 timing idealTree:node_modules/create-hmac Completed in 0ms
243 silly placeDep ROOT minimalistic-assert@1.0.1 OK for: des.js@1.0.1 want: ^1.0.0
244 timing idealTree:node_modules/des.js Completed in 5ms
245 silly placeDep node_modules/diffie-hellman bn.js@4.12.0 OK for: diffie-hellman@5.0.3 want: ^4.1.0
246 silly placeDep ROOT miller-rabin@4.0.1 OK for: diffie-hellman@5.0.3 want: ^4.0.0
247 silly fetch manifest bn.js@^4.0.0
248 silly fetch manifest brorand@^1.0.1
249 timing idealTree:node_modules/diffie-hellman Completed in 6ms
250 silly placeDep node_modules/elliptic bn.js@4.12.0 OK for: elliptic@6.5.4 want: ^4.11.9
251 silly placeDep ROOT brorand@1.1.0 OK for: elliptic@6.5.4 want: ^1.1.0
252 silly placeDep ROOT hash.js@1.1.7 OK for: elliptic@6.5.4 want: ^1.0.0
253 silly placeDep ROOT hmac-drbg@1.0.1 OK for: elliptic@6.5.4 want: ^1.0.1
254 silly placeDep ROOT minimalistic-crypto-utils@1.0.1 OK for: elliptic@6.5.4 want: ^1.0.1
255 timing idealTree:node_modules/elliptic Completed in 18ms
256 timing idealTree:node_modules/brorand Completed in 0ms
257 timing idealTree:node_modules/es6-error Completed in 0ms
258 timing idealTree:node_modules/evp_bytestokey Completed in 0ms
259 silly placeDep ROOT strnum@1.0.5 OK for: fast-xml-parser@3.21.1 want: ^1.0.4
260 timing idealTree:node_modules/fast-xml-parser Completed in 3ms
261 timing idealTree:node_modules/hash.js Completed in 0ms
262 timing idealTree:node_modules/hmac-drbg Completed in 0ms
263 timing idealTree:node_modules/inherits Completed in 0ms
264 timing idealTree:node_modules/ipaddr.js Completed in 0ms
265 timing idealTree:node_modules/json-stream Completed in 1ms
266 timing idealTree:node_modules/lodash Completed in 0ms
267 silly placeDep ROOT hash-base@3.1.0 OK for: md5.js@1.3.5 want: ^3.0.0
268 timing idealTree:node_modules/md5.js Completed in 2ms
269 timing idealTree:node_modules/hash-base Completed in 0ms
270 silly placeDep node_modules/miller-rabin bn.js@4.12.0 OK for: miller-rabin@4.0.1 want: ^4.0.0
271 timing idealTree:node_modules/miller-rabin Completed in 2ms
272 silly placeDep ROOT mime-db@1.52.0 OK for: mime-types@2.1.35 want: 1.52.0
273 timing idealTree:node_modules/mime-types Completed in 1ms
274 timing idealTree:node_modules/mime-db Completed in 0ms
275 timing idealTree:node_modules/minimalistic-assert Completed in 0ms
276 timing idealTree:node_modules/minimalistic-crypto-utils Completed in 0ms
277 silly placeDep ROOT minimist@1.2.7 OK for: mkdirp@0.5.6 want: ^1.2.6
278 timing idealTree:node_modules/mkdirp Completed in 1ms
279 timing idealTree:node_modules/minimist Completed in 0ms
280 silly placeDep ROOT asn1.js@5.4.1 OK for: parse-asn1@5.1.6 want: ^5.2.0
281 silly fetch manifest safer-buffer@^2.1.0
282 http fetch GET 200 https://registry.npmjs.org/safer-buffer 27ms (cache miss)
283 timing idealTree:node_modules/parse-asn1 Completed in 34ms
284 silly placeDep node_modules/asn1.js bn.js@4.12.0 OK for: asn1.js@5.4.1 want: ^4.0.0
285 silly placeDep ROOT safer-buffer@2.1.2 OK for: asn1.js@5.4.1 want: ^2.1.0
286 timing idealTree:node_modules/asn1.js Completed in 3ms
287 timing idealTree:node_modules/pbkdf2 Completed in 0ms
288 silly placeDep node_modules/public-encrypt bn.js@4.12.0 OK for: public-encrypt@4.0.3 want: ^4.1.0
289 timing idealTree:node_modules/public-encrypt Completed in 2ms
290 silly placeDep ROOT decode-uri-component@0.2.2 OK for: query-string@7.1.3 want: ^0.2.2
291 silly placeDep ROOT filter-obj@1.1.0 OK for: query-string@7.1.3 want: ^1.1.0
292 silly placeDep ROOT split-on-first@1.1.0 OK for: query-string@7.1.3 want: ^1.0.0
293 silly placeDep ROOT strict-uri-encode@2.0.0 OK for: query-string@7.1.3 want: ^2.0.0
294 timing idealTree:node_modules/query-string Completed in 5ms
295 timing idealTree:node_modules/decode-uri-component Completed in 0ms
296 timing idealTree:node_modules/filter-obj Completed in 0ms
297 timing idealTree:node_modules/randombytes Completed in 0ms
298 timing idealTree:node_modules/randomfill Completed in 0ms
299 silly placeDep ROOT string_decoder@1.3.0 OK for: readable-stream@3.6.0 want: ^1.1.1
300 silly placeDep ROOT util-deprecate@1.0.2 OK for: readable-stream@3.6.0 want: ^1.0.1
301 timing idealTree:node_modules/readable-stream Completed in 5ms
302 timing idealTree:node_modules/ripemd160 Completed in 0ms
303 timing idealTree:node_modules/safe-buffer Completed in 0ms
304 timing idealTree:node_modules/safer-buffer Completed in 0ms
305 timing idealTree:node_modules/sha.js Completed in 1ms
306 timing idealTree:node_modules/split-on-first Completed in 0ms
307 timing idealTree:node_modules/strict-uri-encode Completed in 0ms
308 timing idealTree:node_modules/string_decoder Completed in 0ms
309 timing idealTree:node_modules/strnum Completed in 0ms
310 timing idealTree:node_modules/through2 Completed in 0ms
311 timing idealTree:node_modules/util-deprecate Completed in 0ms
312 silly placeDep ROOT @zxing/text-encoding@0.9.0 OK for: web-encoding@1.1.5 want: 0.9.0
313 silly placeDep ROOT util@0.12.5 OK for: web-encoding@1.1.5 want: ^0.12.3
314 silly fetch manifest is-arguments@^1.0.4
315 silly fetch manifest is-generator-function@^1.0.7
316 silly fetch manifest is-typed-array@^1.1.3
317 silly fetch manifest which-typed-array@^1.1.2
318 http fetch GET 200 https://registry.npmjs.org/is-generator-function 35ms (cache miss)
319 http fetch GET 200 https://registry.npmjs.org/is-arguments 47ms (cache miss)
320 http fetch GET 200 https://registry.npmjs.org/which-typed-array 721ms (cache miss)
321 http fetch GET 200 https://registry.npmjs.org/is-typed-array 729ms (cache miss)
322 timing idealTree:node_modules/web-encoding Completed in 736ms
323 timing idealTree:node_modules/@zxing/text-encoding Completed in 0ms
324 silly placeDep ROOT is-arguments@1.1.1 OK for: util@0.12.5 want: ^1.0.4
325 silly placeDep ROOT is-generator-function@1.0.10 OK for: util@0.12.5 want: ^1.0.7
326 silly placeDep ROOT is-typed-array@1.1.10 OK for: util@0.12.5 want: ^1.1.3
327 silly placeDep ROOT which-typed-array@1.1.9 OK for: util@0.12.5 want: ^1.1.2
328 silly fetch manifest call-bind@^1.0.2
329 silly fetch manifest has-tostringtag@^1.0.0
330 silly fetch manifest available-typed-arrays@^1.0.5
331 silly fetch manifest for-each@^0.3.3
332 silly fetch manifest gopd@^1.0.1
333 http fetch GET 200 https://registry.npmjs.org/call-bind 36ms (cache miss)
334 http fetch GET 200 https://registry.npmjs.org/for-each 46ms (cache miss)
335 http fetch GET 200 https://registry.npmjs.org/gopd 47ms (cache miss)
336 http fetch GET 200 https://registry.npmjs.org/has-tostringtag 714ms (cache miss)
337 http fetch GET 200 https://registry.npmjs.org/available-typed-arrays 742ms (cache miss)
338 timing idealTree:node_modules/util Completed in 766ms
339 silly placeDep ROOT call-bind@1.0.2 OK for: is-arguments@1.1.1 want: ^1.0.2
340 silly placeDep ROOT has-tostringtag@1.0.0 OK for: is-arguments@1.1.1 want: ^1.0.0
341 silly fetch manifest function-bind@^1.1.1
342 silly fetch manifest get-intrinsic@^1.0.2
343 silly fetch manifest has-symbols@^1.0.2
344 http fetch GET 200 https://registry.npmjs.org/function-bind 35ms (cache miss)
345 http fetch GET 200 https://registry.npmjs.org/has-symbols 33ms (cache miss)
346 http fetch GET 200 https://registry.npmjs.org/get-intrinsic 35ms (cache miss)
347 timing idealTree:node_modules/is-arguments Completed in 39ms
348 silly placeDep ROOT function-bind@1.1.1 OK for: call-bind@1.0.2 want: ^1.1.1
349 silly placeDep ROOT get-intrinsic@1.1.3 OK for: call-bind@1.0.2 want: ^1.0.2
350 silly fetch manifest has@^1.0.3
351 silly fetch manifest has-symbols@^1.0.3
352 http fetch GET 200 https://registry.npmjs.org/has 55ms (cache miss)
353 timing idealTree:node_modules/call-bind Completed in 58ms
354 timing idealTree:node_modules/function-bind Completed in 0ms
355 silly placeDep ROOT has@1.0.3 OK for: get-intrinsic@1.1.3 want: ^1.0.3
356 silly placeDep ROOT has-symbols@1.0.3 OK for: get-intrinsic@1.1.3 want: ^1.0.3
357 timing idealTree:node_modules/get-intrinsic Completed in 7ms
358 timing idealTree:node_modules/has Completed in 0ms
359 timing idealTree:node_modules/has-symbols Completed in 0ms
360 timing idealTree:node_modules/has-tostringtag Completed in 0ms
361 timing idealTree:node_modules/is-generator-function Completed in 0ms
362 silly placeDep ROOT available-typed-arrays@1.0.5 OK for: is-typed-array@1.1.10 want: ^1.0.5
363 silly placeDep ROOT for-each@0.3.3 OK for: is-typed-array@1.1.10 want: ^0.3.3
364 silly placeDep ROOT gopd@1.0.1 OK for: is-typed-array@1.1.10 want: ^1.0.1
365 silly fetch manifest is-callable@^1.1.3
366 http fetch GET 200 https://registry.npmjs.org/is-callable 53ms (cache miss)
367 timing idealTree:node_modules/is-typed-array Completed in 71ms
368 timing idealTree:node_modules/available-typed-arrays Completed in 0ms
369 silly placeDep ROOT is-callable@1.2.7 OK for: for-each@0.3.3 want: ^1.1.3
370 timing idealTree:node_modules/for-each Completed in 2ms
371 timing idealTree:node_modules/gopd Completed in 0ms
372 timing idealTree:node_modules/is-callable Completed in 0ms
373 timing idealTree:node_modules/which-typed-array Completed in 0ms
374 timing idealTree:node_modules/xml Completed in 0ms
375 silly placeDep ROOT sax@1.2.4 OK for: xml2js@0.4.23 want: >=0.6.0
376 silly placeDep ROOT xmlbuilder@11.0.1 OK for: xml2js@0.4.23 want: ~11.0.0
377 timing idealTree:node_modules/xml2js Completed in 19ms
378 timing idealTree:node_modules/sax Completed in 0ms
379 timing idealTree:node_modules/xmlbuilder Completed in 0ms
380 timing idealTree:node_modules/asn1.js/node_modules/bn.js Completed in 0ms
381 timing idealTree:node_modules/create-ecdh/node_modules/bn.js Completed in 0ms
382 timing idealTree:node_modules/diffie-hellman/node_modules/bn.js Completed in 0ms
383 timing idealTree:node_modules/elliptic/node_modules/bn.js Completed in 0ms
384 timing idealTree:node_modules/miller-rabin/node_modules/bn.js Completed in 0ms
385 timing idealTree:node_modules/public-encrypt/node_modules/bn.js Completed in 0ms
386 timing idealTree:buildDeps Completed in 7308ms
387 timing idealTree:fixDepFlags Completed in 4ms
388 timing idealTree Completed in 7355ms
389 timing reify:loadTrees Completed in 7356ms
390 timing reify:diffTrees Completed in 13ms
391 silly reify moves {}
392 timing reify:retireShallow Completed in 2ms
393 timing reify:createSparse Completed in 37ms
394 timing reify:loadBundles Completed in 0ms
395 silly audit bulk request {
395 silly audit   minio: [ '7.0.32' ],
395 silly audit   async: [ '3.2.4' ],
395 silly audit   'block-stream2': [ '2.1.0' ],
395 silly audit   'browser-or-node': [ '1.3.0' ],
395 silly audit   'buffer-crc32': [ '0.2.13' ],
395 silly audit   'crypto-browserify': [ '3.12.0' ],
395 silly audit   'es6-error': [ '4.1.1' ],
395 silly audit   'fast-xml-parser': [ '3.21.1' ],
395 silly audit   'ipaddr.js': [ '2.0.1' ],
395 silly audit   'json-stream': [ '1.0.0' ],
395 silly audit   lodash: [ '4.17.21' ],
395 silly audit   'mime-types': [ '2.1.35' ],
395 silly audit   mkdirp: [ '0.5.6' ],
395 silly audit   'query-string': [ '7.1.3' ],
395 silly audit   through2: [ '3.0.2' ],
395 silly audit   'web-encoding': [ '1.1.5' ],
395 silly audit   xml: [ '1.0.1' ],
395 silly audit   xml2js: [ '0.4.23' ],
395 silly audit   'readable-stream': [ '3.6.0' ],
395 silly audit   'browserify-cipher': [ '1.0.1' ],
395 silly audit   'browserify-sign': [ '4.2.1' ],
395 silly audit   'create-ecdh': [ '4.0.4' ],
395 silly audit   'create-hash': [ '1.2.0' ],
395 silly audit   'create-hmac': [ '1.1.7' ],
395 silly audit   'diffie-hellman': [ '5.0.3' ],
395 silly audit   inherits: [ '2.0.4' ],
395 silly audit   pbkdf2: [ '3.1.2' ],
395 silly audit   'public-encrypt': [ '4.0.3' ],
395 silly audit   randombytes: [ '2.1.0' ],
395 silly audit   randomfill: [ '1.0.4' ],
395 silly audit   'browserify-aes': [ '1.2.0' ],
395 silly audit   'browserify-des': [ '1.0.2' ],
395 silly audit   evp_bytestokey: [ '1.0.3' ],
395 silly audit   'buffer-xor': [ '1.0.3' ],
395 silly audit   'cipher-base': [ '1.0.4' ],
395 silly audit   'safe-buffer': [ '5.2.1' ],
395 silly audit   'des.js': [ '1.0.1' ],
395 silly audit   'bn.js': [ '5.2.1', '4.12.0' ],
395 silly audit   'browserify-rsa': [ '4.1.0' ],
395 silly audit   elliptic: [ '6.5.4' ],
395 silly audit   'parse-asn1': [ '5.1.6' ],
395 silly audit   'md5.js': [ '1.3.5' ],
395 silly audit   ripemd160: [ '2.0.2' ],
395 silly audit   'sha.js': [ '2.4.11' ],
395 silly audit   'minimalistic-assert': [ '1.0.1' ],
395 silly audit   'miller-rabin': [ '4.0.1' ],
395 silly audit   brorand: [ '1.1.0' ],
395 silly audit   'hash.js': [ '1.1.7' ],
395 silly audit   'hmac-drbg': [ '1.0.1' ],
395 silly audit   'minimalistic-crypto-utils': [ '1.0.1' ],
395 silly audit   strnum: [ '1.0.5' ],
395 silly audit   'hash-base': [ '3.1.0' ],
395 silly audit   'mime-db': [ '1.52.0' ],
395 silly audit   minimist: [ '1.2.7' ],
395 silly audit   'asn1.js': [ '5.4.1' ],
395 silly audit   'safer-buffer': [ '2.1.2' ],
395 silly audit   'decode-uri-component': [ '0.2.2' ],
395 silly audit   'filter-obj': [ '1.1.0' ],
395 silly audit   'split-on-first': [ '1.1.0' ],
395 silly audit   'strict-uri-encode': [ '2.0.0' ],
395 silly audit   string_decoder: [ '1.3.0' ],
395 silly audit   'util-deprecate': [ '1.0.2' ],
395 silly audit   '@zxing/text-encoding': [ '0.9.0' ],
395 silly audit   util: [ '0.12.5' ],
395 silly audit   'is-arguments': [ '1.1.1' ],
395 silly audit   'is-generator-function': [ '1.0.10' ],
395 silly audit   'is-typed-array': [ '1.1.10' ],
395 silly audit   'which-typed-array': [ '1.1.9' ],
395 silly audit   'call-bind': [ '1.0.2' ],
395 silly audit   'has-tostringtag': [ '1.0.0' ],
395 silly audit   'function-bind': [ '1.1.1' ],
395 silly audit   'get-intrinsic': [ '1.1.3' ],
395 silly audit   has: [ '1.0.3' ],
395 silly audit   'has-symbols': [ '1.0.3' ],
395 silly audit   'available-typed-arrays': [ '1.0.5' ],
395 silly audit   'for-each': [ '0.3.3' ],
395 silly audit   gopd: [ '1.0.1' ],
395 silly audit   'is-callable': [ '1.2.7' ],
395 silly audit   sax: [ '1.2.4' ],
395 silly audit   xmlbuilder: [ '11.0.1' ]
395 silly audit }
396 silly tarball no local data for xmlbuilder@https://registry.npmjs.org/xmlbuilder/-/xmlbuilder-11.0.1.tgz. Extracting by manifest.
397 silly tarball no local data for sax@https://registry.npmjs.org/sax/-/sax-1.2.4.tgz. Extracting by manifest.
398 silly tarball no local data for is-callable@https://registry.npmjs.org/is-callable/-/is-callable-1.2.7.tgz. Extracting by manifest.
399 silly tarball no local data for gopd@https://registry.npmjs.org/gopd/-/gopd-1.0.1.tgz. Extracting by manifest.
400 silly tarball no local data for for-each@https://registry.npmjs.org/for-each/-/for-each-0.3.3.tgz. Extracting by manifest.
401 silly tarball no local data for available-typed-arrays@https://registry.npmjs.org/available-typed-arrays/-/available-typed-arrays-1.0.5.tgz. Extracting by manifest.
402 silly tarball no local data for has-tostringtag@https://registry.npmjs.org/has-tostringtag/-/has-tostringtag-1.0.0.tgz. Extracting by manifest.
403 silly tarball no local data for which-typed-array@https://registry.npmjs.org/which-typed-array/-/which-typed-array-1.1.9.tgz. Extracting by manifest.
404 silly tarball no local data for is-typed-array@https://registry.npmjs.org/is-typed-array/-/is-typed-array-1.1.10.tgz. Extracting by manifest.
405 silly tarball no local data for is-generator-function@https://registry.npmjs.org/is-generator-function/-/is-generator-function-1.0.10.tgz. Extracting by manifest.
406 silly tarball no local data for is-arguments@https://registry.npmjs.org/is-arguments/-/is-arguments-1.1.1.tgz. Extracting by manifest.
407 silly tarball no local data for util@https://registry.npmjs.org/util/-/util-0.12.5.tgz. Extracting by manifest.
408 silly tarball no local data for @zxing/text-encoding@https://registry.npmjs.org/@zxing/text-encoding/-/text-encoding-0.9.0.tgz. Extracting by manifest.
409 silly tarball no local data for util-deprecate@https://registry.npmjs.org/util-deprecate/-/util-deprecate-1.0.2.tgz. Extracting by manifest.
410 silly tarball no local data for string_decoder@https://registry.npmjs.org/string_decoder/-/string_decoder-1.3.0.tgz. Extracting by manifest.
411 silly tarball no local data for strict-uri-encode@https://registry.npmjs.org/strict-uri-encode/-/strict-uri-encode-2.0.0.tgz. Extracting by manifest.
412 silly tarball no local data for split-on-first@https://registry.npmjs.org/split-on-first/-/split-on-first-1.1.0.tgz. Extracting by manifest.
413 silly tarball no local data for filter-obj@https://registry.npmjs.org/filter-obj/-/filter-obj-1.1.0.tgz. Extracting by manifest.
414 silly tarball no local data for decode-uri-component@https://registry.npmjs.org/decode-uri-component/-/decode-uri-component-0.2.2.tgz. Extracting by manifest.
415 silly tarball no local data for asn1.js@https://registry.npmjs.org/asn1.js/-/asn1.js-5.4.1.tgz. Extracting by manifest.
416 silly tarball no local data for hash-base@https://registry.npmjs.org/hash-base/-/hash-base-3.1.0.tgz. Extracting by manifest.
417 silly tarball no local data for strnum@https://registry.npmjs.org/strnum/-/strnum-1.0.5.tgz. Extracting by manifest.
418 silly tarball no local data for minimalistic-crypto-utils@https://registry.npmjs.org/minimalistic-crypto-utils/-/minimalistic-crypto-utils-1.0.1.tgz. Extracting by manifest.
419 silly tarball no local data for hmac-drbg@https://registry.npmjs.org/hmac-drbg/-/hmac-drbg-1.0.1.tgz. Extracting by manifest.
420 silly tarball no local data for hash.js@https://registry.npmjs.org/hash.js/-/hash.js-1.1.7.tgz. Extracting by manifest.
421 silly tarball no local data for brorand@https://registry.npmjs.org/brorand/-/brorand-1.1.0.tgz. Extracting by manifest.
422 silly tarball no local data for miller-rabin@https://registry.npmjs.org/miller-rabin/-/miller-rabin-4.0.1.tgz. Extracting by manifest.
423 silly tarball no local data for minimalistic-assert@https://registry.npmjs.org/minimalistic-assert/-/minimalistic-assert-1.0.1.tgz. Extracting by manifest.
424 silly tarball no local data for sha.js@https://registry.npmjs.org/sha.js/-/sha.js-2.4.11.tgz. Extracting by manifest.
425 silly tarball no local data for ripemd160@https://registry.npmjs.org/ripemd160/-/ripemd160-2.0.2.tgz. Extracting by manifest.
426 silly tarball no local data for md5.js@https://registry.npmjs.org/md5.js/-/md5.js-1.3.5.tgz. Extracting by manifest.
427 silly tarball no local data for parse-asn1@https://registry.npmjs.org/parse-asn1/-/parse-asn1-5.1.6.tgz. Extracting by manifest.
428 silly tarball no local data for elliptic@https://registry.npmjs.org/elliptic/-/elliptic-6.5.4.tgz. Extracting by manifest.
429 silly tarball no local data for browserify-rsa@https://registry.npmjs.org/browserify-rsa/-/browserify-rsa-4.1.0.tgz. Extracting by manifest.
430 silly tarball no local data for bn.js@https://registry.npmjs.org/bn.js/-/bn.js-5.2.1.tgz. Extracting by manifest.
431 silly tarball no local data for des.js@https://registry.npmjs.org/des.js/-/des.js-1.0.1.tgz. Extracting by manifest.
432 silly tarball no local data for cipher-base@https://registry.npmjs.org/cipher-base/-/cipher-base-1.0.4.tgz. Extracting by manifest.
433 silly tarball no local data for buffer-xor@https://registry.npmjs.org/buffer-xor/-/buffer-xor-1.0.3.tgz. Extracting by manifest.
434 silly tarball no local data for evp_bytestokey@https://registry.npmjs.org/evp_bytestokey/-/evp_bytestokey-1.0.3.tgz. Extracting by manifest.
435 silly tarball no local data for browserify-des@https://registry.npmjs.org/browserify-des/-/browserify-des-1.0.2.tgz. Extracting by manifest.
436 silly tarball no local data for browserify-aes@https://registry.npmjs.org/browserify-aes/-/browserify-aes-1.2.0.tgz. Extracting by manifest.
437 silly tarball no local data for randomfill@https://registry.npmjs.org/randomfill/-/randomfill-1.0.4.tgz. Extracting by manifest.
438 silly tarball no local data for randombytes@https://registry.npmjs.org/randombytes/-/randombytes-2.1.0.tgz. Extracting by manifest.
439 silly tarball no local data for public-encrypt@https://registry.npmjs.org/public-encrypt/-/public-encrypt-4.0.3.tgz. Extracting by manifest.
440 silly tarball no local data for pbkdf2@https://registry.npmjs.org/pbkdf2/-/pbkdf2-3.1.2.tgz. Extracting by manifest.
441 silly tarball no local data for diffie-hellman@https://registry.npmjs.org/diffie-hellman/-/diffie-hellman-5.0.3.tgz. Extracting by manifest.
442 silly tarball no local data for create-hmac@https://registry.npmjs.org/create-hmac/-/create-hmac-1.1.7.tgz. Extracting by manifest.
443 silly tarball no local data for create-hash@https://registry.npmjs.org/create-hash/-/create-hash-1.2.0.tgz. Extracting by manifest.
444 silly tarball no local data for create-ecdh@https://registry.npmjs.org/create-ecdh/-/create-ecdh-4.0.4.tgz. Extracting by manifest.
445 silly tarball no local data for browserify-sign@https://registry.npmjs.org/browserify-sign/-/browserify-sign-4.2.1.tgz. Extracting by manifest.
446 silly tarball no local data for browserify-cipher@https://registry.npmjs.org/browserify-cipher/-/browserify-cipher-1.0.1.tgz. Extracting by manifest.
447 silly tarball no local data for readable-stream@https://registry.npmjs.org/readable-stream/-/readable-stream-3.6.0.tgz. Extracting by manifest.
448 silly tarball no local data for xml2js@https://registry.npmjs.org/xml2js/-/xml2js-0.4.23.tgz. Extracting by manifest.
449 silly tarball no local data for xml@https://registry.npmjs.org/xml/-/xml-1.0.1.tgz. Extracting by manifest.
450 silly tarball no local data for web-encoding@https://registry.npmjs.org/web-encoding/-/web-encoding-1.1.5.tgz. Extracting by manifest.
451 silly tarball no local data for through2@https://registry.npmjs.org/through2/-/through2-3.0.2.tgz. Extracting by manifest.
452 silly tarball no local data for query-string@https://registry.npmjs.org/query-string/-/query-string-7.1.3.tgz. Extracting by manifest.
453 silly tarball no local data for mkdirp@https://registry.npmjs.org/mkdirp/-/mkdirp-0.5.6.tgz. Extracting by manifest.
454 silly tarball no local data for json-stream@https://registry.npmjs.org/json-stream/-/json-stream-1.0.0.tgz. Extracting by manifest.
455 silly tarball no local data for ipaddr.js@https://registry.npmjs.org/ipaddr.js/-/ipaddr.js-2.0.1.tgz. Extracting by manifest.
456 silly tarball no local data for fast-xml-parser@https://registry.npmjs.org/fast-xml-parser/-/fast-xml-parser-3.21.1.tgz. Extracting by manifest.
457 silly tarball no local data for es6-error@https://registry.npmjs.org/es6-error/-/es6-error-4.1.1.tgz. Extracting by manifest.
458 silly tarball no local data for crypto-browserify@https://registry.npmjs.org/crypto-browserify/-/crypto-browserify-3.12.0.tgz. Extracting by manifest.
459 silly tarball no local data for buffer-crc32@https://registry.npmjs.org/buffer-crc32/-/buffer-crc32-0.2.13.tgz. Extracting by manifest.
460 silly tarball no local data for browser-or-node@https://registry.npmjs.org/browser-or-node/-/browser-or-node-1.3.0.tgz. Extracting by manifest.
461 silly tarball no local data for block-stream2@https://registry.npmjs.org/block-stream2/-/block-stream2-2.1.0.tgz. Extracting by manifest.
462 silly tarball no local data for async@https://registry.npmjs.org/async/-/async-3.2.4.tgz. Extracting by manifest.
463 silly tarball no local data for minio@https://registry.npmjs.org/minio/-/minio-7.0.32.tgz. Extracting by manifest.
464 silly tarball no local data for bn.js@https://registry.npmjs.org/bn.js/-/bn.js-4.12.0.tgz. Extracting by manifest.
465 silly tarball no local data for bn.js@https://registry.npmjs.org/bn.js/-/bn.js-4.12.0.tgz. Extracting by manifest.
466 silly tarball no local data for bn.js@https://registry.npmjs.org/bn.js/-/bn.js-4.12.0.tgz. Extracting by manifest.
467 silly tarball no local data for bn.js@https://registry.npmjs.org/bn.js/-/bn.js-4.12.0.tgz. Extracting by manifest.
468 silly tarball no local data for bn.js@https://registry.npmjs.org/bn.js/-/bn.js-4.12.0.tgz. Extracting by manifest.
469 silly tarball no local data for bn.js@https://registry.npmjs.org/bn.js/-/bn.js-4.12.0.tgz. Extracting by manifest.
470 http fetch POST 200 https://registry.npmjs.org/-/npm/v1/security/advisories/bulk 1085ms
471 timing auditReport:getReport Completed in 1092ms
472 silly audit report {}
473 timing auditReport:init Completed in 0ms
474 timing reify:audit Completed in 1094ms
475 timing reifyNode:node_modules/inherits Completed in 1170ms
476 timing reifyNode:node_modules/has Completed in 1210ms
477 timing reifyNode:node_modules/mime-types Completed in 1205ms
478 timing reifyNode:node_modules/safe-buffer Completed in 1228ms
479 timing reifyNode:node_modules/safer-buffer Completed in 1254ms
480 http fetch GET 200 https://registry.npmjs.org/decode-uri-component/-/decode-uri-component-0.2.2.tgz 1140ms (cache miss)
481 timing reifyNode:node_modules/decode-uri-component Completed in 1307ms
482 http fetch GET 200 https://registry.npmjs.org/hash-base/-/hash-base-3.1.0.tgz 1103ms (cache miss)
483 timing reifyNode:node_modules/hash-base Completed in 1313ms
484 http fetch GET 200 https://registry.npmjs.org/brorand/-/brorand-1.1.0.tgz 1092ms (cache miss)
485 timing reifyNode:node_modules/brorand Completed in 1325ms
486 http fetch GET 200 https://registry.npmjs.org/cipher-base/-/cipher-base-1.0.4.tgz 1042ms (cache miss)
487 timing reifyNode:node_modules/cipher-base Completed in 1341ms
488 timing reifyNode:node_modules/get-intrinsic Completed in 1355ms
489 timing reifyNode:node_modules/function-bind Completed in 1355ms
490 http fetch GET 200 https://registry.npmjs.org/util-deprecate/-/util-deprecate-1.0.2.tgz 1223ms (cache miss)
491 timing reifyNode:node_modules/util-deprecate Completed in 1360ms
492 http fetch GET 200 https://registry.npmjs.org/util/-/util-0.12.5.tgz 1236ms (cache miss)
493 timing reifyNode:node_modules/util Completed in 1364ms
494 timing reifyNode:node_modules/call-bind Completed in 1378ms
495 http fetch GET 200 https://registry.npmjs.org/split-on-first/-/split-on-first-1.1.0.tgz 1224ms (cache miss)
496 timing reifyNode:node_modules/split-on-first Completed in 1383ms
497 http fetch GET 200 https://registry.npmjs.org/filter-obj/-/filter-obj-1.1.0.tgz 1235ms (cache miss)
498 timing reifyNode:node_modules/filter-obj Completed in 1398ms
499 http fetch GET 200 https://registry.npmjs.org/minimalistic-crypto-utils/-/minimalistic-crypto-utils-1.0.1.tgz 1181ms (cache miss)
500 timing reifyNode:node_modules/minimalistic-crypto-utils Completed in 1402ms
501 http fetch GET 200 https://registry.npmjs.org/through2/-/through2-3.0.2.tgz 966ms (cache miss)
502 timing reifyNode:node_modules/through2 Completed in 1405ms
503 http fetch GET 200 https://registry.npmjs.org/create-hash/-/create-hash-1.2.0.tgz 1076ms (cache miss)
504 timing reifyNode:node_modules/create-hash Completed in 1444ms
505 http fetch GET 200 https://registry.npmjs.org/create-ecdh/-/create-ecdh-4.0.4.tgz 1063ms (cache miss)
506 timing reifyNode:node_modules/create-ecdh Completed in 1449ms
507 http fetch GET 200 https://registry.npmjs.org/browserify-cipher/-/browserify-cipher-1.0.1.tgz 1042ms (cache miss)
508 timing reifyNode:node_modules/browserify-cipher Completed in 1454ms
509 http fetch GET 200 https://registry.npmjs.org/parse-asn1/-/parse-asn1-5.1.6.tgz 1195ms (cache miss)
510 timing reifyNode:node_modules/parse-asn1 Completed in 1467ms
511 http fetch GET 200 https://registry.npmjs.org/browserify-rsa/-/browserify-rsa-4.1.0.tgz 1191ms (cache miss)
512 timing reifyNode:node_modules/browserify-rsa Completed in 1472ms
513 http fetch GET 200 https://registry.npmjs.org/buffer-xor/-/buffer-xor-1.0.3.tgz 1173ms (cache miss)
514 timing reifyNode:node_modules/buffer-xor Completed in 1478ms
515 http fetch GET 200 https://registry.npmjs.org/miller-rabin/-/miller-rabin-4.0.1.tgz 1247ms (cache miss)
516 timing reifyNode:node_modules/miller-rabin Completed in 1484ms
517 http fetch GET 200 https://registry.npmjs.org/minimalistic-assert/-/minimalistic-assert-1.0.1.tgz 1247ms (cache miss)
518 timing reifyNode:node_modules/minimalistic-assert Completed in 1488ms
519 http fetch GET 200 https://registry.npmjs.org/es6-error/-/es6-error-4.1.1.tgz 1020ms (cache miss)
520 timing reifyNode:node_modules/es6-error Completed in 1498ms
521 http fetch GET 200 https://registry.npmjs.org/crypto-browserify/-/crypto-browserify-3.12.0.tgz 1021ms (cache miss)
522 http fetch GET 200 https://registry.npmjs.org/gopd/-/gopd-1.0.1.tgz 1441ms (cache miss)
523 timing reifyNode:node_modules/gopd Completed in 1521ms
524 http fetch GET 200 https://registry.npmjs.org/browserify-des/-/browserify-des-1.0.2.tgz 1199ms (cache miss)
525 timing reifyNode:node_modules/browserify-des Completed in 1525ms
526 http fetch GET 200 https://registry.npmjs.org/randombytes/-/randombytes-2.1.0.tgz 1190ms (cache miss)
527 timing reifyNode:node_modules/randombytes Completed in 1530ms
528 http fetch GET 200 https://registry.npmjs.org/create-hmac/-/create-hmac-1.1.7.tgz 1173ms (cache miss)
529 timing reifyNode:node_modules/create-hmac Completed in 1535ms
530 http fetch GET 200 https://registry.npmjs.org/strict-uri-encode/-/strict-uri-encode-2.0.0.tgz 1401ms (cache miss)
531 timing reifyNode:node_modules/strict-uri-encode Completed in 1548ms
532 http fetch GET 200 https://registry.npmjs.org/mkdirp/-/mkdirp-0.5.6.tgz 1102ms (cache miss)
533 timing reifyNode:node_modules/mkdirp Completed in 1553ms
534 timing reifyNode:node_modules/has-symbols Completed in 1562ms
535 timing reifyNode:node_modules/mime-db Completed in 1561ms
536 http fetch GET 200 https://registry.npmjs.org/md5.js/-/md5.js-1.3.5.tgz 1309ms (cache miss)
537 timing reifyNode:node_modules/md5.js Completed in 1576ms
538 http fetch GET 200 https://registry.npmjs.org/ripemd160/-/ripemd160-2.0.2.tgz 1325ms (cache miss)
539 timing reifyNode:node_modules/ripemd160 Completed in 1580ms
540 http fetch GET 200 https://registry.npmjs.org/buffer-crc32/-/buffer-crc32-0.2.13.tgz 1098ms (cache miss)
541 timing reifyNode:node_modules/buffer-crc32 Completed in 1584ms
542 http fetch GET 200 https://registry.npmjs.org/browser-or-node/-/browser-or-node-1.3.0.tgz 1108ms (cache miss)
543 timing reifyNode:node_modules/browser-or-node Completed in 1600ms
544 http fetch GET 200 https://registry.npmjs.org/evp_bytestokey/-/evp_bytestokey-1.0.3.tgz 1300ms (cache miss)
545 timing reifyNode:node_modules/evp_bytestokey Completed in 1609ms
546 http fetch GET 200 https://registry.npmjs.org/randomfill/-/randomfill-1.0.4.tgz 1279ms (cache miss)
547 timing reifyNode:node_modules/randomfill Completed in 1614ms
548 http fetch GET 200 https://registry.npmjs.org/block-stream2/-/block-stream2-2.1.0.tgz 1146ms (cache miss)
549 timing reifyNode:node_modules/block-stream2 Completed in 1643ms
550 http fetch GET 200 https://registry.npmjs.org/strnum/-/strnum-1.0.5.tgz 1467ms (cache miss)
551 timing reifyNode:node_modules/strnum Completed in 1683ms
552 http fetch GET 200 https://registry.npmjs.org/json-stream/-/json-stream-1.0.0.tgz 1229ms (cache miss)
553 timing reifyNode:node_modules/json-stream Completed in 1684ms
554 http fetch GET 200 https://registry.npmjs.org/is-callable/-/is-callable-1.2.7.tgz 1625ms (cache miss)
555 timing reifyNode:node_modules/is-callable Completed in 1702ms
556 http fetch GET 200 https://registry.npmjs.org/sax/-/sax-1.2.4.tgz 1638ms (cache miss)
557 timing reifyNode:node_modules/sax Completed in 1710ms
558 http fetch GET 200 https://registry.npmjs.org/is-typed-array/-/is-typed-array-1.1.10.tgz 1606ms (cache miss)
559 timing reifyNode:node_modules/is-typed-array Completed in 1712ms
560 http fetch GET 200 https://registry.npmjs.org/query-string/-/query-string-7.1.3.tgz 1270ms (cache miss)
561 timing reifyNode:node_modules/query-string Completed in 1717ms
562 http fetch GET 200 https://registry.npmjs.org/string_decoder/-/string_decoder-1.3.0.tgz 1590ms (cache miss)
563 timing reifyNode:node_modules/string_decoder Completed in 1731ms
564 http fetch GET 200 https://registry.npmjs.org/hmac-drbg/-/hmac-drbg-1.0.1.tgz 1509ms (cache miss)
565 timing reifyNode:node_modules/hmac-drbg Completed in 1735ms
566 http fetch GET 200 https://registry.npmjs.org/for-each/-/for-each-0.3.3.tgz 1664ms (cache miss)
567 timing reifyNode:node_modules/for-each Completed in 1748ms
568 http fetch GET 200 https://registry.npmjs.org/is-arguments/-/is-arguments-1.1.1.tgz 1634ms (cache miss)
569 timing reifyNode:node_modules/is-arguments Completed in 1750ms
570 http fetch GET 200 https://registry.npmjs.org/is-generator-function/-/is-generator-function-1.0.10.tgz 1643ms (cache miss)
571 timing reifyNode:node_modules/is-generator-function Completed in 1754ms
572 http fetch GET 200 https://registry.npmjs.org/pbkdf2/-/pbkdf2-3.1.2.tgz 1421ms (cache miss)
573 timing reifyNode:node_modules/pbkdf2 Completed in 1768ms
574 timing reifyNode:node_modules/minimist Completed in 1772ms
575 http fetch GET 200 https://registry.npmjs.org/bn.js/-/bn.js-5.2.1.tgz 1489ms (cache miss)
576 timing reifyNode:node_modules/bn.js Completed in 1775ms
577 http fetch GET 200 https://registry.npmjs.org/has-tostringtag/-/has-tostringtag-1.0.0.tgz 1692ms (cache miss)
578 timing reifyNode:node_modules/has-tostringtag Completed in 1785ms
579 http fetch GET 200 https://registry.npmjs.org/sha.js/-/sha.js-2.4.11.tgz 1541ms (cache miss)
580 timing reifyNode:node_modules/sha.js Completed in 1791ms
581 http fetch GET 200 https://registry.npmjs.org/xml/-/xml-1.0.1.tgz 1369ms (cache miss)
582 timing reifyNode:node_modules/xml Completed in 1793ms
583 http fetch GET 200 https://registry.npmjs.org/ipaddr.js/-/ipaddr.js-2.0.1.tgz 1334ms (cache miss)
584 timing reifyNode:node_modules/ipaddr.js Completed in 1796ms
585 http fetch GET 200 https://registry.npmjs.org/available-typed-arrays/-/available-typed-arrays-1.0.5.tgz 1729ms (cache miss)
586 timing reifyNode:node_modules/available-typed-arrays Completed in 1826ms
587 http fetch GET 200 https://registry.npmjs.org/browserify-sign/-/browserify-sign-4.2.1.tgz 1448ms (cache miss)
588 timing reifyNode:node_modules/browserify-sign Completed in 1842ms
589 timing reifyNode:node_modules/crypto-browserify Completed in 1841ms
590 http fetch GET 200 https://registry.npmjs.org/which-typed-array/-/which-typed-array-1.1.9.tgz 1764ms (cache miss)
591 timing reifyNode:node_modules/which-typed-array Completed in 1860ms
592 http fetch GET 200 https://registry.npmjs.org/bn.js/-/bn.js-4.12.0.tgz 1313ms (cache miss)
593 timing reifyNode:node_modules/create-ecdh/node_modules/bn.js Completed in 1866ms
594 http fetch GET 200 https://registry.npmjs.org/xml2js/-/xml2js-0.4.23.tgz 1455ms (cache miss)
595 timing reifyNode:node_modules/xml2js Completed in 1876ms
596 http fetch GET 200 https://registry.npmjs.org/bn.js/-/bn.js-4.12.0.tgz 1336ms (cache miss)
597 timing reifyNode:node_modules/public-encrypt/node_modules/bn.js Completed in 1882ms
598 http fetch GET 200 https://registry.npmjs.org/bn.js/-/bn.js-4.12.0.tgz 1336ms (cache miss)
599 timing reifyNode:node_modules/diffie-hellman/node_modules/bn.js Completed in 1885ms
600 http fetch GET 200 https://registry.npmjs.org/bn.js/-/bn.js-4.12.0.tgz 1354ms (cache miss)
601 timing reifyNode:node_modules/elliptic/node_modules/bn.js Completed in 1890ms
602 http fetch GET 200 https://registry.npmjs.org/bn.js/-/bn.js-4.12.0.tgz 1382ms (cache miss)
603 timing reifyNode:node_modules/asn1.js/node_modules/bn.js Completed in 1902ms
604 http fetch GET 200 https://registry.npmjs.org/bn.js/-/bn.js-4.12.0.tgz 1378ms (cache miss)
605 timing reifyNode:node_modules/miller-rabin/node_modules/bn.js Completed in 1906ms
606 http fetch GET 200 https://registry.npmjs.org/hash.js/-/hash.js-1.1.7.tgz 1689ms (cache miss)
607 timing reifyNode:node_modules/hash.js Completed in 1919ms
608 http fetch GET 200 https://registry.npmjs.org/diffie-hellman/-/diffie-hellman-5.0.3.tgz 1569ms (cache miss)
609 timing reifyNode:node_modules/diffie-hellman Completed in 1927ms
610 http fetch GET 200 https://registry.npmjs.org/fast-xml-parser/-/fast-xml-parser-3.21.1.tgz 1480ms (cache miss)
611 timing reifyNode:node_modules/fast-xml-parser Completed in 1947ms
612 http fetch GET 200 https://registry.npmjs.org/des.js/-/des.js-1.0.1.tgz 1670ms (cache miss)
613 timing reifyNode:node_modules/des.js Completed in 1961ms
614 http fetch GET 200 https://registry.npmjs.org/browserify-aes/-/browserify-aes-1.2.0.tgz 1636ms (cache miss)
615 timing reifyNode:node_modules/browserify-aes Completed in 1966ms
616 http fetch GET 200 https://registry.npmjs.org/public-encrypt/-/public-encrypt-4.0.3.tgz 1632ms (cache miss)
617 timing reifyNode:node_modules/public-encrypt Completed in 1975ms
618 http fetch GET 200 https://registry.npmjs.org/asn1.js/-/asn1.js-5.4.1.tgz 1812ms (cache miss)
619 timing reifyNode:node_modules/asn1.js Completed in 1983ms
620 http fetch GET 200 https://registry.npmjs.org/minio/-/minio-7.0.32.tgz 1504ms (cache miss)
621 timing reifyNode:node_modules/minio Completed in 2009ms
622 http fetch GET 200 https://registry.npmjs.org/elliptic/-/elliptic-6.5.4.tgz 1743ms (cache miss)
623 timing reifyNode:node_modules/elliptic Completed in 2019ms
624 http fetch GET 200 https://registry.npmjs.org/readable-stream/-/readable-stream-3.6.0.tgz 1615ms (cache miss)
625 timing reifyNode:node_modules/readable-stream Completed in 2031ms
626 http fetch GET 200 https://registry.npmjs.org/xmlbuilder/-/xmlbuilder-11.0.1.tgz 2001ms (cache miss)
627 timing reifyNode:node_modules/xmlbuilder Completed in 2064ms
628 http fetch GET 200 https://registry.npmjs.org/web-encoding/-/web-encoding-1.1.5.tgz 1720ms (cache miss)
629 timing reifyNode:node_modules/web-encoding Completed in 2148ms
630 http fetch GET 200 https://registry.npmjs.org/async/-/async-3.2.4.tgz 1727ms (cache miss)
631 timing reifyNode:node_modules/async Completed in 2228ms
632 http fetch GET 200 https://registry.npmjs.org/@zxing/text-encoding/-/text-encoding-0.9.0.tgz 2667ms (cache miss)
633 timing reifyNode:node_modules/@zxing/text-encoding Completed in 2801ms
634 timing reifyNode:node_modules/lodash Completed in 2812ms
635 timing reify:unpack Completed in 2820ms
636 timing reify:unretire Completed in 0ms
637 timing build:queue Completed in 4ms
638 timing build:link:node_modules/fast-xml-parser Completed in 18ms
639 timing build:link:node_modules/miller-rabin Completed in 17ms
640 timing build:link:node_modules/mkdirp Completed in 17ms
641 timing build:link:node_modules/sha.js Completed in 17ms
642 timing build:link Completed in 19ms
643 timing build:deps Completed in 24ms
644 timing build Completed in 24ms
645 timing reify:build Completed in 26ms
646 timing reify:trash Completed in 0ms
647 timing reify:save Completed in 64ms
648 timing reify Completed in 10380ms
649 silly ADD node_modules/xmlbuilder
650 silly ADD node_modules/sax
651 silly ADD node_modules/is-callable
652 silly ADD node_modules/gopd
653 silly ADD node_modules/for-each
654 silly ADD node_modules/available-typed-arrays
655 silly ADD node_modules/has-symbols
656 silly ADD node_modules/has
657 silly ADD node_modules/get-intrinsic
658 silly ADD node_modules/function-bind
659 silly ADD node_modules/has-tostringtag
660 silly ADD node_modules/call-bind
661 silly ADD node_modules/which-typed-array
662 silly ADD node_modules/is-typed-array
663 silly ADD node_modules/is-generator-function
664 silly ADD node_modules/is-arguments
665 silly ADD node_modules/util
666 silly ADD node_modules/@zxing/text-encoding
667 silly ADD node_modules/util-deprecate
668 silly ADD node_modules/string_decoder
669 silly ADD node_modules/strict-uri-encode
670 silly ADD node_modules/split-on-first
671 silly ADD node_modules/filter-obj
672 silly ADD node_modules/decode-uri-component
673 silly ADD node_modules/safer-buffer
674 silly ADD node_modules/asn1.js
675 silly ADD node_modules/asn1.js/node_modules/bn.js
676 silly ADD node_modules/minimist
677 silly ADD node_modules/mime-db
678 silly ADD node_modules/hash-base
679 silly ADD node_modules/strnum
680 silly ADD node_modules/minimalistic-crypto-utils
681 silly ADD node_modules/hmac-drbg
682 silly ADD node_modules/hash.js
683 silly ADD node_modules/brorand
684 silly ADD node_modules/miller-rabin
685 silly ADD node_modules/miller-rabin/node_modules/bn.js
686 silly ADD node_modules/minimalistic-assert
687 silly ADD node_modules/sha.js
688 silly ADD node_modules/ripemd160
689 silly ADD node_modules/md5.js
690 silly ADD node_modules/parse-asn1
691 silly ADD node_modules/elliptic
692 silly ADD node_modules/elliptic/node_modules/bn.js
693 silly ADD node_modules/browserify-rsa
694 silly ADD node_modules/bn.js
695 silly ADD node_modules/des.js
696 silly ADD node_modules/safe-buffer
697 silly ADD node_modules/cipher-base
698 silly ADD node_modules/buffer-xor
699 silly ADD node_modules/evp_bytestokey
700 silly ADD node_modules/browserify-des
701 silly ADD node_modules/browserify-aes
702 silly ADD node_modules/randomfill
703 silly ADD node_modules/randombytes
704 silly ADD node_modules/public-encrypt
705 silly ADD node_modules/public-encrypt/node_modules/bn.js
706 silly ADD node_modules/pbkdf2
707 silly ADD node_modules/inherits
708 silly ADD node_modules/diffie-hellman
709 silly ADD node_modules/diffie-hellman/node_modules/bn.js
710 silly ADD node_modules/create-hmac
711 silly ADD node_modules/create-hash
712 silly ADD node_modules/create-ecdh
713 silly ADD node_modules/create-ecdh/node_modules/bn.js
714 silly ADD node_modules/browserify-sign
715 silly ADD node_modules/browserify-cipher
716 silly ADD node_modules/readable-stream
717 silly ADD node_modules/xml2js
718 silly ADD node_modules/xml
719 silly ADD node_modules/web-encoding
720 silly ADD node_modules/through2
721 silly ADD node_modules/query-string
722 silly ADD node_modules/mkdirp
723 silly ADD node_modules/mime-types
724 silly ADD node_modules/lodash
725 silly ADD node_modules/json-stream
726 silly ADD node_modules/ipaddr.js
727 silly ADD node_modules/fast-xml-parser
728 silly ADD node_modules/es6-error
729 silly ADD node_modules/crypto-browserify
730 silly ADD node_modules/buffer-crc32
731 silly ADD node_modules/browser-or-node
732 silly ADD node_modules/block-stream2
733 silly ADD node_modules/async
734 silly ADD node_modules/minio
735 timing command:install Completed in 10399ms
736 verbose exit 0
737 timing npm Completed in 10752ms
738 info ok
